* EvoSuite 1.0.6
* Going to generate test cases for class: com.google.javascript.jscomp.ControlFlowAnalysis
* Starting client
* Connecting to master process on port 14953
* Analyzing classpath: 
  - /tmp/run_evosuite.pl_68318_1546830689/build/classes
  - /tmp/run_evosuite.pl_68318_1546830689/lib/args4j.jar
  - /tmp/run_evosuite.pl_68318_1546830689/lib/guava.jar
  - /tmp/run_evosuite.pl_68318_1546830689/lib/json.jar
  - /tmp/run_evosuite.pl_68318_1546830689/lib/jsr305.jar
  - /tmp/run_evosuite.pl_68318_1546830689/lib/protobuf-java.jar
  - /tmp/run_evosuite.pl_68318_1546830689/build/lib/rhino.jar
  - /tmp/run_evosuite.pl_68318_1546830689/lib/ant.jar
* Finished analyzing classpath
* Generating tests for class com.google.javascript.jscomp.ControlFlowAnalysis
* Test criterion:
  - Branch Coverage
* Setting up search algorithm for whole suite generation
* Total number of test goals: 413
* Using seed 1000
* Starting evolution
* Search finished after 101s and 529 generations, 249366 statements, best individual has fitness: 141.92799070847852
* Minimizing test suite
* Going to analyze the coverage criteria
* Coverage analysis for criterion BRANCH
* Coverage of criterion BRANCH: 63%
* Total number of goals: 413
* Number of covered goals: 261
* Generated 52 tests with total length 249
* Resulting test suite's coverage: 62%
* Generating assertions
* Resulting test suite's mutation score: 10%
* Permissions denied during test execution: 
  - java.lang.RuntimePermission: 
         writeFileDescriptor: 15
* Writing JUnit test case 'ControlFlowAnalysis_ESTest' to evosuite-branch
* Done!

* Computation finished
