* EvoSuite 1.0.6
* Going to generate test cases for class: com.google.javascript.jscomp.DisambiguateProperties
* Starting client
* Connecting to master process on port 18539
* Analyzing classpath: 
  - /tmp/run_evosuite.pl_195905_1545822405/build/classes
  - /tmp/run_evosuite.pl_195905_1545822405/lib/args4j.jar
  - /tmp/run_evosuite.pl_195905_1545822405/lib/guava.jar
  - /tmp/run_evosuite.pl_195905_1545822405/lib/json.jar
  - /tmp/run_evosuite.pl_195905_1545822405/lib/jsr305.jar
  - /tmp/run_evosuite.pl_195905_1545822405/lib/protobuf-java.jar
  - /tmp/run_evosuite.pl_195905_1545822405/build/lib/rhino.jar
  - /tmp/run_evosuite.pl_195905_1545822405/lib/ant.jar
* Finished analyzing classpath
* Generating tests for class com.google.javascript.jscomp.DisambiguateProperties
* Test criterion:
  - Branch Coverage
* Setting up search algorithm for whole suite generation
* Total number of test goals: 373
* Using seed 2000
* Starting evolution
[MASTER] 03:07:00.502 [logback-2] ERROR TestCluster - Failed to check cache for java.util.LinkedList<E> : Type points to itself
[MASTER] 03:07:00.502 [logback-2] ERROR TestCluster - Failed to check cache for java.util.AbstractMap<K, V>.SimpleEntry<K, V> : Type points to itself
[MASTER] 03:07:00.502 [logback-2] ERROR TestCluster - Failed to check cache for java.util.AbstractMap<K, V>.SimpleImmutableEntry<K, V> : Type points to itself
[MASTER] 03:07:00.503 [logback-2] ERROR TestCluster - Failed to check cache for java.util.LinkedHashSet<E> : Type points to itself
[MASTER] 03:07:48.639 [logback-2] ERROR FunctionalMockStatement - Cannot use Mockito on class com.google.javascript.rhino.jstype.NullType due to IAE: tried to access class com.google.javascript.rhino.jstype.ValueType from class com.google.javascript.rhino.jstype.NullType$MockitoMock$509041596
[MASTER] 03:07:48.677 [logback-2] ERROR TestCluster - Failed to check cache for java.util.Comparator<T> : Type points to itself
[MASTER] 03:07:54.989 [logback-2] ERROR FunctionalMockStatement - Cannot use Mockito on class com.google.javascript.rhino.jstype.BooleanType due to IAE: tried to access class com.google.javascript.rhino.jstype.ValueType from class com.google.javascript.rhino.jstype.BooleanType$MockitoMock$1274024105
[MASTER] 03:08:00.184 [logback-2] ERROR FunctionalMockStatement - Cannot use Mockito on class com.google.javascript.rhino.jstype.BooleanType due to failed class initialization: Could not initialize class com.google.javascript.rhino.jstype.BooleanType$MockitoMock$1274024105
* Search finished after 103s and 30 generations, 6137 statements, best individual has fitness: 411.0
* Minimizing test suite
* Going to analyze the coverage criteria
* Coverage analysis for criterion BRANCH
* Coverage of criterion BRANCH: 1%
* Total number of goals: 373
* Number of covered goals: 4
* Generated 3 tests with total length 8
* Resulting test suite's coverage: 1%
* Generating assertions
* Resulting test suite's mutation score: 0%
* Permissions denied during test execution: 
  - java.lang.RuntimePermission: 
         writeFileDescriptor: 5
* Writing JUnit test case 'DisambiguateProperties_ESTest' to evosuite-branch
* Done!

* Computation finished
