* EvoSuite 1.0.6
* Going to generate test cases for class: com.google.javascript.jscomp.CheckSideEffects
* Starting client
* Connecting to master process on port 18539
* Analyzing classpath: 
  - /tmp/run_evosuite.pl_49806_1545809122/build/classes
  - /tmp/run_evosuite.pl_49806_1545809122/lib/args4j.jar
  - /tmp/run_evosuite.pl_49806_1545809122/lib/guava.jar
  - /tmp/run_evosuite.pl_49806_1545809122/lib/json.jar
  - /tmp/run_evosuite.pl_49806_1545809122/lib/jsr305.jar
  - /tmp/run_evosuite.pl_49806_1545809122/lib/protobuf-java.jar
  - /tmp/run_evosuite.pl_49806_1545809122/build/lib/rhino.jar
  - /tmp/run_evosuite.pl_49806_1545809122/lib/ant.jar
* Finished analyzing classpath
* Generating tests for class com.google.javascript.jscomp.CheckSideEffects
* Test criterion:
  - Branch Coverage
* Setting up search algorithm for whole suite generation
* Total number of test goals: 45
* Using seed 2000
* Starting evolution
* Search finished after 102s and 140 generations, 42933 statements, best individual has fitness: 10.0
* Minimizing test suite
* Going to analyze the coverage criteria
* Coverage analysis for criterion BRANCH
* Coverage of criterion BRANCH: 69%
* Total number of goals: 45
* Number of covered goals: 31
* Generated 6 tests with total length 34
* Resulting test suite's coverage: 69%
* Generating assertions
* Resulting test suite's mutation score: 7%
* Permissions denied during test execution: 
  - java.lang.RuntimePermission: 
         writeFileDescriptor: 8
* Writing JUnit test case 'CheckSideEffects_ESTest' to evosuite-branch
* Done!

* Computation finished
