* EvoSuite 1.0.6
* Going to generate test cases for class: com.google.javascript.jscomp.TypedScopeCreator
* Starting client
* Connecting to master process on port 18539
* Analyzing classpath: 
  - /tmp/run_evosuite.pl_122941_1545813362/build/classes
  - /tmp/run_evosuite.pl_122941_1545813362/lib/args4j.jar
  - /tmp/run_evosuite.pl_122941_1545813362/lib/guava.jar
  - /tmp/run_evosuite.pl_122941_1545813362/lib/json.jar
  - /tmp/run_evosuite.pl_122941_1545813362/lib/jsr305.jar
  - /tmp/run_evosuite.pl_122941_1545813362/lib/protobuf-java.jar
  - /tmp/run_evosuite.pl_122941_1545813362/build/lib/rhino.jar
  - /tmp/run_evosuite.pl_122941_1545813362/lib/ant.jar
* Finished analyzing classpath
* Generating tests for class com.google.javascript.jscomp.TypedScopeCreator
* Test criterion:
  - Branch Coverage
* Setting up search algorithm for whole suite generation
* Total number of test goals: 646
* Using seed 2000
* Starting evolution
[MASTER] 00:36:17.627 [logback-2] ERROR TestCluster - Failed to check cache for com.google.javascript.jscomp.ControlFlowGraph<N> : Type points to itself
* Search finished after 101s and 704 generations, 186517 statements, best individual has fitness: 513.8021312016074
* Minimizing test suite
* Going to analyze the coverage criteria
* Coverage analysis for criterion BRANCH
* Coverage of criterion BRANCH: 20%
* Total number of goals: 646
* Number of covered goals: 129
* Generated 13 tests with total length 89
* Resulting test suite's coverage: 20%
* Generating assertions
* Resulting test suite's mutation score: 11%
* Permissions denied during test execution: 
  - java.lang.RuntimePermission: 
         writeFileDescriptor: 27
* Writing JUnit test case 'TypedScopeCreator_ESTest' to evosuite-branch
* Done!

* Computation finished
* EvoSuite 1.0.6
* Going to generate test cases for class: com.google.javascript.rhino.jstype.FunctionType
* Starting client
* Connecting to master process on port 18539
* Analyzing classpath: 
  - /tmp/run_evosuite.pl_122941_1545813362/build/classes
  - /tmp/run_evosuite.pl_122941_1545813362/lib/args4j.jar
  - /tmp/run_evosuite.pl_122941_1545813362/lib/guava.jar
  - /tmp/run_evosuite.pl_122941_1545813362/lib/json.jar
  - /tmp/run_evosuite.pl_122941_1545813362/lib/jsr305.jar
  - /tmp/run_evosuite.pl_122941_1545813362/lib/protobuf-java.jar
  - /tmp/run_evosuite.pl_122941_1545813362/build/lib/rhino.jar
  - /tmp/run_evosuite.pl_122941_1545813362/lib/ant.jar
* Finished analyzing classpath
* Generating tests for class com.google.javascript.rhino.jstype.FunctionType
* Test criterion:
  - Branch Coverage
* Setting up search algorithm for whole suite generation
* Total number of test goals: 334
* Using seed 2000
* Starting evolution
* Search finished after 101s and 466 generations, 260689 statements, best individual has fitness: 35.99999999475859
* Minimizing test suite
* Going to analyze the coverage criteria
* Coverage analysis for criterion BRANCH
* Coverage of criterion BRANCH: 85%
* Total number of goals: 334
* Number of covered goals: 283
* Generated 71 tests with total length 447
* Resulting test suite's coverage: 85%
* Generating assertions
* Resulting test suite's mutation score: 44%
* Writing JUnit test case 'FunctionType_ESTest' to evosuite-branch
* Done!

* Computation finished
