* EvoSuite 1.0.6
* Going to generate test cases for class: com.google.javascript.jscomp.parsing.IRFactory
* Starting client
* Connecting to master process on port 2830
* Analyzing classpath: 
  - /tmp/run_evosuite.pl_35938_1546607666/build/classes
  - /tmp/run_evosuite.pl_35938_1546607666/lib/args4j.jar
  - /tmp/run_evosuite.pl_35938_1546607666/lib/guava.jar
  - /tmp/run_evosuite.pl_35938_1546607666/lib/json.jar
  - /tmp/run_evosuite.pl_35938_1546607666/lib/jsr305.jar
  - /tmp/run_evosuite.pl_35938_1546607666/lib/protobuf-java.jar
  - /tmp/run_evosuite.pl_35938_1546607666/build/lib/rhino.jar
  - /tmp/run_evosuite.pl_35938_1546607666/lib/ant.jar
* Finished analyzing classpath
* Generating tests for class com.google.javascript.jscomp.parsing.IRFactory
* Test criterion:
  - Branch Coverage
* Setting up search algorithm for whole suite generation
* Total number of test goals: 564
* Using seed 3000
* Starting evolution
[MASTER] 05:14:40.726 [logback-2] ERROR FunctionalMockStatement - IAE on <public abstract boolean com.google.javascript.rhino.head.ast.NodeVisitor.visit(com.google.javascript.rhino.head.ast.AstNode)> when called with [[]]
[MASTER] 05:14:40.859 [logback-2] ERROR FunctionalMockStatement - Cannot use Mockito on interface java.lang.reflect.Member due to IAE: 
Misplaced or misused argument matcher detected here:

-> at org.evosuite.testcase.fm.MethodDescriptor.executeMatcher(MethodDescriptor.java:245)

You cannot use argument matchers outside of verification or stubbing.
Examples of correct usage of argument matchers:
    when(mock.get(anyInt())).thenReturn(null);
    doThrow(new RuntimeException()).when(mock).someVoidMethod(anyObject());
    verify(mock).someMethod(contains("foo"))

This message may appear after an NullPointerException if the last matcher is returning an object 
like any() but the stubbed method signature expect a primitive argument, in this case,
use primitive alternatives.
    when(mock.get(any())); // bad use, will raise NPE
    when(mock.get(anyInt())); // correct usage use

Also, this error might show up because you use argument matchers with methods that cannot be mocked.
Following methods *cannot* be stubbed/verified: final/private/equals()/hashCode().
Mocking methods declared on non-public parent classes is not supported.

[MASTER] 05:14:41.825 [logback-1] WARN  TestUsageChecker - class com.google.javascript.rhino.head.ContextFactory$1GlobalSetterImpl looks like an anonymous class, ignoring it (although reflection says false) GlobalSetterImpl
* Search finished after 102s and 231 generations, 110680 statements, best individual has fitness: 357.75503367982026
* Minimizing test suite
* Going to analyze the coverage criteria
* Coverage analysis for criterion BRANCH
* Coverage of criterion BRANCH: 38%
* Total number of goals: 564
* Number of covered goals: 215
* Generated 15 tests with total length 143
* Resulting test suite's coverage: 38%
* Generating assertions
* Resulting test suite's mutation score: 2%
* Permissions denied during test execution: 
  - java.lang.RuntimePermission: 
         writeFileDescriptor: 2
* Writing JUnit test case 'IRFactory_ESTest' to evosuite-branch
* Done!

* Computation finished
