* EvoSuite 1.0.6
* Going to generate test cases for class: com.google.javascript.rhino.jstype.PrototypeObjectType
* Starting client
* Connecting to master process on port 2830
* Analyzing classpath: 
  - /tmp/run_evosuite.pl_34962_1546607299/build/classes
  - /tmp/run_evosuite.pl_34962_1546607299/lib/args4j.jar
  - /tmp/run_evosuite.pl_34962_1546607299/lib/guava.jar
  - /tmp/run_evosuite.pl_34962_1546607299/lib/json.jar
  - /tmp/run_evosuite.pl_34962_1546607299/lib/jsr305.jar
  - /tmp/run_evosuite.pl_34962_1546607299/lib/protobuf-java.jar
  - /tmp/run_evosuite.pl_34962_1546607299/build/lib/rhino.jar
  - /tmp/run_evosuite.pl_34962_1546607299/lib/ant.jar
* Finished analyzing classpath
* Generating tests for class com.google.javascript.rhino.jstype.PrototypeObjectType
* Test criterion:
  - Branch Coverage
* Setting up search algorithm for whole suite generation
* Total number of test goals: 187
* Using seed 3000
* Starting evolution
* Search finished after 101s and 969 generations, 382236 statements, best individual has fitness: 16.333333333333332
* Minimizing test suite
* Going to analyze the coverage criteria
* Coverage analysis for criterion BRANCH
* Coverage of criterion BRANCH: 86%
* Total number of goals: 187
* Number of covered goals: 161
* Generated 48 tests with total length 329
* Resulting test suite's coverage: 86%
* Generating assertions
* Resulting test suite's mutation score: 61%
* Permissions denied during test execution: 
  - java.lang.RuntimePermission: 
         writeFileDescriptor: 1
* Writing JUnit test case 'PrototypeObjectType_ESTest' to evosuite-branch
* Done!

* Computation finished
