* EvoSuite 1.0.6
* Going to generate test cases for class: com.google.javascript.jscomp.FunctionRewriter
* Starting client
* Connecting to master process on port 2830
* Analyzing classpath: 
  - /tmp/run_evosuite.pl_40563_1546609520/build/classes
  - /tmp/run_evosuite.pl_40563_1546609520/lib/args4j.jar
  - /tmp/run_evosuite.pl_40563_1546609520/lib/guava.jar
  - /tmp/run_evosuite.pl_40563_1546609520/lib/json.jar
  - /tmp/run_evosuite.pl_40563_1546609520/lib/jsr305.jar
  - /tmp/run_evosuite.pl_40563_1546609520/lib/protobuf-java.jar
  - /tmp/run_evosuite.pl_40563_1546609520/build/lib/rhino.jar
  - /tmp/run_evosuite.pl_40563_1546609520/lib/ant.jar
* Finished analyzing classpath
* Generating tests for class com.google.javascript.jscomp.FunctionRewriter
* Test criterion:
  - Branch Coverage
* Setting up search algorithm for whole suite generation
* Total number of test goals: 97
* Using seed 3000
* Starting evolution
[MASTER] 05:45:35.483 [logback-2] ERROR TestCluster - Failed to check cache for java.util.Enumeration<E> : Type points to itself
* Search finished after 101s and 741 generations, 136091 statements, best individual has fitness: 21.477272727272727
* Minimizing test suite
* Going to analyze the coverage criteria
* Coverage analysis for criterion BRANCH
* Coverage of criterion BRANCH: 73%
* Total number of goals: 97
* Number of covered goals: 71
* Generated 7 tests with total length 36
* Resulting test suite's coverage: 73%
* Generating assertions
* Resulting test suite's mutation score: 8%
* Permissions denied during test execution: 
  - java.lang.RuntimePermission: 
         writeFileDescriptor: 10
* Writing JUnit test case 'FunctionRewriter_ESTest' to evosuite-branch
* Done!

* Computation finished
