* EvoSuite 1.0.6
* Going to generate test cases for class: com.google.javascript.jscomp.TypeInference
* Starting client
* Connecting to master process on port 14953
* Analyzing classpath: 
  - /tmp/run_evosuite.pl_78198_1546833438/build/classes
  - /tmp/run_evosuite.pl_78198_1546833438/lib/args4j.jar
  - /tmp/run_evosuite.pl_78198_1546833438/lib/guava.jar
  - /tmp/run_evosuite.pl_78198_1546833438/lib/json.jar
  - /tmp/run_evosuite.pl_78198_1546833438/lib/jsr305.jar
  - /tmp/run_evosuite.pl_78198_1546833438/lib/protobuf-java.jar
  - /tmp/run_evosuite.pl_78198_1546833438/build/lib/rhino.jar
  - /tmp/run_evosuite.pl_78198_1546833438/lib/ant.jar
* Finished analyzing classpath
* Generating tests for class com.google.javascript.jscomp.TypeInference
* Test criterion:
  - Branch Coverage
* Setting up search algorithm for whole suite generation
* Total number of test goals: 665
* Using seed 1000
* Starting evolution
[MASTER] 19:57:34.049 [logback-2] ERROR TestCluster - Failed to check cache for java.util.Comparator<T> : Type points to itself
[MASTER] 19:58:11.255 [logback-2] ERROR TestCluster - Failed to check cache for com.google.javascript.jscomp.ControlFlowGraph<N> : Type points to itself
* Search finished after 101s and 655 generations, 307452 statements, best individual has fitness: 347.4177419354839
* Minimizing test suite
* Going to analyze the coverage criteria
* Coverage analysis for criterion BRANCH
* Coverage of criterion BRANCH: 42%
* Total number of goals: 665
* Number of covered goals: 279
* Generated 65 tests with total length 673
* Resulting test suite's coverage: 42%
* Generating assertions
* Resulting test suite's mutation score: 7%
* Permissions denied during test execution: 
  - java.lang.RuntimePermission: 
         writeFileDescriptor: 20
* Writing JUnit test case 'TypeInference_ESTest' to evosuite-branch
* Done!

* Computation finished
