* EvoSuite 1.0.6
* Going to generate test cases for class: com.google.javascript.jscomp.UnreachableCodeElimination
* Starting client
* Connecting to master process on port 18539
* Analyzing classpath: 
  - /tmp/run_evosuite.pl_198798_1545823515/build/classes
  - /tmp/run_evosuite.pl_198798_1545823515/lib/args4j.jar
  - /tmp/run_evosuite.pl_198798_1545823515/lib/guava.jar
  - /tmp/run_evosuite.pl_198798_1545823515/lib/json.jar
  - /tmp/run_evosuite.pl_198798_1545823515/lib/jsr305.jar
  - /tmp/run_evosuite.pl_198798_1545823515/lib/protobuf-java.jar
  - /tmp/run_evosuite.pl_198798_1545823515/build/lib/rhino.jar
  - /tmp/run_evosuite.pl_198798_1545823515/lib/ant.jar
* Finished analyzing classpath
* Generating tests for class com.google.javascript.jscomp.UnreachableCodeElimination
* Test criterion:
  - Branch Coverage
* Setting up search algorithm for whole suite generation
* Total number of test goals: 85
* Using seed 2000
* Starting evolution
* Search finished after 105s and 114 generations, 33373 statements, best individual has fitness: 88.0
* Minimizing test suite
* Going to analyze the coverage criteria
* Coverage analysis for criterion BRANCH
* Coverage of criterion BRANCH: 4%
* Total number of goals: 85
* Number of covered goals: 3
* Generated 1 tests with total length 3
* Resulting test suite's coverage: 4%
* Generating assertions
* Resulting test suite's mutation score: 0%
* Permissions denied during test execution: 
  - java.lang.RuntimePermission: 
         writeFileDescriptor: 1
* Writing JUnit test case 'UnreachableCodeElimination_ESTest' to evosuite-branch
* Done!

* Computation finished
