* EvoSuite 1.0.6
* Going to generate test cases for class: com.google.javascript.jscomp.NodeUtil
* Starting client
* Connecting to master process on port 19758
* Analyzing classpath: 
  - /tmp/run_evosuite.pl_218057_1546673899/build/classes
  - /tmp/run_evosuite.pl_218057_1546673899/lib/args4j.jar
  - /tmp/run_evosuite.pl_218057_1546673899/lib/guava.jar
  - /tmp/run_evosuite.pl_218057_1546673899/lib/json.jar
  - /tmp/run_evosuite.pl_218057_1546673899/lib/jsr305.jar
  - /tmp/run_evosuite.pl_218057_1546673899/lib/protobuf-java.jar
  - /tmp/run_evosuite.pl_218057_1546673899/build/lib/rhino.jar
  - /tmp/run_evosuite.pl_218057_1546673899/lib/ant.jar
* Finished analyzing classpath
* Generating tests for class com.google.javascript.jscomp.NodeUtil
* Test criterion:
  - Branch Coverage
* Setting up search algorithm for whole suite generation
* Total number of test goals: 2707
* Using seed 4000
* Starting evolution
* Search finished after 104s and 245 generations, 86307 statements, best individual has fitness: 1066.9879213808304
* Minimizing test suite
* Going to analyze the coverage criteria
* Coverage analysis for criterion BRANCH
* Coverage of criterion BRANCH: 52%
* Total number of goals: 2707
* Number of covered goals: 1409
* Generated 256 tests with total length 476
* Resulting test suite's coverage: 52%
* Generating assertions
* Resulting test suite's mutation score: 22%
* Permissions denied during test execution: 
  - java.lang.RuntimePermission: 
         writeFileDescriptor: 7
* Writing JUnit test case 'NodeUtil_ESTest' to evosuite-branch
* Done!

* Computation finished
