* EvoSuite 1.0.6
* Going to generate test cases for class: com.google.javascript.jscomp.MakeDeclaredNamesUnique
* Starting client
* Connecting to master process on port 14953
* Analyzing classpath: 
  - /tmp/run_evosuite.pl_83128_1546835333/build/classes
  - /tmp/run_evosuite.pl_83128_1546835333/lib/args4j.jar
  - /tmp/run_evosuite.pl_83128_1546835333/lib/guava.jar
  - /tmp/run_evosuite.pl_83128_1546835333/lib/json.jar
  - /tmp/run_evosuite.pl_83128_1546835333/lib/jsr305.jar
  - /tmp/run_evosuite.pl_83128_1546835333/lib/protobuf-java.jar
  - /tmp/run_evosuite.pl_83128_1546835333/build/lib/rhino.jar
  - /tmp/run_evosuite.pl_83128_1546835333/lib/ant.jar
* Finished analyzing classpath
* Generating tests for class com.google.javascript.jscomp.MakeDeclaredNamesUnique
* Test criterion:
  - Branch Coverage
* Setting up search algorithm for whole suite generation
* Total number of test goals: 138
* Using seed 1000
* Starting evolution
[MASTER] 20:30:00.483 [logback-2] ERROR TestCluster - Failed to check cache for com.google.javascript.jscomp.ControlFlowGraph<N> : Type points to itself
* Search finished after 101s and 646 generations, 287682 statements, best individual has fitness: 53.0
* Minimizing test suite
* Going to analyze the coverage criteria
* Coverage analysis for criterion BRANCH
* Coverage of criterion BRANCH: 61%
* Total number of goals: 138
* Number of covered goals: 84
* Generated 28 tests with total length 125
* Resulting test suite's coverage: 61%
* Generating assertions
* Resulting test suite's mutation score: 18%
* Permissions denied during test execution: 
  - java.lang.RuntimePermission: 
         writeFileDescriptor: 9
* Writing JUnit test case 'MakeDeclaredNamesUnique_ESTest' to evosuite-branch
* Done!

* Computation finished
