* EvoSuite 1.0.6
* Going to generate test cases for class: com.google.javascript.rhino.jstype.PrototypeObjectType
* Starting client
* Connecting to master process on port 19758
* Analyzing classpath: 
  - /tmp/run_evosuite.pl_230427_1546677692/build/classes
  - /tmp/run_evosuite.pl_230427_1546677692/lib/args4j.jar
  - /tmp/run_evosuite.pl_230427_1546677692/lib/guava.jar
  - /tmp/run_evosuite.pl_230427_1546677692/lib/json.jar
  - /tmp/run_evosuite.pl_230427_1546677692/lib/jsr305.jar
  - /tmp/run_evosuite.pl_230427_1546677692/lib/protobuf-java.jar
  - /tmp/run_evosuite.pl_230427_1546677692/build/lib/rhino.jar
  - /tmp/run_evosuite.pl_230427_1546677692/lib/ant.jar
* Finished analyzing classpath
* Generating tests for class com.google.javascript.rhino.jstype.PrototypeObjectType
* Test criterion:
  - Branch Coverage
* Setting up search algorithm for whole suite generation
* Total number of test goals: 187
* Using seed 4000
* Starting evolution
* Search finished after 101s and 980 generations, 435130 statements, best individual has fitness: 18.3
* Minimizing test suite
* Going to analyze the coverage criteria
* Coverage analysis for criterion BRANCH
* Coverage of criterion BRANCH: 84%
* Total number of goals: 187
* Number of covered goals: 157
* Generated 42 tests with total length 233
* Resulting test suite's coverage: 84%
* Generating assertions
* Resulting test suite's mutation score: 65%
* Writing JUnit test case 'PrototypeObjectType_ESTest' to evosuite-branch
* Done!

* Computation finished
