* EvoSuite 1.0.6
* Going to generate test cases for class: com.google.javascript.jscomp.CodeGenerator
* Starting client
* Connecting to master process on port 14953
* Analyzing classpath: 
  - /tmp/run_evosuite.pl_111898_1546845750/build/classes
  - /tmp/run_evosuite.pl_111898_1546845750/lib/args4j.jar
  - /tmp/run_evosuite.pl_111898_1546845750/lib/guava.jar
  - /tmp/run_evosuite.pl_111898_1546845750/lib/json.jar
  - /tmp/run_evosuite.pl_111898_1546845750/lib/jsr305.jar
  - /tmp/run_evosuite.pl_111898_1546845750/lib/protobuf-java.jar
  - /tmp/run_evosuite.pl_111898_1546845750/build/lib/rhino.jar
  - /tmp/run_evosuite.pl_111898_1546845750/lib/ant.jar
* Finished analyzing classpath
* Generating tests for class com.google.javascript.jscomp.CodeGenerator
* Test criterion:
  - Branch Coverage
* Setting up search algorithm for whole suite generation
* Total number of test goals: 770
* Using seed 1000
* Starting evolution
[MASTER] 23:22:55.878 [logback-2] ERROR FunctionalMockStatement - Cannot use Mockito on class com.google.javascript.rhino.jstype.NumberType due to IAE: tried to access class com.google.javascript.rhino.jstype.ValueType from class com.google.javascript.rhino.jstype.NumberType$MockitoMock$1071435051
[MASTER] 23:22:55.989 [logback-2] ERROR FunctionalMockStatement - Cannot use Mockito on class com.google.javascript.rhino.jstype.NumberType due to failed class initialization: Could not initialize class com.google.javascript.rhino.jstype.NumberType$MockitoMock$1071435051
* Search finished after 101s and 375 generations, 106396 statements, best individual has fitness: 670.6525755541304
* Minimizing test suite
* Going to analyze the coverage criteria
* Coverage analysis for criterion BRANCH
* Coverage of criterion BRANCH: 13%
* Total number of goals: 770
* Number of covered goals: 102
* Generated 25 tests with total length 66
* Resulting test suite's coverage: 13%
* Generating assertions
* Resulting test suite's mutation score: 26%
* Permissions denied during test execution: 
  - java.lang.RuntimePermission: 
         writeFileDescriptor: 2
* Writing JUnit test case 'CodeGenerator_ESTest' to evosuite-branch
* Done!

* Computation finished
