* EvoSuite 1.0.6
* Going to generate test cases for class: com.google.javascript.rhino.jstype.NamedType
* Starting client
* Connecting to master process on port 19758
* Analyzing classpath: 
  - /tmp/run_evosuite.pl_216074_1546673185/build/classes
  - /tmp/run_evosuite.pl_216074_1546673185/lib/args4j.jar
  - /tmp/run_evosuite.pl_216074_1546673185/lib/guava.jar
  - /tmp/run_evosuite.pl_216074_1546673185/lib/json.jar
  - /tmp/run_evosuite.pl_216074_1546673185/lib/jsr305.jar
  - /tmp/run_evosuite.pl_216074_1546673185/lib/protobuf-java.jar
  - /tmp/run_evosuite.pl_216074_1546673185/build/lib/rhino.jar
  - /tmp/run_evosuite.pl_216074_1546673185/lib/ant.jar
* Finished analyzing classpath
* Generating tests for class com.google.javascript.rhino.jstype.NamedType
* Test criterion:
  - Branch Coverage
* Setting up search algorithm for whole suite generation
* Total number of test goals: 96
* Using seed 4000
* Starting evolution
* Search finished after 101s and 1227 generations, 422322 statements, best individual has fitness: 17.0
* Minimizing test suite
* Going to analyze the coverage criteria
* Coverage analysis for criterion BRANCH
* Coverage of criterion BRANCH: 75%
* Total number of goals: 96
* Number of covered goals: 72
* Generated 16 tests with total length 96
* Resulting test suite's coverage: 75%
* Generating assertions
* Resulting test suite's mutation score: 36%
* Permissions denied during test execution: 
  - java.lang.RuntimePermission: 
         writeFileDescriptor: 2
* Writing JUnit test case 'NamedType_ESTest' to evosuite-branch
* Done!

* Computation finished
