* EvoSuite 1.0.6
* Going to generate test cases for class: com.google.javascript.jscomp.TypedScopeCreator
* Starting client
* Connecting to master process on port 14953
* Analyzing classpath: 
  - /tmp/run_evosuite.pl_69302_1546831048/build/classes
  - /tmp/run_evosuite.pl_69302_1546831048/lib/args4j.jar
  - /tmp/run_evosuite.pl_69302_1546831048/lib/guava.jar
  - /tmp/run_evosuite.pl_69302_1546831048/lib/json.jar
  - /tmp/run_evosuite.pl_69302_1546831048/lib/jsr305.jar
  - /tmp/run_evosuite.pl_69302_1546831048/lib/protobuf-java.jar
  - /tmp/run_evosuite.pl_69302_1546831048/build/lib/rhino.jar
  - /tmp/run_evosuite.pl_69302_1546831048/lib/ant.jar
* Finished analyzing classpath
* Generating tests for class com.google.javascript.jscomp.TypedScopeCreator
* Test criterion:
  - Branch Coverage
* Setting up search algorithm for whole suite generation
* Total number of test goals: 734
* Using seed 1000
* Starting evolution
* Search finished after 101s and 538 generations, 239732 statements, best individual has fitness: 585.5079365073786
* Minimizing test suite
* Going to analyze the coverage criteria
* Coverage analysis for criterion BRANCH
* Coverage of criterion BRANCH: 19%
* Total number of goals: 734
* Number of covered goals: 136
* Generated 7 tests with total length 72
* Resulting test suite's coverage: 19%
* Generating assertions
* Resulting test suite's mutation score: 11%
* Permissions denied during test execution: 
  - java.lang.RuntimePermission: 
         writeFileDescriptor: 19
* Writing JUnit test case 'TypedScopeCreator_ESTest' to evosuite-branch
* Done!

* Computation finished
