* EvoSuite 1.0.6
* Going to generate test cases for class: com.google.javascript.jscomp.SourceMap
* Starting client
* Connecting to master process on port 2830
* Analyzing classpath: 
  - /tmp/run_evosuite.pl_37568_1546608300/build/classes
  - /tmp/run_evosuite.pl_37568_1546608300/lib/args4j.jar
  - /tmp/run_evosuite.pl_37568_1546608300/lib/guava.jar
  - /tmp/run_evosuite.pl_37568_1546608300/lib/json.jar
  - /tmp/run_evosuite.pl_37568_1546608300/lib/jsr305.jar
  - /tmp/run_evosuite.pl_37568_1546608300/lib/protobuf-java.jar
  - /tmp/run_evosuite.pl_37568_1546608300/build/lib/rhino.jar
  - /tmp/run_evosuite.pl_37568_1546608300/lib/ant.jar
* Finished analyzing classpath
* Generating tests for class com.google.javascript.jscomp.SourceMap
* Test criterion:
  - Branch Coverage
* Setting up search algorithm for whole suite generation
* Total number of test goals: 54
* Using seed 3000
* Starting evolution
* Search finished after 101s and 6050 generations, 208648 statements, best individual has fitness: 56.0
* Minimizing test suite
* Going to analyze the coverage criteria
* Coverage analysis for criterion BRANCH
* Coverage of criterion BRANCH: 2%
* Total number of goals: 54
* Number of covered goals: 1
* Generated 1 tests with total length 1
* Resulting test suite's coverage: 2%
* Generating assertions
* Resulting test suite's mutation score: 0%
* Writing JUnit test case 'SourceMap_ESTest' to evosuite-branch
* Done!

* Computation finished
* EvoSuite 1.0.6
* Going to generate test cases for class: com.google.debugging.sourcemap.SourceMapConsumerV3
* Starting client
* Connecting to master process on port 2830
* Analyzing classpath: 
  - /tmp/run_evosuite.pl_37568_1546608300/build/classes
  - /tmp/run_evosuite.pl_37568_1546608300/lib/args4j.jar
  - /tmp/run_evosuite.pl_37568_1546608300/lib/guava.jar
  - /tmp/run_evosuite.pl_37568_1546608300/lib/json.jar
  - /tmp/run_evosuite.pl_37568_1546608300/lib/jsr305.jar
  - /tmp/run_evosuite.pl_37568_1546608300/lib/protobuf-java.jar
  - /tmp/run_evosuite.pl_37568_1546608300/build/lib/rhino.jar
  - /tmp/run_evosuite.pl_37568_1546608300/lib/ant.jar
* Finished analyzing classpath
* Generating tests for class com.google.debugging.sourcemap.SourceMapConsumerV3
* Test criterion:
  - Branch Coverage
* Setting up search algorithm for whole suite generation
* Total number of test goals: 170
* Using seed 3000
* Starting evolution
[MASTER] 05:26:56.694 [logback-2] ERROR TestCluster - Failed to check cache for java.util.LinkedList<E> : Type points to itself
[MASTER] 05:26:56.694 [logback-2] ERROR TestCluster - Failed to check cache for java.util.HashMap<K, V> : Type points to itself
* Search finished after 101s and 489 generations, 70852 statements, best individual has fitness: 170.5
* Minimizing test suite
* Going to analyze the coverage criteria
* Coverage analysis for criterion BRANCH
* Coverage of criterion BRANCH: 6%
* Total number of goals: 170
* Number of covered goals: 10
* Generated 7 tests with total length 14
* Resulting test suite's coverage: 6%
* Generating assertions
* Resulting test suite's mutation score: 0%
* Permissions denied during test execution: 
  - java.lang.RuntimePermission: 
         writeFileDescriptor: 3
* Writing JUnit test case 'SourceMapConsumerV3_ESTest' to evosuite-branch
* Done!

* Computation finished
