* EvoSuite 1.0.6
* Going to generate test cases for class: com.google.javascript.jscomp.InlineObjectLiterals
* Starting client
* Connecting to master process on port 14953
* Analyzing classpath: 
  - /tmp/run_evosuite.pl_75292_1546832479/build/classes
  - /tmp/run_evosuite.pl_75292_1546832479/lib/args4j.jar
  - /tmp/run_evosuite.pl_75292_1546832479/lib/guava.jar
  - /tmp/run_evosuite.pl_75292_1546832479/lib/json.jar
  - /tmp/run_evosuite.pl_75292_1546832479/lib/jsr305.jar
  - /tmp/run_evosuite.pl_75292_1546832479/lib/protobuf-java.jar
  - /tmp/run_evosuite.pl_75292_1546832479/build/lib/rhino.jar
  - /tmp/run_evosuite.pl_75292_1546832479/lib/ant.jar
* Finished analyzing classpath
* Generating tests for class com.google.javascript.jscomp.InlineObjectLiterals
* Test criterion:
  - Branch Coverage
* Setting up search algorithm for whole suite generation
* Total number of test goals: 124
* Using seed 1000
* Starting evolution
* Search finished after 101s and 5662 generations, 911103 statements, best individual has fitness: 131.0
* Minimizing test suite
* Going to analyze the coverage criteria
* Coverage analysis for criterion BRANCH
* Coverage of criterion BRANCH: 2%
* Total number of goals: 124
* Number of covered goals: 2
* Generated 1 tests with total length 5
* Resulting test suite's coverage: 2%
* Generating assertions
* Resulting test suite's mutation score: 0%
* Permissions denied during test execution: 
  - java.lang.RuntimePermission: 
         writeFileDescriptor: 2
* Writing JUnit test case 'InlineObjectLiterals_ESTest' to evosuite-branch
* Done!

* Computation finished
