* EvoSuite 1.0.6
* Going to generate test cases for class: com.google.javascript.jscomp.parsing.JsDocInfoParser
* Starting client
* Connecting to master process on port 14953
* Analyzing classpath: 
  - /tmp/run_evosuite.pl_105598_1546843296/build/classes
  - /tmp/run_evosuite.pl_105598_1546843296/lib/args4j.jar
  - /tmp/run_evosuite.pl_105598_1546843296/lib/guava.jar
  - /tmp/run_evosuite.pl_105598_1546843296/lib/json.jar
  - /tmp/run_evosuite.pl_105598_1546843296/lib/jsr305.jar
  - /tmp/run_evosuite.pl_105598_1546843296/lib/protobuf-java.jar
  - /tmp/run_evosuite.pl_105598_1546843296/build/lib/rhino.jar
  - /tmp/run_evosuite.pl_105598_1546843296/lib/ant.jar
* Finished analyzing classpath
* Generating tests for class com.google.javascript.jscomp.parsing.JsDocInfoParser
* Test criterion:
  - Branch Coverage
* Setting up search algorithm for whole suite generation
* Total number of test goals: 862
* Using seed 1000
* Starting evolution
[MASTER] 22:41:54.201 [logback-2] ERROR TestCluster - Failed to check cache for java.util.Comparator<T> : Type points to itself
[MASTER] 22:41:59.814 [logback-1] WARN  TestUsageChecker - class com.google.javascript.rhino.head.ContextFactory$1GlobalSetterImpl looks like an anonymous class, ignoring it (although reflection says false) GlobalSetterImpl
[MASTER] 22:43:27.173 [logback-2] ERROR FunctionalMockStatement - IAE on <public abstract boolean com.google.javascript.rhino.head.ast.NodeVisitor.visit(com.google.javascript.rhino.head.ast.AstNode)> when called with [[]]
[MASTER] 22:43:27.734 [logback-2] ERROR FunctionalMockStatement - Cannot use Mockito on interface com.google.javascript.rhino.head.ContextListener due to IAE: 
Misplaced or misused argument matcher detected here:

-> at org.evosuite.testcase.fm.MethodDescriptor.executeMatcher(MethodDescriptor.java:245)

You cannot use argument matchers outside of verification or stubbing.
Examples of correct usage of argument matchers:
    when(mock.get(anyInt())).thenReturn(null);
    doThrow(new RuntimeException()).when(mock).someVoidMethod(anyObject());
    verify(mock).someMethod(contains("foo"))

This message may appear after an NullPointerException if the last matcher is returning an object 
like any() but the stubbed method signature expect a primitive argument, in this case,
use primitive alternatives.
    when(mock.get(any())); // bad use, will raise NPE
    when(mock.get(anyInt())); // correct usage use

Also, this error might show up because you use argument matchers with methods that cannot be mocked.
Following methods *cannot* be stubbed/verified: final/private/equals()/hashCode().
Mocking methods declared on non-public parent classes is not supported.

* Search finished after 101s and 1031 generations, 514581 statements, best individual has fitness: 632.8833333333333
* Minimizing test suite
* Going to analyze the coverage criteria
* Coverage analysis for criterion BRANCH
* Coverage of criterion BRANCH: 25%
* Total number of goals: 862
* Number of covered goals: 216
* Generated 42 tests with total length 298
* Resulting test suite's coverage: 26%
* Generating assertions
* Resulting test suite's mutation score: 19%
* Permissions denied during test execution: 
  - java.lang.RuntimePermission: 
         writeFileDescriptor: 1
* Writing JUnit test case 'JsDocInfoParser_ESTest' to evosuite-branch
* Done!

* Computation finished
