* EvoSuite 1.0.6
* Going to generate test cases for class: com.google.javascript.rhino.TokenStream
* Starting client
* Connecting to master process on port 19758
* Analyzing classpath: 
  - /tmp/run_evosuite.pl_3516_1546689749/build/classes
  - /tmp/run_evosuite.pl_3516_1546689749/lib/args4j.jar
  - /tmp/run_evosuite.pl_3516_1546689749/lib/guava.jar
  - /tmp/run_evosuite.pl_3516_1546689749/lib/json.jar
  - /tmp/run_evosuite.pl_3516_1546689749/lib/jsr305.jar
  - /tmp/run_evosuite.pl_3516_1546689749/lib/protobuf-java.jar
  - /tmp/run_evosuite.pl_3516_1546689749/build/lib/rhino.jar
  - /tmp/run_evosuite.pl_3516_1546689749/lib/ant.jar
* Finished analyzing classpath
* Generating tests for class com.google.javascript.rhino.TokenStream
* Test criterion:
  - Branch Coverage
* Setting up search algorithm for whole suite generation
* Total number of test goals: 311
* Using seed 4000
* Starting evolution
* Search finished after 101s and 3036 generations, 762186 statements, best individual has fitness: 17.454364840015305
* Minimizing test suite
* Going to analyze the coverage criteria
* Coverage analysis for criterion BRANCH
* Coverage of criterion BRANCH: 93%
* Total number of goals: 311
* Number of covered goals: 290
* Generated 131 tests with total length 131
* Resulting test suite's coverage: 93%
* Generating assertions
* Resulting test suite's mutation score: 49%
* Writing JUnit test case 'TokenStream_ESTest' to evosuite-branch
* Done!

* Computation finished
