* EvoSuite 1.0.6
* Going to generate test cases for class: com.google.javascript.jscomp.InlineCostEstimator
* Starting client
* Connecting to master process on port 19758
* Analyzing classpath: 
  - /tmp/run_evosuite.pl_225267_1546676084/build/classes
  - /tmp/run_evosuite.pl_225267_1546676084/lib/args4j.jar
  - /tmp/run_evosuite.pl_225267_1546676084/lib/guava.jar
  - /tmp/run_evosuite.pl_225267_1546676084/lib/json.jar
  - /tmp/run_evosuite.pl_225267_1546676084/lib/jsr305.jar
  - /tmp/run_evosuite.pl_225267_1546676084/lib/protobuf-java.jar
  - /tmp/run_evosuite.pl_225267_1546676084/build/lib/rhino.jar
  - /tmp/run_evosuite.pl_225267_1546676084/lib/ant.jar
* Finished analyzing classpath
* Generating tests for class com.google.javascript.jscomp.InlineCostEstimator
* Test criterion:
  - Branch Coverage
* Setting up search algorithm for whole suite generation
* Total number of test goals: 11
* Using seed 4000
* Starting evolution
* Search finished after 15s and 626 generations, 114619 statements, best individual has fitness: 0.0
* Minimizing test suite
* Going to analyze the coverage criteria
* Coverage analysis for criterion BRANCH
* Coverage of criterion BRANCH: 100%
* Total number of goals: 11
* Number of covered goals: 11
* Generated 2 tests with total length 5
* Resulting test suite's coverage: 100%
* Generating assertions
* Resulting test suite's mutation score: 0%
* Permissions denied during test execution: 
  - java.lang.RuntimePermission: 
         writeFileDescriptor: 2
* Writing JUnit test case 'InlineCostEstimator_ESTest' to evosuite-branch
* Done!

* Computation finished
