* EvoSuite 1.0.6
* Going to generate test cases for class: com.google.javascript.jscomp.RemoveUnusedVars
* Starting client
* Connecting to master process on port 2830
* Analyzing classpath: 
  - /tmp/run_evosuite.pl_16420_1546602355/build/classes
  - /tmp/run_evosuite.pl_16420_1546602355/lib/args4j.jar
  - /tmp/run_evosuite.pl_16420_1546602355/lib/guava.jar
  - /tmp/run_evosuite.pl_16420_1546602355/lib/json.jar
  - /tmp/run_evosuite.pl_16420_1546602355/lib/jsr305.jar
  - /tmp/run_evosuite.pl_16420_1546602355/lib/protobuf-java.jar
  - /tmp/run_evosuite.pl_16420_1546602355/build/lib/rhino.jar
  - /tmp/run_evosuite.pl_16420_1546602355/lib/ant.jar
* Finished analyzing classpath
* Generating tests for class com.google.javascript.jscomp.RemoveUnusedVars
* Test criterion:
  - Branch Coverage
* Setting up search algorithm for whole suite generation
* Total number of test goals: 311
* Using seed 3000
* Starting evolution
* Search finished after 106s and 209 generations, 67055 statements, best individual has fitness: 294.44999999942
* Minimizing test suite
* Going to analyze the coverage criteria
* Coverage analysis for criterion BRANCH
* Coverage of criterion BRANCH: 9%
* Total number of goals: 311
* Number of covered goals: 29
* Generated 3 tests with total length 17
* Resulting test suite's coverage: 9%
* Generating assertions
* Resulting test suite's mutation score: 3%
* Permissions denied during test execution: 
  - java.lang.RuntimePermission: 
         writeFileDescriptor: 8
* Writing JUnit test case 'RemoveUnusedVars_ESTest' to evosuite-branch
* Done!

* Computation finished
