* EvoSuite 1.0.6
* Going to generate test cases for class: com.google.javascript.jscomp.NameAnalyzer
* Starting client
* Connecting to master process on port 2830
* Analyzing classpath: 
  - /tmp/run_evosuite.pl_35287_1546607430/build/classes
  - /tmp/run_evosuite.pl_35287_1546607430/lib/args4j.jar
  - /tmp/run_evosuite.pl_35287_1546607430/lib/guava.jar
  - /tmp/run_evosuite.pl_35287_1546607430/lib/json.jar
  - /tmp/run_evosuite.pl_35287_1546607430/lib/jsr305.jar
  - /tmp/run_evosuite.pl_35287_1546607430/lib/protobuf-java.jar
  - /tmp/run_evosuite.pl_35287_1546607430/build/lib/rhino.jar
  - /tmp/run_evosuite.pl_35287_1546607430/lib/ant.jar
* Finished analyzing classpath
* Generating tests for class com.google.javascript.jscomp.NameAnalyzer
* Test criterion:
  - Branch Coverage
* Setting up search algorithm for whole suite generation
* Total number of test goals: 510
* Using seed 3000
* Starting evolution
[MASTER] 05:10:42.463 [logback-2] ERROR TestCluster - Failed to check cache for java.util.AbstractMap<K, V>.SimpleEntry<K, V> : Type points to itself
[MASTER] 05:10:42.463 [logback-2] ERROR TestCluster - Failed to check cache for java.util.AbstractMap<K, V>.SimpleImmutableEntry<K, V> : Type points to itself
[MASTER] 05:10:45.778 [logback-2] ERROR TestCluster - Failed to check cache for java.util.Enumeration<E> : Type points to itself
* Search finished after 101s and 732 generations, 246253 statements, best individual has fitness: 384.8333333326363
* Minimizing test suite
* Going to analyze the coverage criteria
* Coverage analysis for criterion BRANCH
* Coverage of criterion BRANCH: 25%
* Total number of goals: 510
* Number of covered goals: 126
* Generated 16 tests with total length 74
* Resulting test suite's coverage: 25%
* Generating assertions
* Resulting test suite's mutation score: 9%
* Permissions denied during test execution: 
  - java.lang.RuntimePermission: 
         writeFileDescriptor: 15
  - java.net.SocketPermission: 
         resolve v;eI(: 2
* Writing JUnit test case 'NameAnalyzer_ESTest' to evosuite-branch
* Done!

* Computation finished
