* EvoSuite 1.0.6
* Going to generate test cases for class: com.google.javascript.jscomp.FlowSensitiveInlineVariables
* Starting client
* Connecting to master process on port 2830
* Analyzing classpath: 
  - /tmp/run_evosuite.pl_17079_1546602613/build/classes
  - /tmp/run_evosuite.pl_17079_1546602613/lib/args4j.jar
  - /tmp/run_evosuite.pl_17079_1546602613/lib/guava.jar
  - /tmp/run_evosuite.pl_17079_1546602613/lib/json.jar
  - /tmp/run_evosuite.pl_17079_1546602613/lib/jsr305.jar
  - /tmp/run_evosuite.pl_17079_1546602613/lib/protobuf-java.jar
  - /tmp/run_evosuite.pl_17079_1546602613/build/lib/rhino.jar
  - /tmp/run_evosuite.pl_17079_1546602613/lib/ant.jar
* Finished analyzing classpath
* Generating tests for class com.google.javascript.jscomp.FlowSensitiveInlineVariables
* Test criterion:
  - Branch Coverage
* Setting up search algorithm for whole suite generation
* Total number of test goals: 166
* Using seed 3000
* Starting evolution
* Search finished after 103s and 200 generations, 36389 statements, best individual has fitness: 171.5
* Minimizing test suite
* Going to analyze the coverage criteria
* Coverage analysis for criterion BRANCH
* Coverage of criterion BRANCH: 3%
* Total number of goals: 166
* Number of covered goals: 5
* Generated 4 tests with total length 12
* Resulting test suite's coverage: 3%
* Generating assertions
* Resulting test suite's mutation score: 1%
* Permissions denied during test execution: 
  - java.lang.RuntimePermission: 
         writeFileDescriptor: 5
* Writing JUnit test case 'FlowSensitiveInlineVariables_ESTest' to evosuite-branch
* Done!

* Computation finished
