* EvoSuite 1.0.6
* Going to generate test cases for class: com.google.javascript.jscomp.MaybeReachingVariableUse
* Starting client
* Connecting to master process on port 18539
* Analyzing classpath: 
  - /tmp/run_evosuite.pl_28_1545807929/build/classes
  - /tmp/run_evosuite.pl_28_1545807929/lib/args4j.jar
  - /tmp/run_evosuite.pl_28_1545807929/lib/guava.jar
  - /tmp/run_evosuite.pl_28_1545807929/lib/json.jar
  - /tmp/run_evosuite.pl_28_1545807929/lib/jsr305.jar
  - /tmp/run_evosuite.pl_28_1545807929/lib/protobuf-java.jar
  - /tmp/run_evosuite.pl_28_1545807929/build/lib/rhino.jar
  - /tmp/run_evosuite.pl_28_1545807929/lib/ant.jar
* Finished analyzing classpath
* Generating tests for class com.google.javascript.jscomp.MaybeReachingVariableUse
* Test criterion:
  - Branch Coverage
* Setting up search algorithm for whole suite generation
* Total number of test goals: 81
* Using seed 2000
* Starting evolution
[MASTER] 23:05:44.229 [logback-2] ERROR TestCluster - Failed to check cache for java.util.Collection<com.google.javascript.jscomp.SourceFile> : Invalid generic instance
[MASTER] 23:07:02.293 [logback-2] ERROR TestCluster - Failed to check cache for com.google.javascript.jscomp.ControlFlowGraph<N> : Type points to itself
* Search finished after 103s and 525 generations, 202270 statements, best individual has fitness: 37.0
* Minimizing test suite
* Going to analyze the coverage criteria
* Coverage analysis for criterion BRANCH
* Coverage of criterion BRANCH: 54%
* Total number of goals: 81
* Number of covered goals: 44
* Generated 17 tests with total length 94
* Resulting test suite's coverage: 54%
* Generating assertions
* Resulting test suite's mutation score: 5%
* Permissions denied during test execution: 
  - java.lang.RuntimePermission: 
         writeFileDescriptor: 1
* Writing JUnit test case 'MaybeReachingVariableUse_ESTest' to evosuite-branch
* Done!

* Computation finished
