* EvoSuite 1.0.6
* Going to generate test cases for class: com.google.javascript.jscomp.TypeInference
* Starting client
* Connecting to master process on port 18557
* Analyzing classpath: 
  - /tmp/run_evosuite.pl_138641_1546753545/build/classes
  - /tmp/run_evosuite.pl_138641_1546753545/lib/args4j.jar
  - /tmp/run_evosuite.pl_138641_1546753545/lib/guava.jar
  - /tmp/run_evosuite.pl_138641_1546753545/lib/json.jar
  - /tmp/run_evosuite.pl_138641_1546753545/lib/jsr305.jar
  - /tmp/run_evosuite.pl_138641_1546753545/lib/protobuf-java.jar
  - /tmp/run_evosuite.pl_138641_1546753545/build/lib/rhino.jar
  - /tmp/run_evosuite.pl_138641_1546753545/lib/ant.jar
* Finished analyzing classpath
* Generating tests for class com.google.javascript.jscomp.TypeInference
* Test criterion:
  - Branch Coverage
* Setting up search algorithm for whole suite generation
* Total number of test goals: 655
* Using seed 5000
* Starting evolution
[MASTER] 21:46:03.834 [logback-2] ERROR TestCluster - Failed to check cache for java.util.Comparator<T> : Type points to itself
* Search finished after 105s and 577 generations, 114332 statements, best individual has fitness: 677.5
* Minimizing test suite
[MASTER] 21:48:49.778 [logback-1] WARN  TestSuiteMinimizer - Minimization timeout. Roll back to original test suite
* Going to analyze the coverage criteria
* Coverage analysis for criterion BRANCH
* Coverage of criterion BRANCH: 1%
* Total number of goals: 655
* Number of covered goals: 6
* Generated 4 tests with total length 25
* Resulting test suite's coverage: 1%
* Generating assertions
* Resulting test suite's mutation score: 0%
* Permissions denied during test execution: 
  - java.lang.RuntimePermission: 
         writeFileDescriptor: 24
* Writing JUnit test case 'TypeInference_ESTest' to evosuite-branch
* Done!

* Computation finished
