* EvoSuite 1.0.6
* Going to generate test cases for class: com.google.javascript.jscomp.DeadAssignmentsElimination
* Starting client
* Connecting to master process on port 14953
* Analyzing classpath: 
  - /tmp/run_evosuite.pl_94839_1546838835/build/classes
  - /tmp/run_evosuite.pl_94839_1546838835/lib/args4j.jar
  - /tmp/run_evosuite.pl_94839_1546838835/lib/guava.jar
  - /tmp/run_evosuite.pl_94839_1546838835/lib/jsr305.jar
  - /tmp/run_evosuite.pl_94839_1546838835/lib/libtrunk_rhino_parser_jarjared.jar
  - /tmp/run_evosuite.pl_94839_1546838835/lib/protobuf-java.jar
  - /tmp/run_evosuite.pl_94839_1546838835/lib/ant.jar
* Finished analyzing classpath
* Generating tests for class com.google.javascript.jscomp.DeadAssignmentsElimination
* Test criterion:
  - Branch Coverage
* Setting up search algorithm for whole suite generation
* Total number of test goals: 166
* Using seed 1000
* Starting evolution
[MASTER] 21:27:27.704 [logback-2] ERROR TestCluster - Failed to check cache for com.google.common.base.Supplier<T> : Type points to itself
[MASTER] 21:27:29.198 [logback-2] ERROR TestCluster - Failed to check cache for java.util.Enumeration<E> : Type points to itself
[MASTER] 21:27:42.949 [logback-2] ERROR TestCluster - Failed to check cache for com.google.javascript.jscomp.ControlFlowGraph<N> : Type points to itself
[MASTER] 21:28:03.868 [logback-1] WARN  TestChromosome - Functional mock problem: org.evosuite.ga.ConstructionFailedException: Have no generator for class com.google.javascript.jscomp.LiveVariablesAnalysis$LiveVariableLattice canUseFunctionalMocks=true, canBeMocked: false
* Search finished after 103s and 1213 generations, 238973 statements, best individual has fitness: 157.91485507246378
* Minimizing test suite
* Going to analyze the coverage criteria
* Coverage analysis for criterion BRANCH
* Coverage of criterion BRANCH: 7%
* Total number of goals: 166
* Number of covered goals: 12
* Generated 1 tests with total length 4
* Resulting test suite's coverage: 7%
* Generating assertions
* Resulting test suite's mutation score: 0%
* Permissions denied during test execution: 
  - java.lang.RuntimePermission: 
         writeFileDescriptor: 27
* Writing JUnit test case 'DeadAssignmentsElimination_ESTest' to evosuite-branch
* Done!

* Computation finished
