* EvoSuite 1.0.6
* Going to generate test cases for class: com.google.javascript.jscomp.DeadAssignmentsElimination
* Starting client
* Connecting to master process on port 18557
* Analyzing classpath: 
  - /tmp/run_evosuite.pl_221400_1546767729/build/classes
  - /tmp/run_evosuite.pl_221400_1546767729/lib/args4j.jar
  - /tmp/run_evosuite.pl_221400_1546767729/lib/guava.jar
  - /tmp/run_evosuite.pl_221400_1546767729/lib/jsr305.jar
  - /tmp/run_evosuite.pl_221400_1546767729/lib/libtrunk_rhino_parser_jarjared.jar
  - /tmp/run_evosuite.pl_221400_1546767729/lib/protobuf-java.jar
  - /tmp/run_evosuite.pl_221400_1546767729/lib/ant.jar
* Finished analyzing classpath
* Generating tests for class com.google.javascript.jscomp.DeadAssignmentsElimination
* Test criterion:
  - Branch Coverage
* Setting up search algorithm for whole suite generation
* Total number of test goals: 166
* Using seed 5000
* Starting evolution
[MASTER] 01:42:22.484 [logback-2] ERROR TestCluster - Failed to check cache for java.util.Enumeration<E> : Type points to itself
[MASTER] 01:43:18.236 [logback-2] ERROR TestCluster - Failed to check cache for com.google.javascript.jscomp.ControlFlowGraph<N> : Type points to itself
* Search finished after 105s and 1105 generations, 202872 statements, best individual has fitness: 166.5
* Minimizing test suite
* Going to analyze the coverage criteria
* Coverage analysis for criterion BRANCH
* Coverage of criterion BRANCH: 3%
* Total number of goals: 166
* Number of covered goals: 5
* Generated 1 tests with total length 4
* Resulting test suite's coverage: 3%
* Generating assertions
* Resulting test suite's mutation score: 1%
* Permissions denied during test execution: 
  - java.lang.RuntimePermission: 
         writeFileDescriptor: 18
* Writing JUnit test case 'DeadAssignmentsElimination_ESTest' to evosuite-branch
* Done!

* Computation finished
