* EvoSuite 1.0.6
* Going to generate test cases for class: com.google.javascript.jscomp.PeepholeReplaceKnownMethods
* Starting client
* Connecting to master process on port 18557
* Analyzing classpath: 
  - /tmp/run_evosuite.pl_83684_1546757077/build/classes
  - /tmp/run_evosuite.pl_83684_1546757077/lib/args4j.jar
  - /tmp/run_evosuite.pl_83684_1546757077/lib/guava.jar
  - /tmp/run_evosuite.pl_83684_1546757077/lib/json.jar
  - /tmp/run_evosuite.pl_83684_1546757077/lib/jsr305.jar
  - /tmp/run_evosuite.pl_83684_1546757077/lib/protobuf-java.jar
  - /tmp/run_evosuite.pl_83684_1546757077/build/lib/rhino.jar
  - /tmp/run_evosuite.pl_83684_1546757077/lib/ant.jar
* Finished analyzing classpath
* Generating tests for class com.google.javascript.jscomp.PeepholeReplaceKnownMethods
* Test criterion:
  - Branch Coverage
* Setting up search algorithm for whole suite generation
* Total number of test goals: 259
* Using seed 5000
* Starting evolution
[MASTER] 22:44:59.121 [logback-2] ERROR TestCluster - Failed to check cache for java.util.Enumeration<E> : Type points to itself
* Search finished after 101s and 1459 generations, 482483 statements, best individual has fitness: 238.5
* Minimizing test suite
* Going to analyze the coverage criteria
* Coverage analysis for criterion BRANCH
* Coverage of criterion BRANCH: 9%
* Total number of goals: 259
* Number of covered goals: 24
* Generated 7 tests with total length 44
* Resulting test suite's coverage: 9%
* Generating assertions
* Resulting test suite's mutation score: 4%
* Permissions denied during test execution: 
  - java.lang.RuntimePermission: 
         writeFileDescriptor: 4
* Writing JUnit test case 'PeepholeReplaceKnownMethods_ESTest' to evosuite-branch
* Done!

* Computation finished
