* EvoSuite 1.0.6
* Going to generate test cases for class: com.google.javascript.jscomp.CodeGenerator
* Starting client
* Connecting to master process on port 18539
* Analyzing classpath: 
  - /tmp/run_evosuite.pl_210795_1545814904/build/classes
  - /tmp/run_evosuite.pl_210795_1545814904/lib/args4j.jar
  - /tmp/run_evosuite.pl_210795_1545814904/lib/guava.jar
  - /tmp/run_evosuite.pl_210795_1545814904/lib/json.jar
  - /tmp/run_evosuite.pl_210795_1545814904/lib/jsr305.jar
  - /tmp/run_evosuite.pl_210795_1545814904/lib/libtrunk_rhino_parser_jarjared.jar
  - /tmp/run_evosuite.pl_210795_1545814904/lib/protobuf-java.jar
  - /tmp/run_evosuite.pl_210795_1545814904/lib/ant.jar
* Finished analyzing classpath
* Generating tests for class com.google.javascript.jscomp.CodeGenerator
* Test criterion:
  - Branch Coverage
* Setting up search algorithm for whole suite generation
* Total number of test goals: 734
* Using seed 2000
* Starting evolution
* Search finished after 101s and 1040 generations, 265508 statements, best individual has fitness: 219.42862576477532
* Minimizing test suite
* Going to analyze the coverage criteria
* Coverage analysis for criterion BRANCH
* Coverage of criterion BRANCH: 66%
* Total number of goals: 734
* Number of covered goals: 482
* Generated 166 tests with total length 640
* Resulting test suite's coverage: 66%
* Generating assertions
* Resulting test suite's mutation score: 36%
* Permissions denied during test execution: 
  - java.lang.RuntimePermission: 
         writeFileDescriptor: 3
* Writing JUnit test case 'CodeGenerator_ESTest' to evosuite-branch
* Done!

* Computation finished
