* EvoSuite 1.0.6
* Going to generate test cases for class: com.google.javascript.jscomp.TypeCheck
* Starting client
* Connecting to master process on port 14953
* Analyzing classpath: 
  - /tmp/run_evosuite.pl_91624_1546837477/build/classes
  - /tmp/run_evosuite.pl_91624_1546837477/lib/args4j.jar
  - /tmp/run_evosuite.pl_91624_1546837477/lib/guava.jar
  - /tmp/run_evosuite.pl_91624_1546837477/lib/json.jar
  - /tmp/run_evosuite.pl_91624_1546837477/lib/jsr305.jar
  - /tmp/run_evosuite.pl_91624_1546837477/lib/libtrunk_rhino_parser_jarjared.jar
  - /tmp/run_evosuite.pl_91624_1546837477/lib/protobuf-java.jar
  - /tmp/run_evosuite.pl_91624_1546837477/lib/ant.jar
* Finished analyzing classpath
* Generating tests for class com.google.javascript.jscomp.TypeCheck
* Test criterion:
  - Branch Coverage
* Setting up search algorithm for whole suite generation
* Total number of test goals: 989
* Using seed 1000
* Starting evolution
* Search finished after 105s and 368 generations, 226730 statements, best individual has fitness: 522.7199798831177
* Minimizing test suite
* Going to analyze the coverage criteria
* Coverage analysis for criterion BRANCH
* Coverage of criterion BRANCH: 42%
* Total number of goals: 989
* Number of covered goals: 419
* Generated 75 tests with total length 872
* Resulting test suite's coverage: 42%
* Generating assertions
* Resulting test suite's mutation score: 9%
* Permissions denied during test execution: 
  - java.lang.RuntimePermission: 
         writeFileDescriptor: 7
* Writing JUnit test case 'TypeCheck_ESTest' to evosuite-branch
* Done!

* Computation finished
