* EvoSuite 1.0.6
* Going to generate test cases for class: com.google.javascript.jscomp.TypeInference
* Starting client
* Connecting to master process on port 18539
* Analyzing classpath: 
  - /tmp/run_evosuite.pl_199832_1545810839/build/classes
  - /tmp/run_evosuite.pl_199832_1545810839/lib/args4j.jar
  - /tmp/run_evosuite.pl_199832_1545810839/lib/guava.jar
  - /tmp/run_evosuite.pl_199832_1545810839/lib/json.jar
  - /tmp/run_evosuite.pl_199832_1545810839/lib/jsr305.jar
  - /tmp/run_evosuite.pl_199832_1545810839/lib/protobuf-java.jar
  - /tmp/run_evosuite.pl_199832_1545810839/build/lib/rhino.jar
  - /tmp/run_evosuite.pl_199832_1545810839/lib/ant.jar
* Finished analyzing classpath
* Generating tests for class com.google.javascript.jscomp.TypeInference
* Test criterion:
  - Branch Coverage
* Setting up search algorithm for whole suite generation
* Total number of test goals: 665
* Using seed 2000
* Starting evolution
[MASTER] 23:54:16.061 [logback-2] ERROR TestCluster - Failed to check cache for java.util.Enumeration<E> : Type points to itself
[MASTER] 23:54:16.180 [logback-2] ERROR TestCluster - Failed to check cache for java.util.Comparator<T> : Type points to itself
[MASTER] 23:54:22.984 [logback-2] ERROR FunctionalMockStatement - Cannot use Mockito on class com.google.javascript.rhino.jstype.NoObjectType due to IAE: tried to access class com.google.javascript.rhino.jstype.PrototypeObjectType from class com.google.javascript.rhino.jstype.NoObjectType$MockitoMock$420639722
[MASTER] 23:54:39.194 [logback-2] ERROR TestCluster - Failed to check cache for com.google.javascript.jscomp.ControlFlowGraph<N> : Type points to itself
* Search finished after 101s and 1249 generations, 386412 statements, best individual has fitness: 550.0591009694264
* Minimizing test suite
* Going to analyze the coverage criteria
* Coverage analysis for criterion BRANCH
* Coverage of criterion BRANCH: 21%
* Total number of goals: 665
* Number of covered goals: 137
* Generated 4 tests with total length 31
* Resulting test suite's coverage: 21%
* Generating assertions
* Resulting test suite's mutation score: 0%
* Permissions denied during test execution: 
  - java.lang.RuntimePermission: 
         writeFileDescriptor: 32
* Writing JUnit test case 'TypeInference_ESTest' to evosuite-branch
* Done!

* Computation finished
