* EvoSuite 1.0.6
* Going to generate test cases for class: com.google.javascript.jscomp.PeepholeFoldConstants
* Starting client
* Connecting to master process on port 2830
* Analyzing classpath: 
  - /tmp/run_evosuite.pl_59254_1546615089/build/classes
  - /tmp/run_evosuite.pl_59254_1546615089/lib/ant_deploy.jar
  - /tmp/run_evosuite.pl_59254_1546615089/lib/args4j_deploy.jar
  - /tmp/run_evosuite.pl_59254_1546615089/lib/google_common_deploy.jar
  - /tmp/run_evosuite.pl_59254_1546615089/lib/hamcrest-core-1.1.jar
  - /tmp/run_evosuite.pl_59254_1546615089/lib/json.jar
  - /tmp/run_evosuite.pl_59254_1546615089/lib/junit.jar
  - /tmp/run_evosuite.pl_59254_1546615089/lib/libtrunk_rhino_parser_jarjared.jar
  - /tmp/run_evosuite.pl_59254_1546615089/lib/protobuf_deploy.jar
* Finished analyzing classpath
* Generating tests for class com.google.javascript.jscomp.PeepholeFoldConstants
* Test criterion:
  - Branch Coverage
* Setting up search algorithm for whole suite generation
* Total number of test goals: 761
* Using seed 3000
* Starting evolution
[MASTER] 07:18:18.795 [logback-2] ERROR TestCluster - Failed to check cache for java.util.HashSet<E> : Type points to itself
[MASTER] 07:18:23.557 [logback-2] ERROR TestCluster - Failed to check cache for java.util.Enumeration<E> : Type points to itself
[MASTER] 07:18:23.757 [logback-2] ERROR TestCluster - Failed to check cache for java.util.Comparator<T> : Type points to itself
* Search finished after 101s and 501 generations, 226965 statements, best individual has fitness: 355.6036619482013
* Minimizing test suite
* Going to analyze the coverage criteria
* Coverage analysis for criterion BRANCH
* Coverage of criterion BRANCH: 48%
* Total number of goals: 761
* Number of covered goals: 368
* Generated 104 tests with total length 545
* Resulting test suite's coverage: 48%
* Generating assertions
* Resulting test suite's mutation score: 13%
* Permissions denied during test execution: 
  - java.lang.RuntimePermission: 
         writeFileDescriptor: 3
* Writing JUnit test case 'PeepholeFoldConstants_ESTest' to evosuite-branch
* Done!

* Computation finished
