* EvoSuite 1.0.6
* Going to generate test cases for class: com.google.javascript.jscomp.TypeCheck
* Starting client
* Connecting to master process on port 19758
* Analyzing classpath: 
  - /tmp/run_evosuite.pl_215413_1546672936/build/classes
  - /tmp/run_evosuite.pl_215413_1546672936/lib/args4j.jar
  - /tmp/run_evosuite.pl_215413_1546672936/lib/guava.jar
  - /tmp/run_evosuite.pl_215413_1546672936/lib/json.jar
  - /tmp/run_evosuite.pl_215413_1546672936/lib/jsr305.jar
  - /tmp/run_evosuite.pl_215413_1546672936/lib/protobuf-java.jar
  - /tmp/run_evosuite.pl_215413_1546672936/build/lib/rhino.jar
  - /tmp/run_evosuite.pl_215413_1546672936/lib/ant.jar
* Finished analyzing classpath
* Generating tests for class com.google.javascript.jscomp.TypeCheck
* Test criterion:
  - Branch Coverage
* Setting up search algorithm for whole suite generation
* Total number of test goals: 1052
* Using seed 4000
* Starting evolution
[MASTER] 23:23:30.198 [logback-2] ERROR TestCluster - Failed to check cache for com.google.javascript.jscomp.ControlFlowGraph<N> : Type points to itself
* Search finished after 105s and 221 generations, 138668 statements, best individual has fitness: 769.6973656360419
* Minimizing test suite
* Going to analyze the coverage criteria
* Coverage analysis for criterion BRANCH
* Coverage of criterion BRANCH: 25%
* Total number of goals: 1052
* Number of covered goals: 260
* Generated 17 tests with total length 174
* Resulting test suite's coverage: 25%
* Generating assertions
* Resulting test suite's mutation score: 7%
* Permissions denied during test execution: 
  - java.lang.RuntimePermission: 
         writeFileDescriptor: 7
* Writing JUnit test case 'TypeCheck_ESTest' to evosuite-branch
* Done!

* Computation finished
