* EvoSuite 1.0.6
* Going to generate test cases for class: com.google.javascript.jscomp.NodeUtil
* Starting client
* Connecting to master process on port 14953
* Analyzing classpath: 
  - /tmp/run_evosuite.pl_100768_1546841365/build/classes
  - /tmp/run_evosuite.pl_100768_1546841365/lib/ant_deploy.jar
  - /tmp/run_evosuite.pl_100768_1546841365/lib/args4j_deploy.jar
  - /tmp/run_evosuite.pl_100768_1546841365/lib/guava-r06.jar
  - /tmp/run_evosuite.pl_100768_1546841365/lib/hamcrest-core-1.1.jar
  - /tmp/run_evosuite.pl_100768_1546841365/lib/json.jar
  - /tmp/run_evosuite.pl_100768_1546841365/lib/jsr305.jar
  - /tmp/run_evosuite.pl_100768_1546841365/lib/junit.jar
  - /tmp/run_evosuite.pl_100768_1546841365/lib/libtrunk_rhino_parser_jarjared.jar
  - /tmp/run_evosuite.pl_100768_1546841365/lib/protobuf-java-2.3.0.jar
* Finished analyzing classpath
* Generating tests for class com.google.javascript.jscomp.NodeUtil
* Test criterion:
  - Branch Coverage
* Setting up search algorithm for whole suite generation
* Total number of test goals: 1966
* Using seed 1000
* Starting evolution
[MASTER] 22:09:38.415 [logback-2] ERROR TestCluster - Failed to check cache for java.util.Comparator<T> : Type points to itself
[MASTER] 22:09:38.560 [logback-2] ERROR TestCluster - Failed to check cache for com.google.common.base.Supplier<T> : Type points to itself
[MASTER] 22:09:38.847 [logback-2] ERROR TestCluster - Failed to check cache for java.util.Enumeration<E> : Type points to itself
[MASTER] 22:10:02.248 [logback-2] ERROR TestCluster - Failed to check cache for java.lang.Comparable<T> : Type points to itself
* Search finished after 104s and 210 generations, 81086 statements, best individual has fitness: 659.9726674255053
* Minimizing test suite
* Going to analyze the coverage criteria
* Coverage analysis for criterion BRANCH
* Coverage of criterion BRANCH: 57%
* Total number of goals: 1966
* Number of covered goals: 1122
* Generated 222 tests with total length 424
* Resulting test suite's coverage: 57%
* Generating assertions
* Resulting test suite's mutation score: 22%
* Permissions denied during test execution: 
  - java.lang.RuntimePermission: 
         writeFileDescriptor: 1
* Writing JUnit test case 'NodeUtil_ESTest' to evosuite-branch
* Done!

* Computation finished
