* EvoSuite 1.0.6
* Going to generate test cases for class: com.google.javascript.rhino.jstype.JSType
* Starting client
* Connecting to master process on port 19758
* Analyzing classpath: 
  - /tmp/run_evosuite.pl_249334_1546683357/build/classes
  - /tmp/run_evosuite.pl_249334_1546683357/lib/args4j.jar
  - /tmp/run_evosuite.pl_249334_1546683357/lib/guava.jar
  - /tmp/run_evosuite.pl_249334_1546683357/lib/jsr305.jar
  - /tmp/run_evosuite.pl_249334_1546683357/lib/libtrunk_rhino_parser_jarjared.jar
  - /tmp/run_evosuite.pl_249334_1546683357/lib/protobuf-java.jar
  - /tmp/run_evosuite.pl_249334_1546683357/lib/ant.jar
* Finished analyzing classpath
* Generating tests for class com.google.javascript.rhino.jstype.JSType
* Test criterion:
  - Branch Coverage
* Setting up search algorithm for whole suite generation
* Total number of test goals: 230
* Using seed 4000
* Starting evolution
[MASTER] 02:16:42.114 [logback-1] WARN  TestChromosome - Functional mock problem: org.evosuite.ga.ConstructionFailedException: Have no generator for class com.google.javascript.rhino.jstype.AllType canUseFunctionalMocks=true, canBeMocked: false
* Search finished after 101s and 1029 generations, 426599 statements, best individual has fitness: 9.5
* Minimizing test suite
* Going to analyze the coverage criteria
* Coverage analysis for criterion BRANCH
* Coverage of criterion BRANCH: 94%
* Total number of goals: 230
* Number of covered goals: 216
* Generated 82 tests with total length 449
* Resulting test suite's coverage: 94%
* Generating assertions
* Resulting test suite's mutation score: 55%
* Writing JUnit test case 'JSType_ESTest' to evosuite-branch
* Done!

* Computation finished
