* EvoSuite 1.0.6
* Going to generate test cases for class: com.google.javascript.jscomp.ScopedAliases
* Starting client
* Connecting to master process on port 2830
* Analyzing classpath: 
  - /tmp/run_evosuite.pl_62889_1546616514/build/classes
  - /tmp/run_evosuite.pl_62889_1546616514/lib/args4j.jar
  - /tmp/run_evosuite.pl_62889_1546616514/lib/guava.jar
  - /tmp/run_evosuite.pl_62889_1546616514/lib/json.jar
  - /tmp/run_evosuite.pl_62889_1546616514/lib/jsr305.jar
  - /tmp/run_evosuite.pl_62889_1546616514/lib/protobuf-java.jar
  - /tmp/run_evosuite.pl_62889_1546616514/build/lib/rhino.jar
  - /tmp/run_evosuite.pl_62889_1546616514/lib/ant.jar
* Finished analyzing classpath
* Generating tests for class com.google.javascript.jscomp.ScopedAliases
* Test criterion:
  - Branch Coverage
* Setting up search algorithm for whole suite generation
* Total number of test goals: 173
* Using seed 3000
* Starting evolution
* Search finished after 104s and 205 generations, 74146 statements, best individual has fitness: 149.83333333240202
* Minimizing test suite
* Going to analyze the coverage criteria
* Coverage analysis for criterion BRANCH
* Coverage of criterion BRANCH: 14%
* Total number of goals: 173
* Number of covered goals: 25
* Generated 2 tests with total length 11
* Resulting test suite's coverage: 14%
* Generating assertions
* Resulting test suite's mutation score: 1%
* Permissions denied during test execution: 
  - java.lang.RuntimePermission: 
         writeFileDescriptor: 4
* Writing JUnit test case 'ScopedAliases_ESTest' to evosuite-branch
* Done!

* Computation finished
