* EvoSuite 1.0.6
* Going to generate test cases for class: com.google.javascript.jscomp.DisambiguateProperties
* Starting client
* Connecting to master process on port 2830
* Analyzing classpath: 
  - /tmp/run_evosuite.pl_66296_1546617954/build/classes
  - /tmp/run_evosuite.pl_66296_1546617954/lib/args4j.jar
  - /tmp/run_evosuite.pl_66296_1546617954/lib/guava.jar
  - /tmp/run_evosuite.pl_66296_1546617954/lib/json.jar
  - /tmp/run_evosuite.pl_66296_1546617954/lib/jsr305.jar
  - /tmp/run_evosuite.pl_66296_1546617954/lib/protobuf-java.jar
  - /tmp/run_evosuite.pl_66296_1546617954/build/lib/rhino.jar
  - /tmp/run_evosuite.pl_66296_1546617954/lib/ant.jar
* Finished analyzing classpath
* Generating tests for class com.google.javascript.jscomp.DisambiguateProperties
* Test criterion:
  - Branch Coverage
* Setting up search algorithm for whole suite generation
* Total number of test goals: 373
* Using seed 3000
* Starting evolution
[MASTER] 08:06:11.665 [logback-2] ERROR TestCluster - Failed to check cache for java.util.LinkedList<E> : Type points to itself
[MASTER] 08:06:11.665 [logback-2] ERROR TestCluster - Failed to check cache for java.util.AbstractMap<K, V>.SimpleEntry<K, V> : Type points to itself
[MASTER] 08:06:11.665 [logback-2] ERROR TestCluster - Failed to check cache for java.util.AbstractMap<K, V>.SimpleImmutableEntry<K, V> : Type points to itself
[MASTER] 08:06:11.666 [logback-2] ERROR TestCluster - Failed to check cache for java.util.LinkedHashSet<E> : Type points to itself
[MASTER] 08:07:24.455 [logback-2] ERROR FunctionalMockStatement - Cannot use Mockito on class com.google.javascript.rhino.jstype.NoObjectType due to IAE: tried to access class com.google.javascript.rhino.jstype.PrototypeObjectType from class com.google.javascript.rhino.jstype.NoObjectType$MockitoMock$486566683
[MASTER] 08:07:24.593 [logback-2] ERROR FunctionalMockStatement - Cannot use Mockito on class com.google.javascript.rhino.jstype.NoObjectType due to failed class initialization: Could not initialize class com.google.javascript.rhino.jstype.NoObjectType$MockitoMock$486566683
[MASTER] 08:07:24.599 [logback-2] ERROR TestCluster - Failed to check cache for java.util.Enumeration<E> : Type points to itself
[MASTER] 08:07:24.690 [logback-2] ERROR TestCluster - Failed to check cache for java.util.Comparator<T> : Type points to itself
[MASTER] 08:07:40.225 [logback-2] ERROR TestCluster - Failed to check cache for java.util.function.Function<T, R> : Type points to itself
* Search finished after 101s and 4 generations, 2431 statements, best individual has fitness: 411.0
* Minimizing test suite
* Going to analyze the coverage criteria
* Coverage analysis for criterion BRANCH
* Coverage of criterion BRANCH: 1%
* Total number of goals: 373
* Number of covered goals: 4
* Generated 3 tests with total length 7
* Resulting test suite's coverage: 1%
* Generating assertions
* Resulting test suite's mutation score: 0%
* Permissions denied during test execution: 
  - java.lang.RuntimePermission: 
         writeFileDescriptor: 1
* Writing JUnit test case 'DisambiguateProperties_ESTest' to evosuite-branch
* Done!

* Computation finished
