* EvoSuite 1.0.6
* Going to generate test cases for class: com.google.javascript.jscomp.parsing.JsDocInfoParser
* Starting client
* Connecting to master process on port 2830
* Analyzing classpath: 
  - /tmp/run_evosuite.pl_71119_1546619736/build/classes
  - /tmp/run_evosuite.pl_71119_1546619736/lib/args4j.jar
  - /tmp/run_evosuite.pl_71119_1546619736/lib/guava.jar
  - /tmp/run_evosuite.pl_71119_1546619736/lib/json.jar
  - /tmp/run_evosuite.pl_71119_1546619736/lib/jsr305.jar
  - /tmp/run_evosuite.pl_71119_1546619736/lib/protobuf-java.jar
  - /tmp/run_evosuite.pl_71119_1546619736/build/lib/rhino.jar
  - /tmp/run_evosuite.pl_71119_1546619736/lib/ant.jar
* Finished analyzing classpath
* Generating tests for class com.google.javascript.jscomp.parsing.JsDocInfoParser
* Test criterion:
  - Branch Coverage
* Setting up search algorithm for whole suite generation
* Total number of test goals: 800
* Using seed 3000
* Starting evolution
[MASTER] 08:35:55.745 [logback-2] ERROR TestCluster - Failed to check cache for java.util.Comparator<T> : Type points to itself
[MASTER] 08:36:03.782 [logback-2] ERROR FunctionalMockStatement - Cannot use Mockito on class com.google.javascript.rhino.jstype.NullType due to IAE: tried to access class com.google.javascript.rhino.jstype.ValueType from class com.google.javascript.rhino.jstype.NullType$MockitoMock$1859484755
[MASTER] 08:36:04.881 [logback-1] WARN  TestUsageChecker - class com.google.javascript.rhino.head.ContextFactory$1GlobalSetterImpl looks like an anonymous class, ignoring it (although reflection says false) GlobalSetterImpl
[MASTER] 08:36:09.176 [logback-2] ERROR FunctionalMockStatement - Cannot use Mockito on class com.google.javascript.rhino.jstype.NullType due to failed class initialization: Could not initialize class com.google.javascript.rhino.jstype.NullType$MockitoMock$1859484755
[MASTER] 08:37:19.220 [logback-2] ERROR FunctionalMockStatement - Cannot use Mockito on class com.google.javascript.rhino.jstype.NullType due to IAE: tried to access class com.google.javascript.rhino.jstype.ValueType from class com.google.javascript.rhino.jstype.NullType$MockitoMock$738219413
* Search finished after 101s and 637 generations, 344552 statements, best individual has fitness: 561.2166666666667
* Minimizing test suite
* Going to analyze the coverage criteria
* Coverage analysis for criterion BRANCH
* Coverage of criterion BRANCH: 29%
* Total number of goals: 800
* Number of covered goals: 229
* Generated 48 tests with total length 404
* Resulting test suite's coverage: 29%
* Generating assertions
* Resulting test suite's mutation score: 22%
* Permissions denied during test execution: 
  - java.lang.RuntimePermission: 
         writeFileDescriptor: 3
* Writing JUnit test case 'JsDocInfoParser_ESTest' to evosuite-branch
* Done!

* Computation finished
