* EvoSuite 1.0.6
* Going to generate test cases for class: com.google.javascript.jscomp.VarCheck
* Starting client
* Connecting to master process on port 18539
* Analyzing classpath: 
  - /tmp/run_evosuite.pl_19850_1545816772/build/classes
  - /tmp/run_evosuite.pl_19850_1545816772/lib/args4j.jar
  - /tmp/run_evosuite.pl_19850_1545816772/lib/guava.jar
  - /tmp/run_evosuite.pl_19850_1545816772/lib/jsr305.jar
  - /tmp/run_evosuite.pl_19850_1545816772/lib/libtrunk_rhino_parser_jarjared.jar
  - /tmp/run_evosuite.pl_19850_1545816772/lib/protobuf-java.jar
  - /tmp/run_evosuite.pl_19850_1545816772/lib/ant.jar
* Finished analyzing classpath
* Generating tests for class com.google.javascript.jscomp.VarCheck
* Test criterion:
  - Branch Coverage
* Setting up search algorithm for whole suite generation
* Total number of test goals: 75
* Using seed 2000
* Starting evolution
[MASTER] 01:33:18.034 [logback-2] ERROR TestCluster - Failed to check cache for com.google.javascript.jscomp.ControlFlowGraph<N> : Type points to itself
* Search finished after 103s and 919 generations, 199018 statements, best individual has fitness: 38.212820512820514
* Minimizing test suite
* Going to analyze the coverage criteria
* Coverage analysis for criterion BRANCH
* Coverage of criterion BRANCH: 40%
* Total number of goals: 75
* Number of covered goals: 30
* Generated 4 tests with total length 19
* Resulting test suite's coverage: 40%
* Generating assertions
* Resulting test suite's mutation score: 6%
* Permissions denied during test execution: 
  - java.lang.RuntimePermission: 
         writeFileDescriptor: 20
* Writing JUnit test case 'VarCheck_ESTest' to evosuite-branch
* Done!

* Computation finished
* EvoSuite 1.0.6
* Going to generate test cases for class: com.google.javascript.jscomp.Normalize
* Starting client
* Connecting to master process on port 18539
* Analyzing classpath: 
  - /tmp/run_evosuite.pl_19850_1545816772/build/classes
  - /tmp/run_evosuite.pl_19850_1545816772/lib/args4j.jar
  - /tmp/run_evosuite.pl_19850_1545816772/lib/guava.jar
  - /tmp/run_evosuite.pl_19850_1545816772/lib/jsr305.jar
  - /tmp/run_evosuite.pl_19850_1545816772/lib/libtrunk_rhino_parser_jarjared.jar
  - /tmp/run_evosuite.pl_19850_1545816772/lib/protobuf-java.jar
  - /tmp/run_evosuite.pl_19850_1545816772/lib/ant.jar
* Finished analyzing classpath
* Generating tests for class com.google.javascript.jscomp.Normalize
* Test criterion:
  - Branch Coverage
* Setting up search algorithm for whole suite generation
* Total number of test goals: 228
* Using seed 2000
* Starting evolution
[MASTER] 01:34:53.965 [logback-2] ERROR TestCluster - Failed to check cache for com.google.javascript.jscomp.ControlFlowGraph<N>.Branch : Type points to itself
[MASTER] 01:35:04.070 [logback-2] ERROR TestCluster - Failed to check cache for com.google.javascript.jscomp.ControlFlowGraph<N> : Type points to itself
* Search finished after 101s and 826 generations, 254027 statements, best individual has fitness: 92.43729048729048
* Minimizing test suite
* Going to analyze the coverage criteria
* Coverage analysis for criterion BRANCH
* Coverage of criterion BRANCH: 55%
* Total number of goals: 228
* Number of covered goals: 126
* Generated 15 tests with total length 79
* Resulting test suite's coverage: 55%
* Generating assertions
* Resulting test suite's mutation score: 13%
* Permissions denied during test execution: 
  - java.lang.RuntimePermission: 
         writeFileDescriptor: 49
* Writing JUnit test case 'Normalize_ESTest' to evosuite-branch
* Done!

* Computation finished
