* EvoSuite 1.0.6
* Going to generate test cases for class: com.google.javascript.jscomp.NodeUtil
* Starting client
* Connecting to master process on port 18557
* Analyzing classpath: 
  - /tmp/run_evosuite.pl_214987_1546765534/build/classes
  - /tmp/run_evosuite.pl_214987_1546765534/lib/args4j.jar
  - /tmp/run_evosuite.pl_214987_1546765534/lib/guava.jar
  - /tmp/run_evosuite.pl_214987_1546765534/lib/json.jar
  - /tmp/run_evosuite.pl_214987_1546765534/lib/jsr305.jar
  - /tmp/run_evosuite.pl_214987_1546765534/lib/protobuf-java.jar
  - /tmp/run_evosuite.pl_214987_1546765534/build/lib/rhino.jar
  - /tmp/run_evosuite.pl_214987_1546765534/lib/ant.jar
* Finished analyzing classpath
* Generating tests for class com.google.javascript.jscomp.NodeUtil
* Test criterion:
  - Branch Coverage
* Setting up search algorithm for whole suite generation
* Total number of test goals: 2430
* Using seed 5000
* Starting evolution
[MASTER] 01:05:52.352 [logback-2] ERROR TestCluster - Failed to check cache for com.google.common.base.Supplier<T> : Type points to itself
[MASTER] 01:05:54.435 [logback-2] ERROR TestCluster - Failed to check cache for java.util.Enumeration<E> : Type points to itself
* Search finished after 102s and 312 generations, 137699 statements, best individual has fitness: 863.1320667453447
* Minimizing test suite
[MASTER] 01:07:36.975 [logback-2] ERROR TestCluster - Failed to check cache for java.util.Comparator<T> : Type points to itself
* Going to analyze the coverage criteria
* Coverage analysis for criterion BRANCH
* Coverage of criterion BRANCH: 56%
* Total number of goals: 2430
* Number of covered goals: 1372
* Generated 299 tests with total length 610
* Resulting test suite's coverage: 57%
* Generating assertions
* Resulting test suite's mutation score: 25%
* Permissions denied during test execution: 
  - java.lang.RuntimePermission: 
         writeFileDescriptor: 39
* Writing JUnit test case 'NodeUtil_ESTest' to evosuite-branch
* Done!

* Computation finished
