* EvoSuite 1.0.6
* Going to generate test cases for class: com.google.javascript.jscomp.TypeInference
* Starting client
* Connecting to master process on port 2830
* Analyzing classpath: 
  - /tmp/run_evosuite.pl_28376_1546605352/build/classes
  - /tmp/run_evosuite.pl_28376_1546605352/lib/args4j.jar
  - /tmp/run_evosuite.pl_28376_1546605352/lib/guava.jar
  - /tmp/run_evosuite.pl_28376_1546605352/lib/json.jar
  - /tmp/run_evosuite.pl_28376_1546605352/lib/jsr305.jar
  - /tmp/run_evosuite.pl_28376_1546605352/lib/protobuf-java.jar
  - /tmp/run_evosuite.pl_28376_1546605352/build/lib/rhino.jar
  - /tmp/run_evosuite.pl_28376_1546605352/lib/ant.jar
* Finished analyzing classpath
* Generating tests for class com.google.javascript.jscomp.TypeInference
* Test criterion:
  - Branch Coverage
* Setting up search algorithm for whole suite generation
* Total number of test goals: 655
* Using seed 3000
* Starting evolution
[MASTER] 04:36:08.046 [logback-2] ERROR TestCluster - Failed to check cache for java.util.Comparator<T> : Type points to itself
[MASTER] 04:37:00.288 [logback-2] ERROR FunctionalMockStatement - Cannot use Mockito on class com.google.javascript.rhino.jstype.NoType due to IAE: tried to access class com.google.javascript.rhino.jstype.PrototypeObjectType from class com.google.javascript.rhino.jstype.NoType$MockitoMock$288862329
* Search finished after 101s and 591 generations, 349062 statements, best individual has fitness: 349.3935606060606
* Minimizing test suite
* Going to analyze the coverage criteria
* Coverage analysis for criterion BRANCH
* Coverage of criterion BRANCH: 42%
* Total number of goals: 655
* Number of covered goals: 276
* Generated 74 tests with total length 982
* Resulting test suite's coverage: 42%
* Generating assertions
* Resulting test suite's mutation score: 6%
* Permissions denied during test execution: 
  - java.lang.RuntimePermission: 
         writeFileDescriptor: 19
* Writing JUnit test case 'TypeInference_ESTest' to evosuite-branch
* Done!

* Computation finished
