* EvoSuite 1.0.6
* Going to generate test cases for class: com.google.javascript.jscomp.TypedScopeCreator
* Starting client
* Connecting to master process on port 14953
* Analyzing classpath: 
  - /tmp/run_evosuite.pl_101060_1546841494/build/classes
  - /tmp/run_evosuite.pl_101060_1546841494/lib/ant_deploy.jar
  - /tmp/run_evosuite.pl_101060_1546841494/lib/args4j_deploy.jar
  - /tmp/run_evosuite.pl_101060_1546841494/lib/guava-r06.jar
  - /tmp/run_evosuite.pl_101060_1546841494/lib/hamcrest-core-1.1.jar
  - /tmp/run_evosuite.pl_101060_1546841494/lib/json.jar
  - /tmp/run_evosuite.pl_101060_1546841494/lib/jsr305.jar
  - /tmp/run_evosuite.pl_101060_1546841494/lib/junit.jar
  - /tmp/run_evosuite.pl_101060_1546841494/lib/libtrunk_rhino_parser_jarjared.jar
  - /tmp/run_evosuite.pl_101060_1546841494/lib/protobuf-java-2.3.0.jar
* Finished analyzing classpath
* Generating tests for class com.google.javascript.jscomp.TypedScopeCreator
* Test criterion:
  - Branch Coverage
* Setting up search algorithm for whole suite generation
* Total number of test goals: 538
* Using seed 1000
* Starting evolution
[MASTER] 22:11:53.794 [logback-2] ERROR TestCluster - Failed to check cache for java.util.Comparator<T> : Type points to itself
* Search finished after 101s and 751 generations, 194621 statements, best individual has fitness: 407.6423055114677
* Minimizing test suite
* Going to analyze the coverage criteria
* Coverage analysis for criterion BRANCH
* Coverage of criterion BRANCH: 23%
* Total number of goals: 538
* Number of covered goals: 122
* Generated 13 tests with total length 76
* Resulting test suite's coverage: 23%
* Generating assertions
* Resulting test suite's mutation score: 9%
* Permissions denied during test execution: 
  - java.lang.RuntimePermission: 
         writeFileDescriptor: 34
* Writing JUnit test case 'TypedScopeCreator_ESTest' to evosuite-branch
* Done!

* Computation finished
