* EvoSuite 1.0.6
* Going to generate test cases for class: com.google.javascript.jscomp.parsing.IRFactory
* Starting client
* Connecting to master process on port 19758
* Analyzing classpath: 
  - /tmp/run_evosuite.pl_622_1546688682/build/classes
  - /tmp/run_evosuite.pl_622_1546688682/lib/args4j.jar
  - /tmp/run_evosuite.pl_622_1546688682/lib/guava.jar
  - /tmp/run_evosuite.pl_622_1546688682/lib/json.jar
  - /tmp/run_evosuite.pl_622_1546688682/lib/jsr305.jar
  - /tmp/run_evosuite.pl_622_1546688682/lib/protobuf-java.jar
  - /tmp/run_evosuite.pl_622_1546688682/build/lib/rhino.jar
  - /tmp/run_evosuite.pl_622_1546688682/lib/ant.jar
* Finished analyzing classpath
* Generating tests for class com.google.javascript.jscomp.parsing.IRFactory
* Test criterion:
  - Branch Coverage
* Setting up search algorithm for whole suite generation
* Total number of test goals: 656
* Using seed 4000
* Starting evolution
[MASTER] 03:44:59.537 [logback-1] WARN  TestUsageChecker - class com.google.javascript.rhino.head.ContextFactory$1GlobalSetterImpl looks like an anonymous class, ignoring it (although reflection says false) GlobalSetterImpl
[MASTER] 03:45:05.318 [logback-2] ERROR FunctionalMockStatement - IAE on <public abstract boolean com.google.javascript.rhino.head.ast.NodeVisitor.visit(com.google.javascript.rhino.head.ast.AstNode)> when called with [[]]
[MASTER] 03:45:05.489 [logback-2] ERROR FunctionalMockStatement - Cannot use Mockito on interface com.google.javascript.rhino.head.ast.NodeVisitor due to IAE: 
Misplaced or misused argument matcher detected here:

-> at org.evosuite.testcase.fm.MethodDescriptor.executeMatcher(MethodDescriptor.java:245)

You cannot use argument matchers outside of verification or stubbing.
Examples of correct usage of argument matchers:
    when(mock.get(anyInt())).thenReturn(null);
    doThrow(new RuntimeException()).when(mock).someVoidMethod(anyObject());
    verify(mock).someMethod(contains("foo"))

This message may appear after an NullPointerException if the last matcher is returning an object 
like any() but the stubbed method signature expect a primitive argument, in this case,
use primitive alternatives.
    when(mock.get(any())); // bad use, will raise NPE
    when(mock.get(anyInt())); // correct usage use

Also, this error might show up because you use argument matchers with methods that cannot be mocked.
Following methods *cannot* be stubbed/verified: final/private/equals()/hashCode().
Mocking methods declared on non-public parent classes is not supported.

[MASTER] 03:45:05.688 [logback-2] ERROR FunctionalMockStatement - IAE on <public abstract boolean com.google.javascript.rhino.head.ast.NodeVisitor.visit(com.google.javascript.rhino.head.ast.AstNode)> when called with [[]]
[MASTER] 03:45:06.009 [logback-2] ERROR FunctionalMockStatement - Cannot use Mockito on interface com.google.javascript.rhino.head.ContextFactory$Listener due to IAE: 
Misplaced or misused argument matcher detected here:

-> at org.evosuite.testcase.fm.MethodDescriptor.executeMatcher(MethodDescriptor.java:245)

You cannot use argument matchers outside of verification or stubbing.
Examples of correct usage of argument matchers:
    when(mock.get(anyInt())).thenReturn(null);
    doThrow(new RuntimeException()).when(mock).someVoidMethod(anyObject());
    verify(mock).someMethod(contains("foo"))

This message may appear after an NullPointerException if the last matcher is returning an object 
like any() but the stubbed method signature expect a primitive argument, in this case,
use primitive alternatives.
    when(mock.get(any())); // bad use, will raise NPE
    when(mock.get(anyInt())); // correct usage use

Also, this error might show up because you use argument matchers with methods that cannot be mocked.
Following methods *cannot* be stubbed/verified: final/private/equals()/hashCode().
Mocking methods declared on non-public parent classes is not supported.

[MASTER] 03:45:09.353 [logback-2] ERROR FunctionalMockStatement - IAE on <public abstract boolean com.google.javascript.rhino.head.ast.NodeVisitor.visit(com.google.javascript.rhino.head.ast.AstNode)> when called with [[]]
[MASTER] 03:45:09.896 [logback-2] ERROR FunctionalMockStatement - Cannot use Mockito on interface java.util.function.Consumer due to IAE: 
Misplaced or misused argument matcher detected here:

-> at org.evosuite.testcase.fm.MethodDescriptor.executeMatcher(MethodDescriptor.java:245)

You cannot use argument matchers outside of verification or stubbing.
Examples of correct usage of argument matchers:
    when(mock.get(anyInt())).thenReturn(null);
    doThrow(new RuntimeException()).when(mock).someVoidMethod(anyObject());
    verify(mock).someMethod(contains("foo"))

This message may appear after an NullPointerException if the last matcher is returning an object 
like any() but the stubbed method signature expect a primitive argument, in this case,
use primitive alternatives.
    when(mock.get(any())); // bad use, will raise NPE
    when(mock.get(anyInt())); // correct usage use

Also, this error might show up because you use argument matchers with methods that cannot be mocked.
Following methods *cannot* be stubbed/verified: final/private/equals()/hashCode().
Mocking methods declared on non-public parent classes is not supported.

* Search finished after 101s and 643 generations, 309238 statements, best individual has fitness: 452.16636788861763
* Minimizing test suite
* Going to analyze the coverage criteria
* Coverage analysis for criterion BRANCH
* Coverage of criterion BRANCH: 33%
* Total number of goals: 656
* Number of covered goals: 218
* Generated 13 tests with total length 129
* Resulting test suite's coverage: 34%
* Generating assertions
* Resulting test suite's mutation score: 2%
* Permissions denied during test execution: 
  - java.lang.RuntimePermission: 
         writeFileDescriptor: 6
* Writing JUnit test case 'IRFactory_ESTest' to evosuite-branch
* Done!

* Computation finished
