* EvoSuite 1.0.6
* Going to generate test cases for class: com.google.javascript.jscomp.parsing.IRFactory
* Starting client
* Connecting to master process on port 18539
* Analyzing classpath: 
  - /tmp/run_evosuite.pl_41617_1545817506/build/classes
  - /tmp/run_evosuite.pl_41617_1545817506/lib/ant-launcher.jar
  - /tmp/run_evosuite.pl_41617_1545817506/lib/ant.jar
  - /tmp/run_evosuite.pl_41617_1545817506/lib/args4j.jar
  - /tmp/run_evosuite.pl_41617_1545817506/lib/caja-r4314.jar
  - /tmp/run_evosuite.pl_41617_1545817506/lib/guava.jar
  - /tmp/run_evosuite.pl_41617_1545817506/lib/json.jar
  - /tmp/run_evosuite.pl_41617_1545817506/lib/jsr305.jar
  - /tmp/run_evosuite.pl_41617_1545817506/lib/junit.jar
  - /tmp/run_evosuite.pl_41617_1545817506/lib/libtrunk_rhino_parser_jarjared.jar
  - /tmp/run_evosuite.pl_41617_1545817506/lib/protobuf-java.jar
* Finished analyzing classpath
* Generating tests for class com.google.javascript.jscomp.parsing.IRFactory
* Test criterion:
  - Branch Coverage
* Setting up search algorithm for whole suite generation
* Total number of test goals: 523
* Using seed 2000
* Starting evolution
[MASTER] 01:45:19.415 [logback-1] WARN  TestUsageChecker - class com.google.javascript.jscomp.mozilla.rhino.ContextFactory$1GlobalSetterImpl looks like an anonymous class, ignoring it (although reflection says false) GlobalSetterImpl
[MASTER] 01:45:19.743 [logback-2] ERROR TestCluster - Failed to check cache for java.util.Comparator<T> : Type points to itself
* Search finished after 101s and 111 generations, 51680 statements, best individual has fitness: 324.01889299421754
* Minimizing test suite
* Going to analyze the coverage criteria
* Coverage analysis for criterion BRANCH
* Coverage of criterion BRANCH: 38%
* Total number of goals: 523
* Number of covered goals: 199
* Generated 9 tests with total length 57
* Resulting test suite's coverage: 38%
* Generating assertions
* Resulting test suite's mutation score: 2%
* Permissions denied during test execution: 
  - java.lang.RuntimePermission: 
         writeFileDescriptor: 2
* Writing JUnit test case 'IRFactory_ESTest' to evosuite-branch
* Done!

* Computation finished
