* EvoSuite 1.0.6
* Going to generate test cases for class: com.google.javascript.jscomp.Normalize
* Starting client
* Connecting to master process on port 2830
* Analyzing classpath: 
  - /tmp/run_evosuite.pl_60726_1546615668/build/classes
  - /tmp/run_evosuite.pl_60726_1546615668/lib/ant_deploy.jar
  - /tmp/run_evosuite.pl_60726_1546615668/lib/google_common_deploy.jar
  - /tmp/run_evosuite.pl_60726_1546615668/lib/hamcrest-core-1.1.jar
  - /tmp/run_evosuite.pl_60726_1546615668/lib/junit4-core.jar
  - /tmp/run_evosuite.pl_60726_1546615668/lib/junit4-legacy.jar
  - /tmp/run_evosuite.pl_60726_1546615668/lib/libtrunk_rhino_parser_jarjared.jar
  - /tmp/run_evosuite.pl_60726_1546615668/lib/protobuf_deploy.jar
* Finished analyzing classpath
* Generating tests for class com.google.javascript.jscomp.Normalize
* Test criterion:
  - Branch Coverage
* Setting up search algorithm for whole suite generation
* Total number of test goals: 153
* Using seed 3000
* Starting evolution
[MASTER] 07:27:59.086 [logback-2] ERROR TestCluster - Failed to check cache for java.util.Stack<E> : Type points to itself
* Search finished after 101s and 625 generations, 213007 statements, best individual has fitness: 54.910342435342436
* Minimizing test suite
* Going to analyze the coverage criteria
* Coverage analysis for criterion BRANCH
* Coverage of criterion BRANCH: 59%
* Total number of goals: 153
* Number of covered goals: 91
* Generated 9 tests with total length 52
* Resulting test suite's coverage: 59%
* Generating assertions
* Resulting test suite's mutation score: 15%
* Permissions denied during test execution: 
  - java.lang.RuntimePermission: 
         writeFileDescriptor: 14
* Writing JUnit test case 'Normalize_ESTest' to evosuite-branch
* Done!

* Computation finished
