* EvoSuite 1.0.6
* Going to generate test cases for class: com.google.javascript.jscomp.TypeValidator
* Starting client
* Connecting to master process on port 2830
* Analyzing classpath: 
  - /tmp/run_evosuite.pl_65974_1546617829/build/classes
  - /tmp/run_evosuite.pl_65974_1546617829/lib/args4j.jar
  - /tmp/run_evosuite.pl_65974_1546617829/lib/guava.jar
  - /tmp/run_evosuite.pl_65974_1546617829/lib/json.jar
  - /tmp/run_evosuite.pl_65974_1546617829/lib/jsr305.jar
  - /tmp/run_evosuite.pl_65974_1546617829/lib/protobuf-java.jar
  - /tmp/run_evosuite.pl_65974_1546617829/build/lib/rhino.jar
  - /tmp/run_evosuite.pl_65974_1546617829/lib/ant.jar
* Finished analyzing classpath
* Generating tests for class com.google.javascript.jscomp.TypeValidator
* Test criterion:
  - Branch Coverage
* Setting up search algorithm for whole suite generation
* Total number of test goals: 222
* Using seed 3000
* Starting evolution
[MASTER] 08:04:22.638 [logback-2] ERROR TestCluster - Failed to check cache for java.util.Iterator<E> : Type points to itself
[MASTER] 08:04:28.051 [logback-2] ERROR TestCluster - Failed to check cache for java.util.Comparator<T> : Type points to itself
[MASTER] 08:04:28.267 [logback-2] ERROR TestCluster - Failed to check cache for java.util.Enumeration<E> : Type points to itself
[MASTER] 08:04:57.465 [logback-2] ERROR FunctionalMockStatement - Cannot use Mockito on class com.google.javascript.rhino.jstype.NoObjectType due to IAE: tried to access class com.google.javascript.rhino.jstype.PrototypeObjectType from class com.google.javascript.rhino.jstype.NoObjectType$MockitoMock$1671994299
* Search finished after 105s and 106 generations, 68058 statements, best individual has fitness: 146.5
* Minimizing test suite
* Going to analyze the coverage criteria
* Coverage analysis for criterion BRANCH
* Coverage of criterion BRANCH: 29%
* Total number of goals: 222
* Number of covered goals: 64
* Generated 28 tests with total length 251
* Resulting test suite's coverage: 29%
* Generating assertions
* Resulting test suite's mutation score: 15%
* Permissions denied during test execution: 
  - java.lang.RuntimePermission: 
         writeFileDescriptor: 10
* Writing JUnit test case 'TypeValidator_ESTest' to evosuite-branch
* Done!

* Computation finished
