* EvoSuite 1.0.6
* Going to generate test cases for class: com.google.javascript.jscomp.CodeGenerator
* Starting client
* Connecting to master process on port 18539
* Analyzing classpath: 
  - /tmp/run_evosuite.pl_197512_1545823036/build/classes
  - /tmp/run_evosuite.pl_197512_1545823036/lib/args4j.jar
  - /tmp/run_evosuite.pl_197512_1545823036/lib/guava.jar
  - /tmp/run_evosuite.pl_197512_1545823036/lib/json.jar
  - /tmp/run_evosuite.pl_197512_1545823036/lib/jsr305.jar
  - /tmp/run_evosuite.pl_197512_1545823036/lib/protobuf-java.jar
  - /tmp/run_evosuite.pl_197512_1545823036/build/lib/rhino.jar
  - /tmp/run_evosuite.pl_197512_1545823036/lib/ant.jar
* Finished analyzing classpath
* Generating tests for class com.google.javascript.jscomp.CodeGenerator
* Test criterion:
  - Branch Coverage
* Setting up search algorithm for whole suite generation
* Total number of test goals: 776
* Using seed 2000
* Starting evolution
* Search finished after 101s and 500 generations, 149985 statements, best individual has fitness: 670.272879280745
* Minimizing test suite
* Going to analyze the coverage criteria
* Coverage analysis for criterion BRANCH
* Coverage of criterion BRANCH: 14%
* Total number of goals: 776
* Number of covered goals: 108
* Generated 34 tests with total length 84
* Resulting test suite's coverage: 14%
* Generating assertions
* Resulting test suite's mutation score: 20%
* Permissions denied during test execution: 
  - java.lang.RuntimePermission: 
         writeFileDescriptor: 4
* Writing JUnit test case 'CodeGenerator_ESTest' to evosuite-branch
* Done!

* Computation finished
