* EvoSuite 1.0.6
* Going to generate test cases for class: com.google.javascript.jscomp.InlineCostEstimator
* Starting client
* Connecting to master process on port 14953
* Analyzing classpath: 
  - /tmp/run_evosuite.pl_74967_1546832367/build/classes
  - /tmp/run_evosuite.pl_74967_1546832367/lib/args4j.jar
  - /tmp/run_evosuite.pl_74967_1546832367/lib/guava.jar
  - /tmp/run_evosuite.pl_74967_1546832367/lib/json.jar
  - /tmp/run_evosuite.pl_74967_1546832367/lib/jsr305.jar
  - /tmp/run_evosuite.pl_74967_1546832367/lib/protobuf-java.jar
  - /tmp/run_evosuite.pl_74967_1546832367/build/lib/rhino.jar
  - /tmp/run_evosuite.pl_74967_1546832367/lib/ant.jar
* Finished analyzing classpath
* Generating tests for class com.google.javascript.jscomp.InlineCostEstimator
* Test criterion:
  - Branch Coverage
* Setting up search algorithm for whole suite generation
* Total number of test goals: 11
* Using seed 1000
* Starting evolution
* Search finished after 101s and 4506 generations, 849887 statements, best individual has fitness: 1.0
* Minimizing test suite
* Going to analyze the coverage criteria
* Coverage analysis for criterion BRANCH
* Coverage of criterion BRANCH: 91%
* Total number of goals: 11
* Number of covered goals: 10
* Generated 2 tests with total length 4
* Resulting test suite's coverage: 91%
* Generating assertions
* Resulting test suite's mutation score: 0%
* Permissions denied during test execution: 
  - java.lang.RuntimePermission: 
         writeFileDescriptor: 34
* Writing JUnit test case 'InlineCostEstimator_ESTest' to evosuite-branch
* Done!

* Computation finished
