* EvoSuite 1.0.6
* Going to generate test cases for class: com.google.javascript.rhino.jstype.PrototypeObjectType
* Starting client
* Connecting to master process on port 14953
* Analyzing classpath: 
  - /tmp/run_evosuite.pl_77361_1546833079/build/classes
  - /tmp/run_evosuite.pl_77361_1546833079/lib/args4j.jar
  - /tmp/run_evosuite.pl_77361_1546833079/lib/guava.jar
  - /tmp/run_evosuite.pl_77361_1546833079/lib/json.jar
  - /tmp/run_evosuite.pl_77361_1546833079/lib/jsr305.jar
  - /tmp/run_evosuite.pl_77361_1546833079/lib/protobuf-java.jar
  - /tmp/run_evosuite.pl_77361_1546833079/build/lib/rhino.jar
  - /tmp/run_evosuite.pl_77361_1546833079/lib/ant.jar
* Finished analyzing classpath
* Generating tests for class com.google.javascript.rhino.jstype.PrototypeObjectType
* Test criterion:
  - Branch Coverage
* Setting up search algorithm for whole suite generation
* Total number of test goals: 197
* Using seed 1000
* Starting evolution
* Search finished after 101s and 943 generations, 445702 statements, best individual has fitness: 22.833333333333336
* Minimizing test suite
* Going to analyze the coverage criteria
* Coverage analysis for criterion BRANCH
* Coverage of criterion BRANCH: 82%
* Total number of goals: 197
* Number of covered goals: 162
* Generated 47 tests with total length 312
* Resulting test suite's coverage: 82%
* Generating assertions
* Resulting test suite's mutation score: 58%
* Writing JUnit test case 'PrototypeObjectType_ESTest' to evosuite-branch
* Done!

* Computation finished
