* EvoSuite 1.0.6
* Going to generate test cases for class: com.google.javascript.jscomp.GlobalNamespace
* Starting client
* Connecting to master process on port 19758
* Analyzing classpath: 
  - /tmp/run_evosuite.pl_261502_1546688327/build/classes
  - /tmp/run_evosuite.pl_261502_1546688327/lib/args4j.jar
  - /tmp/run_evosuite.pl_261502_1546688327/lib/guava.jar
  - /tmp/run_evosuite.pl_261502_1546688327/lib/json.jar
  - /tmp/run_evosuite.pl_261502_1546688327/lib/jsr305.jar
  - /tmp/run_evosuite.pl_261502_1546688327/lib/protobuf-java.jar
  - /tmp/run_evosuite.pl_261502_1546688327/build/lib/rhino.jar
  - /tmp/run_evosuite.pl_261502_1546688327/lib/ant.jar
* Finished analyzing classpath
* Generating tests for class com.google.javascript.jscomp.GlobalNamespace
* Test criterion:
  - Branch Coverage
* Setting up search algorithm for whole suite generation
* Total number of test goals: 497
* Using seed 4000
* Starting evolution
[MASTER] 03:40:18.270 [logback-2] ERROR FunctionalMockStatement - Cannot use Mockito on class com.google.javascript.rhino.jstype.NoObjectType due to IAE: tried to access class com.google.javascript.rhino.jstype.PrototypeObjectType from class com.google.javascript.rhino.jstype.NoObjectType$MockitoMock$255484921
[MASTER] 03:40:20.852 [logback-2] ERROR FunctionalMockStatement - Cannot use Mockito on class com.google.javascript.rhino.jstype.NoObjectType due to failed class initialization: Could not initialize class com.google.javascript.rhino.jstype.NoObjectType$MockitoMock$255484921
* Search finished after 102s and 146 generations, 77782 statements, best individual has fitness: 323.2448185702011
* Minimizing test suite
* Going to analyze the coverage criteria
* Coverage analysis for criterion BRANCH
* Coverage of criterion BRANCH: 34%
* Total number of goals: 497
* Number of covered goals: 169
* Generated 65 tests with total length 275
* Resulting test suite's coverage: 34%
* Generating assertions
* Resulting test suite's mutation score: 16%
* Permissions denied during test execution: 
  - java.lang.RuntimePermission: 
         writeFileDescriptor: 4
* Writing JUnit test case 'GlobalNamespace_ESTest' to evosuite-branch
* Done!

* Computation finished
