* EvoSuite 1.0.6
* Going to generate test cases for class: com.google.javascript.jscomp.FlowSensitiveInlineVariables
* Starting client
* Connecting to master process on port 14953
* Analyzing classpath: 
  - /tmp/run_evosuite.pl_64688_1546829256/build/classes
  - /tmp/run_evosuite.pl_64688_1546829256/lib/args4j.jar
  - /tmp/run_evosuite.pl_64688_1546829256/lib/guava.jar
  - /tmp/run_evosuite.pl_64688_1546829256/lib/json.jar
  - /tmp/run_evosuite.pl_64688_1546829256/lib/jsr305.jar
  - /tmp/run_evosuite.pl_64688_1546829256/lib/protobuf-java.jar
  - /tmp/run_evosuite.pl_64688_1546829256/build/lib/rhino.jar
  - /tmp/run_evosuite.pl_64688_1546829256/lib/ant.jar
* Finished analyzing classpath
* Generating tests for class com.google.javascript.jscomp.FlowSensitiveInlineVariables
* Test criterion:
  - Branch Coverage
* Setting up search algorithm for whole suite generation
* Total number of test goals: 166
* Using seed 1000
* Starting evolution
[MASTER] 18:48:57.475 [logback-2] ERROR TestCluster - Failed to check cache for com.google.javascript.jscomp.ControlFlowGraph<N> : Type points to itself
* Search finished after 105s and 140 generations, 26102 statements, best individual has fitness: 171.5
* Minimizing test suite
* Going to analyze the coverage criteria
* Coverage analysis for criterion BRANCH
* Coverage of criterion BRANCH: 3%
* Total number of goals: 166
* Number of covered goals: 5
* Generated 4 tests with total length 13
* Resulting test suite's coverage: 3%
* Generating assertions
* Resulting test suite's mutation score: 1%
* Permissions denied during test execution: 
  - java.lang.RuntimePermission: 
         writeFileDescriptor: 6
* Writing JUnit test case 'FlowSensitiveInlineVariables_ESTest' to evosuite-branch
* Done!

* Computation finished
