* EvoSuite 1.0.6
* Going to generate test cases for class: com.google.javascript.jscomp.CommandLineRunner
* Starting client
* Connecting to master process on port 14953
* Analyzing classpath: 
  - /tmp/run_evosuite.pl_97137_1546839860/build/classes
  - /tmp/run_evosuite.pl_97137_1546839860/lib/args4j.jar
  - /tmp/run_evosuite.pl_97137_1546839860/lib/guava.jar
  - /tmp/run_evosuite.pl_97137_1546839860/lib/jsr305.jar
  - /tmp/run_evosuite.pl_97137_1546839860/lib/libtrunk_rhino_parser_jarjared.jar
  - /tmp/run_evosuite.pl_97137_1546839860/lib/protobuf-java.jar
  - /tmp/run_evosuite.pl_97137_1546839860/lib/ant.jar
* Finished analyzing classpath
* Generating tests for class com.google.javascript.jscomp.CommandLineRunner
* Test criterion:
  - Branch Coverage
* Setting up search algorithm for whole suite generation
* Total number of test goals: 50
* Using seed 1000
* Starting evolution
[MASTER] 21:44:32.256 [logback-2] ERROR TestCluster - Failed to check cache for com.google.common.base.Supplier<T> : Type points to itself
[MASTER] 21:44:33.532 [logback-2] ERROR TestCluster - Failed to check cache for java.util.Comparator<T> : Type points to itself
* Search finished after 101s and 1139 generations, 134135 statements, best individual has fitness: 27.0
* Minimizing test suite
* Going to analyze the coverage criteria
* Coverage analysis for criterion BRANCH
* Coverage of criterion BRANCH: 44%
* Total number of goals: 50
* Number of covered goals: 22
* Generated 7 tests with total length 29
* Resulting test suite's coverage: 44%
* Generating assertions
* Resulting test suite's mutation score: 20%
* Permissions denied during test execution: 
  - java.lang.RuntimePermission: 
         writeFileDescriptor: 47
* Writing JUnit test case 'CommandLineRunner_ESTest' to evosuite-branch
* Done!

* Computation finished
