* EvoSuite 1.0.6
* Going to generate test cases for class: com.google.javascript.jscomp.PeepholeSubstituteAlternateSyntax
* Starting client
* Connecting to master process on port 19758
* Analyzing classpath: 
  - /tmp/run_evosuite.pl_3838_1546689866/build/classes
  - /tmp/run_evosuite.pl_3838_1546689866/lib/args4j.jar
  - /tmp/run_evosuite.pl_3838_1546689866/lib/guava.jar
  - /tmp/run_evosuite.pl_3838_1546689866/lib/json.jar
  - /tmp/run_evosuite.pl_3838_1546689866/lib/jsr305.jar
  - /tmp/run_evosuite.pl_3838_1546689866/lib/protobuf-java.jar
  - /tmp/run_evosuite.pl_3838_1546689866/build/lib/rhino.jar
  - /tmp/run_evosuite.pl_3838_1546689866/lib/ant.jar
* Finished analyzing classpath
* Generating tests for class com.google.javascript.jscomp.PeepholeSubstituteAlternateSyntax
* Test criterion:
  - Branch Coverage
* Setting up search algorithm for whole suite generation
* Total number of test goals: 621
* Using seed 4000
* Starting evolution
[MASTER] 04:04:41.096 [logback-2] ERROR TestCluster - Failed to check cache for com.google.javascript.jscomp.ControlFlowGraph<N>.Branch : Type points to itself
[MASTER] 04:04:49.731 [logback-2] ERROR TestCluster - Failed to check cache for java.util.Comparator<T> : Type points to itself
* Search finished after 104s and 275 generations, 107242 statements, best individual has fitness: 548.4828180520951
* Minimizing test suite
* Going to analyze the coverage criteria
* Coverage analysis for criterion BRANCH
* Coverage of criterion BRANCH: 14%
* Total number of goals: 621
* Number of covered goals: 87
* Generated 28 tests with total length 96
* Resulting test suite's coverage: 14%
* Generating assertions
* Resulting test suite's mutation score: 4%
* Permissions denied during test execution: 
  - java.lang.RuntimePermission: 
         writeFileDescriptor: 12
* Writing JUnit test case 'PeepholeSubstituteAlternateSyntax_ESTest' to evosuite-branch
* Done!

* Computation finished
