* EvoSuite 1.0.6
* Going to generate test cases for class: com.google.javascript.jscomp.PeepholeOptimizationsPass
* Starting client
* Connecting to master process on port 18539
* Analyzing classpath: 
  - /tmp/run_evosuite.pl_360_1545808046/build/classes
  - /tmp/run_evosuite.pl_360_1545808046/lib/args4j.jar
  - /tmp/run_evosuite.pl_360_1545808046/lib/guava.jar
  - /tmp/run_evosuite.pl_360_1545808046/lib/json.jar
  - /tmp/run_evosuite.pl_360_1545808046/lib/jsr305.jar
  - /tmp/run_evosuite.pl_360_1545808046/lib/protobuf-java.jar
  - /tmp/run_evosuite.pl_360_1545808046/build/lib/rhino.jar
  - /tmp/run_evosuite.pl_360_1545808046/lib/ant.jar
* Finished analyzing classpath
* Generating tests for class com.google.javascript.jscomp.PeepholeOptimizationsPass
* Test criterion:
  - Branch Coverage
* Setting up search algorithm for whole suite generation
* Total number of test goals: 49
* Using seed 2000
* Starting evolution
* Search finished after 103s and 112 generations, 45710 statements, best individual has fitness: 4.999900009999
* Minimizing test suite
* Going to analyze the coverage criteria
* Coverage analysis for criterion BRANCH
* Coverage of criterion BRANCH: 82%
* Total number of goals: 49
* Number of covered goals: 40
* Generated 5 tests with total length 45
* Resulting test suite's coverage: 82%
* Generating assertions
* Resulting test suite's mutation score: 49%
* Permissions denied during test execution: 
  - java.lang.RuntimePermission: 
         writeFileDescriptor: 1
* Writing JUnit test case 'PeepholeOptimizationsPass_ESTest' to evosuite-branch
* Done!

* Computation finished
