* EvoSuite 1.0.6
* Going to generate test cases for class: com.google.javascript.jscomp.type.ClosureReverseAbstractInterpreter
* Starting client
* Connecting to master process on port 14953
* Analyzing classpath: 
  - /tmp/run_evosuite.pl_106429_1546843725/build/classes
  - /tmp/run_evosuite.pl_106429_1546843725/lib/args4j.jar
  - /tmp/run_evosuite.pl_106429_1546843725/lib/guava.jar
  - /tmp/run_evosuite.pl_106429_1546843725/lib/json.jar
  - /tmp/run_evosuite.pl_106429_1546843725/lib/jsr305.jar
  - /tmp/run_evosuite.pl_106429_1546843725/lib/protobuf-java.jar
  - /tmp/run_evosuite.pl_106429_1546843725/build/lib/rhino.jar
  - /tmp/run_evosuite.pl_106429_1546843725/lib/ant.jar
* Finished analyzing classpath
* Generating tests for class com.google.javascript.jscomp.type.ClosureReverseAbstractInterpreter
* Test criterion:
  - Branch Coverage
* Setting up search algorithm for whole suite generation
* Total number of test goals: 72
* Using seed 1000
* Starting evolution
[MASTER] 22:49:00.182 [logback-2] ERROR TestCluster - Failed to check cache for java.util.Iterator<E> : Type points to itself
[MASTER] 22:49:01.449 [logback-2] ERROR FunctionalMockStatement - Cannot use Mockito on class com.google.javascript.rhino.jstype.NoObjectType due to IAE: tried to access class com.google.javascript.rhino.jstype.PrototypeObjectType from class com.google.javascript.rhino.jstype.NoObjectType$MockitoMock$1613983021
[MASTER] 22:49:07.673 [logback-2] ERROR FunctionalMockStatement - Cannot use Mockito on class com.google.javascript.rhino.jstype.StringType due to IAE: tried to access class com.google.javascript.rhino.jstype.ValueType from class com.google.javascript.rhino.jstype.StringType$MockitoMock$667899210
[MASTER] 22:49:08.342 [logback-2] ERROR FunctionalMockStatement - Cannot use Mockito on class com.google.javascript.rhino.jstype.NumberType due to IAE: tried to access class com.google.javascript.rhino.jstype.ValueType from class com.google.javascript.rhino.jstype.NumberType$MockitoMock$180035822
[MASTER] 22:49:08.933 [logback-2] ERROR FunctionalMockStatement - Cannot use Mockito on class com.google.javascript.rhino.jstype.NumberType due to failed class initialization: Could not initialize class com.google.javascript.rhino.jstype.NumberType$MockitoMock$180035822
[MASTER] 22:49:13.555 [logback-2] ERROR FunctionalMockStatement - Cannot use Mockito on class com.google.javascript.rhino.jstype.VoidType due to IAE: tried to access class com.google.javascript.rhino.jstype.ValueType from class com.google.javascript.rhino.jstype.VoidType$MockitoMock$1084679519
[MASTER] 22:49:22.064 [logback-2] ERROR FunctionalMockStatement - Cannot use Mockito on class com.google.javascript.rhino.jstype.BooleanType due to IAE: tried to access class com.google.javascript.rhino.jstype.ValueType from class com.google.javascript.rhino.jstype.BooleanType$MockitoMock$250706749
[MASTER] 22:49:32.355 [logback-2] ERROR FunctionalMockStatement - Cannot use Mockito on class com.google.javascript.rhino.jstype.StringType due to failed class initialization: Could not initialize class com.google.javascript.rhino.jstype.StringType$MockitoMock$667899210
[MASTER] 22:49:37.855 [logback-2] ERROR FunctionalMockStatement - Cannot use Mockito on class com.google.javascript.rhino.jstype.NullType due to IAE: tried to access class com.google.javascript.rhino.jstype.ValueType from class com.google.javascript.rhino.jstype.NullType$MockitoMock$1837801381
[MASTER] 22:49:41.379 [logback-2] ERROR FunctionalMockStatement - Cannot use Mockito on class com.google.javascript.rhino.jstype.BooleanType due to failed class initialization: Could not initialize class com.google.javascript.rhino.jstype.BooleanType$MockitoMock$250706749
[MASTER] 22:49:42.387 [logback-2] ERROR FunctionalMockStatement - Cannot use Mockito on class com.google.javascript.rhino.jstype.NoType due to IAE: tried to access class com.google.javascript.rhino.jstype.PrototypeObjectType from class com.google.javascript.rhino.jstype.NoType$MockitoMock$106129583
[MASTER] 22:49:44.887 [logback-2] ERROR FunctionalMockStatement - Cannot use Mockito on class com.google.javascript.rhino.jstype.NoObjectType due to failed class initialization: Could not initialize class com.google.javascript.rhino.jstype.NoObjectType$MockitoMock$1613983021
[MASTER] 22:50:14.635 [logback-2] ERROR FunctionalMockStatement - Cannot use Mockito on class com.google.javascript.rhino.jstype.VoidType due to failed class initialization: Could not initialize class com.google.javascript.rhino.jstype.VoidType$MockitoMock$1084679519
[MASTER] 22:50:18.874 [logback-1] WARN  TestChromosome - Functional mock problem: org.evosuite.ga.ConstructionFailedException: Max recursion depth reached
[MASTER] 22:50:19.102 [logback-2] ERROR FunctionalMockStatement - Cannot use Mockito on class com.google.javascript.rhino.jstype.NullType due to failed class initialization: Could not initialize class com.google.javascript.rhino.jstype.NullType$MockitoMock$1837801381
* Search finished after 101s and 1226 generations, 487954 statements, best individual has fitness: 61.5
* Minimizing test suite
* Going to analyze the coverage criteria
* Coverage analysis for criterion BRANCH
* Coverage of criterion BRANCH: 26%
* Total number of goals: 72
* Number of covered goals: 19
* Generated 2 tests with total length 19
* Resulting test suite's coverage: 26%
* Generating assertions
* Resulting test suite's mutation score: 2%
* Permissions denied during test execution: 
  - java.lang.RuntimePermission: 
         writeFileDescriptor: 1
* Writing JUnit test case 'ClosureReverseAbstractInterpreter_ESTest' to evosuite-branch
* Done!

* Computation finished
