* EvoSuite 1.0.6
* Going to generate test cases for class: com.google.javascript.jscomp.PeepholeOptimizationsPass
* Starting client
* Connecting to master process on port 19758
* Analyzing classpath: 
  - /tmp/run_evosuite.pl_219048_1546674290/build/classes
  - /tmp/run_evosuite.pl_219048_1546674290/lib/args4j.jar
  - /tmp/run_evosuite.pl_219048_1546674290/lib/guava.jar
  - /tmp/run_evosuite.pl_219048_1546674290/lib/json.jar
  - /tmp/run_evosuite.pl_219048_1546674290/lib/jsr305.jar
  - /tmp/run_evosuite.pl_219048_1546674290/lib/protobuf-java.jar
  - /tmp/run_evosuite.pl_219048_1546674290/build/lib/rhino.jar
  - /tmp/run_evosuite.pl_219048_1546674290/lib/ant.jar
* Finished analyzing classpath
* Generating tests for class com.google.javascript.jscomp.PeepholeOptimizationsPass
* Test criterion:
  - Branch Coverage
* Setting up search algorithm for whole suite generation
* Total number of test goals: 49
* Using seed 4000
* Starting evolution
* Search finished after 103s and 153 generations, 71053 statements, best individual has fitness: 6.999900009999
* Minimizing test suite
* Going to analyze the coverage criteria
* Coverage analysis for criterion BRANCH
* Coverage of criterion BRANCH: 76%
* Total number of goals: 49
* Number of covered goals: 37
* Generated 4 tests with total length 39
* Resulting test suite's coverage: 76%
* Generating assertions
* Resulting test suite's mutation score: 41%
* Permissions denied during test execution: 
  - java.lang.RuntimePermission: 
         writeFileDescriptor: 5
* Writing JUnit test case 'PeepholeOptimizationsPass_ESTest' to evosuite-branch
* Done!

* Computation finished
