* EvoSuite 1.0.6
* Going to generate test cases for class: com.google.javascript.jscomp.ProcessClosurePrimitives
* Starting client
* Connecting to master process on port 18539
* Analyzing classpath: 
  - /tmp/run_evosuite.pl_83342_1545818833/build/classes
  - /tmp/run_evosuite.pl_83342_1545818833/lib/ant_deploy.jar
  - /tmp/run_evosuite.pl_83342_1545818833/lib/args4j_deploy.jar
  - /tmp/run_evosuite.pl_83342_1545818833/lib/guava-r06.jar
  - /tmp/run_evosuite.pl_83342_1545818833/lib/hamcrest-core-1.1.jar
  - /tmp/run_evosuite.pl_83342_1545818833/lib/json.jar
  - /tmp/run_evosuite.pl_83342_1545818833/lib/jsr305.jar
  - /tmp/run_evosuite.pl_83342_1545818833/lib/junit.jar
  - /tmp/run_evosuite.pl_83342_1545818833/lib/libtrunk_rhino_parser_jarjared.jar
  - /tmp/run_evosuite.pl_83342_1545818833/lib/protobuf-java-2.3.0.jar
* Finished analyzing classpath
* Generating tests for class com.google.javascript.jscomp.ProcessClosurePrimitives
* Test criterion:
  - Branch Coverage
* Setting up search algorithm for whole suite generation
* Total number of test goals: 282
* Using seed 2000
* Starting evolution
[MASTER] 02:07:27.034 [logback-2] ERROR TestCluster - Failed to check cache for java.util.Comparator<T> : Type points to itself
[MASTER] 02:07:47.914 [logback-2] ERROR TestCluster - Failed to check cache for com.google.javascript.jscomp.ControlFlowGraph<N> : Type points to itself
* Search finished after 101s and 716 generations, 278602 statements, best individual has fitness: 237.74688644688644
* Minimizing test suite
* Going to analyze the coverage criteria
* Coverage analysis for criterion BRANCH
* Coverage of criterion BRANCH: 18%
* Total number of goals: 282
* Number of covered goals: 52
* Generated 8 tests with total length 52
* Resulting test suite's coverage: 18%
* Generating assertions
* Resulting test suite's mutation score: 2%
* Permissions denied during test execution: 
  - java.lang.RuntimePermission: 
         writeFileDescriptor: 14
  - java.net.SocketPermission: 
         connect,resolve 127.0.0.1:144: 1
         resolve  cSm93;"{@/(|mw3: 1
* Writing JUnit test case 'ProcessClosurePrimitives_ESTest' to evosuite-branch
* Done!

* Computation finished
