* EvoSuite 1.0.6
* Going to generate test cases for class: com.google.javascript.jscomp.CheckAccessControls
* Starting client
* Connecting to master process on port 19758
* Analyzing classpath: 
  - /tmp/run_evosuite.pl_245644_1546681751/build/classes
  - /tmp/run_evosuite.pl_245644_1546681751/lib/args4j.jar
  - /tmp/run_evosuite.pl_245644_1546681751/lib/guava.jar
  - /tmp/run_evosuite.pl_245644_1546681751/lib/json.jar
  - /tmp/run_evosuite.pl_245644_1546681751/lib/jsr305.jar
  - /tmp/run_evosuite.pl_245644_1546681751/lib/libtrunk_rhino_parser_jarjared.jar
  - /tmp/run_evosuite.pl_245644_1546681751/lib/protobuf-java.jar
  - /tmp/run_evosuite.pl_245644_1546681751/lib/ant.jar
* Finished analyzing classpath
* Generating tests for class com.google.javascript.jscomp.CheckAccessControls
* Test criterion:
  - Branch Coverage
* Setting up search algorithm for whole suite generation
* Total number of test goals: 230
* Using seed 4000
* Starting evolution
[MASTER] 01:49:28.706 [logback-2] ERROR TestCluster - Failed to check cache for com.google.javascript.jscomp.ControlFlowGraph<N> : Type points to itself
* Search finished after 101s and 804 generations, 211476 statements, best individual has fitness: 190.80287987874195
* Minimizing test suite
* Going to analyze the coverage criteria
* Coverage analysis for criterion BRANCH
* Coverage of criterion BRANCH: 17%
* Total number of goals: 230
* Number of covered goals: 39
* Generated 5 tests with total length 35
* Resulting test suite's coverage: 17%
* Generating assertions
* Resulting test suite's mutation score: 3%
* Permissions denied during test execution: 
  - java.lang.RuntimePermission: 
         writeFileDescriptor: 21
* Writing JUnit test case 'CheckAccessControls_ESTest' to evosuite-branch
* Done!

* Computation finished
