* EvoSuite 1.0.6
* Going to generate test cases for class: com.google.javascript.jscomp.CodeGenerator
* Starting client
* Connecting to master process on port 14953
* Analyzing classpath: 
  - /tmp/run_evosuite.pl_93933_1546838432/build/classes
  - /tmp/run_evosuite.pl_93933_1546838432/lib/args4j.jar
  - /tmp/run_evosuite.pl_93933_1546838432/lib/guava.jar
  - /tmp/run_evosuite.pl_93933_1546838432/lib/json.jar
  - /tmp/run_evosuite.pl_93933_1546838432/lib/jsr305.jar
  - /tmp/run_evosuite.pl_93933_1546838432/lib/libtrunk_rhino_parser_jarjared.jar
  - /tmp/run_evosuite.pl_93933_1546838432/lib/protobuf-java.jar
  - /tmp/run_evosuite.pl_93933_1546838432/lib/ant.jar
* Finished analyzing classpath
* Generating tests for class com.google.javascript.jscomp.CodeGenerator
* Test criterion:
  - Branch Coverage
* Setting up search algorithm for whole suite generation
* Total number of test goals: 732
* Using seed 1000
* Starting evolution
* Search finished after 102s and 1856 generations, 419938 statements, best individual has fitness: 633.4090909086252
* Minimizing test suite
* Going to analyze the coverage criteria
* Coverage analysis for criterion BRANCH
* Coverage of criterion BRANCH: 14%
* Total number of goals: 732
* Number of covered goals: 101
* Generated 28 tests with total length 57
* Resulting test suite's coverage: 14%
* Generating assertions
* Resulting test suite's mutation score: 38%
* Permissions denied during test execution: 
  - java.lang.RuntimePermission: 
         writeFileDescriptor: 10
* Writing JUnit test case 'CodeGenerator_ESTest' to evosuite-branch
* Done!

* Computation finished
