* EvoSuite 1.0.6
* Going to generate test cases for class: com.google.javascript.jscomp.PeepholeSubstituteAlternateSyntax
* Starting client
* Connecting to master process on port 14953
* Analyzing classpath: 
  - /tmp/run_evosuite.pl_98347_1546840335/build/classes
  - /tmp/run_evosuite.pl_98347_1546840335/lib/ant-launcher.jar
  - /tmp/run_evosuite.pl_98347_1546840335/lib/ant.jar
  - /tmp/run_evosuite.pl_98347_1546840335/lib/args4j.jar
  - /tmp/run_evosuite.pl_98347_1546840335/lib/guava.jar
  - /tmp/run_evosuite.pl_98347_1546840335/lib/json.jar
  - /tmp/run_evosuite.pl_98347_1546840335/lib/jsr305.jar
  - /tmp/run_evosuite.pl_98347_1546840335/lib/junit.jar
  - /tmp/run_evosuite.pl_98347_1546840335/lib/libtrunk_rhino_parser_jarjared.jar
  - /tmp/run_evosuite.pl_98347_1546840335/lib/protobuf-java.jar
* Finished analyzing classpath
* Generating tests for class com.google.javascript.jscomp.PeepholeSubstituteAlternateSyntax
* Test criterion:
  - Branch Coverage
* Setting up search algorithm for whole suite generation
* Total number of test goals: 374
* Using seed 1000
* Starting evolution
[MASTER] 21:52:30.005 [logback-2] ERROR TestCluster - Failed to check cache for java.util.Comparator<T> : Type points to itself
[MASTER] 21:52:30.547 [logback-2] ERROR FunctionalMockStatement - Cannot use Mockito on class com.google.javascript.rhino.jstype.TemplateType due to IAE: tried to access class com.google.javascript.rhino.jstype.ProxyObjectType from class com.google.javascript.rhino.jstype.TemplateType$MockitoMock$2046160354
[MASTER] 21:54:04.206 [logback-2] ERROR TestCluster - Failed to check cache for com.google.javascript.jscomp.ControlFlowGraph<N> : Type points to itself
* Search finished after 101s and 845 generations, 263089 statements, best individual has fitness: 282.2758270676692
* Minimizing test suite
* Going to analyze the coverage criteria
* Coverage analysis for criterion BRANCH
* Coverage of criterion BRANCH: 24%
* Total number of goals: 374
* Number of covered goals: 88
* Generated 22 tests with total length 113
* Resulting test suite's coverage: 24%
* Generating assertions
* Resulting test suite's mutation score: 8%
* Permissions denied during test execution: 
  - java.lang.RuntimePermission: 
         writeFileDescriptor: 8
* Writing JUnit test case 'PeepholeSubstituteAlternateSyntax_ESTest' to evosuite-branch
* Done!

* Computation finished
