* EvoSuite 1.0.6
* Going to generate test cases for class: com.google.javascript.jscomp.TypedScopeCreator
* Starting client
* Connecting to master process on port 18557
* Analyzing classpath: 
  - /tmp/run_evosuite.pl_76298_1546756836/build/classes
  - /tmp/run_evosuite.pl_76298_1546756836/lib/args4j.jar
  - /tmp/run_evosuite.pl_76298_1546756836/lib/guava.jar
  - /tmp/run_evosuite.pl_76298_1546756836/lib/json.jar
  - /tmp/run_evosuite.pl_76298_1546756836/lib/jsr305.jar
  - /tmp/run_evosuite.pl_76298_1546756836/lib/protobuf-java.jar
  - /tmp/run_evosuite.pl_76298_1546756836/build/lib/rhino.jar
  - /tmp/run_evosuite.pl_76298_1546756836/lib/ant.jar
* Finished analyzing classpath
* Generating tests for class com.google.javascript.jscomp.TypedScopeCreator
* Test criterion:
  - Branch Coverage
* Setting up search algorithm for whole suite generation
* Total number of test goals: 684
* Using seed 5000
* Starting evolution
* Search finished after 105s and 454 generations, 218857 statements, best individual has fitness: 613.9615384608594
* Minimizing test suite
* Going to analyze the coverage criteria
* Coverage analysis for criterion BRANCH
* Coverage of criterion BRANCH: 12%
* Total number of goals: 684
* Number of covered goals: 84
* Generated 13 tests with total length 135
* Resulting test suite's coverage: 12%
* Generating assertions
* Resulting test suite's mutation score: 4%
* Permissions denied during test execution: 
  - java.lang.RuntimePermission: 
         writeFileDescriptor: 14
* Writing JUnit test case 'TypedScopeCreator_ESTest' to evosuite-branch
* Done!

* Computation finished
