* EvoSuite 1.0.6
* Going to generate test cases for class: com.google.javascript.rhino.TokenStream
* Starting client
* Connecting to master process on port 18557
* Analyzing classpath: 
  - /tmp/run_evosuite.pl_239833_1546774903/build/classes
  - /tmp/run_evosuite.pl_239833_1546774903/lib/args4j.jar
  - /tmp/run_evosuite.pl_239833_1546774903/lib/guava.jar
  - /tmp/run_evosuite.pl_239833_1546774903/lib/json.jar
  - /tmp/run_evosuite.pl_239833_1546774903/lib/jsr305.jar
  - /tmp/run_evosuite.pl_239833_1546774903/lib/protobuf-java.jar
  - /tmp/run_evosuite.pl_239833_1546774903/build/lib/rhino.jar
  - /tmp/run_evosuite.pl_239833_1546774903/lib/ant.jar
* Finished analyzing classpath
* Generating tests for class com.google.javascript.rhino.TokenStream
* Test criterion:
  - Branch Coverage
* Setting up search algorithm for whole suite generation
* Total number of test goals: 311
* Using seed 5000
* Starting evolution
* Search finished after 101s and 2750 generations, 774722 statements, best individual has fitness: 21.376189998422454
* Minimizing test suite
* Going to analyze the coverage criteria
* Coverage analysis for criterion BRANCH
* Coverage of criterion BRANCH: 92%
* Total number of goals: 311
* Number of covered goals: 285
* Generated 128 tests with total length 128
* Resulting test suite's coverage: 92%
* Generating assertions
* Resulting test suite's mutation score: 64%
* Writing JUnit test case 'TokenStream_ESTest' to evosuite-branch
* Done!

* Computation finished
