* EvoSuite 1.0.6
* Going to generate test cases for class: com.google.javascript.rhino.IR
* Starting client
* Connecting to master process on port 18539
* Analyzing classpath: 
  - /tmp/run_evosuite.pl_91171_1545809725/build/classes
  - /tmp/run_evosuite.pl_91171_1545809725/lib/args4j.jar
  - /tmp/run_evosuite.pl_91171_1545809725/lib/guava.jar
  - /tmp/run_evosuite.pl_91171_1545809725/lib/json.jar
  - /tmp/run_evosuite.pl_91171_1545809725/lib/jsr305.jar
  - /tmp/run_evosuite.pl_91171_1545809725/lib/protobuf-java.jar
  - /tmp/run_evosuite.pl_91171_1545809725/build/lib/rhino.jar
  - /tmp/run_evosuite.pl_91171_1545809725/lib/ant.jar
* Finished analyzing classpath
* Generating tests for class com.google.javascript.rhino.IR
* Test criterion:
  - Branch Coverage
* Setting up search algorithm for whole suite generation
* Total number of test goals: 377
* Using seed 2000
* Starting evolution
* Search finished after 102s and 489 generations, 93855 statements, best individual has fitness: 19.74047619047619
* Minimizing test suite
* Going to analyze the coverage criteria
* Coverage analysis for criterion BRANCH
* Coverage of criterion BRANCH: 90%
* Total number of goals: 377
* Number of covered goals: 341
* Generated 130 tests with total length 351
* Resulting test suite's coverage: 90%
* Generating assertions
* Resulting test suite's mutation score: 35%
* Writing JUnit test case 'IR_ESTest' to evosuite-branch
* Done!

* Computation finished
