* EvoSuite 1.0.6
* Going to generate test cases for class: com.google.javascript.rhino.jstype.FunctionType
* Starting client
* Connecting to master process on port 2830
* Analyzing classpath: 
  - /tmp/run_evosuite.pl_57033_1546614148/build/classes
  - /tmp/run_evosuite.pl_57033_1546614148/lib/ant_deploy.jar
  - /tmp/run_evosuite.pl_57033_1546614148/lib/args4j_deploy.jar
  - /tmp/run_evosuite.pl_57033_1546614148/lib/guava-r06.jar
  - /tmp/run_evosuite.pl_57033_1546614148/lib/hamcrest-core-1.1.jar
  - /tmp/run_evosuite.pl_57033_1546614148/lib/json.jar
  - /tmp/run_evosuite.pl_57033_1546614148/lib/jsr305.jar
  - /tmp/run_evosuite.pl_57033_1546614148/lib/junit.jar
  - /tmp/run_evosuite.pl_57033_1546614148/lib/libtrunk_rhino_parser_jarjared.jar
  - /tmp/run_evosuite.pl_57033_1546614148/lib/protobuf-java-2.3.0.jar
* Finished analyzing classpath
* Generating tests for class com.google.javascript.rhino.jstype.FunctionType
* Test criterion:
  - Branch Coverage
* Setting up search algorithm for whole suite generation
* Total number of test goals: 304
* Using seed 3000
* Starting evolution
[MASTER] 07:02:41.664 [logback-2] ERROR TestCluster - Failed to check cache for java.util.function.Function<T, R> : Type points to itself
* Search finished after 102s and 850 generations, 385685 statements, best individual has fitness: 27.0
* Minimizing test suite
* Going to analyze the coverage criteria
* Coverage analysis for criterion BRANCH
* Coverage of criterion BRANCH: 87%
* Total number of goals: 304
* Number of covered goals: 264
* Generated 70 tests with total length 454
* Resulting test suite's coverage: 87%
* Generating assertions
* Resulting test suite's mutation score: 50%
* Writing JUnit test case 'FunctionType_ESTest' to evosuite-branch
* Done!

* Computation finished
* EvoSuite 1.0.6
* Going to generate test cases for class: com.google.javascript.jscomp.FunctionTypeBuilder
* Starting client
* Connecting to master process on port 2830
* Analyzing classpath: 
  - /tmp/run_evosuite.pl_57033_1546614148/build/classes
  - /tmp/run_evosuite.pl_57033_1546614148/lib/ant_deploy.jar
  - /tmp/run_evosuite.pl_57033_1546614148/lib/args4j_deploy.jar
  - /tmp/run_evosuite.pl_57033_1546614148/lib/guava-r06.jar
  - /tmp/run_evosuite.pl_57033_1546614148/lib/hamcrest-core-1.1.jar
  - /tmp/run_evosuite.pl_57033_1546614148/lib/json.jar
  - /tmp/run_evosuite.pl_57033_1546614148/lib/jsr305.jar
  - /tmp/run_evosuite.pl_57033_1546614148/lib/junit.jar
  - /tmp/run_evosuite.pl_57033_1546614148/lib/libtrunk_rhino_parser_jarjared.jar
  - /tmp/run_evosuite.pl_57033_1546614148/lib/protobuf-java-2.3.0.jar
* Finished analyzing classpath
* Generating tests for class com.google.javascript.jscomp.FunctionTypeBuilder
* Test criterion:
  - Branch Coverage
* Setting up search algorithm for whole suite generation
* Total number of test goals: 243
* Using seed 3000
* Starting evolution
* Search finished after 101s and 375 generations, 185131 statements, best individual has fitness: 125.0
* Minimizing test suite
* Going to analyze the coverage criteria
* Coverage analysis for criterion BRANCH
* Coverage of criterion BRANCH: 43%
* Total number of goals: 243
* Number of covered goals: 104
* Generated 28 tests with total length 191
* Resulting test suite's coverage: 43%
* Generating assertions
* Resulting test suite's mutation score: 17%
* Permissions denied during test execution: 
  - java.lang.RuntimePermission: 
         writeFileDescriptor: 3
* Writing JUnit test case 'FunctionTypeBuilder_ESTest' to evosuite-branch
* Done!

* Computation finished
