* EvoSuite 1.0.6
* Going to generate test cases for class: com.google.javascript.jscomp.NodeUtil
* Starting client
* Connecting to master process on port 18539
* Analyzing classpath: 
  - /tmp/run_evosuite.pl_26690_1545816999/build/classes
  - /tmp/run_evosuite.pl_26690_1545816999/lib/args4j.jar
  - /tmp/run_evosuite.pl_26690_1545816999/lib/guava.jar
  - /tmp/run_evosuite.pl_26690_1545816999/lib/jsr305.jar
  - /tmp/run_evosuite.pl_26690_1545816999/lib/libtrunk_rhino_parser_jarjared.jar
  - /tmp/run_evosuite.pl_26690_1545816999/lib/protobuf-java.jar
  - /tmp/run_evosuite.pl_26690_1545816999/lib/ant.jar
* Finished analyzing classpath
* Generating tests for class com.google.javascript.jscomp.NodeUtil
* Test criterion:
  - Branch Coverage
* Setting up search algorithm for whole suite generation
* Total number of test goals: 2402
* Using seed 2000
* Starting evolution
[MASTER] 01:37:16.004 [logback-2] ERROR ClientNodeImpl - Cannot inform master of change of state
java.rmi.ServerException: RemoteException occurred in server thread; nested exception is: 
	java.rmi.UnmarshalException: error unmarshalling arguments; nested exception is: 
	java.io.OptionalDataException
	at sun.rmi.server.UnicastServerRef.dispatch(UnicastServerRef.java:389) ~[na:1.8.0_191]
	at sun.rmi.transport.Transport$1.run(Transport.java:200) ~[na:1.8.0_191]
	at sun.rmi.transport.Transport$1.run(Transport.java:197) ~[na:1.8.0_191]
	at java.security.AccessController.doPrivileged(Native Method) ~[na:1.8.0_191]
	at sun.rmi.transport.Transport.serviceCall(Transport.java:196) ~[na:1.8.0_191]
	at sun.rmi.transport.tcp.TCPTransport.handleMessages(TCPTransport.java:573) ~[na:1.8.0_191]
	at sun.rmi.transport.tcp.TCPTransport$ConnectionHandler.run0(TCPTransport.java:834) ~[na:1.8.0_191]
	at sun.rmi.transport.tcp.TCPTransport$ConnectionHandler.lambda$run$0(TCPTransport.java:688) ~[na:1.8.0_191]
	at java.security.AccessController.doPrivileged(Native Method) ~[na:1.8.0_191]
	at sun.rmi.transport.tcp.TCPTransport$ConnectionHandler.run(TCPTransport.java:687) ~[na:1.8.0_191]
	at java.util.concurrent.ThreadPoolExecutor.runWorker(ThreadPoolExecutor.java:1149) ~[na:1.8.0_191]
	at java.util.concurrent.ThreadPoolExecutor$Worker.run(ThreadPoolExecutor.java:624) ~[na:1.8.0_191]
	at java.lang.Thread.run(Thread.java:748) ~[na:1.8.0_191]
	at sun.rmi.transport.StreamRemoteCall.exceptionReceivedFromServer(StreamRemoteCall.java:283) ~[na:1.8.0_191]
	at sun.rmi.transport.StreamRemoteCall.executeCall(StreamRemoteCall.java:260) ~[na:1.8.0_191]
	at sun.rmi.server.UnicastRef.invoke(UnicastRef.java:161) ~[na:1.8.0_191]
	at java.rmi.server.RemoteObjectInvocationHandler.invokeRemoteMethod(RemoteObjectInvocationHandler.java:227) ~[na:1.8.0_191]
	at java.rmi.server.RemoteObjectInvocationHandler.invoke(RemoteObjectInvocationHandler.java:179) ~[na:1.8.0_191]
	at com.sun.proxy.$Proxy7.evosuite_collectStatistics(Unknown Source) ~[na:na]
	at org.evosuite.rmi.service.ClientNodeImpl.updateStatistics(ClientNodeImpl.java:237) ~[evosuite-current.jar:1.0.6]
	at org.evosuite.statistics.StatisticsSender.sendIndividualToMaster(StatisticsSender.java:68) [evosuite-current.jar:1.0.6]
	at org.evosuite.statistics.StatisticsListener$1.run(StatisticsListener.java:71) [evosuite-current.jar:1.0.6]
Caused by: java.rmi.UnmarshalException: error unmarshalling arguments; nested exception is: 
	java.io.OptionalDataException
	at sun.rmi.server.UnicastServerRef.dispatch(UnicastServerRef.java:348) ~[na:1.8.0_191]
	at sun.rmi.transport.Transport$1.run(Transport.java:200) ~[na:1.8.0_191]
	at sun.rmi.transport.Transport$1.run(Transport.java:197) ~[na:1.8.0_191]
	at java.security.AccessController.doPrivileged(Native Method) ~[na:1.8.0_191]
	at sun.rmi.transport.Transport.serviceCall(Transport.java:196) ~[na:1.8.0_191]
	at sun.rmi.transport.tcp.TCPTransport.handleMessages(TCPTransport.java:573) ~[na:1.8.0_191]
	at sun.rmi.transport.tcp.TCPTransport$ConnectionHandler.run0(TCPTransport.java:834) ~[na:1.8.0_191]
	at sun.rmi.transport.tcp.TCPTransport$ConnectionHandler.lambda$run$0(TCPTransport.java:688) ~[na:1.8.0_191]
	at java.security.AccessController.doPrivileged(Native Method) ~[na:1.8.0_191]
	at sun.rmi.transport.tcp.TCPTransport$ConnectionHandler.run(TCPTransport.java:687) ~[na:1.8.0_191]
	at java.util.concurrent.ThreadPoolExecutor.runWorker(ThreadPoolExecutor.java:1149) ~[na:1.8.0_191]
	at java.util.concurrent.ThreadPoolExecutor$Worker.run(ThreadPoolExecutor.java:624) ~[na:1.8.0_191]
	at java.lang.Thread.run(Thread.java:748) ~[na:1.8.0_191]
Caused by: java.io.OptionalDataException: null
	at java.io.ObjectInputStream.readObject0(ObjectInputStream.java:1593) ~[na:1.8.0_191]
	at java.io.ObjectInputStream.readObject(ObjectInputStream.java:431) ~[na:1.8.0_191]
	at java.util.HashMap.readObject(HashMap.java:1407) ~[na:1.8.0_191]
	at sun.reflect.GeneratedMethodAccessor6.invoke(Unknown Source) ~[na:na]
	at sun.reflect.DelegatingMethodAccessorImpl.invoke(DelegatingMethodAccessorImpl.java:43) ~[na:1.8.0_191]
	at java.lang.reflect.Method.invoke(Method.java:498) ~[na:1.8.0_191]
	at java.io.ObjectStreamClass.invokeReadObject(ObjectStreamClass.java:1170) ~[na:1.8.0_191]
	at java.io.ObjectInputStream.readSerialData(ObjectInputStream.java:2178) ~[na:1.8.0_191]
	at java.io.ObjectInputStream.readOrdinaryObject(ObjectInputStream.java:2069) ~[na:1.8.0_191]
	at java.io.ObjectInputStream.readObject0(ObjectInputStream.java:1573) ~[na:1.8.0_191]
	at java.io.ObjectInputStream.defaultReadFields(ObjectInputStream.java:2287) ~[na:1.8.0_191]
	at java.io.ObjectInputStream.readSerialData(ObjectInputStream.java:2211) ~[na:1.8.0_191]
	at java.io.ObjectInputStream.readOrdinaryObject(ObjectInputStream.java:2069) ~[na:1.8.0_191]
	at java.io.ObjectInputStream.readObject0(ObjectInputStream.java:1573) ~[na:1.8.0_191]
	at java.io.ObjectInputStream.readObject(ObjectInputStream.java:431) ~[na:1.8.0_191]
	at java.util.HashMap.readObject(HashMap.java:1407) ~[na:1.8.0_191]
	at sun.reflect.GeneratedMethodAccessor6.invoke(Unknown Source) ~[na:na]
	at sun.reflect.DelegatingMethodAccessorImpl.invoke(DelegatingMethodAccessorImpl.java:43) ~[na:1.8.0_191]
	at java.lang.reflect.Method.invoke(Method.java:498) ~[na:1.8.0_191]
	at java.io.ObjectStreamClass.invokeReadObject(ObjectStreamClass.java:1170) ~[na:1.8.0_191]
	at java.io.ObjectInputStream.readSerialData(ObjectInputStream.java:2178) ~[na:1.8.0_191]
	at java.io.ObjectInputStream.readOrdinaryObject(ObjectInputStream.java:2069) ~[na:1.8.0_191]
	at java.io.ObjectInputStream.readObject0(ObjectInputStream.java:1573) ~[na:1.8.0_191]
	at java.io.ObjectInputStream.defaultReadFields(ObjectInputStream.java:2287) ~[na:1.8.0_191]
	at java.io.ObjectInputStream.readSerialData(ObjectInputStream.java:2211) ~[na:1.8.0_191]
	at java.io.ObjectInputStream.readOrdinaryObject(ObjectInputStream.java:2069) ~[na:1.8.0_191]
	at java.io.ObjectInputStream.readObject0(ObjectInputStream.java:1573) ~[na:1.8.0_191]
	at java.io.ObjectInputStream.readObject(ObjectInputStream.java:431) ~[na:1.8.0_191]
	at sun.rmi.server.UnicastRef.unmarshalValue(UnicastRef.java:322) ~[na:1.8.0_191]
	at sun.rmi.server.UnicastServerRef.unmarshalParametersUnchecked(UnicastServerRef.java:628) ~[na:1.8.0_191]
	at sun.rmi.server.UnicastServerRef.unmarshalParameters(UnicastServerRef.java:616) ~[na:1.8.0_191]
	at sun.rmi.server.UnicastServerRef.dispatch(UnicastServerRef.java:338) ~[na:1.8.0_191]
	... 12 common frames omitted
[MASTER] 01:37:54.453 [logback-2] ERROR ClientNodeImpl - Cannot inform master of change of state
java.rmi.MarshalException: error marshalling arguments; nested exception is: 
	java.net.SocketException: Broken pipe (Write failed)
	at sun.rmi.server.UnicastRef.invoke(UnicastRef.java:157) ~[na:1.8.0_191]
	at java.rmi.server.RemoteObjectInvocationHandler.invokeRemoteMethod(RemoteObjectInvocationHandler.java:227) ~[na:1.8.0_191]
	at java.rmi.server.RemoteObjectInvocationHandler.invoke(RemoteObjectInvocationHandler.java:179) ~[na:1.8.0_191]
	at com.sun.proxy.$Proxy7.evosuite_collectStatistics(Unknown Source) ~[na:na]
	at org.evosuite.rmi.service.ClientNodeImpl.updateStatistics(ClientNodeImpl.java:237) ~[evosuite-current.jar:1.0.6]
	at org.evosuite.statistics.StatisticsSender.sendIndividualToMaster(StatisticsSender.java:68) [evosuite-current.jar:1.0.6]
	at org.evosuite.statistics.StatisticsListener$1.run(StatisticsListener.java:71) [evosuite-current.jar:1.0.6]
Caused by: java.net.SocketException: Broken pipe (Write failed)
	at java.net.SocketOutputStream.socketWrite0(Native Method) ~[na:1.8.0_191]
	at java.net.SocketOutputStream.socketWrite(SocketOutputStream.java:111) ~[na:1.8.0_191]
	at java.net.SocketOutputStream.write(SocketOutputStream.java:155) ~[na:1.8.0_191]
	at java.io.BufferedOutputStream.flushBuffer(BufferedOutputStream.java:82) ~[na:1.8.0_191]
	at java.io.BufferedOutputStream.write(BufferedOutputStream.java:126) ~[na:1.8.0_191]
	at java.io.ObjectOutputStream$BlockDataOutputStream.drain(ObjectOutputStream.java:1877) ~[na:1.8.0_191]
	at java.io.ObjectOutputStream$BlockDataOutputStream.setBlockDataMode(ObjectOutputStream.java:1786) ~[na:1.8.0_191]
	at java.io.ObjectOutputStream.writeNonProxyDesc(ObjectOutputStream.java:1286) ~[na:1.8.0_191]
	at java.io.ObjectOutputStream.writeClassDesc(ObjectOutputStream.java:1231) ~[na:1.8.0_191]
	at java.io.ObjectOutputStream.writeOrdinaryObject(ObjectOutputStream.java:1427) ~[na:1.8.0_191]
	at java.io.ObjectOutputStream.writeObject0(ObjectOutputStream.java:1178) ~[na:1.8.0_191]
	at java.io.ObjectOutputStream.writeFatalException(ObjectOutputStream.java:1577) ~[na:1.8.0_191]
	at java.io.ObjectOutputStream.writeObject(ObjectOutputStream.java:351) ~[na:1.8.0_191]
	at sun.rmi.server.UnicastRef.marshalValue(UnicastRef.java:290) ~[na:1.8.0_191]
	at sun.rmi.server.UnicastRef.invoke(UnicastRef.java:152) ~[na:1.8.0_191]
	... 6 common frames omitted
* Search finished after 105s and 340 generations, 146044 statements, best individual has fitness: 838.461388861052
* Minimizing test suite
* Going to analyze the coverage criteria
* Coverage analysis for criterion BRANCH
* Coverage of criterion BRANCH: 57%
* Total number of goals: 2402
* Number of covered goals: 1366
* Generated 279 tests with total length 601
* Resulting test suite's coverage: 57%
* Generating assertions
* Resulting test suite's mutation score: 24%
* Permissions denied during test execution: 
  - java.lang.RuntimePermission: 
         writeFileDescriptor: 1
* Writing JUnit test case 'NodeUtil_ESTest' to evosuite-branch
* Done!

* Computation finished
