* EvoSuite 1.0.6
* Going to generate test cases for class: com.google.javascript.jscomp.TypeCheck
* Starting client
* Connecting to master process on port 18539
* Analyzing classpath: 
  - /tmp/run_evosuite.pl_88834_1545807586/build/classes
  - /tmp/run_evosuite.pl_88834_1545807586/lib/args4j.jar
  - /tmp/run_evosuite.pl_88834_1545807586/lib/guava.jar
  - /tmp/run_evosuite.pl_88834_1545807586/lib/json.jar
  - /tmp/run_evosuite.pl_88834_1545807586/lib/jsr305.jar
  - /tmp/run_evosuite.pl_88834_1545807586/lib/protobuf-java.jar
  - /tmp/run_evosuite.pl_88834_1545807586/build/lib/rhino.jar
  - /tmp/run_evosuite.pl_88834_1545807586/lib/ant.jar
* Finished analyzing classpath
* Generating tests for class com.google.javascript.jscomp.TypeCheck
* Test criterion:
  - Branch Coverage
* Setting up search algorithm for whole suite generation
* Total number of test goals: 1022
* Using seed 2000
* Starting evolution
[MASTER] 23:00:22.412 [logback-2] ERROR FunctionalMockStatement - Cannot use Mockito on class com.google.javascript.rhino.jstype.NoObjectType due to IAE: tried to access class com.google.javascript.rhino.jstype.PrototypeObjectType from class com.google.javascript.rhino.jstype.NoObjectType$MockitoMock$787380546
[MASTER] 23:00:22.531 [logback-2] ERROR FunctionalMockStatement - Cannot use Mockito on class com.google.javascript.rhino.jstype.NoObjectType due to failed class initialization: Could not initialize class com.google.javascript.rhino.jstype.NoObjectType$MockitoMock$787380546
* Search finished after 103s and 191 generations, 118834 statements, best individual has fitness: 612.0611237109406
* Minimizing test suite
* Going to analyze the coverage criteria
* Coverage analysis for criterion BRANCH
* Coverage of criterion BRANCH: 36%
* Total number of goals: 1022
* Number of covered goals: 369
* Generated 52 tests with total length 440
* Resulting test suite's coverage: 36%
* Generating assertions
* Resulting test suite's mutation score: 7%
* Permissions denied during test execution: 
  - java.lang.RuntimePermission: 
         writeFileDescriptor: 6
* Writing JUnit test case 'TypeCheck_ESTest' to evosuite-branch
* Done!

* Computation finished
