* EvoSuite 1.0.6
* Going to generate test cases for class: com.google.javascript.jscomp.ProcessClosurePrimitives
* Starting client
* Connecting to master process on port 18557
* Analyzing classpath: 
  - /tmp/run_evosuite.pl_227038_1546770070/build/classes
  - /tmp/run_evosuite.pl_227038_1546770070/lib/ant_deploy.jar
  - /tmp/run_evosuite.pl_227038_1546770070/lib/args4j_deploy.jar
  - /tmp/run_evosuite.pl_227038_1546770070/lib/guava-r06.jar
  - /tmp/run_evosuite.pl_227038_1546770070/lib/hamcrest-core-1.1.jar
  - /tmp/run_evosuite.pl_227038_1546770070/lib/json.jar
  - /tmp/run_evosuite.pl_227038_1546770070/lib/jsr305.jar
  - /tmp/run_evosuite.pl_227038_1546770070/lib/junit.jar
  - /tmp/run_evosuite.pl_227038_1546770070/lib/libtrunk_rhino_parser_jarjared.jar
  - /tmp/run_evosuite.pl_227038_1546770070/lib/protobuf-java-2.3.0.jar
* Finished analyzing classpath
* Generating tests for class com.google.javascript.jscomp.ProcessClosurePrimitives
* Test criterion:
  - Branch Coverage
* Setting up search algorithm for whole suite generation
* Total number of test goals: 282
* Using seed 5000
* Starting evolution
[MASTER] 02:21:20.360 [logback-2] ERROR TestCluster - Failed to check cache for com.google.javascript.jscomp.ControlFlowGraph<N>.Branch : Type points to itself
[MASTER] 02:21:22.632 [logback-2] ERROR TestCluster - Failed to check cache for com.google.common.base.Supplier<T> : Type points to itself
[MASTER] 02:21:59.797 [logback-2] ERROR TestCluster - Failed to check cache for com.google.javascript.jscomp.ControlFlowGraph<N> : Type points to itself
* Search finished after 101s and 755 generations, 269950 statements, best individual has fitness: 238.24252136752136
* Minimizing test suite
* Going to analyze the coverage criteria
* Coverage analysis for criterion BRANCH
* Coverage of criterion BRANCH: 18%
* Total number of goals: 282
* Number of covered goals: 52
* Generated 9 tests with total length 55
* Resulting test suite's coverage: 18%
* Generating assertions
* Resulting test suite's mutation score: 2%
* Permissions denied during test execution: 
  - java.lang.RuntimePermission: 
         writeFileDescriptor: 20
* Writing JUnit test case 'ProcessClosurePrimitives_ESTest' to evosuite-branch
* Done!

* Computation finished
