* EvoSuite 1.0.6
* Going to generate test cases for class: com.google.javascript.rhino.jstype.RecordType
* Starting client
* Connecting to master process on port 2830
* Analyzing classpath: 
  - /tmp/run_evosuite.pl_37242_1546608184/build/classes
  - /tmp/run_evosuite.pl_37242_1546608184/lib/args4j.jar
  - /tmp/run_evosuite.pl_37242_1546608184/lib/guava.jar
  - /tmp/run_evosuite.pl_37242_1546608184/lib/json.jar
  - /tmp/run_evosuite.pl_37242_1546608184/lib/jsr305.jar
  - /tmp/run_evosuite.pl_37242_1546608184/lib/protobuf-java.jar
  - /tmp/run_evosuite.pl_37242_1546608184/build/lib/rhino.jar
  - /tmp/run_evosuite.pl_37242_1546608184/lib/ant.jar
* Finished analyzing classpath
* Generating tests for class com.google.javascript.rhino.jstype.RecordType
* Test criterion:
  - Branch Coverage
* Setting up search algorithm for whole suite generation
* Total number of test goals: 74
* Using seed 3000
* Starting evolution
[MASTER] 05:23:15.848 [logback-2] ERROR TestCluster - Failed to check cache for java.util.AbstractMap<K, V>.SimpleEntry<K, V> : Type points to itself
[MASTER] 05:23:15.849 [logback-2] ERROR TestCluster - Failed to check cache for java.util.AbstractMap<K, V>.SimpleImmutableEntry<K, V> : Type points to itself
* Search finished after 101s and 1334 generations, 607434 statements, best individual has fitness: 3.5
* Minimizing test suite
* Going to analyze the coverage criteria
* Coverage analysis for criterion BRANCH
* Coverage of criterion BRANCH: 91%
* Total number of goals: 74
* Number of covered goals: 67
* Generated 14 tests with total length 132
* Resulting test suite's coverage: 91%
* Generating assertions
* Resulting test suite's mutation score: 54%
* Permissions denied during test execution: 
  - java.lang.RuntimePermission: 
         writeFileDescriptor: 1
* Writing JUnit test case 'RecordType_ESTest' to evosuite-branch
* Done!

* Computation finished
