* EvoSuite 1.0.6
* Going to generate test cases for class: com.google.javascript.jscomp.NameAnalyzer
* Starting client
* Connecting to master process on port 2830
* Analyzing classpath: 
  - /tmp/run_evosuite.pl_65009_1546617470/build/classes
  - /tmp/run_evosuite.pl_65009_1546617470/lib/args4j.jar
  - /tmp/run_evosuite.pl_65009_1546617470/lib/guava.jar
  - /tmp/run_evosuite.pl_65009_1546617470/lib/json.jar
  - /tmp/run_evosuite.pl_65009_1546617470/lib/jsr305.jar
  - /tmp/run_evosuite.pl_65009_1546617470/lib/protobuf-java.jar
  - /tmp/run_evosuite.pl_65009_1546617470/build/lib/rhino.jar
  - /tmp/run_evosuite.pl_65009_1546617470/lib/ant.jar
* Finished analyzing classpath
* Generating tests for class com.google.javascript.jscomp.NameAnalyzer
* Test criterion:
  - Branch Coverage
* Setting up search algorithm for whole suite generation
* Total number of test goals: 565
* Using seed 3000
* Starting evolution
[MASTER] 07:58:04.988 [logback-2] ERROR TestCluster - Failed to check cache for java.util.AbstractMap<K, V>.SimpleEntry<K, V> : Type points to itself
[MASTER] 07:58:04.988 [logback-2] ERROR TestCluster - Failed to check cache for java.util.AbstractMap<K, V>.SimpleImmutableEntry<K, V> : Type points to itself
* Search finished after 105s and 67 generations, 32686 statements, best individual has fitness: 499.5
* Minimizing test suite
* Going to analyze the coverage criteria
* Coverage analysis for criterion BRANCH
* Coverage of criterion BRANCH: 13%
* Total number of goals: 565
* Number of covered goals: 72
* Generated 5 tests with total length 23
* Resulting test suite's coverage: 13%
* Generating assertions
* Resulting test suite's mutation score: 6%
* Permissions denied during test execution: 
  - java.lang.RuntimePermission: 
         writeFileDescriptor: 5
* Writing JUnit test case 'NameAnalyzer_ESTest' to evosuite-branch
* Done!

* Computation finished
