* EvoSuite 1.0.6
* Going to generate test cases for class: com.google.javascript.jscomp.TypeValidator
* Starting client
* Connecting to master process on port 19758
* Analyzing classpath: 
  - /tmp/run_evosuite.pl_216737_1546673418/build/classes
  - /tmp/run_evosuite.pl_216737_1546673418/lib/args4j.jar
  - /tmp/run_evosuite.pl_216737_1546673418/lib/guava.jar
  - /tmp/run_evosuite.pl_216737_1546673418/lib/json.jar
  - /tmp/run_evosuite.pl_216737_1546673418/lib/jsr305.jar
  - /tmp/run_evosuite.pl_216737_1546673418/lib/protobuf-java.jar
  - /tmp/run_evosuite.pl_216737_1546673418/build/lib/rhino.jar
  - /tmp/run_evosuite.pl_216737_1546673418/lib/ant.jar
* Finished analyzing classpath
* Generating tests for class com.google.javascript.jscomp.TypeValidator
* Test criterion:
  - Branch Coverage
* Setting up search algorithm for whole suite generation
* Total number of test goals: 218
* Using seed 4000
* Starting evolution
[MASTER] 23:30:38.775 [logback-2] ERROR TestCluster - Failed to check cache for java.util.Iterator<E> : Type points to itself
[MASTER] 23:31:25.288 [logback-2] ERROR FunctionalMockStatement - Cannot use Mockito on class com.google.javascript.rhino.jstype.StringType due to IAE: tried to access class com.google.javascript.rhino.jstype.ValueType from class com.google.javascript.rhino.jstype.StringType$MockitoMock$600419017
* Search finished after 101s and 193 generations, 68585 statements, best individual has fitness: 230.0
* Minimizing test suite
* Going to analyze the coverage criteria
* Coverage analysis for criterion BRANCH
* Coverage of criterion BRANCH: 6%
* Total number of goals: 218
* Number of covered goals: 12
* Generated 6 tests with total length 55
* Resulting test suite's coverage: 6%
* Generating assertions
* Resulting test suite's mutation score: 4%
* Permissions denied during test execution: 
  - java.lang.RuntimePermission: 
         writeFileDescriptor: 15
* Writing JUnit test case 'TypeValidator_ESTest' to evosuite-branch
* Done!

* Computation finished
