* EvoSuite 1.0.6
* Going to generate test cases for class: com.google.javascript.jscomp.TypeInference
* Starting client
* Connecting to master process on port 2830
* Analyzing classpath: 
  - /tmp/run_evosuite.pl_64363_1546617234/build/classes
  - /tmp/run_evosuite.pl_64363_1546617234/lib/args4j.jar
  - /tmp/run_evosuite.pl_64363_1546617234/lib/guava.jar
  - /tmp/run_evosuite.pl_64363_1546617234/lib/json.jar
  - /tmp/run_evosuite.pl_64363_1546617234/lib/jsr305.jar
  - /tmp/run_evosuite.pl_64363_1546617234/lib/protobuf-java.jar
  - /tmp/run_evosuite.pl_64363_1546617234/build/lib/rhino.jar
  - /tmp/run_evosuite.pl_64363_1546617234/lib/ant.jar
* Finished analyzing classpath
* Generating tests for class com.google.javascript.jscomp.TypeInference
* Test criterion:
  - Branch Coverage
* Setting up search algorithm for whole suite generation
* Total number of test goals: 771
* Using seed 3000
* Starting evolution
[MASTER] 07:54:19.702 [logback-2] ERROR TestCluster - Failed to check cache for java.util.Comparator<T> : Type points to itself
* Search finished after 102s and 126 generations, 64182 statements, best individual has fitness: 626.1735549419902
* Minimizing test suite
* Going to analyze the coverage criteria
* Coverage analysis for criterion BRANCH
* Coverage of criterion BRANCH: 22%
* Total number of goals: 771
* Number of covered goals: 166
* Generated 7 tests with total length 61
* Resulting test suite's coverage: 22%
* Generating assertions
* Resulting test suite's mutation score: 1%
* Permissions denied during test execution: 
  - java.lang.RuntimePermission: 
         writeFileDescriptor: 8
* Writing JUnit test case 'TypeInference_ESTest' to evosuite-branch
* Done!

* Computation finished
