* EvoSuite 1.0.6
* Going to generate test cases for class: com.google.javascript.rhino.jstype.UnionType
* Starting client
* Connecting to master process on port 14953
* Analyzing classpath: 
  - /tmp/run_evosuite.pl_103887_1546842686/build/classes
  - /tmp/run_evosuite.pl_103887_1546842686/lib/ant_deploy.jar
  - /tmp/run_evosuite.pl_103887_1546842686/lib/google_common_deploy.jar
  - /tmp/run_evosuite.pl_103887_1546842686/lib/hamcrest-core-1.1.jar
  - /tmp/run_evosuite.pl_103887_1546842686/lib/junit4-core.jar
  - /tmp/run_evosuite.pl_103887_1546842686/lib/junit4-legacy.jar
  - /tmp/run_evosuite.pl_103887_1546842686/lib/libtrunk_rhino_parser_jarjared.jar
  - /tmp/run_evosuite.pl_103887_1546842686/lib/protobuf_deploy.jar
* Finished analyzing classpath
* Generating tests for class com.google.javascript.rhino.jstype.UnionType
* Test criterion:
  - Branch Coverage
* Setting up search algorithm for whole suite generation
* Total number of test goals: 131
* Using seed 1000
* Starting evolution
* Search finished after 19s and 128 generations, 81353 statements, best individual has fitness: 0.0
* Minimizing test suite
* Going to analyze the coverage criteria
* Coverage analysis for criterion BRANCH
* Coverage of criterion BRANCH: 100%
* Total number of goals: 131
* Number of covered goals: 131
* Generated 47 tests with total length 340
* Resulting test suite's coverage: 100%
* Generating assertions
* Resulting test suite's mutation score: 43%
* Writing JUnit test case 'UnionType_ESTest' to evosuite-branch
* Done!

* Computation finished
