* EvoSuite 1.0.6
* Going to generate test cases for class: com.google.javascript.jscomp.CodeGenerator
* Starting client
* Connecting to master process on port 19758
* Analyzing classpath: 
  - /tmp/run_evosuite.pl_234850_1546679334/build/classes
  - /tmp/run_evosuite.pl_234850_1546679334/lib/args4j.jar
  - /tmp/run_evosuite.pl_234850_1546679334/lib/guava.jar
  - /tmp/run_evosuite.pl_234850_1546679334/lib/json.jar
  - /tmp/run_evosuite.pl_234850_1546679334/lib/jsr305.jar
  - /tmp/run_evosuite.pl_234850_1546679334/lib/protobuf-java.jar
  - /tmp/run_evosuite.pl_234850_1546679334/build/lib/rhino.jar
  - /tmp/run_evosuite.pl_234850_1546679334/lib/ant.jar
* Finished analyzing classpath
* Generating tests for class com.google.javascript.jscomp.CodeGenerator
* Test criterion:
  - Branch Coverage
* Setting up search algorithm for whole suite generation
* Total number of test goals: 736
* Using seed 4000
* Starting evolution
* Search finished after 101s and 2579 generations, 518159 statements, best individual has fitness: 631.0666666662011
* Minimizing test suite
* Going to analyze the coverage criteria
* Coverage analysis for criterion BRANCH
* Coverage of criterion BRANCH: 15%
* Total number of goals: 736
* Number of covered goals: 109
* Generated 30 tests with total length 66
* Resulting test suite's coverage: 15%
* Generating assertions
* Resulting test suite's mutation score: 36%
* Writing JUnit test case 'CodeGenerator_ESTest' to evosuite-branch
* Done!

* Computation finished
