* EvoSuite 1.0.6
* Going to generate test cases for class: com.google.javascript.jscomp.CollapseProperties
* Starting client
* Connecting to master process on port 2830
* Analyzing classpath: 
  - /tmp/run_evosuite.pl_70155_1546619384/build/classes
  - /tmp/run_evosuite.pl_70155_1546619384/lib/args4j.jar
  - /tmp/run_evosuite.pl_70155_1546619384/lib/guava.jar
  - /tmp/run_evosuite.pl_70155_1546619384/lib/json.jar
  - /tmp/run_evosuite.pl_70155_1546619384/lib/jsr305.jar
  - /tmp/run_evosuite.pl_70155_1546619384/lib/protobuf-java.jar
  - /tmp/run_evosuite.pl_70155_1546619384/build/lib/rhino.jar
  - /tmp/run_evosuite.pl_70155_1546619384/lib/ant.jar
* Finished analyzing classpath
* Generating tests for class com.google.javascript.jscomp.CollapseProperties
* Test criterion:
  - Branch Coverage
* Setting up search algorithm for whole suite generation
* Total number of test goals: 275
* Using seed 3000
* Starting evolution
[MASTER] 08:30:06.982 [logback-2] ERROR TestCluster - Failed to check cache for java.util.Enumeration<E> : Type points to itself
[MASTER] 08:30:07.225 [logback-2] ERROR TestCluster - Failed to check cache for java.util.Comparator<T> : Type points to itself
* Search finished after 101s and 110 generations, 27993 statements, best individual has fitness: 281.0
* Minimizing test suite
* Going to analyze the coverage criteria
* Coverage analysis for criterion BRANCH
* Coverage of criterion BRANCH: 3%
* Total number of goals: 275
* Number of covered goals: 9
* Generated 2 tests with total length 7
* Resulting test suite's coverage: 3%
* Generating assertions
* Resulting test suite's mutation score: 1%
* Permissions denied during test execution: 
  - java.lang.RuntimePermission: 
         writeFileDescriptor: 3
  - java.net.SocketPermission: 
         resolve <|c}/1Q1a5jxg!p: 1
* Writing JUnit test case 'CollapseProperties_ESTest' to evosuite-branch
* Done!

* Computation finished
