* EvoSuite 1.0.6
* Going to generate test cases for class: com.google.javascript.jscomp.FoldConstants
* Starting client
* Connecting to master process on port 14953
* Analyzing classpath: 
  - /tmp/run_evosuite.pl_104183_1546842719/build/classes
  - /tmp/run_evosuite.pl_104183_1546842719/lib/ant_deploy.jar
  - /tmp/run_evosuite.pl_104183_1546842719/lib/google_common_deploy.jar
  - /tmp/run_evosuite.pl_104183_1546842719/lib/hamcrest-core-1.1.jar
  - /tmp/run_evosuite.pl_104183_1546842719/lib/junit4-core.jar
  - /tmp/run_evosuite.pl_104183_1546842719/lib/junit4-legacy.jar
  - /tmp/run_evosuite.pl_104183_1546842719/lib/libtrunk_rhino_parser_jarjared.jar
  - /tmp/run_evosuite.pl_104183_1546842719/lib/protobuf_deploy.jar
* Finished analyzing classpath
* Generating tests for class com.google.javascript.jscomp.FoldConstants
* Test criterion:
  - Branch Coverage
* Setting up search algorithm for whole suite generation
* Total number of test goals: 928
* Using seed 1000
* Starting evolution
[MASTER] 22:32:09.841 [logback-2] ERROR TestCluster - Failed to check cache for java.util.Stack<E> : Type points to itself
* Search finished after 101s and 343 generations, 145265 statements, best individual has fitness: 736.799820102956
* Minimizing test suite
* Going to analyze the coverage criteria
* Coverage analysis for criterion BRANCH
* Coverage of criterion BRANCH: 20%
* Total number of goals: 928
* Number of covered goals: 189
* Generated 53 tests with total length 339
* Resulting test suite's coverage: 20%
* Generating assertions
* Resulting test suite's mutation score: 5%
* Permissions denied during test execution: 
  - java.lang.RuntimePermission: 
         writeFileDescriptor: 9
* Writing JUnit test case 'FoldConstants_ESTest' to evosuite-branch
* Done!

* Computation finished
