* EvoSuite 1.0.6
* Going to generate test cases for class: com.google.javascript.jscomp.CodeGenerator
* Starting client
* Connecting to master process on port 18557
* Analyzing classpath: 
  - /tmp/run_evosuite.pl_91331_1546757307/build/classes
  - /tmp/run_evosuite.pl_91331_1546757307/lib/args4j.jar
  - /tmp/run_evosuite.pl_91331_1546757307/lib/guava.jar
  - /tmp/run_evosuite.pl_91331_1546757307/lib/json.jar
  - /tmp/run_evosuite.pl_91331_1546757307/lib/jsr305.jar
  - /tmp/run_evosuite.pl_91331_1546757307/lib/protobuf-java.jar
  - /tmp/run_evosuite.pl_91331_1546757307/build/lib/rhino.jar
  - /tmp/run_evosuite.pl_91331_1546757307/lib/ant.jar
* Finished analyzing classpath
* Generating tests for class com.google.javascript.jscomp.CodeGenerator
* Test criterion:
  - Branch Coverage
* Setting up search algorithm for whole suite generation
* Total number of test goals: 736
* Using seed 5000
* Starting evolution
* Search finished after 101s and 2219 generations, 397896 statements, best individual has fitness: 632.9924242419586
* Minimizing test suite
* Going to analyze the coverage criteria
* Coverage analysis for criterion BRANCH
* Coverage of criterion BRANCH: 14%
* Total number of goals: 736
* Number of covered goals: 106
* Generated 30 tests with total length 63
* Resulting test suite's coverage: 14%
* Generating assertions
* Resulting test suite's mutation score: 38%
* Permissions denied during test execution: 
  - java.lang.RuntimePermission: 
         writeFileDescriptor: 2
* Writing JUnit test case 'CodeGenerator_ESTest' to evosuite-branch
* Done!

* Computation finished
