* EvoSuite 1.0.6
* Going to generate test cases for class: com.google.javascript.jscomp.TypeValidator
* Starting client
* Connecting to master process on port 14953
* Analyzing classpath: 
  - /tmp/run_evosuite.pl_108363_1546844432/build/classes
  - /tmp/run_evosuite.pl_108363_1546844432/lib/args4j.jar
  - /tmp/run_evosuite.pl_108363_1546844432/lib/guava.jar
  - /tmp/run_evosuite.pl_108363_1546844432/lib/json.jar
  - /tmp/run_evosuite.pl_108363_1546844432/lib/jsr305.jar
  - /tmp/run_evosuite.pl_108363_1546844432/lib/protobuf-java.jar
  - /tmp/run_evosuite.pl_108363_1546844432/build/lib/rhino.jar
  - /tmp/run_evosuite.pl_108363_1546844432/lib/ant.jar
* Finished analyzing classpath
* Generating tests for class com.google.javascript.jscomp.TypeValidator
* Test criterion:
  - Branch Coverage
* Setting up search algorithm for whole suite generation
* Total number of test goals: 222
* Using seed 1000
* Starting evolution
[MASTER] 23:01:03.621 [logback-2] ERROR TestCluster - Failed to check cache for java.util.Comparator<T> : Type points to itself
[MASTER] 23:01:58.888 [logback-2] ERROR FunctionalMockStatement - Cannot use Mockito on class com.google.javascript.rhino.jstype.BooleanType due to IAE: tried to access class com.google.javascript.rhino.jstype.ValueType from class com.google.javascript.rhino.jstype.BooleanType$MockitoMock$1102917589
* Search finished after 102s and 170 generations, 53694 statements, best individual has fitness: 242.0
* Minimizing test suite
* Going to analyze the coverage criteria
* Coverage analysis for criterion BRANCH
* Coverage of criterion BRANCH: 3%
* Total number of goals: 222
* Number of covered goals: 7
* Generated 4 tests with total length 25
* Resulting test suite's coverage: 2%
* Generating assertions
* Resulting test suite's mutation score: 3%
* Permissions denied during test execution: 
  - java.lang.RuntimePermission: 
         writeFileDescriptor: 14
* Writing JUnit test case 'TypeValidator_ESTest' to evosuite-branch
* Done!

* Computation finished
