* EvoSuite 1.0.6
* Going to generate test cases for class: com.google.javascript.jscomp.PeepholeReplaceKnownMethods
* Starting client
* Connecting to master process on port 14953
* Analyzing classpath: 
  - /tmp/run_evosuite.pl_83453_1546835449/build/classes
  - /tmp/run_evosuite.pl_83453_1546835449/lib/args4j.jar
  - /tmp/run_evosuite.pl_83453_1546835449/lib/guava.jar
  - /tmp/run_evosuite.pl_83453_1546835449/lib/json.jar
  - /tmp/run_evosuite.pl_83453_1546835449/lib/jsr305.jar
  - /tmp/run_evosuite.pl_83453_1546835449/lib/protobuf-java.jar
  - /tmp/run_evosuite.pl_83453_1546835449/build/lib/rhino.jar
  - /tmp/run_evosuite.pl_83453_1546835449/lib/ant.jar
* Finished analyzing classpath
* Generating tests for class com.google.javascript.jscomp.PeepholeReplaceKnownMethods
* Test criterion:
  - Branch Coverage
* Setting up search algorithm for whole suite generation
* Total number of test goals: 259
* Using seed 1000
* Starting evolution
[MASTER] 20:31:26.293 [logback-2] ERROR TestCluster - Failed to check cache for com.google.javascript.jscomp.ControlFlowGraph<N> : Type points to itself
* Search finished after 101s and 1672 generations, 575478 statements, best individual has fitness: 250.5
* Minimizing test suite
* Going to analyze the coverage criteria
* Coverage analysis for criterion BRANCH
* Coverage of criterion BRANCH: 5%
* Total number of goals: 259
* Number of covered goals: 14
* Generated 4 tests with total length 24
* Resulting test suite's coverage: 5%
* Generating assertions
* Resulting test suite's mutation score: 2%
* Permissions denied during test execution: 
  - java.lang.RuntimePermission: 
         writeFileDescriptor: 7
* Writing JUnit test case 'PeepholeReplaceKnownMethods_ESTest' to evosuite-branch
* Done!

* Computation finished
