* EvoSuite 1.0.6
* Going to generate test cases for class: com.google.javascript.jscomp.CollapseVariableDeclarations
* Starting client
* Connecting to master process on port 14953
* Analyzing classpath: 
  - /tmp/run_evosuite.pl_66334_1546829861/build/classes
  - /tmp/run_evosuite.pl_66334_1546829861/lib/args4j.jar
  - /tmp/run_evosuite.pl_66334_1546829861/lib/guava.jar
  - /tmp/run_evosuite.pl_66334_1546829861/lib/json.jar
  - /tmp/run_evosuite.pl_66334_1546829861/lib/jsr305.jar
  - /tmp/run_evosuite.pl_66334_1546829861/lib/protobuf-java.jar
  - /tmp/run_evosuite.pl_66334_1546829861/build/lib/rhino.jar
  - /tmp/run_evosuite.pl_66334_1546829861/lib/ant.jar
* Finished analyzing classpath
* Generating tests for class com.google.javascript.jscomp.CollapseVariableDeclarations
* Test criterion:
  - Branch Coverage
* Setting up search algorithm for whole suite generation
* Total number of test goals: 62
* Using seed 1000
* Starting evolution
* Search finished after 101s and 129 generations, 33701 statements, best individual has fitness: 40.666666666201
* Minimizing test suite
* Going to analyze the coverage criteria
* Coverage analysis for criterion BRANCH
* Coverage of criterion BRANCH: 29%
* Total number of goals: 62
* Number of covered goals: 18
* Generated 4 tests with total length 21
* Resulting test suite's coverage: 29%
* Generating assertions
* Resulting test suite's mutation score: 0%
* Writing JUnit test case 'CollapseVariableDeclarations_ESTest' to evosuite-branch
* Done!

* Computation finished
