* EvoSuite 1.0.6
* Going to generate test cases for class: com.google.javascript.jscomp.MinimizeExitPoints
* Starting client
* Connecting to master process on port 18557
* Analyzing classpath: 
  - /tmp/run_evosuite.pl_238223_1546774313/build/classes
  - /tmp/run_evosuite.pl_238223_1546774313/lib/args4j.jar
  - /tmp/run_evosuite.pl_238223_1546774313/lib/guava.jar
  - /tmp/run_evosuite.pl_238223_1546774313/lib/json.jar
  - /tmp/run_evosuite.pl_238223_1546774313/lib/jsr305.jar
  - /tmp/run_evosuite.pl_238223_1546774313/lib/protobuf-java.jar
  - /tmp/run_evosuite.pl_238223_1546774313/build/lib/rhino.jar
  - /tmp/run_evosuite.pl_238223_1546774313/lib/ant.jar
* Finished analyzing classpath
* Generating tests for class com.google.javascript.jscomp.MinimizeExitPoints
* Test criterion:
  - Branch Coverage
* Setting up search algorithm for whole suite generation
* Total number of test goals: 76
* Using seed 5000
* Starting evolution
[MASTER] 03:32:26.516 [logback-1] WARN  TestChromosome - Functional mock problem: org.evosuite.ga.ConstructionFailedException: Max recursion depth reached
[MASTER] 03:32:28.471 [logback-2] ERROR FunctionalMockStatement - Cannot use Mockito on class com.google.javascript.rhino.jstype.StringType due to IAE: tried to access class com.google.javascript.rhino.jstype.ValueType from class com.google.javascript.rhino.jstype.StringType$MockitoMock$1630528848
* Search finished after 105s and 146 generations, 62841 statements, best individual has fitness: 42.0
* Minimizing test suite
* Going to analyze the coverage criteria
* Coverage analysis for criterion BRANCH
* Coverage of criterion BRANCH: 45%
* Total number of goals: 76
* Number of covered goals: 34
* Generated 13 tests with total length 64
* Resulting test suite's coverage: 45%
* Generating assertions
* Resulting test suite's mutation score: 7%
* Permissions denied during test execution: 
  - java.lang.RuntimePermission: 
         writeFileDescriptor: 4
* Writing JUnit test case 'MinimizeExitPoints_ESTest' to evosuite-branch
* Done!

* Computation finished
