* EvoSuite 1.0.6
* Going to generate test cases for class: com.google.javascript.jscomp.ProcessCommonJSModules
* Starting client
* Connecting to master process on port 19758
* Analyzing classpath: 
  - /tmp/run_evosuite.pl_224617_1546675848/build/classes
  - /tmp/run_evosuite.pl_224617_1546675848/lib/args4j.jar
  - /tmp/run_evosuite.pl_224617_1546675848/lib/guava.jar
  - /tmp/run_evosuite.pl_224617_1546675848/lib/json.jar
  - /tmp/run_evosuite.pl_224617_1546675848/lib/jsr305.jar
  - /tmp/run_evosuite.pl_224617_1546675848/lib/protobuf-java.jar
  - /tmp/run_evosuite.pl_224617_1546675848/build/lib/rhino.jar
  - /tmp/run_evosuite.pl_224617_1546675848/lib/ant.jar
* Finished analyzing classpath
* Generating tests for class com.google.javascript.jscomp.ProcessCommonJSModules
* Test criterion:
  - Branch Coverage
* Setting up search algorithm for whole suite generation
* Total number of test goals: 51
* Using seed 4000
* Starting evolution
[MASTER] 00:11:42.179 [logback-2] ERROR FunctionalMockStatement - Cannot use Mockito on class com.google.javascript.rhino.jstype.NullType due to IAE: tried to access class com.google.javascript.rhino.jstype.ValueType from class com.google.javascript.rhino.jstype.NullType$MockitoMock$748818078
[MASTER] 00:11:42.619 [logback-1] WARN  TestChromosome - Functional mock problem: org.evosuite.ga.ConstructionFailedException: Max recursion depth reached
* Search finished after 101s and 1609 generations, 522645 statements, best individual has fitness: 9.499999999443116
* Minimizing test suite
* Going to analyze the coverage criteria
* Coverage analysis for criterion BRANCH
* Coverage of criterion BRANCH: 84%
* Total number of goals: 51
* Number of covered goals: 43
* Generated 9 tests with total length 31
* Resulting test suite's coverage: 84%
* Generating assertions
* Resulting test suite's mutation score: 9%
* Permissions denied during test execution: 
  - java.lang.RuntimePermission: 
         writeFileDescriptor: 4
* Writing JUnit test case 'ProcessCommonJSModules_ESTest' to evosuite-branch
* Done!

* Computation finished
