* EvoSuite 1.0.6
* Going to generate test cases for class: com.google.javascript.jscomp.LightweightMessageFormatter
* Starting client
* Connecting to master process on port 14953
* Analyzing classpath: 
  - /tmp/run_evosuite.pl_89793_1546837114/build/classes
  - /tmp/run_evosuite.pl_89793_1546837114/lib/args4j.jar
  - /tmp/run_evosuite.pl_89793_1546837114/lib/guava.jar
  - /tmp/run_evosuite.pl_89793_1546837114/lib/json.jar
  - /tmp/run_evosuite.pl_89793_1546837114/lib/jsr305.jar
  - /tmp/run_evosuite.pl_89793_1546837114/lib/protobuf-java.jar
  - /tmp/run_evosuite.pl_89793_1546837114/build/lib/rhino.jar
  - /tmp/run_evosuite.pl_89793_1546837114/lib/ant.jar
* Finished analyzing classpath
* Generating tests for class com.google.javascript.jscomp.LightweightMessageFormatter
* Test criterion:
  - Branch Coverage
* Setting up search algorithm for whole suite generation
* Total number of test goals: 39
* Using seed 1000
* Starting evolution
[MASTER] 20:58:48.028 [logback-2] ERROR TestCluster - Failed to check cache for java.util.Enumeration<E> : Type points to itself
* Search finished after 101s and 1042 generations, 263912 statements, best individual has fitness: 10.5
* Minimizing test suite
* Going to analyze the coverage criteria
* Coverage analysis for criterion BRANCH
* Coverage of criterion BRANCH: 72%
* Total number of goals: 39
* Number of covered goals: 28
* Generated 8 tests with total length 30
* Resulting test suite's coverage: 72%
* Generating assertions
* Resulting test suite's mutation score: 73%
* Permissions denied during test execution: 
  - java.lang.RuntimePermission: 
         writeFileDescriptor: 6
* Writing JUnit test case 'LightweightMessageFormatter_ESTest' to evosuite-branch
* Done!

* Computation finished
