* EvoSuite 1.0.6
* Going to generate test cases for class: com.google.javascript.jscomp.NameAnalyzer
* Starting client
* Connecting to master process on port 18539
* Analyzing classpath: 
  - /tmp/run_evosuite.pl_194620_1545821917/build/classes
  - /tmp/run_evosuite.pl_194620_1545821917/lib/args4j.jar
  - /tmp/run_evosuite.pl_194620_1545821917/lib/guava.jar
  - /tmp/run_evosuite.pl_194620_1545821917/lib/json.jar
  - /tmp/run_evosuite.pl_194620_1545821917/lib/jsr305.jar
  - /tmp/run_evosuite.pl_194620_1545821917/lib/protobuf-java.jar
  - /tmp/run_evosuite.pl_194620_1545821917/build/lib/rhino.jar
  - /tmp/run_evosuite.pl_194620_1545821917/lib/ant.jar
* Finished analyzing classpath
* Generating tests for class com.google.javascript.jscomp.NameAnalyzer
* Test criterion:
  - Branch Coverage
* Setting up search algorithm for whole suite generation
* Total number of test goals: 565
* Using seed 2000
* Starting evolution
[MASTER] 02:58:51.010 [logback-2] ERROR TestCluster - Failed to check cache for java.util.AbstractMap<K, V>.SimpleEntry<K, V> : Type points to itself
[MASTER] 02:58:51.010 [logback-2] ERROR TestCluster - Failed to check cache for java.util.AbstractMap<K, V>.SimpleImmutableEntry<K, V> : Type points to itself
[MASTER] 02:59:12.719 [logback-2] ERROR TestCluster - Failed to check cache for java.util.Iterator<E> : Type points to itself
* Search finished after 103s and 62 generations, 18610 statements, best individual has fitness: 406.8160581958225
* Minimizing test suite
* Going to analyze the coverage criteria
* Coverage analysis for criterion BRANCH
* Coverage of criterion BRANCH: 25%
* Total number of goals: 565
* Number of covered goals: 141
* Generated 6 tests with total length 30
* Resulting test suite's coverage: 25%
* Generating assertions
* Resulting test suite's mutation score: 8%
* Permissions denied during test execution: 
  - java.lang.RuntimePermission: 
         writeFileDescriptor: 39
* Writing JUnit test case 'NameAnalyzer_ESTest' to evosuite-branch
* Done!

* Computation finished
