* EvoSuite 1.0.6
* Going to generate test cases for class: com.google.javascript.rhino.jstype.PrototypeObjectType
* Starting client
* Connecting to master process on port 18557
* Analyzing classpath: 
  - /tmp/run_evosuite.pl_32336_1546755642/build/classes
  - /tmp/run_evosuite.pl_32336_1546755642/lib/args4j.jar
  - /tmp/run_evosuite.pl_32336_1546755642/lib/guava.jar
  - /tmp/run_evosuite.pl_32336_1546755642/lib/json.jar
  - /tmp/run_evosuite.pl_32336_1546755642/lib/jsr305.jar
  - /tmp/run_evosuite.pl_32336_1546755642/lib/protobuf-java.jar
  - /tmp/run_evosuite.pl_32336_1546755642/build/lib/rhino.jar
  - /tmp/run_evosuite.pl_32336_1546755642/lib/ant.jar
* Finished analyzing classpath
* Generating tests for class com.google.javascript.rhino.jstype.PrototypeObjectType
* Test criterion:
  - Branch Coverage
* Setting up search algorithm for whole suite generation
* Total number of test goals: 187
* Using seed 5000
* Starting evolution
* Search finished after 101s and 947 generations, 393203 statements, best individual has fitness: 20.833333333333332
* Minimizing test suite
* Going to analyze the coverage criteria
* Coverage analysis for criterion BRANCH
* Coverage of criterion BRANCH: 83%
* Total number of goals: 187
* Number of covered goals: 156
* Generated 44 tests with total length 251
* Resulting test suite's coverage: 83%
* Generating assertions
* Resulting test suite's mutation score: 57%
* Writing JUnit test case 'PrototypeObjectType_ESTest' to evosuite-branch
* Done!

* Computation finished
