* EvoSuite 1.0.6
* Going to generate test cases for class: com.google.javascript.jscomp.SourceFile
* Starting client
* Connecting to master process on port 14953
* Analyzing classpath: 
  - /tmp/run_evosuite.pl_85591_1546836268/build/classes
  - /tmp/run_evosuite.pl_85591_1546836268/lib/args4j.jar
  - /tmp/run_evosuite.pl_85591_1546836268/lib/guava.jar
  - /tmp/run_evosuite.pl_85591_1546836268/lib/json.jar
  - /tmp/run_evosuite.pl_85591_1546836268/lib/jsr305.jar
  - /tmp/run_evosuite.pl_85591_1546836268/lib/protobuf-java.jar
  - /tmp/run_evosuite.pl_85591_1546836268/build/lib/rhino.jar
  - /tmp/run_evosuite.pl_85591_1546836268/lib/ant.jar
* Finished analyzing classpath
* Generating tests for class com.google.javascript.jscomp.SourceFile
* Test criterion:
  - Branch Coverage
* Setting up search algorithm for whole suite generation
* Total number of test goals: 78
* Using seed 1000
* Starting evolution
* Search finished after 59s and 115 generations, 75158 statements, best individual has fitness: 0.0
* Minimizing test suite
* Going to analyze the coverage criteria
* Coverage analysis for criterion BRANCH
* Coverage of criterion BRANCH: 100%
* Total number of goals: 78
* Number of covered goals: 78
* Generated 29 tests with total length 100
* Resulting test suite's coverage: 100%
* Generating assertions
* Resulting test suite's mutation score: 48%
* Writing JUnit test case 'SourceFile_ESTest' to evosuite-branch
* Done!

* Computation finished
