* EvoSuite 1.0.6
* Going to generate test cases for class: com.google.javascript.jscomp.TypeInference
* Starting client
* Connecting to master process on port 18539
* Analyzing classpath: 
  - /tmp/run_evosuite.pl_193978_1545821682/build/classes
  - /tmp/run_evosuite.pl_193978_1545821682/lib/args4j.jar
  - /tmp/run_evosuite.pl_193978_1545821682/lib/guava.jar
  - /tmp/run_evosuite.pl_193978_1545821682/lib/json.jar
  - /tmp/run_evosuite.pl_193978_1545821682/lib/jsr305.jar
  - /tmp/run_evosuite.pl_193978_1545821682/lib/protobuf-java.jar
  - /tmp/run_evosuite.pl_193978_1545821682/build/lib/rhino.jar
  - /tmp/run_evosuite.pl_193978_1545821682/lib/ant.jar
* Finished analyzing classpath
* Generating tests for class com.google.javascript.jscomp.TypeInference
* Test criterion:
  - Branch Coverage
* Setting up search algorithm for whole suite generation
* Total number of test goals: 771
* Using seed 2000
* Starting evolution
[MASTER] 02:55:06.608 [logback-2] ERROR TestCluster - Failed to check cache for java.util.Comparator<T> : Type points to itself
[MASTER] 02:56:19.913 [logback-2] ERROR FunctionalMockStatement - Cannot use Mockito on class com.google.javascript.rhino.jstype.StringType due to IAE: tried to access class com.google.javascript.rhino.jstype.ValueType from class com.google.javascript.rhino.jstype.StringType$MockitoMock$498784629
* Search finished after 102s and 143 generations, 42599 statements, best individual has fitness: 808.0
* Minimizing test suite
* Going to analyze the coverage criteria
* Coverage analysis for criterion BRANCH
* Coverage of criterion BRANCH: 0%
* Total number of goals: 771
* Number of covered goals: 2
* Generated 2 tests with total length 4
* Resulting test suite's coverage: 0%
* Generating assertions
* Resulting test suite's mutation score: 0%
* Permissions denied during test execution: 
  - java.lang.RuntimePermission: 
         writeFileDescriptor: 6
* Writing JUnit test case 'TypeInference_ESTest' to evosuite-branch
* Done!

* Computation finished
