* EvoSuite 1.0.6
* Going to generate test cases for class: com.google.javascript.jscomp.ClosureCodingConvention
* Starting client
* Connecting to master process on port 19758
* Analyzing classpath: 
  - /tmp/run_evosuite.pl_236661_1546680028/build/classes
  - /tmp/run_evosuite.pl_236661_1546680028/lib/args4j.jar
  - /tmp/run_evosuite.pl_236661_1546680028/lib/guava.jar
  - /tmp/run_evosuite.pl_236661_1546680028/lib/json.jar
  - /tmp/run_evosuite.pl_236661_1546680028/lib/jsr305.jar
  - /tmp/run_evosuite.pl_236661_1546680028/lib/protobuf-java.jar
  - /tmp/run_evosuite.pl_236661_1546680028/build/lib/rhino.jar
  - /tmp/run_evosuite.pl_236661_1546680028/lib/ant.jar
* Finished analyzing classpath
* Generating tests for class com.google.javascript.jscomp.ClosureCodingConvention
* Test criterion:
  - Branch Coverage
* Setting up search algorithm for whole suite generation
* Total number of test goals: 117
* Using seed 4000
* Starting evolution
[MASTER] 01:20:42.854 [logback-2] ERROR TestCluster - Failed to check cache for com.google.javascript.jscomp.ControlFlowGraph<N> : Type points to itself
* Search finished after 101s and 861 generations, 261667 statements, best individual has fitness: 84.74999999853665
* Minimizing test suite
* Going to analyze the coverage criteria
* Coverage analysis for criterion BRANCH
* Coverage of criterion BRANCH: 26%
* Total number of goals: 117
* Number of covered goals: 31
* Generated 23 tests with total length 97
* Resulting test suite's coverage: 26%
* Generating assertions
* Resulting test suite's mutation score: 5%
* Permissions denied during test execution: 
  - java.lang.RuntimePermission: 
         writeFileDescriptor: 21
* Writing JUnit test case 'ClosureCodingConvention_ESTest' to evosuite-branch
* Done!

* Computation finished
