* EvoSuite 1.0.6
* Going to generate test cases for class: com.google.javascript.jscomp.PeepholeSubstituteAlternateSyntax
* Starting client
* Connecting to master process on port 2830
* Analyzing classpath: 
  - /tmp/run_evosuite.pl_70797_1546619617/build/classes
  - /tmp/run_evosuite.pl_70797_1546619617/lib/args4j.jar
  - /tmp/run_evosuite.pl_70797_1546619617/lib/guava.jar
  - /tmp/run_evosuite.pl_70797_1546619617/lib/json.jar
  - /tmp/run_evosuite.pl_70797_1546619617/lib/jsr305.jar
  - /tmp/run_evosuite.pl_70797_1546619617/lib/protobuf-java.jar
  - /tmp/run_evosuite.pl_70797_1546619617/build/lib/rhino.jar
  - /tmp/run_evosuite.pl_70797_1546619617/lib/ant.jar
* Finished analyzing classpath
* Generating tests for class com.google.javascript.jscomp.PeepholeSubstituteAlternateSyntax
* Test criterion:
  - Branch Coverage
* Setting up search algorithm for whole suite generation
* Total number of test goals: 621
* Using seed 3000
* Starting evolution
[MASTER] 08:33:59.778 [logback-2] ERROR TestCluster - Failed to check cache for java.util.Enumeration<E> : Type points to itself
* Search finished after 103s and 472 generations, 146002 statements, best individual has fitness: 511.9845688585608
* Minimizing test suite
* Going to analyze the coverage criteria
* Coverage analysis for criterion BRANCH
* Coverage of criterion BRANCH: 19%
* Total number of goals: 621
* Number of covered goals: 119
* Generated 37 tests with total length 126
* Resulting test suite's coverage: 19%
* Generating assertions
* Resulting test suite's mutation score: 5%
* Permissions denied during test execution: 
  - java.lang.RuntimePermission: 
         writeFileDescriptor: 5
* Writing JUnit test case 'PeepholeSubstituteAlternateSyntax_ESTest' to evosuite-branch
* Done!

* Computation finished
