* EvoSuite 1.0.6
* Going to generate test cases for class: com.google.javascript.jscomp.UnreachableCodeElimination
* Starting client
* Connecting to master process on port 14953
* Analyzing classpath: 
  - /tmp/run_evosuite.pl_97739_1546840094/build/classes
  - /tmp/run_evosuite.pl_97739_1546840094/lib/ant-launcher.jar
  - /tmp/run_evosuite.pl_97739_1546840094/lib/ant.jar
  - /tmp/run_evosuite.pl_97739_1546840094/lib/args4j.jar
  - /tmp/run_evosuite.pl_97739_1546840094/lib/caja-r4314.jar
  - /tmp/run_evosuite.pl_97739_1546840094/lib/guava.jar
  - /tmp/run_evosuite.pl_97739_1546840094/lib/json.jar
  - /tmp/run_evosuite.pl_97739_1546840094/lib/jsr305.jar
  - /tmp/run_evosuite.pl_97739_1546840094/lib/junit.jar
  - /tmp/run_evosuite.pl_97739_1546840094/lib/libtrunk_rhino_parser_jarjared.jar
  - /tmp/run_evosuite.pl_97739_1546840094/lib/protobuf-java.jar
* Finished analyzing classpath
* Generating tests for class com.google.javascript.jscomp.UnreachableCodeElimination
* Test criterion:
  - Branch Coverage
* Setting up search algorithm for whole suite generation
* Total number of test goals: 68
* Using seed 1000
* Starting evolution
[MASTER] 21:48:27.807 [logback-2] ERROR TestCluster - Failed to check cache for java.util.Comparator<T> : Type points to itself
* Search finished after 101s and 632 generations, 221722 statements, best individual has fitness: 10.341496598639456
* Minimizing test suite
* Going to analyze the coverage criteria
* Coverage analysis for criterion BRANCH
* Coverage of criterion BRANCH: 78%
* Total number of goals: 68
* Number of covered goals: 53
* Generated 11 tests with total length 70
* Resulting test suite's coverage: 79%
* Generating assertions
* Resulting test suite's mutation score: 60%
* Permissions denied during test execution: 
  - java.lang.RuntimePermission: 
         writeFileDescriptor: 10
* Writing JUnit test case 'UnreachableCodeElimination_ESTest' to evosuite-branch
* Done!

* Computation finished
