* EvoSuite 1.0.6
* Going to generate test cases for class: com.google.javascript.jscomp.NodeUtil
* Starting client
* Connecting to master process on port 2830
* Analyzing classpath: 
  - /tmp/run_evosuite.pl_19386_1546603451/build/classes
  - /tmp/run_evosuite.pl_19386_1546603451/lib/args4j.jar
  - /tmp/run_evosuite.pl_19386_1546603451/lib/guava.jar
  - /tmp/run_evosuite.pl_19386_1546603451/lib/json.jar
  - /tmp/run_evosuite.pl_19386_1546603451/lib/jsr305.jar
  - /tmp/run_evosuite.pl_19386_1546603451/lib/protobuf-java.jar
  - /tmp/run_evosuite.pl_19386_1546603451/build/lib/rhino.jar
  - /tmp/run_evosuite.pl_19386_1546603451/lib/ant.jar
* Finished analyzing classpath
* Generating tests for class com.google.javascript.jscomp.NodeUtil
* Test criterion:
  - Branch Coverage
* Setting up search algorithm for whole suite generation
* Total number of test goals: 2707
* Using seed 3000
* Starting evolution
[MASTER] 04:04:59.997 [logback-2] ERROR ClientNodeImpl - Cannot inform master of change of state
java.rmi.MarshalException: error marshalling arguments; nested exception is: 
	java.net.SocketException: Broken pipe (Write failed)
	at sun.rmi.server.UnicastRef.invoke(UnicastRef.java:157) ~[na:1.8.0_191]
	at java.rmi.server.RemoteObjectInvocationHandler.invokeRemoteMethod(RemoteObjectInvocationHandler.java:227) ~[na:1.8.0_191]
	at java.rmi.server.RemoteObjectInvocationHandler.invoke(RemoteObjectInvocationHandler.java:179) ~[na:1.8.0_191]
	at com.sun.proxy.$Proxy7.evosuite_collectStatistics(Unknown Source) ~[na:na]
	at org.evosuite.rmi.service.ClientNodeImpl.updateStatistics(ClientNodeImpl.java:237) ~[evosuite-current.jar:1.0.6]
	at org.evosuite.statistics.StatisticsSender.sendIndividualToMaster(StatisticsSender.java:68) [evosuite-current.jar:1.0.6]
	at org.evosuite.statistics.StatisticsListener$1.run(StatisticsListener.java:71) [evosuite-current.jar:1.0.6]
Caused by: java.net.SocketException: Broken pipe (Write failed)
	at java.net.SocketOutputStream.socketWrite0(Native Method) ~[na:1.8.0_191]
	at java.net.SocketOutputStream.socketWrite(SocketOutputStream.java:111) ~[na:1.8.0_191]
	at java.net.SocketOutputStream.write(SocketOutputStream.java:155) ~[na:1.8.0_191]
	at java.io.BufferedOutputStream.flushBuffer(BufferedOutputStream.java:82) ~[na:1.8.0_191]
	at java.io.BufferedOutputStream.write(BufferedOutputStream.java:126) ~[na:1.8.0_191]
	at java.io.ObjectOutputStream$BlockDataOutputStream.drain(ObjectOutputStream.java:1877) ~[na:1.8.0_191]
	at java.io.ObjectOutputStream$BlockDataOutputStream.setBlockDataMode(ObjectOutputStream.java:1786) ~[na:1.8.0_191]
	at java.io.ObjectOutputStream.writeNonProxyDesc(ObjectOutputStream.java:1286) ~[na:1.8.0_191]
	at java.io.ObjectOutputStream.writeClassDesc(ObjectOutputStream.java:1231) ~[na:1.8.0_191]
	at java.io.ObjectOutputStream.writeOrdinaryObject(ObjectOutputStream.java:1427) ~[na:1.8.0_191]
	at java.io.ObjectOutputStream.writeObject0(ObjectOutputStream.java:1178) ~[na:1.8.0_191]
	at java.io.ObjectOutputStream.writeFatalException(ObjectOutputStream.java:1577) ~[na:1.8.0_191]
	at java.io.ObjectOutputStream.writeObject(ObjectOutputStream.java:351) ~[na:1.8.0_191]
	at sun.rmi.server.UnicastRef.marshalValue(UnicastRef.java:290) ~[na:1.8.0_191]
	at sun.rmi.server.UnicastRef.invoke(UnicastRef.java:152) ~[na:1.8.0_191]
	... 6 common frames omitted
[MASTER] 04:05:01.154 [logback-2] ERROR ClientNodeImpl - Cannot inform master of change of state
java.rmi.MarshalException: error marshalling arguments; nested exception is: 
	java.net.SocketException: Broken pipe (Write failed)
	at sun.rmi.server.UnicastRef.invoke(UnicastRef.java:157) ~[na:1.8.0_191]
	at java.rmi.server.RemoteObjectInvocationHandler.invokeRemoteMethod(RemoteObjectInvocationHandler.java:227) ~[na:1.8.0_191]
	at java.rmi.server.RemoteObjectInvocationHandler.invoke(RemoteObjectInvocationHandler.java:179) ~[na:1.8.0_191]
	at com.sun.proxy.$Proxy7.evosuite_collectStatistics(Unknown Source) ~[na:na]
	at org.evosuite.rmi.service.ClientNodeImpl.updateStatistics(ClientNodeImpl.java:237) ~[evosuite-current.jar:1.0.6]
	at org.evosuite.statistics.StatisticsSender.sendIndividualToMaster(StatisticsSender.java:68) [evosuite-current.jar:1.0.6]
	at org.evosuite.statistics.StatisticsListener$1.run(StatisticsListener.java:71) [evosuite-current.jar:1.0.6]
Caused by: java.net.SocketException: Broken pipe (Write failed)
	at java.net.SocketOutputStream.socketWrite0(Native Method) ~[na:1.8.0_191]
	at java.net.SocketOutputStream.socketWrite(SocketOutputStream.java:111) ~[na:1.8.0_191]
	at java.net.SocketOutputStream.write(SocketOutputStream.java:155) ~[na:1.8.0_191]
	at java.io.BufferedOutputStream.flushBuffer(BufferedOutputStream.java:82) ~[na:1.8.0_191]
	at java.io.BufferedOutputStream.write(BufferedOutputStream.java:126) ~[na:1.8.0_191]
	at java.io.ObjectOutputStream$BlockDataOutputStream.drain(ObjectOutputStream.java:1877) ~[na:1.8.0_191]
	at java.io.ObjectOutputStream$BlockDataOutputStream.setBlockDataMode(ObjectOutputStream.java:1786) ~[na:1.8.0_191]
	at java.io.ObjectOutputStream.writeNonProxyDesc(ObjectOutputStream.java:1286) ~[na:1.8.0_191]
	at java.io.ObjectOutputStream.writeClassDesc(ObjectOutputStream.java:1231) ~[na:1.8.0_191]
	at java.io.ObjectOutputStream.writeOrdinaryObject(ObjectOutputStream.java:1427) ~[na:1.8.0_191]
	at java.io.ObjectOutputStream.writeObject0(ObjectOutputStream.java:1178) ~[na:1.8.0_191]
	at java.io.ObjectOutputStream.writeFatalException(ObjectOutputStream.java:1577) ~[na:1.8.0_191]
	at java.io.ObjectOutputStream.writeObject(ObjectOutputStream.java:351) ~[na:1.8.0_191]
	at sun.rmi.server.UnicastRef.marshalValue(UnicastRef.java:290) ~[na:1.8.0_191]
	at sun.rmi.server.UnicastRef.invoke(UnicastRef.java:152) ~[na:1.8.0_191]
	... 6 common frames omitted
[MASTER] 04:05:28.311 [logback-2] ERROR ClientNodeImpl - Cannot inform master of change of state
java.rmi.MarshalException: error marshalling arguments; nested exception is: 
	java.net.SocketException: Broken pipe (Write failed)
	at sun.rmi.server.UnicastRef.invoke(UnicastRef.java:157) ~[na:1.8.0_191]
	at java.rmi.server.RemoteObjectInvocationHandler.invokeRemoteMethod(RemoteObjectInvocationHandler.java:227) ~[na:1.8.0_191]
	at java.rmi.server.RemoteObjectInvocationHandler.invoke(RemoteObjectInvocationHandler.java:179) ~[na:1.8.0_191]
	at com.sun.proxy.$Proxy7.evosuite_collectStatistics(Unknown Source) ~[na:na]
	at org.evosuite.rmi.service.ClientNodeImpl.updateStatistics(ClientNodeImpl.java:237) ~[evosuite-current.jar:1.0.6]
	at org.evosuite.statistics.StatisticsSender.sendIndividualToMaster(StatisticsSender.java:68) [evosuite-current.jar:1.0.6]
	at org.evosuite.statistics.StatisticsListener$1.run(StatisticsListener.java:71) [evosuite-current.jar:1.0.6]
Caused by: java.net.SocketException: Broken pipe (Write failed)
	at java.net.SocketOutputStream.socketWrite0(Native Method) ~[na:1.8.0_191]
	at java.net.SocketOutputStream.socketWrite(SocketOutputStream.java:111) ~[na:1.8.0_191]
	at java.net.SocketOutputStream.write(SocketOutputStream.java:155) ~[na:1.8.0_191]
	at java.io.BufferedOutputStream.flushBuffer(BufferedOutputStream.java:82) ~[na:1.8.0_191]
	at java.io.BufferedOutputStream.write(BufferedOutputStream.java:126) ~[na:1.8.0_191]
	at java.io.ObjectOutputStream$BlockDataOutputStream.writeBlockHeader(ObjectOutputStream.java:1890) ~[na:1.8.0_191]
	at java.io.ObjectOutputStream$BlockDataOutputStream.drain(ObjectOutputStream.java:1875) ~[na:1.8.0_191]
	at java.io.ObjectOutputStream$BlockDataOutputStream.setBlockDataMode(ObjectOutputStream.java:1786) ~[na:1.8.0_191]
	at java.io.ObjectOutputStream.writeFatalException(ObjectOutputStream.java:1574) ~[na:1.8.0_191]
	at java.io.ObjectOutputStream.writeObject(ObjectOutputStream.java:351) ~[na:1.8.0_191]
	at sun.rmi.server.UnicastRef.marshalValue(UnicastRef.java:290) ~[na:1.8.0_191]
	at sun.rmi.server.UnicastRef.invoke(UnicastRef.java:152) ~[na:1.8.0_191]
	... 6 common frames omitted
[MASTER] 04:05:39.592 [logback-2] ERROR ClientNodeImpl - Cannot inform master of change of state
java.rmi.MarshalException: error marshalling arguments; nested exception is: 
	java.net.SocketException: Broken pipe (Write failed)
	at sun.rmi.server.UnicastRef.invoke(UnicastRef.java:157) ~[na:1.8.0_191]
	at java.rmi.server.RemoteObjectInvocationHandler.invokeRemoteMethod(RemoteObjectInvocationHandler.java:227) ~[na:1.8.0_191]
	at java.rmi.server.RemoteObjectInvocationHandler.invoke(RemoteObjectInvocationHandler.java:179) ~[na:1.8.0_191]
	at com.sun.proxy.$Proxy7.evosuite_collectStatistics(Unknown Source) ~[na:na]
	at org.evosuite.rmi.service.ClientNodeImpl.updateStatistics(ClientNodeImpl.java:237) ~[evosuite-current.jar:1.0.6]
	at org.evosuite.statistics.StatisticsSender.sendIndividualToMaster(StatisticsSender.java:68) [evosuite-current.jar:1.0.6]
	at org.evosuite.statistics.StatisticsListener$1.run(StatisticsListener.java:71) [evosuite-current.jar:1.0.6]
Caused by: java.net.SocketException: Broken pipe (Write failed)
	at java.net.SocketOutputStream.socketWrite0(Native Method) ~[na:1.8.0_191]
	at java.net.SocketOutputStream.socketWrite(SocketOutputStream.java:111) ~[na:1.8.0_191]
	at java.net.SocketOutputStream.write(SocketOutputStream.java:155) ~[na:1.8.0_191]
	at java.io.BufferedOutputStream.flushBuffer(BufferedOutputStream.java:82) ~[na:1.8.0_191]
	at java.io.BufferedOutputStream.write(BufferedOutputStream.java:126) ~[na:1.8.0_191]
	at java.io.ObjectOutputStream$BlockDataOutputStream.drain(ObjectOutputStream.java:1877) ~[na:1.8.0_191]
	at java.io.ObjectOutputStream$BlockDataOutputStream.setBlockDataMode(ObjectOutputStream.java:1786) ~[na:1.8.0_191]
	at java.io.ObjectOutputStream.writeNonProxyDesc(ObjectOutputStream.java:1286) ~[na:1.8.0_191]
	at java.io.ObjectOutputStream.writeClassDesc(ObjectOutputStream.java:1231) ~[na:1.8.0_191]
	at java.io.ObjectOutputStream.writeOrdinaryObject(ObjectOutputStream.java:1427) ~[na:1.8.0_191]
	at java.io.ObjectOutputStream.writeObject0(ObjectOutputStream.java:1178) ~[na:1.8.0_191]
	at java.io.ObjectOutputStream.writeFatalException(ObjectOutputStream.java:1577) ~[na:1.8.0_191]
	at java.io.ObjectOutputStream.writeObject(ObjectOutputStream.java:351) ~[na:1.8.0_191]
	at sun.rmi.server.UnicastRef.marshalValue(UnicastRef.java:290) ~[na:1.8.0_191]
	at sun.rmi.server.UnicastRef.invoke(UnicastRef.java:152) ~[na:1.8.0_191]
	... 6 common frames omitted
[MASTER] 04:05:41.508 [logback-2] ERROR ClientNodeImpl - Cannot inform master of change of state
java.rmi.MarshalException: error marshalling arguments; nested exception is: 
	java.net.SocketException: Broken pipe (Write failed)
	at sun.rmi.server.UnicastRef.invoke(UnicastRef.java:157) ~[na:1.8.0_191]
	at java.rmi.server.RemoteObjectInvocationHandler.invokeRemoteMethod(RemoteObjectInvocationHandler.java:227) ~[na:1.8.0_191]
	at java.rmi.server.RemoteObjectInvocationHandler.invoke(RemoteObjectInvocationHandler.java:179) ~[na:1.8.0_191]
	at com.sun.proxy.$Proxy7.evosuite_collectStatistics(Unknown Source) ~[na:na]
	at org.evosuite.rmi.service.ClientNodeImpl.updateStatistics(ClientNodeImpl.java:237) ~[evosuite-current.jar:1.0.6]
	at org.evosuite.statistics.StatisticsSender.sendIndividualToMaster(StatisticsSender.java:68) [evosuite-current.jar:1.0.6]
	at org.evosuite.statistics.StatisticsListener$1.run(StatisticsListener.java:71) [evosuite-current.jar:1.0.6]
Caused by: java.net.SocketException: Broken pipe (Write failed)
	at java.net.SocketOutputStream.socketWrite0(Native Method) ~[na:1.8.0_191]
	at java.net.SocketOutputStream.socketWrite(SocketOutputStream.java:111) ~[na:1.8.0_191]
	at java.net.SocketOutputStream.write(SocketOutputStream.java:155) ~[na:1.8.0_191]
	at java.io.BufferedOutputStream.flushBuffer(BufferedOutputStream.java:82) ~[na:1.8.0_191]
	at java.io.BufferedOutputStream.write(BufferedOutputStream.java:126) ~[na:1.8.0_191]
	at java.io.ObjectOutputStream$BlockDataOutputStream.drain(ObjectOutputStream.java:1877) ~[na:1.8.0_191]
	at java.io.ObjectOutputStream$BlockDataOutputStream.setBlockDataMode(ObjectOutputStream.java:1786) ~[na:1.8.0_191]
	at java.io.ObjectOutputStream.writeNonProxyDesc(ObjectOutputStream.java:1286) ~[na:1.8.0_191]
	at java.io.ObjectOutputStream.writeClassDesc(ObjectOutputStream.java:1231) ~[na:1.8.0_191]
	at java.io.ObjectOutputStream.writeOrdinaryObject(ObjectOutputStream.java:1427) ~[na:1.8.0_191]
	at java.io.ObjectOutputStream.writeObject0(ObjectOutputStream.java:1178) ~[na:1.8.0_191]
	at java.io.ObjectOutputStream.writeFatalException(ObjectOutputStream.java:1577) ~[na:1.8.0_191]
	at java.io.ObjectOutputStream.writeObject(ObjectOutputStream.java:351) ~[na:1.8.0_191]
	at sun.rmi.server.UnicastRef.marshalValue(UnicastRef.java:290) ~[na:1.8.0_191]
	at sun.rmi.server.UnicastRef.invoke(UnicastRef.java:152) ~[na:1.8.0_191]
	... 6 common frames omitted
* Search finished after 101s and 185 generations, 76920 statements, best individual has fitness: 1072.0791494974917
* Minimizing test suite
* Going to analyze the coverage criteria
* Coverage analysis for criterion BRANCH
* Coverage of criterion BRANCH: 52%
* Total number of goals: 2707
* Number of covered goals: 1411
* Generated 239 tests with total length 489
* Resulting test suite's coverage: 52%
* Generating assertions
* Resulting test suite's mutation score: 21%
* Permissions denied during test execution: 
  - java.lang.RuntimePermission: 
         writeFileDescriptor: 6
* Writing JUnit test case 'NodeUtil_ESTest' to evosuite-branch
* Done!

* Computation finished
