* EvoSuite 1.0.6
* Going to generate test cases for class: com.google.javascript.jscomp.ClosureCodingConvention
* Starting client
* Connecting to master process on port 2830
* Analyzing classpath: 
  - /tmp/run_evosuite.pl_41223_1546609753/build/classes
  - /tmp/run_evosuite.pl_41223_1546609753/lib/args4j.jar
  - /tmp/run_evosuite.pl_41223_1546609753/lib/guava.jar
  - /tmp/run_evosuite.pl_41223_1546609753/lib/json.jar
  - /tmp/run_evosuite.pl_41223_1546609753/lib/jsr305.jar
  - /tmp/run_evosuite.pl_41223_1546609753/lib/protobuf-java.jar
  - /tmp/run_evosuite.pl_41223_1546609753/build/lib/rhino.jar
  - /tmp/run_evosuite.pl_41223_1546609753/lib/ant.jar
* Finished analyzing classpath
* Generating tests for class com.google.javascript.jscomp.ClosureCodingConvention
* Test criterion:
  - Branch Coverage
* Setting up search algorithm for whole suite generation
* Total number of test goals: 117
* Using seed 3000
* Starting evolution
[MASTER] 05:49:28.523 [logback-2] ERROR TestCluster - Failed to check cache for java.util.Enumeration<E> : Type points to itself
* Search finished after 101s and 833 generations, 251076 statements, best individual has fitness: 80.74999999807099
* Minimizing test suite
* Going to analyze the coverage criteria
* Coverage analysis for criterion BRANCH
* Coverage of criterion BRANCH: 30%
* Total number of goals: 117
* Number of covered goals: 35
* Generated 24 tests with total length 103
* Resulting test suite's coverage: 30%
* Generating assertions
* Resulting test suite's mutation score: 10%
* Permissions denied during test execution: 
  - java.lang.RuntimePermission: 
         writeFileDescriptor: 14
* Writing JUnit test case 'ClosureCodingConvention_ESTest' to evosuite-branch
* Done!

* Computation finished
