* EvoSuite 1.0.6
* Going to generate test cases for class: com.google.javascript.jscomp.parsing.JsDocInfoParser
* Starting client
* Connecting to master process on port 2830
* Analyzing classpath: 
  - /tmp/run_evosuite.pl_32309_1546606227/build/classes
  - /tmp/run_evosuite.pl_32309_1546606227/lib/args4j.jar
  - /tmp/run_evosuite.pl_32309_1546606227/lib/guava.jar
  - /tmp/run_evosuite.pl_32309_1546606227/lib/json.jar
  - /tmp/run_evosuite.pl_32309_1546606227/lib/jsr305.jar
  - /tmp/run_evosuite.pl_32309_1546606227/lib/protobuf-java.jar
  - /tmp/run_evosuite.pl_32309_1546606227/build/lib/rhino.jar
  - /tmp/run_evosuite.pl_32309_1546606227/lib/ant.jar
* Finished analyzing classpath
* Generating tests for class com.google.javascript.jscomp.parsing.JsDocInfoParser
* Test criterion:
  - Branch Coverage
* Setting up search algorithm for whole suite generation
* Total number of test goals: 753
* Using seed 3000
* Starting evolution
[MASTER] 04:50:41.927 [logback-1] WARN  TestUsageChecker - class com.google.javascript.rhino.head.ContextFactory$1GlobalSetterImpl looks like an anonymous class, ignoring it (although reflection says false) GlobalSetterImpl
[MASTER] 04:50:51.669 [logback-2] ERROR FunctionalMockStatement - IAE on <public abstract boolean com.google.javascript.rhino.head.ast.NodeVisitor.visit(com.google.javascript.rhino.head.ast.AstNode)> when called with [[]]
[MASTER] 04:50:52.028 [logback-2] ERROR FunctionalMockStatement - Cannot use Mockito on interface com.google.javascript.rhino.head.ast.NodeVisitor due to IAE: 
Misplaced or misused argument matcher detected here:

-> at org.evosuite.testcase.fm.MethodDescriptor.executeMatcher(MethodDescriptor.java:245)

You cannot use argument matchers outside of verification or stubbing.
Examples of correct usage of argument matchers:
    when(mock.get(anyInt())).thenReturn(null);
    doThrow(new RuntimeException()).when(mock).someVoidMethod(anyObject());
    verify(mock).someMethod(contains("foo"))

This message may appear after an NullPointerException if the last matcher is returning an object 
like any() but the stubbed method signature expect a primitive argument, in this case,
use primitive alternatives.
    when(mock.get(any())); // bad use, will raise NPE
    when(mock.get(anyInt())); // correct usage use

Also, this error might show up because you use argument matchers with methods that cannot be mocked.
Following methods *cannot* be stubbed/verified: final/private/equals()/hashCode().
Mocking methods declared on non-public parent classes is not supported.

[MASTER] 04:50:52.371 [logback-2] ERROR FunctionalMockStatement - IAE on <public abstract boolean com.google.javascript.rhino.head.ast.NodeVisitor.visit(com.google.javascript.rhino.head.ast.AstNode)> when called with [[]]
[MASTER] 04:50:52.443 [logback-2] ERROR FunctionalMockStatement - Cannot use Mockito on interface java.beans.PropertyChangeListener due to IAE: 
Misplaced or misused argument matcher detected here:

-> at org.evosuite.testcase.fm.MethodDescriptor.executeMatcher(MethodDescriptor.java:245)

You cannot use argument matchers outside of verification or stubbing.
Examples of correct usage of argument matchers:
    when(mock.get(anyInt())).thenReturn(null);
    doThrow(new RuntimeException()).when(mock).someVoidMethod(anyObject());
    verify(mock).someMethod(contains("foo"))

This message may appear after an NullPointerException if the last matcher is returning an object 
like any() but the stubbed method signature expect a primitive argument, in this case,
use primitive alternatives.
    when(mock.get(any())); // bad use, will raise NPE
    when(mock.get(anyInt())); // correct usage use

Also, this error might show up because you use argument matchers with methods that cannot be mocked.
Following methods *cannot* be stubbed/verified: final/private/equals()/hashCode().
Mocking methods declared on non-public parent classes is not supported.

[MASTER] 04:50:52.649 [logback-2] ERROR FunctionalMockStatement - IAE on <public abstract boolean com.google.javascript.rhino.head.ast.NodeVisitor.visit(com.google.javascript.rhino.head.ast.AstNode)> when called with [[]]
[MASTER] 04:50:52.840 [logback-2] ERROR FunctionalMockStatement - IAE on <public abstract boolean com.google.javascript.rhino.head.ast.NodeVisitor.visit(com.google.javascript.rhino.head.ast.AstNode)> when called with [[]]
[MASTER] 04:50:52.879 [logback-2] ERROR FunctionalMockStatement - IAE on <public abstract boolean com.google.javascript.rhino.head.ast.NodeVisitor.visit(com.google.javascript.rhino.head.ast.AstNode)> when called with [[]]
[MASTER] 04:50:52.922 [logback-2] ERROR FunctionalMockStatement - IAE on <public abstract boolean com.google.javascript.rhino.head.ast.NodeVisitor.visit(com.google.javascript.rhino.head.ast.AstNode)> when called with [[]]
[MASTER] 04:50:52.937 [logback-2] ERROR FunctionalMockStatement - IAE on <public abstract boolean com.google.javascript.rhino.head.ast.NodeVisitor.visit(com.google.javascript.rhino.head.ast.AstNode)> when called with [[]]
[MASTER] 04:50:53.135 [logback-2] ERROR FunctionalMockStatement - IAE on <public abstract boolean com.google.javascript.rhino.head.ast.NodeVisitor.visit(com.google.javascript.rhino.head.ast.AstNode)> when called with [[]]
[MASTER] 04:50:53.177 [logback-2] ERROR FunctionalMockStatement - IAE on <public abstract boolean com.google.javascript.rhino.head.ast.NodeVisitor.visit(com.google.javascript.rhino.head.ast.AstNode)> when called with [[]]
[MASTER] 04:50:53.195 [logback-2] ERROR FunctionalMockStatement - IAE on <public abstract boolean com.google.javascript.rhino.head.ast.NodeVisitor.visit(com.google.javascript.rhino.head.ast.AstNode)> when called with [[]]
[MASTER] 04:50:53.288 [logback-2] ERROR FunctionalMockStatement - IAE on <public abstract boolean com.google.javascript.rhino.head.ast.NodeVisitor.visit(com.google.javascript.rhino.head.ast.AstNode)> when called with [[]]
[MASTER] 04:50:53.326 [logback-2] ERROR FunctionalMockStatement - IAE on <public abstract boolean com.google.javascript.rhino.head.ast.NodeVisitor.visit(com.google.javascript.rhino.head.ast.AstNode)> when called with [[]]
[MASTER] 04:50:53.335 [logback-2] ERROR FunctionalMockStatement - IAE on <public abstract boolean com.google.javascript.rhino.head.ast.NodeVisitor.visit(com.google.javascript.rhino.head.ast.AstNode)> when called with [[]]
[MASTER] 04:50:53.367 [logback-2] ERROR FunctionalMockStatement - IAE on <public abstract boolean com.google.javascript.rhino.head.ast.NodeVisitor.visit(com.google.javascript.rhino.head.ast.AstNode)> when called with [[]]
[MASTER] 04:50:53.391 [logback-2] ERROR FunctionalMockStatement - IAE on <public abstract boolean com.google.javascript.rhino.head.ast.NodeVisitor.visit(com.google.javascript.rhino.head.ast.AstNode)> when called with [[]]
[MASTER] 04:50:53.434 [logback-2] ERROR FunctionalMockStatement - IAE on <public abstract boolean com.google.javascript.rhino.head.ast.NodeVisitor.visit(com.google.javascript.rhino.head.ast.AstNode)> when called with [[]]
[MASTER] 04:50:53.508 [logback-2] ERROR FunctionalMockStatement - IAE on <public abstract boolean com.google.javascript.rhino.head.ast.NodeVisitor.visit(com.google.javascript.rhino.head.ast.AstNode)> when called with [[]]
[MASTER] 04:50:53.547 [logback-2] ERROR FunctionalMockStatement - IAE on <public abstract boolean com.google.javascript.rhino.head.ast.NodeVisitor.visit(com.google.javascript.rhino.head.ast.AstNode)> when called with [[]]
[MASTER] 04:50:53.567 [logback-2] ERROR FunctionalMockStatement - IAE on <public abstract boolean com.google.javascript.rhino.head.ast.NodeVisitor.visit(com.google.javascript.rhino.head.ast.AstNode)> when called with [[]]
[MASTER] 04:50:53.603 [logback-2] ERROR FunctionalMockStatement - IAE on <public abstract boolean com.google.javascript.rhino.head.ast.NodeVisitor.visit(com.google.javascript.rhino.head.ast.AstNode)> when called with [[]]
[MASTER] 04:50:53.636 [logback-2] ERROR FunctionalMockStatement - IAE on <public abstract boolean com.google.javascript.rhino.head.ast.NodeVisitor.visit(com.google.javascript.rhino.head.ast.AstNode)> when called with [[]]
[MASTER] 04:50:53.648 [logback-2] ERROR FunctionalMockStatement - IAE on <public abstract boolean com.google.javascript.rhino.head.ast.NodeVisitor.visit(com.google.javascript.rhino.head.ast.AstNode)> when called with [[]]
[MASTER] 04:50:53.675 [logback-2] ERROR FunctionalMockStatement - IAE on <public abstract boolean com.google.javascript.rhino.head.ast.NodeVisitor.visit(com.google.javascript.rhino.head.ast.AstNode)> when called with [[]]
[MASTER] 04:50:53.698 [logback-2] ERROR FunctionalMockStatement - IAE on <public abstract boolean com.google.javascript.rhino.head.ast.NodeVisitor.visit(com.google.javascript.rhino.head.ast.AstNode)> when called with [[]]
[MASTER] 04:50:53.807 [logback-2] ERROR FunctionalMockStatement - IAE on <public abstract boolean com.google.javascript.rhino.head.ast.NodeVisitor.visit(com.google.javascript.rhino.head.ast.AstNode)> when called with [[]]
[MASTER] 04:50:53.821 [logback-2] ERROR FunctionalMockStatement - IAE on <public abstract boolean com.google.javascript.rhino.head.ast.NodeVisitor.visit(com.google.javascript.rhino.head.ast.AstNode)> when called with [[]]
[MASTER] 04:50:53.836 [logback-2] ERROR FunctionalMockStatement - IAE on <public abstract boolean com.google.javascript.rhino.head.ast.NodeVisitor.visit(com.google.javascript.rhino.head.ast.AstNode)> when called with [[]]
[MASTER] 04:50:53.850 [logback-2] ERROR FunctionalMockStatement - IAE on <public abstract boolean com.google.javascript.rhino.head.ast.NodeVisitor.visit(com.google.javascript.rhino.head.ast.AstNode)> when called with [[]]
[MASTER] 04:50:53.860 [logback-2] ERROR FunctionalMockStatement - IAE on <public abstract boolean com.google.javascript.rhino.head.ast.NodeVisitor.visit(com.google.javascript.rhino.head.ast.AstNode)> when called with [[]]
[MASTER] 04:50:53.880 [logback-2] ERROR FunctionalMockStatement - IAE on <public abstract boolean com.google.javascript.rhino.head.ast.NodeVisitor.visit(com.google.javascript.rhino.head.ast.AstNode)> when called with [[]]
[MASTER] 04:50:53.914 [logback-2] ERROR FunctionalMockStatement - IAE on <public abstract boolean com.google.javascript.rhino.head.ast.NodeVisitor.visit(com.google.javascript.rhino.head.ast.AstNode)> when called with [[]]
[MASTER] 04:50:53.937 [logback-2] ERROR FunctionalMockStatement - IAE on <public abstract boolean com.google.javascript.rhino.head.ast.NodeVisitor.visit(com.google.javascript.rhino.head.ast.AstNode)> when called with [[]]
[MASTER] 04:50:53.981 [logback-2] ERROR FunctionalMockStatement - IAE on <public abstract boolean com.google.javascript.rhino.head.ast.NodeVisitor.visit(com.google.javascript.rhino.head.ast.AstNode)> when called with [[]]
[MASTER] 04:50:54.007 [logback-2] ERROR FunctionalMockStatement - IAE on <public abstract boolean com.google.javascript.rhino.head.ast.NodeVisitor.visit(com.google.javascript.rhino.head.ast.AstNode)> when called with [[]]
[MASTER] 04:50:54.159 [logback-2] ERROR FunctionalMockStatement - IAE on <public abstract boolean com.google.javascript.rhino.head.ast.NodeVisitor.visit(com.google.javascript.rhino.head.ast.AstNode)> when called with [[]]
[MASTER] 04:50:54.210 [logback-2] ERROR FunctionalMockStatement - IAE on <public abstract boolean com.google.javascript.rhino.head.ast.NodeVisitor.visit(com.google.javascript.rhino.head.ast.AstNode)> when called with [[]]
[MASTER] 04:50:54.315 [logback-2] ERROR FunctionalMockStatement - IAE on <public abstract boolean com.google.javascript.rhino.head.ast.NodeVisitor.visit(com.google.javascript.rhino.head.ast.AstNode)> when called with [[]]
[MASTER] 04:50:54.347 [logback-2] ERROR FunctionalMockStatement - IAE on <public abstract boolean com.google.javascript.rhino.head.ast.NodeVisitor.visit(com.google.javascript.rhino.head.ast.AstNode)> when called with [[]]
[MASTER] 04:50:54.381 [logback-2] ERROR FunctionalMockStatement - IAE on <public abstract boolean com.google.javascript.rhino.head.ast.NodeVisitor.visit(com.google.javascript.rhino.head.ast.AstNode)> when called with [[]]
[MASTER] 04:50:54.436 [logback-2] ERROR FunctionalMockStatement - IAE on <public abstract boolean com.google.javascript.rhino.head.ast.NodeVisitor.visit(com.google.javascript.rhino.head.ast.AstNode)> when called with [[]]
[MASTER] 04:50:54.471 [logback-2] ERROR FunctionalMockStatement - IAE on <public abstract boolean com.google.javascript.rhino.head.ast.NodeVisitor.visit(com.google.javascript.rhino.head.ast.AstNode)> when called with [[]]
[MASTER] 04:50:54.517 [logback-2] ERROR FunctionalMockStatement - IAE on <public abstract boolean com.google.javascript.rhino.head.ast.NodeVisitor.visit(com.google.javascript.rhino.head.ast.AstNode)> when called with [[]]
[MASTER] 04:50:54.537 [logback-2] ERROR FunctionalMockStatement - IAE on <public abstract boolean com.google.javascript.rhino.head.ast.NodeVisitor.visit(com.google.javascript.rhino.head.ast.AstNode)> when called with [[]]
[MASTER] 04:50:54.574 [logback-2] ERROR FunctionalMockStatement - IAE on <public abstract boolean com.google.javascript.rhino.head.ast.NodeVisitor.visit(com.google.javascript.rhino.head.ast.AstNode)> when called with [[]]
[MASTER] 04:50:54.631 [logback-2] ERROR FunctionalMockStatement - IAE on <public abstract boolean com.google.javascript.rhino.head.ast.NodeVisitor.visit(com.google.javascript.rhino.head.ast.AstNode)> when called with [[]]
[MASTER] 04:50:54.658 [logback-2] ERROR FunctionalMockStatement - IAE on <public abstract boolean com.google.javascript.rhino.head.ast.NodeVisitor.visit(com.google.javascript.rhino.head.ast.AstNode)> when called with [[]]
[MASTER] 04:50:54.773 [logback-2] ERROR FunctionalMockStatement - IAE on <public abstract boolean com.google.javascript.rhino.head.ast.NodeVisitor.visit(com.google.javascript.rhino.head.ast.AstNode)> when called with [[]]
[MASTER] 04:50:54.815 [logback-2] ERROR FunctionalMockStatement - IAE on <public abstract boolean com.google.javascript.rhino.head.ast.NodeVisitor.visit(com.google.javascript.rhino.head.ast.AstNode)> when called with [[]]
[MASTER] 04:50:54.863 [logback-2] ERROR FunctionalMockStatement - IAE on <public abstract boolean com.google.javascript.rhino.head.ast.NodeVisitor.visit(com.google.javascript.rhino.head.ast.AstNode)> when called with [[]]
[MASTER] 04:50:54.895 [logback-2] ERROR FunctionalMockStatement - IAE on <public abstract boolean com.google.javascript.rhino.head.ast.NodeVisitor.visit(com.google.javascript.rhino.head.ast.AstNode)> when called with [[]]
[MASTER] 04:50:54.908 [logback-2] ERROR FunctionalMockStatement - IAE on <public abstract boolean com.google.javascript.rhino.head.ast.NodeVisitor.visit(com.google.javascript.rhino.head.ast.AstNode)> when called with [[]]
[MASTER] 04:50:54.916 [logback-2] ERROR FunctionalMockStatement - Cannot use Mockito on interface java.util.function.Consumer due to IAE: 
Misplaced or misused argument matcher detected here:

-> at org.evosuite.testcase.fm.MethodDescriptor.executeMatcher(MethodDescriptor.java:245)

You cannot use argument matchers outside of verification or stubbing.
Examples of correct usage of argument matchers:
    when(mock.get(anyInt())).thenReturn(null);
    doThrow(new RuntimeException()).when(mock).someVoidMethod(anyObject());
    verify(mock).someMethod(contains("foo"))

This message may appear after an NullPointerException if the last matcher is returning an object 
like any() but the stubbed method signature expect a primitive argument, in this case,
use primitive alternatives.
    when(mock.get(any())); // bad use, will raise NPE
    when(mock.get(anyInt())); // correct usage use

Also, this error might show up because you use argument matchers with methods that cannot be mocked.
Following methods *cannot* be stubbed/verified: final/private/equals()/hashCode().
Mocking methods declared on non-public parent classes is not supported.

[MASTER] 04:50:54.926 [logback-2] ERROR FunctionalMockStatement - IAE on <public abstract boolean com.google.javascript.rhino.head.ast.NodeVisitor.visit(com.google.javascript.rhino.head.ast.AstNode)> when called with [[]]
[MASTER] 04:50:54.991 [logback-2] ERROR FunctionalMockStatement - IAE on <public abstract boolean com.google.javascript.rhino.head.ast.NodeVisitor.visit(com.google.javascript.rhino.head.ast.AstNode)> when called with [[]]
[MASTER] 04:50:55.065 [logback-2] ERROR FunctionalMockStatement - IAE on <public abstract boolean com.google.javascript.rhino.head.ast.NodeVisitor.visit(com.google.javascript.rhino.head.ast.AstNode)> when called with [[]]
[MASTER] 04:50:55.113 [logback-2] ERROR FunctionalMockStatement - IAE on <public abstract boolean com.google.javascript.rhino.head.ast.NodeVisitor.visit(com.google.javascript.rhino.head.ast.AstNode)> when called with [[]]
[MASTER] 04:50:55.198 [logback-2] ERROR FunctionalMockStatement - IAE on <public abstract boolean com.google.javascript.rhino.head.ast.NodeVisitor.visit(com.google.javascript.rhino.head.ast.AstNode)> when called with [[]]
[MASTER] 04:50:55.245 [logback-2] ERROR FunctionalMockStatement - IAE on <public abstract boolean com.google.javascript.rhino.head.ast.NodeVisitor.visit(com.google.javascript.rhino.head.ast.AstNode)> when called with [[]]
[MASTER] 04:50:55.309 [logback-2] ERROR FunctionalMockStatement - IAE on <public abstract boolean com.google.javascript.rhino.head.ast.NodeVisitor.visit(com.google.javascript.rhino.head.ast.AstNode)> when called with [[]]
[MASTER] 04:50:55.338 [logback-2] ERROR FunctionalMockStatement - IAE on <public abstract boolean com.google.javascript.rhino.head.ast.NodeVisitor.visit(com.google.javascript.rhino.head.ast.AstNode)> when called with [[]]
[MASTER] 04:50:55.374 [logback-2] ERROR FunctionalMockStatement - IAE on <public abstract boolean com.google.javascript.rhino.head.ast.NodeVisitor.visit(com.google.javascript.rhino.head.ast.AstNode)> when called with [[]]
[MASTER] 04:50:55.418 [logback-2] ERROR FunctionalMockStatement - IAE on <public abstract boolean com.google.javascript.rhino.head.ast.NodeVisitor.visit(com.google.javascript.rhino.head.ast.AstNode)> when called with [[]]
[MASTER] 04:50:55.460 [logback-2] ERROR FunctionalMockStatement - IAE on <public abstract boolean com.google.javascript.rhino.head.ast.NodeVisitor.visit(com.google.javascript.rhino.head.ast.AstNode)> when called with [[]]
[MASTER] 04:50:55.534 [logback-2] ERROR FunctionalMockStatement - IAE on <public abstract boolean com.google.javascript.rhino.head.ast.NodeVisitor.visit(com.google.javascript.rhino.head.ast.AstNode)> when called with [[]]
[MASTER] 04:50:55.594 [logback-2] ERROR FunctionalMockStatement - IAE on <public abstract boolean com.google.javascript.rhino.head.ast.NodeVisitor.visit(com.google.javascript.rhino.head.ast.AstNode)> when called with [[]]
[MASTER] 04:50:55.717 [logback-2] ERROR FunctionalMockStatement - IAE on <public abstract boolean com.google.javascript.rhino.head.ast.NodeVisitor.visit(com.google.javascript.rhino.head.ast.AstNode)> when called with [[]]
[MASTER] 04:50:55.745 [logback-2] ERROR FunctionalMockStatement - IAE on <public abstract boolean com.google.javascript.rhino.head.ast.NodeVisitor.visit(com.google.javascript.rhino.head.ast.AstNode)> when called with [[]]
[MASTER] 04:50:55.788 [logback-2] ERROR FunctionalMockStatement - IAE on <public abstract boolean com.google.javascript.rhino.head.ast.NodeVisitor.visit(com.google.javascript.rhino.head.ast.AstNode)> when called with [[]]
[MASTER] 04:50:55.824 [logback-2] ERROR FunctionalMockStatement - IAE on <public abstract boolean com.google.javascript.rhino.head.ast.NodeVisitor.visit(com.google.javascript.rhino.head.ast.AstNode)> when called with [[]]
[MASTER] 04:50:55.910 [logback-2] ERROR FunctionalMockStatement - IAE on <public abstract boolean com.google.javascript.rhino.head.ast.NodeVisitor.visit(com.google.javascript.rhino.head.ast.AstNode)> when called with [[]]
[MASTER] 04:50:55.946 [logback-2] ERROR FunctionalMockStatement - IAE on <public abstract boolean com.google.javascript.rhino.head.ast.NodeVisitor.visit(com.google.javascript.rhino.head.ast.AstNode)> when called with [[]]
[MASTER] 04:50:55.989 [logback-2] ERROR FunctionalMockStatement - IAE on <public abstract boolean com.google.javascript.rhino.head.ast.NodeVisitor.visit(com.google.javascript.rhino.head.ast.AstNode)> when called with [[]]
[MASTER] 04:50:55.992 [logback-2] ERROR FunctionalMockStatement - IAE on <public abstract boolean com.google.javascript.rhino.head.ast.NodeVisitor.visit(com.google.javascript.rhino.head.ast.AstNode)> when called with [[]]
[MASTER] 04:50:56.001 [logback-2] ERROR FunctionalMockStatement - IAE on <public abstract boolean com.google.javascript.rhino.head.ast.NodeVisitor.visit(com.google.javascript.rhino.head.ast.AstNode)> when called with [[]]
[MASTER] 04:50:56.077 [logback-2] ERROR FunctionalMockStatement - IAE on <public abstract boolean com.google.javascript.rhino.head.ast.NodeVisitor.visit(com.google.javascript.rhino.head.ast.AstNode)> when called with [[]]
[MASTER] 04:50:56.149 [logback-2] ERROR FunctionalMockStatement - IAE on <public abstract boolean com.google.javascript.rhino.head.ast.NodeVisitor.visit(com.google.javascript.rhino.head.ast.AstNode)> when called with [[]]
[MASTER] 04:50:56.157 [logback-2] ERROR FunctionalMockStatement - IAE on <public abstract boolean com.google.javascript.rhino.head.ast.NodeVisitor.visit(com.google.javascript.rhino.head.ast.AstNode)> when called with [[]]
[MASTER] 04:50:56.195 [logback-2] ERROR FunctionalMockStatement - IAE on <public abstract boolean com.google.javascript.rhino.head.ast.NodeVisitor.visit(com.google.javascript.rhino.head.ast.AstNode)> when called with [[]]
[MASTER] 04:50:56.216 [logback-2] ERROR FunctionalMockStatement - IAE on <public abstract boolean com.google.javascript.rhino.head.ast.NodeVisitor.visit(com.google.javascript.rhino.head.ast.AstNode)> when called with [[]]
[MASTER] 04:50:56.295 [logback-2] ERROR FunctionalMockStatement - IAE on <public abstract boolean com.google.javascript.rhino.head.ast.NodeVisitor.visit(com.google.javascript.rhino.head.ast.AstNode)> when called with [[]]
[MASTER] 04:50:56.322 [logback-2] ERROR FunctionalMockStatement - IAE on <public abstract boolean com.google.javascript.rhino.head.ast.NodeVisitor.visit(com.google.javascript.rhino.head.ast.AstNode)> when called with [[]]
[MASTER] 04:50:56.373 [logback-2] ERROR FunctionalMockStatement - IAE on <public abstract boolean com.google.javascript.rhino.head.ast.NodeVisitor.visit(com.google.javascript.rhino.head.ast.AstNode)> when called with [[]]
[MASTER] 04:50:56.400 [logback-2] ERROR FunctionalMockStatement - IAE on <public abstract boolean com.google.javascript.rhino.head.ast.NodeVisitor.visit(com.google.javascript.rhino.head.ast.AstNode)> when called with [[]]
[MASTER] 04:50:56.460 [logback-2] ERROR FunctionalMockStatement - IAE on <public abstract boolean com.google.javascript.rhino.head.ast.NodeVisitor.visit(com.google.javascript.rhino.head.ast.AstNode)> when called with [[]]
[MASTER] 04:50:56.604 [logback-2] ERROR FunctionalMockStatement - IAE on <public abstract boolean com.google.javascript.rhino.head.ast.NodeVisitor.visit(com.google.javascript.rhino.head.ast.AstNode)> when called with [[]]
[MASTER] 04:50:56.688 [logback-2] ERROR FunctionalMockStatement - IAE on <public abstract boolean com.google.javascript.rhino.head.ast.NodeVisitor.visit(com.google.javascript.rhino.head.ast.AstNode)> when called with [[]]
[MASTER] 04:50:56.752 [logback-2] ERROR FunctionalMockStatement - IAE on <public abstract boolean com.google.javascript.rhino.head.ast.NodeVisitor.visit(com.google.javascript.rhino.head.ast.AstNode)> when called with [[]]
[MASTER] 04:50:56.765 [logback-2] ERROR FunctionalMockStatement - IAE on <public abstract boolean com.google.javascript.rhino.head.ast.NodeVisitor.visit(com.google.javascript.rhino.head.ast.AstNode)> when called with [[]]
[MASTER] 04:50:56.808 [logback-2] ERROR FunctionalMockStatement - IAE on <public abstract boolean com.google.javascript.rhino.head.ast.NodeVisitor.visit(com.google.javascript.rhino.head.ast.AstNode)> when called with [[]]
[MASTER] 04:50:56.827 [logback-2] ERROR FunctionalMockStatement - IAE on <public abstract boolean com.google.javascript.rhino.head.ast.NodeVisitor.visit(com.google.javascript.rhino.head.ast.AstNode)> when called with [[]]
[MASTER] 04:50:56.982 [logback-2] ERROR FunctionalMockStatement - IAE on <public abstract boolean com.google.javascript.rhino.head.ast.NodeVisitor.visit(com.google.javascript.rhino.head.ast.AstNode)> when called with [[]]
[MASTER] 04:51:10.379 [logback-2] ERROR FunctionalMockStatement - IAE on <public abstract boolean com.google.javascript.rhino.head.ast.NodeVisitor.visit(com.google.javascript.rhino.head.ast.AstNode)> when called with [[]]
[MASTER] 04:51:16.037 [logback-2] ERROR FunctionalMockStatement - IAE on <public abstract boolean com.google.javascript.rhino.head.ast.NodeVisitor.visit(com.google.javascript.rhino.head.ast.AstNode)> when called with [[]]
[MASTER] 04:51:21.585 [logback-2] ERROR FunctionalMockStatement - IAE on <public abstract boolean com.google.javascript.rhino.head.ast.NodeVisitor.visit(com.google.javascript.rhino.head.ast.AstNode)> when called with [[]]
[MASTER] 04:51:21.791 [logback-2] ERROR FunctionalMockStatement - Cannot use Mockito on interface com.google.javascript.rhino.head.ContextListener due to IAE: 
Misplaced or misused argument matcher detected here:

-> at org.evosuite.testcase.fm.MethodDescriptor.executeMatcher(MethodDescriptor.java:245)

You cannot use argument matchers outside of verification or stubbing.
Examples of correct usage of argument matchers:
    when(mock.get(anyInt())).thenReturn(null);
    doThrow(new RuntimeException()).when(mock).someVoidMethod(anyObject());
    verify(mock).someMethod(contains("foo"))

This message may appear after an NullPointerException if the last matcher is returning an object 
like any() but the stubbed method signature expect a primitive argument, in this case,
use primitive alternatives.
    when(mock.get(any())); // bad use, will raise NPE
    when(mock.get(anyInt())); // correct usage use

Also, this error might show up because you use argument matchers with methods that cannot be mocked.
Following methods *cannot* be stubbed/verified: final/private/equals()/hashCode().
Mocking methods declared on non-public parent classes is not supported.

[MASTER] 04:51:21.970 [logback-2] ERROR FunctionalMockStatement - IAE on <public abstract boolean com.google.javascript.rhino.head.ast.NodeVisitor.visit(com.google.javascript.rhino.head.ast.AstNode)> when called with [[]]
[MASTER] 04:51:26.583 [logback-2] ERROR FunctionalMockStatement - IAE on <public abstract boolean com.google.javascript.rhino.head.ast.NodeVisitor.visit(com.google.javascript.rhino.head.ast.AstNode)> when called with [[]]
[MASTER] 04:51:33.385 [logback-2] ERROR FunctionalMockStatement - IAE on <public abstract boolean com.google.javascript.rhino.head.ast.NodeVisitor.visit(com.google.javascript.rhino.head.ast.AstNode)> when called with [[]]
[MASTER] 04:51:34.182 [logback-2] ERROR FunctionalMockStatement - Cannot use Mockito on interface java.util.Comparator due to IAE: 
Misplaced or misused argument matcher detected here:

-> at org.evosuite.testcase.fm.MethodDescriptor.executeMatcher(MethodDescriptor.java:245)

You cannot use argument matchers outside of verification or stubbing.
Examples of correct usage of argument matchers:
    when(mock.get(anyInt())).thenReturn(null);
    doThrow(new RuntimeException()).when(mock).someVoidMethod(anyObject());
    verify(mock).someMethod(contains("foo"))

This message may appear after an NullPointerException if the last matcher is returning an object 
like any() but the stubbed method signature expect a primitive argument, in this case,
use primitive alternatives.
    when(mock.get(any())); // bad use, will raise NPE
    when(mock.get(anyInt())); // correct usage use

Also, this error might show up because you use argument matchers with methods that cannot be mocked.
Following methods *cannot* be stubbed/verified: final/private/equals()/hashCode().
Mocking methods declared on non-public parent classes is not supported.

[MASTER] 04:51:35.374 [logback-2] ERROR FunctionalMockStatement - IAE on <public abstract boolean com.google.javascript.rhino.head.ast.NodeVisitor.visit(com.google.javascript.rhino.head.ast.AstNode)> when called with [[]]
[MASTER] 04:51:52.300 [logback-2] ERROR FunctionalMockStatement - IAE on <public abstract boolean com.google.javascript.rhino.head.ast.NodeVisitor.visit(com.google.javascript.rhino.head.ast.AstNode)> when called with [[]]
[MASTER] 04:52:16.403 [logback-2] ERROR FunctionalMockStatement - IAE on <public abstract boolean com.google.javascript.rhino.head.ast.NodeVisitor.visit(com.google.javascript.rhino.head.ast.AstNode)> when called with [[]]
* Search finished after 102s and 1047 generations, 499263 statements, best individual has fitness: 535.2166666666667
* Minimizing test suite
[MASTER] 04:52:21.544 [logback-2] ERROR FunctionalMockStatement - IAE on <public abstract boolean com.google.javascript.rhino.head.ast.NodeVisitor.visit(com.google.javascript.rhino.head.ast.AstNode)> when called with [[]]
[MASTER] 04:52:21.548 [logback-2] ERROR FunctionalMockStatement - IAE on <public abstract boolean com.google.javascript.rhino.head.ast.NodeVisitor.visit(com.google.javascript.rhino.head.ast.AstNode)> when called with [[]]
[MASTER] 04:52:21.552 [logback-2] ERROR FunctionalMockStatement - IAE on <public abstract boolean com.google.javascript.rhino.head.ast.NodeVisitor.visit(com.google.javascript.rhino.head.ast.AstNode)> when called with [[]]
[MASTER] 04:52:21.556 [logback-2] ERROR FunctionalMockStatement - IAE on <public abstract boolean com.google.javascript.rhino.head.ast.NodeVisitor.visit(com.google.javascript.rhino.head.ast.AstNode)> when called with [[]]
[MASTER] 04:52:21.559 [logback-2] ERROR FunctionalMockStatement - IAE on <public abstract boolean com.google.javascript.rhino.head.ast.NodeVisitor.visit(com.google.javascript.rhino.head.ast.AstNode)> when called with [[]]
[MASTER] 04:52:22.343 [logback-2] ERROR FunctionalMockStatement - IAE on <public abstract boolean com.google.javascript.rhino.head.ast.NodeVisitor.visit(com.google.javascript.rhino.head.ast.AstNode)> when called with [[]]
[MASTER] 04:52:22.345 [logback-2] ERROR FunctionalMockStatement - IAE on <public abstract boolean com.google.javascript.rhino.head.ast.NodeVisitor.visit(com.google.javascript.rhino.head.ast.AstNode)> when called with [[]]
[MASTER] 04:52:22.347 [logback-2] ERROR FunctionalMockStatement - IAE on <public abstract boolean com.google.javascript.rhino.head.ast.NodeVisitor.visit(com.google.javascript.rhino.head.ast.AstNode)> when called with [[]]
[MASTER] 04:52:22.349 [logback-2] ERROR FunctionalMockStatement - IAE on <public abstract boolean com.google.javascript.rhino.head.ast.NodeVisitor.visit(com.google.javascript.rhino.head.ast.AstNode)> when called with [[]]
[MASTER] 04:52:22.351 [logback-2] ERROR FunctionalMockStatement - IAE on <public abstract boolean com.google.javascript.rhino.head.ast.NodeVisitor.visit(com.google.javascript.rhino.head.ast.AstNode)> when called with [[]]
* Going to analyze the coverage criteria
* Coverage analysis for criterion BRANCH
* Coverage of criterion BRANCH: 29%
* Total number of goals: 753
* Number of covered goals: 217
* Generated 47 tests with total length 297
* Resulting test suite's coverage: 29%
* Generating assertions
* Resulting test suite's mutation score: 23%
* Permissions denied during test execution: 
  - java.lang.RuntimePermission: 
         writeFileDescriptor: 13
* Writing JUnit test case 'JsDocInfoParser_ESTest' to evosuite-branch
* Done!

* Computation finished
