* EvoSuite 1.0.6
* Going to generate test cases for class: com.google.javascript.jscomp.CodeGenerator
* Starting client
* Connecting to master process on port 2830
* Analyzing classpath: 
  - /tmp/run_evosuite.pl_32961_1546606485/build/classes
  - /tmp/run_evosuite.pl_32961_1546606485/lib/args4j.jar
  - /tmp/run_evosuite.pl_32961_1546606485/lib/guava.jar
  - /tmp/run_evosuite.pl_32961_1546606485/lib/json.jar
  - /tmp/run_evosuite.pl_32961_1546606485/lib/jsr305.jar
  - /tmp/run_evosuite.pl_32961_1546606485/lib/protobuf-java.jar
  - /tmp/run_evosuite.pl_32961_1546606485/build/lib/rhino.jar
  - /tmp/run_evosuite.pl_32961_1546606485/lib/ant.jar
* Finished analyzing classpath
* Generating tests for class com.google.javascript.jscomp.CodeGenerator
* Test criterion:
  - Branch Coverage
* Setting up search algorithm for whole suite generation
* Total number of test goals: 736
* Using seed 3000
* Starting evolution
* Search finished after 101s and 3148 generations, 546506 statements, best individual has fitness: 645.8999999995343
* Minimizing test suite
* Going to analyze the coverage criteria
* Coverage analysis for criterion BRANCH
* Coverage of criterion BRANCH: 13%
* Total number of goals: 736
* Number of covered goals: 96
* Generated 27 tests with total length 59
* Resulting test suite's coverage: 13%
* Generating assertions
* Resulting test suite's mutation score: 31%
* Permissions denied during test execution: 
  - java.lang.RuntimePermission: 
         writeFileDescriptor: 3
* Writing JUnit test case 'CodeGenerator_ESTest' to evosuite-branch
* Done!

* Computation finished
* EvoSuite 1.0.6
* Going to generate test cases for class: com.google.javascript.jscomp.CodePrinter
* Starting client
* Connecting to master process on port 2830
* Analyzing classpath: 
  - /tmp/run_evosuite.pl_32961_1546606485/build/classes
  - /tmp/run_evosuite.pl_32961_1546606485/lib/args4j.jar
  - /tmp/run_evosuite.pl_32961_1546606485/lib/guava.jar
  - /tmp/run_evosuite.pl_32961_1546606485/lib/json.jar
  - /tmp/run_evosuite.pl_32961_1546606485/lib/jsr305.jar
  - /tmp/run_evosuite.pl_32961_1546606485/lib/protobuf-java.jar
  - /tmp/run_evosuite.pl_32961_1546606485/build/lib/rhino.jar
  - /tmp/run_evosuite.pl_32961_1546606485/lib/ant.jar
* Finished analyzing classpath
* Generating tests for class com.google.javascript.jscomp.CodePrinter
* Test criterion:
  - Branch Coverage
* Setting up search algorithm for whole suite generation
* Total number of test goals: 155
* Using seed 3000
* Starting evolution
* Search finished after 101s and 2373 generations, 651617 statements, best individual has fitness: 86.8
* Minimizing test suite
* Going to analyze the coverage criteria
* Coverage analysis for criterion BRANCH
* Coverage of criterion BRANCH: 45%
* Total number of goals: 155
* Number of covered goals: 70
* Generated 14 tests with total length 64
* Resulting test suite's coverage: 46%
* Generating assertions
* Resulting test suite's mutation score: 6%
* Permissions denied during test execution: 
  - java.lang.RuntimePermission: 
         writeFileDescriptor: 3
* Writing JUnit test case 'CodePrinter_ESTest' to evosuite-branch
* Done!

* Computation finished
