* EvoSuite 1.0.6
* Going to generate test cases for class: com.google.javascript.jscomp.FunctionTypeBuilder
* Starting client
* Connecting to master process on port 18557
* Analyzing classpath: 
  - /tmp/run_evosuite.pl_46561_1546755896/build/classes
  - /tmp/run_evosuite.pl_46561_1546755896/lib/args4j.jar
  - /tmp/run_evosuite.pl_46561_1546755896/lib/guava.jar
  - /tmp/run_evosuite.pl_46561_1546755896/lib/json.jar
  - /tmp/run_evosuite.pl_46561_1546755896/lib/jsr305.jar
  - /tmp/run_evosuite.pl_46561_1546755896/lib/protobuf-java.jar
  - /tmp/run_evosuite.pl_46561_1546755896/build/lib/rhino.jar
  - /tmp/run_evosuite.pl_46561_1546755896/lib/ant.jar
* Finished analyzing classpath
* Generating tests for class com.google.javascript.jscomp.FunctionTypeBuilder
* Test criterion:
  - Branch Coverage
* Setting up search algorithm for whole suite generation
* Total number of test goals: 261
* Using seed 5000
* Starting evolution
* Search finished after 101s and 690 generations, 280637 statements, best individual has fitness: 146.5
* Minimizing test suite
* Going to analyze the coverage criteria
* Coverage analysis for criterion BRANCH
* Coverage of criterion BRANCH: 41%
* Total number of goals: 261
* Number of covered goals: 106
* Generated 31 tests with total length 162
* Resulting test suite's coverage: 41%
* Generating assertions
* Resulting test suite's mutation score: 12%
* Permissions denied during test execution: 
  - java.lang.RuntimePermission: 
         writeFileDescriptor: 6
* Writing JUnit test case 'FunctionTypeBuilder_ESTest' to evosuite-branch
* Done!

* Computation finished
