* EvoSuite 1.0.6
* Going to generate test cases for class: com.google.javascript.jscomp.TypedScopeCreator
* Starting client
* Connecting to master process on port 2830
* Analyzing classpath: 
  - /tmp/run_evosuite.pl_58671_1546614851/build/classes
  - /tmp/run_evosuite.pl_58671_1546614851/lib/ant_deploy.jar
  - /tmp/run_evosuite.pl_58671_1546614851/lib/args4j_deploy.jar
  - /tmp/run_evosuite.pl_58671_1546614851/lib/guava-r06.jar
  - /tmp/run_evosuite.pl_58671_1546614851/lib/hamcrest-core-1.1.jar
  - /tmp/run_evosuite.pl_58671_1546614851/lib/json.jar
  - /tmp/run_evosuite.pl_58671_1546614851/lib/jsr305.jar
  - /tmp/run_evosuite.pl_58671_1546614851/lib/junit.jar
  - /tmp/run_evosuite.pl_58671_1546614851/lib/libtrunk_rhino_parser_jarjared.jar
  - /tmp/run_evosuite.pl_58671_1546614851/lib/protobuf-java-2.3.0.jar
* Finished analyzing classpath
* Generating tests for class com.google.javascript.jscomp.TypedScopeCreator
* Test criterion:
  - Branch Coverage
* Setting up search algorithm for whole suite generation
* Total number of test goals: 538
* Using seed 3000
* Starting evolution
* Search finished after 102s and 646 generations, 213681 statements, best individual has fitness: 478.78472222222223
* Minimizing test suite
* Going to analyze the coverage criteria
* Coverage analysis for criterion BRANCH
* Coverage of criterion BRANCH: 13%
* Total number of goals: 538
* Number of covered goals: 71
* Generated 12 tests with total length 113
* Resulting test suite's coverage: 13%
* Generating assertions
* Resulting test suite's mutation score: 2%
* Permissions denied during test execution: 
  - java.lang.RuntimePermission: 
         writeFileDescriptor: 18
* Writing JUnit test case 'TypedScopeCreator_ESTest' to evosuite-branch
* Done!

* Computation finished
