* EvoSuite 1.0.6
* Going to generate test cases for class: com.google.javascript.jscomp.MakeDeclaredNamesUnique
* Starting client
* Connecting to master process on port 19758
* Analyzing classpath: 
  - /tmp/run_evosuite.pl_233873_1546678990/build/classes
  - /tmp/run_evosuite.pl_233873_1546678990/lib/args4j.jar
  - /tmp/run_evosuite.pl_233873_1546678990/lib/guava.jar
  - /tmp/run_evosuite.pl_233873_1546678990/lib/json.jar
  - /tmp/run_evosuite.pl_233873_1546678990/lib/jsr305.jar
  - /tmp/run_evosuite.pl_233873_1546678990/lib/protobuf-java.jar
  - /tmp/run_evosuite.pl_233873_1546678990/build/lib/rhino.jar
  - /tmp/run_evosuite.pl_233873_1546678990/lib/ant.jar
* Finished analyzing classpath
* Generating tests for class com.google.javascript.jscomp.MakeDeclaredNamesUnique
* Test criterion:
  - Branch Coverage
* Setting up search algorithm for whole suite generation
* Total number of test goals: 138
* Using seed 4000
* Starting evolution
[MASTER] 01:04:28.805 [logback-2] ERROR TestCluster - Failed to check cache for com.google.javascript.jscomp.ControlFlowGraph<N> : Type points to itself
* Search finished after 101s and 867 generations, 250124 statements, best individual has fitness: 53.5
* Minimizing test suite
* Going to analyze the coverage criteria
* Coverage analysis for criterion BRANCH
* Coverage of criterion BRANCH: 60%
* Total number of goals: 138
* Number of covered goals: 83
* Generated 22 tests with total length 108
* Resulting test suite's coverage: 60%
* Generating assertions
* Resulting test suite's mutation score: 17%
* Permissions denied during test execution: 
  - java.lang.RuntimePermission: 
         writeFileDescriptor: 17
* Writing JUnit test case 'MakeDeclaredNamesUnique_ESTest' to evosuite-branch
* Done!

* Computation finished
