* EvoSuite 1.0.6
* Going to generate test cases for class: com.google.javascript.jscomp.TypeCheck
* Starting client
* Connecting to master process on port 14953
* Analyzing classpath: 
  - /tmp/run_evosuite.pl_101352_1546841608/build/classes
  - /tmp/run_evosuite.pl_101352_1546841608/lib/ant_deploy.jar
  - /tmp/run_evosuite.pl_101352_1546841608/lib/args4j_deploy.jar
  - /tmp/run_evosuite.pl_101352_1546841608/lib/guava-r06.jar
  - /tmp/run_evosuite.pl_101352_1546841608/lib/hamcrest-core-1.1.jar
  - /tmp/run_evosuite.pl_101352_1546841608/lib/json.jar
  - /tmp/run_evosuite.pl_101352_1546841608/lib/jsr305.jar
  - /tmp/run_evosuite.pl_101352_1546841608/lib/junit.jar
  - /tmp/run_evosuite.pl_101352_1546841608/lib/libtrunk_rhino_parser_jarjared.jar
  - /tmp/run_evosuite.pl_101352_1546841608/lib/protobuf_deploy.jar
* Finished analyzing classpath
* Generating tests for class com.google.javascript.jscomp.TypeCheck
* Test criterion:
  - Branch Coverage
* Setting up search algorithm for whole suite generation
* Total number of test goals: 915
* Using seed 1000
* Starting evolution
[MASTER] 22:14:45.137 [logback-2] ERROR FunctionalMockStatement - Cannot use Mockito on class com.google.javascript.rhino.jstype.NullType due to IAE: tried to access class com.google.javascript.rhino.jstype.ValueType from class com.google.javascript.rhino.jstype.NullType$MockitoMock$59263106
[MASTER] 22:14:45.184 [logback-2] ERROR FunctionalMockStatement - Cannot use Mockito on class com.google.javascript.rhino.jstype.NullType due to failed class initialization: Could not initialize class com.google.javascript.rhino.jstype.NullType$MockitoMock$59263106
* Search finished after 101s and 568 generations, 232185 statements, best individual has fitness: 445.3181601400146
* Minimizing test suite
* Going to analyze the coverage criteria
* Coverage analysis for criterion BRANCH
* Coverage of criterion BRANCH: 46%
* Total number of goals: 915
* Number of covered goals: 419
* Generated 77 tests with total length 931
* Resulting test suite's coverage: 46%
* Generating assertions
* Resulting test suite's mutation score: 9%
* Permissions denied during test execution: 
  - java.lang.RuntimePermission: 
         writeFileDescriptor: 14
* Writing JUnit test case 'TypeCheck_ESTest' to evosuite-branch
* Done!

* Computation finished
