* EvoSuite 1.0.6
* Going to generate test cases for class: com.google.javascript.rhino.jstype.RecordType
* Starting client
* Connecting to master process on port 18539
* Analyzing classpath: 
  - /tmp/run_evosuite.pl_62846_1545812324/build/classes
  - /tmp/run_evosuite.pl_62846_1545812324/lib/args4j.jar
  - /tmp/run_evosuite.pl_62846_1545812324/lib/guava.jar
  - /tmp/run_evosuite.pl_62846_1545812324/lib/json.jar
  - /tmp/run_evosuite.pl_62846_1545812324/lib/jsr305.jar
  - /tmp/run_evosuite.pl_62846_1545812324/lib/protobuf-java.jar
  - /tmp/run_evosuite.pl_62846_1545812324/build/lib/rhino.jar
  - /tmp/run_evosuite.pl_62846_1545812324/lib/ant.jar
* Finished analyzing classpath
* Generating tests for class com.google.javascript.rhino.jstype.RecordType
* Test criterion:
  - Branch Coverage
* Setting up search algorithm for whole suite generation
* Total number of test goals: 74
* Using seed 2000
* Starting evolution
[MASTER] 00:18:55.801 [logback-2] ERROR TestCluster - Failed to check cache for java.util.AbstractMap<K, V>.SimpleEntry<K, V> : Type points to itself
[MASTER] 00:18:55.801 [logback-2] ERROR TestCluster - Failed to check cache for java.util.AbstractMap<K, V>.SimpleImmutableEntry<K, V> : Type points to itself
* Search finished after 101s and 1468 generations, 633972 statements, best individual has fitness: 3.5
* Minimizing test suite
* Going to analyze the coverage criteria
* Coverage analysis for criterion BRANCH
* Coverage of criterion BRANCH: 91%
* Total number of goals: 74
* Number of covered goals: 67
* Generated 14 tests with total length 115
* Resulting test suite's coverage: 91%
* Generating assertions
* Resulting test suite's mutation score: 48%
* Writing JUnit test case 'RecordType_ESTest' to evosuite-branch
* Done!

* Computation finished
