* EvoSuite 1.0.6
* Going to generate test cases for class: com.google.javascript.jscomp.ReferenceCollectingCallback
* Starting client
* Connecting to master process on port 18539
* Analyzing classpath: 
  - /tmp/run_evosuite.pl_109694_1545819668/build/classes
  - /tmp/run_evosuite.pl_109694_1545819668/lib/ant_deploy.jar
  - /tmp/run_evosuite.pl_109694_1545819668/lib/args4j_deploy.jar
  - /tmp/run_evosuite.pl_109694_1545819668/lib/google_common_deploy.jar
  - /tmp/run_evosuite.pl_109694_1545819668/lib/hamcrest-core-1.1.jar
  - /tmp/run_evosuite.pl_109694_1545819668/lib/junit.jar
  - /tmp/run_evosuite.pl_109694_1545819668/lib/libtrunk_rhino_parser_jarjared.jar
  - /tmp/run_evosuite.pl_109694_1545819668/lib/protobuf_deploy.jar
* Finished analyzing classpath
* Generating tests for class com.google.javascript.jscomp.ReferenceCollectingCallback
* Test criterion:
  - Branch Coverage
* Setting up search algorithm for whole suite generation
* Total number of test goals: 181
* Using seed 2000
* Starting evolution
[MASTER] 02:21:19.055 [logback-2] ERROR TestCluster - Failed to check cache for com.google.common.collect.ImmutableSortedSet<E> : Type points to itself
[MASTER] 02:21:23.196 [logback-2] ERROR FunctionalMockStatement - Cannot use Mockito on class com.google.javascript.rhino.jstype.InstanceObjectType due to IAE: tried to access class com.google.javascript.rhino.jstype.PrototypeObjectType from class com.google.javascript.rhino.jstype.InstanceObjectType$MockitoMock$1797299505
[MASTER] 02:22:03.264 [logback-2] ERROR TestCluster - Failed to check cache for com.google.javascript.jscomp.ControlFlowGraph<N> : Type points to itself
* Search finished after 101s and 251 generations, 128545 statements, best individual has fitness: 86.31306935724673
* Minimizing test suite
* Going to analyze the coverage criteria
* Coverage analysis for criterion BRANCH
* Coverage of criterion BRANCH: 49%
* Total number of goals: 181
* Number of covered goals: 88
* Generated 34 tests with total length 210
* Resulting test suite's coverage: 49%
* Generating assertions
* Resulting test suite's mutation score: 16%
* Permissions denied during test execution: 
  - java.lang.RuntimePermission: 
         writeFileDescriptor: 5
* Writing JUnit test case 'ReferenceCollectingCallback_ESTest' to evosuite-branch
* Done!

* Computation finished
