* EvoSuite 1.0.6
* Going to generate test cases for class: com.google.javascript.jscomp.FunctionInjector
* Starting client
* Connecting to master process on port 18557
* Analyzing classpath: 
  - /tmp/run_evosuite.pl_234994_1546773114/build/classes
  - /tmp/run_evosuite.pl_234994_1546773114/lib/args4j.jar
  - /tmp/run_evosuite.pl_234994_1546773114/lib/guava.jar
  - /tmp/run_evosuite.pl_234994_1546773114/lib/json.jar
  - /tmp/run_evosuite.pl_234994_1546773114/lib/jsr305.jar
  - /tmp/run_evosuite.pl_234994_1546773114/lib/protobuf-java.jar
  - /tmp/run_evosuite.pl_234994_1546773114/build/lib/rhino.jar
  - /tmp/run_evosuite.pl_234994_1546773114/lib/ant.jar
* Finished analyzing classpath
* Generating tests for class com.google.javascript.jscomp.FunctionInjector
* Test criterion:
  - Branch Coverage
* Setting up search algorithm for whole suite generation
* Total number of test goals: 258
* Using seed 5000
* Starting evolution
[MASTER] 03:12:12.729 [logback-2] ERROR TestCluster - Failed to check cache for java.util.Comparator<T> : Type points to itself
[MASTER] 03:12:12.958 [logback-2] ERROR TestCluster - Failed to check cache for java.util.Enumeration<E> : Type points to itself
* Search finished after 102s and 198 generations, 111636 statements, best individual has fitness: 209.99999999953434
* Minimizing test suite
* Going to analyze the coverage criteria
* Coverage analysis for criterion BRANCH
* Coverage of criterion BRANCH: 19%
* Total number of goals: 258
* Number of covered goals: 49
* Generated 11 tests with total length 138
* Resulting test suite's coverage: 19%
* Generating assertions
* Resulting test suite's mutation score: 4%
* Permissions denied during test execution: 
  - java.lang.RuntimePermission: 
         writeFileDescriptor: 6
* Writing JUnit test case 'FunctionInjector_ESTest' to evosuite-branch
* Done!

* Computation finished
