* EvoSuite 1.0.6
* Going to generate test cases for class: com.google.javascript.jscomp.PrepareAst
* Starting client
* Connecting to master process on port 2830
* Analyzing classpath: 
  - /tmp/run_evosuite.pl_69833_1546619268/build/classes
  - /tmp/run_evosuite.pl_69833_1546619268/lib/args4j.jar
  - /tmp/run_evosuite.pl_69833_1546619268/lib/guava.jar
  - /tmp/run_evosuite.pl_69833_1546619268/lib/json.jar
  - /tmp/run_evosuite.pl_69833_1546619268/lib/jsr305.jar
  - /tmp/run_evosuite.pl_69833_1546619268/lib/protobuf-java.jar
  - /tmp/run_evosuite.pl_69833_1546619268/build/lib/rhino.jar
  - /tmp/run_evosuite.pl_69833_1546619268/lib/ant.jar
* Finished analyzing classpath
* Generating tests for class com.google.javascript.jscomp.PrepareAst
* Test criterion:
  - Branch Coverage
* Setting up search algorithm for whole suite generation
* Total number of test goals: 59
* Using seed 3000
* Starting evolution
* Search finished after 102s and 172 generations, 45740 statements, best individual has fitness: 22.0
* Minimizing test suite
* Going to analyze the coverage criteria
* Coverage analysis for criterion BRANCH
* Coverage of criterion BRANCH: 59%
* Total number of goals: 59
* Number of covered goals: 35
* Generated 10 tests with total length 44
* Resulting test suite's coverage: 59%
* Generating assertions
* Resulting test suite's mutation score: 17%
* Permissions denied during test execution: 
  - java.lang.RuntimePermission: 
         writeFileDescriptor: 5
* Writing JUnit test case 'PrepareAst_ESTest' to evosuite-branch
* Done!

* Computation finished
