* EvoSuite 1.0.6
* Going to generate test cases for class: com.google.javascript.jscomp.parsing.JsDocInfoParser
* Starting client
* Connecting to master process on port 18539
* Analyzing classpath: 
  - /tmp/run_evosuite.pl_170232_1545821122/build/classes
  - /tmp/run_evosuite.pl_170232_1545821122/lib/args4j.jar
  - /tmp/run_evosuite.pl_170232_1545821122/lib/guava.jar
  - /tmp/run_evosuite.pl_170232_1545821122/lib/json.jar
  - /tmp/run_evosuite.pl_170232_1545821122/lib/jsr305.jar
  - /tmp/run_evosuite.pl_170232_1545821122/lib/protobuf-java.jar
  - /tmp/run_evosuite.pl_170232_1545821122/build/lib/rhino.jar
  - /tmp/run_evosuite.pl_170232_1545821122/lib/ant.jar
* Finished analyzing classpath
* Generating tests for class com.google.javascript.jscomp.parsing.JsDocInfoParser
* Test criterion:
  - Branch Coverage
* Setting up search algorithm for whole suite generation
* Total number of test goals: 862
* Using seed 2000
* Starting evolution
[MASTER] 02:45:55.897 [logback-1] WARN  TestUsageChecker - class com.google.javascript.rhino.head.ContextFactory$1GlobalSetterImpl looks like an anonymous class, ignoring it (although reflection says false) GlobalSetterImpl
* Search finished after 101s and 1066 generations, 617615 statements, best individual has fitness: 639.55
* Minimizing test suite
* Going to analyze the coverage criteria
* Coverage analysis for criterion BRANCH
* Coverage of criterion BRANCH: 24%
* Total number of goals: 862
* Number of covered goals: 210
* Generated 38 tests with total length 327
* Resulting test suite's coverage: 25%
* Generating assertions
* Resulting test suite's mutation score: 16%
* Permissions denied during test execution: 
  - java.lang.RuntimePermission: 
         writeFileDescriptor: 1
* Writing JUnit test case 'JsDocInfoParser_ESTest' to evosuite-branch
* Done!

* Computation finished
