* EvoSuite 1.0.6
* Going to generate test cases for class: com.google.javascript.jscomp.CollapseProperties
* Starting client
* Connecting to master process on port 14953
* Analyzing classpath: 
  - /tmp/run_evosuite.pl_112543_1546845985/build/classes
  - /tmp/run_evosuite.pl_112543_1546845985/lib/args4j.jar
  - /tmp/run_evosuite.pl_112543_1546845985/lib/guava.jar
  - /tmp/run_evosuite.pl_112543_1546845985/lib/json.jar
  - /tmp/run_evosuite.pl_112543_1546845985/lib/jsr305.jar
  - /tmp/run_evosuite.pl_112543_1546845985/lib/protobuf-java.jar
  - /tmp/run_evosuite.pl_112543_1546845985/build/lib/rhino.jar
  - /tmp/run_evosuite.pl_112543_1546845985/lib/ant.jar
* Finished analyzing classpath
* Generating tests for class com.google.javascript.jscomp.CollapseProperties
* Test criterion:
  - Branch Coverage
* Setting up search algorithm for whole suite generation
* Total number of test goals: 275
* Using seed 1000
* Starting evolution
[MASTER] 23:26:39.920 [logback-2] ERROR TestCluster - Failed to check cache for com.google.javascript.jscomp.ControlFlowGraph<N>.Branch : Type points to itself
[MASTER] 23:27:04.581 [logback-2] ERROR TestCluster - Failed to check cache for java.util.Comparator<T> : Type points to itself
[MASTER] 23:27:13.296 [logback-2] ERROR FunctionalMockStatement - Cannot use Mockito on class com.google.javascript.rhino.jstype.StringType due to IAE: tried to access class com.google.javascript.rhino.jstype.ValueType from class com.google.javascript.rhino.jstype.StringType$MockitoMock$313402361
[MASTER] 23:27:56.400 [logback-2] ERROR FunctionalMockStatement - Cannot use Mockito on class com.google.javascript.rhino.jstype.StringType due to failed class initialization: Could not initialize class com.google.javascript.rhino.jstype.StringType$MockitoMock$313402361
* Search finished after 101s and 226 generations, 65346 statements, best individual has fitness: 281.0
* Minimizing test suite
* Going to analyze the coverage criteria
* Coverage analysis for criterion BRANCH
* Coverage of criterion BRANCH: 3%
* Total number of goals: 275
* Number of covered goals: 9
* Generated 2 tests with total length 7
* Resulting test suite's coverage: 3%
* Generating assertions
* Resulting test suite's mutation score: 1%
* Permissions denied during test execution: 
  - java.lang.RuntimePermission: 
         writeFileDescriptor: 1
* Writing JUnit test case 'CollapseProperties_ESTest' to evosuite-branch
* Done!

* Computation finished
