* EvoSuite 1.0.6
* Going to generate test cases for class: com.google.javascript.jscomp.CheckGlobalThis
* Starting client
* Connecting to master process on port 18557
* Analyzing classpath: 
  - /tmp/run_evosuite.pl_228792_1546770802/build/classes
  - /tmp/run_evosuite.pl_228792_1546770802/lib/ant_deploy.jar
  - /tmp/run_evosuite.pl_228792_1546770802/lib/args4j_deploy.jar
  - /tmp/run_evosuite.pl_228792_1546770802/lib/google_common_deploy.jar
  - /tmp/run_evosuite.pl_228792_1546770802/lib/hamcrest-core-1.1.jar
  - /tmp/run_evosuite.pl_228792_1546770802/lib/junit.jar
  - /tmp/run_evosuite.pl_228792_1546770802/lib/libtrunk_rhino_parser_jarjared.jar
  - /tmp/run_evosuite.pl_228792_1546770802/lib/protobuf_deploy.jar
* Finished analyzing classpath
* Generating tests for class com.google.javascript.jscomp.CheckGlobalThis
* Test criterion:
  - Branch Coverage
* Setting up search algorithm for whole suite generation
* Total number of test goals: 63
* Using seed 5000
* Starting evolution
[MASTER] 02:33:33.301 [logback-2] ERROR TestCluster - Failed to check cache for java.util.ArrayDeque<E> : Type points to itself
[MASTER] 02:33:43.902 [logback-2] ERROR TestCluster - Failed to check cache for com.google.javascript.jscomp.ControlFlowGraph<N> : Type points to itself
* Search finished after 101s and 691 generations, 284409 statements, best individual has fitness: 11.110052909221158
* Minimizing test suite
* Going to analyze the coverage criteria
* Coverage analysis for criterion BRANCH
* Coverage of criterion BRANCH: 75%
* Total number of goals: 63
* Number of covered goals: 47
* Generated 11 tests with total length 104
* Resulting test suite's coverage: 75%
* Generating assertions
* Resulting test suite's mutation score: 35%
* Permissions denied during test execution: 
  - java.lang.RuntimePermission: 
         writeFileDescriptor: 26
* Writing JUnit test case 'CheckGlobalThis_ESTest' to evosuite-branch
* Done!

* Computation finished
