* EvoSuite 1.0.6
* Going to generate test cases for class: com.google.javascript.jscomp.MustBeReachingVariableDef
* Starting client
* Connecting to master process on port 18539
* Analyzing classpath: 
  - /tmp/run_evosuite.pl_110544_1545809997/build/classes
  - /tmp/run_evosuite.pl_110544_1545809997/lib/args4j.jar
  - /tmp/run_evosuite.pl_110544_1545809997/lib/guava.jar
  - /tmp/run_evosuite.pl_110544_1545809997/lib/json.jar
  - /tmp/run_evosuite.pl_110544_1545809997/lib/jsr305.jar
  - /tmp/run_evosuite.pl_110544_1545809997/lib/protobuf-java.jar
  - /tmp/run_evosuite.pl_110544_1545809997/build/lib/rhino.jar
  - /tmp/run_evosuite.pl_110544_1545809997/lib/ant.jar
* Finished analyzing classpath
* Generating tests for class com.google.javascript.jscomp.MustBeReachingVariableDef
* Test criterion:
  - Branch Coverage
* Setting up search algorithm for whole suite generation
* Total number of test goals: 177
* Using seed 2000
* Starting evolution
[MASTER] 23:40:09.979 [logback-2] ERROR TestCluster - Failed to check cache for java.util.AbstractMap<K, V>.SimpleEntry<K, V> : Type points to itself
[MASTER] 23:40:09.979 [logback-2] ERROR TestCluster - Failed to check cache for java.util.AbstractMap<K, V>.SimpleImmutableEntry<K, V> : Type points to itself
[MASTER] 23:40:10.006 [logback-2] ERROR TestCluster - Failed to check cache for java.util.Set<java.lang.String> : Invalid generic instance
[MASTER] 23:40:10.796 [logback-2] ERROR TestCluster - Failed to check cache for java.util.Set<com.google.javascript.jscomp.Scope$Var> : Invalid generic instance
[MASTER] 23:40:14.197 [logback-2] ERROR TestCluster - Failed to check cache for java.util.Comparator<T> : Type points to itself
[MASTER] 23:40:34.057 [logback-2] ERROR TestCluster - Failed to check cache for java.util.Collection<java.io.InputStream> : Invalid generic instance
* Search finished after 101s and 739 generations, 297149 statements, best individual has fitness: 60.0
* Minimizing test suite
* Going to analyze the coverage criteria
* Coverage analysis for criterion BRANCH
* Coverage of criterion BRANCH: 63%
* Total number of goals: 177
* Number of covered goals: 111
* Generated 34 tests with total length 202
* Resulting test suite's coverage: 63%
* Generating assertions
* Resulting test suite's mutation score: 15%
* Permissions denied during test execution: 
  - java.lang.RuntimePermission: 
         writeFileDescriptor: 5
* Writing JUnit test case 'MustBeReachingVariableDef_ESTest' to evosuite-branch
* Done!

* Computation finished
* EvoSuite 1.0.6
* Going to generate test cases for class: com.google.javascript.jscomp.FlowSensitiveInlineVariables
* Starting client
* Connecting to master process on port 18539
* Analyzing classpath: 
  - /tmp/run_evosuite.pl_110544_1545809997/build/classes
  - /tmp/run_evosuite.pl_110544_1545809997/lib/args4j.jar
  - /tmp/run_evosuite.pl_110544_1545809997/lib/guava.jar
  - /tmp/run_evosuite.pl_110544_1545809997/lib/json.jar
  - /tmp/run_evosuite.pl_110544_1545809997/lib/jsr305.jar
  - /tmp/run_evosuite.pl_110544_1545809997/lib/protobuf-java.jar
  - /tmp/run_evosuite.pl_110544_1545809997/build/lib/rhino.jar
  - /tmp/run_evosuite.pl_110544_1545809997/lib/ant.jar
* Finished analyzing classpath
* Generating tests for class com.google.javascript.jscomp.FlowSensitiveInlineVariables
* Test criterion:
  - Branch Coverage
* Setting up search algorithm for whole suite generation
* Total number of test goals: 145
* Using seed 2000
* Starting evolution
[MASTER] 23:42:46.216 [logback-2] ERROR TestCluster - Failed to check cache for com.google.javascript.jscomp.ControlFlowGraph<N> : Type points to itself
* Search finished after 101s and 1176 generations, 193081 statements, best individual has fitness: 150.5
* Minimizing test suite
* Going to analyze the coverage criteria
* Coverage analysis for criterion BRANCH
* Coverage of criterion BRANCH: 3%
* Total number of goals: 145
* Number of covered goals: 5
* Generated 4 tests with total length 15
* Resulting test suite's coverage: 3%
* Generating assertions
* Resulting test suite's mutation score: 1%
* Permissions denied during test execution: 
  - java.lang.RuntimePermission: 
         writeFileDescriptor: 25
* Writing JUnit test case 'FlowSensitiveInlineVariables_ESTest' to evosuite-branch
* Done!

* Computation finished
