* EvoSuite 1.0.6
* Going to generate test cases for class: com.google.javascript.jscomp.TypedScopeCreator
* Starting client
* Connecting to master process on port 18557
* Analyzing classpath: 
  - /tmp/run_evosuite.pl_54114_1546756141/build/classes
  - /tmp/run_evosuite.pl_54114_1546756141/lib/args4j.jar
  - /tmp/run_evosuite.pl_54114_1546756141/lib/guava.jar
  - /tmp/run_evosuite.pl_54114_1546756141/lib/json.jar
  - /tmp/run_evosuite.pl_54114_1546756141/lib/jsr305.jar
  - /tmp/run_evosuite.pl_54114_1546756141/lib/protobuf-java.jar
  - /tmp/run_evosuite.pl_54114_1546756141/build/lib/rhino.jar
  - /tmp/run_evosuite.pl_54114_1546756141/lib/ant.jar
* Finished analyzing classpath
* Generating tests for class com.google.javascript.jscomp.TypedScopeCreator
* Test criterion:
  - Branch Coverage
* Setting up search algorithm for whole suite generation
* Total number of test goals: 702
* Using seed 5000
* Starting evolution
* Search finished after 101s and 767 generations, 231096 statements, best individual has fitness: 483.60416665900294
* Minimizing test suite
* Going to analyze the coverage criteria
* Coverage analysis for criterion BRANCH
* Coverage of criterion BRANCH: 28%
* Total number of goals: 702
* Number of covered goals: 196
* Generated 15 tests with total length 82
* Resulting test suite's coverage: 28%
* Generating assertions
* Resulting test suite's mutation score: 12%
* Permissions denied during test execution: 
  - java.lang.RuntimePermission: 
         writeFileDescriptor: 18
  - java.net.SocketPermission: 
         resolve sO~FWp!hiStzI 0: 1
* Writing JUnit test case 'TypedScopeCreator_ESTest' to evosuite-branch
* Done!

* Computation finished
