* EvoSuite 1.0.6
* Going to generate test cases for class: com.google.javascript.rhino.jstype.FunctionType
* Starting client
* Connecting to master process on port 18557
* Analyzing classpath: 
  - /tmp/run_evosuite.pl_225984_1546769609/build/classes
  - /tmp/run_evosuite.pl_225984_1546769609/lib/ant_deploy.jar
  - /tmp/run_evosuite.pl_225984_1546769609/lib/args4j_deploy.jar
  - /tmp/run_evosuite.pl_225984_1546769609/lib/guava-r06.jar
  - /tmp/run_evosuite.pl_225984_1546769609/lib/hamcrest-core-1.1.jar
  - /tmp/run_evosuite.pl_225984_1546769609/lib/json.jar
  - /tmp/run_evosuite.pl_225984_1546769609/lib/jsr305.jar
  - /tmp/run_evosuite.pl_225984_1546769609/lib/junit.jar
  - /tmp/run_evosuite.pl_225984_1546769609/lib/libtrunk_rhino_parser_jarjared.jar
  - /tmp/run_evosuite.pl_225984_1546769609/lib/protobuf-java-2.3.0.jar
* Finished analyzing classpath
* Generating tests for class com.google.javascript.rhino.jstype.FunctionType
* Test criterion:
  - Branch Coverage
* Setting up search algorithm for whole suite generation
* Total number of test goals: 304
* Using seed 5000
* Starting evolution
* Search finished after 101s and 758 generations, 402760 statements, best individual has fitness: 53.0
* Minimizing test suite
* Going to analyze the coverage criteria
* Coverage analysis for criterion BRANCH
* Coverage of criterion BRANCH: 80%
* Total number of goals: 304
* Number of covered goals: 242
* Generated 73 tests with total length 442
* Resulting test suite's coverage: 80%
* Generating assertions
* Resulting test suite's mutation score: 46%
* Writing JUnit test case 'FunctionType_ESTest' to evosuite-branch
* Done!

* Computation finished
* EvoSuite 1.0.6
* Going to generate test cases for class: com.google.javascript.jscomp.FunctionTypeBuilder
* Starting client
* Connecting to master process on port 18557
* Analyzing classpath: 
  - /tmp/run_evosuite.pl_225984_1546769609/build/classes
  - /tmp/run_evosuite.pl_225984_1546769609/lib/ant_deploy.jar
  - /tmp/run_evosuite.pl_225984_1546769609/lib/args4j_deploy.jar
  - /tmp/run_evosuite.pl_225984_1546769609/lib/guava-r06.jar
  - /tmp/run_evosuite.pl_225984_1546769609/lib/hamcrest-core-1.1.jar
  - /tmp/run_evosuite.pl_225984_1546769609/lib/json.jar
  - /tmp/run_evosuite.pl_225984_1546769609/lib/jsr305.jar
  - /tmp/run_evosuite.pl_225984_1546769609/lib/junit.jar
  - /tmp/run_evosuite.pl_225984_1546769609/lib/libtrunk_rhino_parser_jarjared.jar
  - /tmp/run_evosuite.pl_225984_1546769609/lib/protobuf-java-2.3.0.jar
* Finished analyzing classpath
* Generating tests for class com.google.javascript.jscomp.FunctionTypeBuilder
* Test criterion:
  - Branch Coverage
* Setting up search algorithm for whole suite generation
* Total number of test goals: 243
* Using seed 5000
* Starting evolution
[MASTER] 02:15:49.916 [logback-2] ERROR TestCluster - Failed to check cache for java.util.Enumeration<E> : Type points to itself
* Search finished after 101s and 378 generations, 189063 statements, best individual has fitness: 152.375
* Minimizing test suite
* Going to analyze the coverage criteria
* Coverage analysis for criterion BRANCH
* Coverage of criterion BRANCH: 33%
* Total number of goals: 243
* Number of covered goals: 81
* Generated 26 tests with total length 174
* Resulting test suite's coverage: 33%
* Generating assertions
* Resulting test suite's mutation score: 9%
* Permissions denied during test execution: 
  - java.lang.RuntimePermission: 
         writeFileDescriptor: 3
* Writing JUnit test case 'FunctionTypeBuilder_ESTest' to evosuite-branch
* Done!

* Computation finished
