* EvoSuite 1.0.6
* Going to generate test cases for class: com.google.javascript.jscomp.GlobalNamespace
* Starting client
* Connecting to master process on port 18539
* Analyzing classpath: 
  - /tmp/run_evosuite.pl_60611_1545818095/build/classes
  - /tmp/run_evosuite.pl_60611_1545818095/lib/ant-launcher.jar
  - /tmp/run_evosuite.pl_60611_1545818095/lib/ant.jar
  - /tmp/run_evosuite.pl_60611_1545818095/lib/args4j.jar
  - /tmp/run_evosuite.pl_60611_1545818095/lib/guava.jar
  - /tmp/run_evosuite.pl_60611_1545818095/lib/json.jar
  - /tmp/run_evosuite.pl_60611_1545818095/lib/jsr305.jar
  - /tmp/run_evosuite.pl_60611_1545818095/lib/junit.jar
  - /tmp/run_evosuite.pl_60611_1545818095/lib/libtrunk_rhino_parser_jarjared.jar
  - /tmp/run_evosuite.pl_60611_1545818095/lib/protobuf-java.jar
* Finished analyzing classpath
* Generating tests for class com.google.javascript.jscomp.GlobalNamespace
* Test criterion:
  - Branch Coverage
* Setting up search algorithm for whole suite generation
* Total number of test goals: 406
* Using seed 2000
* Starting evolution
[MASTER] 01:55:10.133 [logback-2] ERROR TestCluster - Failed to check cache for java.util.Comparator<T> : Type points to itself
[MASTER] 01:55:10.549 [logback-2] ERROR TestCluster - Failed to check cache for java.util.Enumeration<E> : Type points to itself
* Search finished after 104s and 335 generations, 177456 statements, best individual has fitness: 252.65293803418803
* Minimizing test suite
[MASTER] 01:58:19.965 [logback-1] WARN  TestSuiteMinimizer - Minimization timeout. Roll back to original test suite
* Going to analyze the coverage criteria
* Coverage analysis for criterion BRANCH
* Coverage of criterion BRANCH: 38%
* Total number of goals: 406
* Number of covered goals: 154
* Generated 63 tests with total length 1009
* Resulting test suite's coverage: 38%
* Generating assertions
* Resulting test suite's mutation score: 17%
* Permissions denied during test execution: 
  - java.lang.RuntimePermission: 
         writeFileDescriptor: 2
* Writing JUnit test case 'GlobalNamespace_ESTest' to evosuite-branch
* Done!

* Computation finished
* EvoSuite 1.0.6
* Going to generate test cases for class: com.google.javascript.jscomp.CollapseProperties
* Starting client
* Connecting to master process on port 18539
* Analyzing classpath: 
  - /tmp/run_evosuite.pl_60611_1545818095/build/classes
  - /tmp/run_evosuite.pl_60611_1545818095/lib/ant-launcher.jar
  - /tmp/run_evosuite.pl_60611_1545818095/lib/ant.jar
  - /tmp/run_evosuite.pl_60611_1545818095/lib/args4j.jar
  - /tmp/run_evosuite.pl_60611_1545818095/lib/guava.jar
  - /tmp/run_evosuite.pl_60611_1545818095/lib/json.jar
  - /tmp/run_evosuite.pl_60611_1545818095/lib/jsr305.jar
  - /tmp/run_evosuite.pl_60611_1545818095/lib/junit.jar
  - /tmp/run_evosuite.pl_60611_1545818095/lib/libtrunk_rhino_parser_jarjared.jar
  - /tmp/run_evosuite.pl_60611_1545818095/lib/protobuf-java.jar
* Finished analyzing classpath
* Generating tests for class com.google.javascript.jscomp.CollapseProperties
* Test criterion:
  - Branch Coverage
* Setting up search algorithm for whole suite generation
* Total number of test goals: 236
* Using seed 2000
* Starting evolution
[MASTER] 02:00:35.744 [logback-2] ERROR FunctionalMockStatement - Cannot use Mockito on class com.google.javascript.rhino.jstype.TemplateType due to IAE: tried to access class com.google.javascript.rhino.jstype.ProxyObjectType from class com.google.javascript.rhino.jstype.TemplateType$MockitoMock$838841351
* Search finished after 101s and 1028 generations, 270956 statements, best individual has fitness: 240.0
* Minimizing test suite
* Going to analyze the coverage criteria
* Coverage analysis for criterion BRANCH
* Coverage of criterion BRANCH: 4%
* Total number of goals: 236
* Number of covered goals: 9
* Generated 3 tests with total length 12
* Resulting test suite's coverage: 4%
* Generating assertions
* Resulting test suite's mutation score: 1%
* Permissions denied during test execution: 
  - java.lang.RuntimePermission: 
         writeFileDescriptor: 24
* Writing JUnit test case 'CollapseProperties_ESTest' to evosuite-branch
* Done!

* Computation finished
