* EvoSuite 1.0.6
* Going to generate test cases for class: com.google.javascript.jscomp.CheckGlobalThis
* Starting client
* Connecting to master process on port 18557
* Analyzing classpath: 
  - /tmp/run_evosuite.pl_229092_1546770915/build/classes
  - /tmp/run_evosuite.pl_229092_1546770915/lib/ant_deploy.jar
  - /tmp/run_evosuite.pl_229092_1546770915/lib/args4j_deploy.jar
  - /tmp/run_evosuite.pl_229092_1546770915/lib/google_common_deploy.jar
  - /tmp/run_evosuite.pl_229092_1546770915/lib/hamcrest-core-1.1.jar
  - /tmp/run_evosuite.pl_229092_1546770915/lib/junit.jar
  - /tmp/run_evosuite.pl_229092_1546770915/lib/libtrunk_rhino_parser_jarjared.jar
  - /tmp/run_evosuite.pl_229092_1546770915/lib/protobuf_deploy.jar
* Finished analyzing classpath
* Generating tests for class com.google.javascript.jscomp.CheckGlobalThis
* Test criterion:
  - Branch Coverage
* Setting up search algorithm for whole suite generation
* Total number of test goals: 57
* Using seed 5000
* Starting evolution
[MASTER] 02:35:27.598 [logback-2] ERROR TestCluster - Failed to check cache for java.util.LinkedList<E> : Type points to itself
[MASTER] 02:35:29.218 [logback-2] ERROR TestCluster - Failed to check cache for java.util.Enumeration<E> : Type points to itself
* Search finished after 101s and 912 generations, 329171 statements, best individual has fitness: 10.303571428571429
* Minimizing test suite
* Going to analyze the coverage criteria
* Coverage analysis for criterion BRANCH
* Coverage of criterion BRANCH: 77%
* Total number of goals: 57
* Number of covered goals: 44
* Generated 11 tests with total length 73
* Resulting test suite's coverage: 77%
* Generating assertions
* Resulting test suite's mutation score: 35%
* Permissions denied during test execution: 
  - java.lang.RuntimePermission: 
         writeFileDescriptor: 22
* Writing JUnit test case 'CheckGlobalThis_ESTest' to evosuite-branch
* Done!

* Computation finished
