* EvoSuite 1.0.6
* Going to generate test cases for class: com.google.javascript.jscomp.CommandLineRunner
* Starting client
* Connecting to master process on port 19758
* Analyzing classpath: 
  - /tmp/run_evosuite.pl_255321_1546685819/build/classes
  - /tmp/run_evosuite.pl_255321_1546685819/lib/ant_deploy.jar
  - /tmp/run_evosuite.pl_255321_1546685819/lib/args4j_deploy.jar
  - /tmp/run_evosuite.pl_255321_1546685819/lib/google_common_deploy.jar
  - /tmp/run_evosuite.pl_255321_1546685819/lib/hamcrest-core-1.1.jar
  - /tmp/run_evosuite.pl_255321_1546685819/lib/junit.jar
  - /tmp/run_evosuite.pl_255321_1546685819/lib/libtrunk_rhino_parser_jarjared.jar
  - /tmp/run_evosuite.pl_255321_1546685819/lib/protobuf_deploy.jar
* Finished analyzing classpath
* Generating tests for class com.google.javascript.jscomp.CommandLineRunner
* Test criterion:
  - Branch Coverage
* Setting up search algorithm for whole suite generation
* Total number of test goals: 36
* Using seed 4000
* Starting evolution
[MASTER] 02:57:09.280 [logback-2] ERROR TestCluster - Failed to check cache for java.util.Vector<E> : Type points to itself
* Search finished after 102s and 1014 generations, 162707 statements, best individual has fitness: 23.5
* Minimizing test suite
* Going to analyze the coverage criteria
* Coverage analysis for criterion BRANCH
* Coverage of criterion BRANCH: 36%
* Total number of goals: 36
* Number of covered goals: 13
* Generated 6 tests with total length 16
* Resulting test suite's coverage: 36%
* Generating assertions
* Resulting test suite's mutation score: 7%
* Permissions denied during test execution: 
  - java.lang.RuntimePermission: 
         writeFileDescriptor: 71
* Writing JUnit test case 'CommandLineRunner_ESTest' to evosuite-branch
* Done!

* Computation finished
