* EvoSuite 1.0.6
* Going to generate test cases for class: com.google.javascript.jscomp.CheckGlobalThis
* Starting client
* Connecting to master process on port 19758
* Analyzing classpath: 
  - /tmp/run_evosuite.pl_254730_1546685589/build/classes
  - /tmp/run_evosuite.pl_254730_1546685589/lib/ant_deploy.jar
  - /tmp/run_evosuite.pl_254730_1546685589/lib/args4j_deploy.jar
  - /tmp/run_evosuite.pl_254730_1546685589/lib/google_common_deploy.jar
  - /tmp/run_evosuite.pl_254730_1546685589/lib/hamcrest-core-1.1.jar
  - /tmp/run_evosuite.pl_254730_1546685589/lib/junit.jar
  - /tmp/run_evosuite.pl_254730_1546685589/lib/libtrunk_rhino_parser_jarjared.jar
  - /tmp/run_evosuite.pl_254730_1546685589/lib/protobuf_deploy.jar
* Finished analyzing classpath
* Generating tests for class com.google.javascript.jscomp.CheckGlobalThis
* Test criterion:
  - Branch Coverage
* Setting up search algorithm for whole suite generation
* Total number of test goals: 63
* Using seed 4000
* Starting evolution
[MASTER] 02:53:19.779 [logback-2] ERROR TestCluster - Failed to check cache for java.util.LinkedList<E> : Type points to itself
[MASTER] 02:53:23.144 [logback-2] ERROR TestCluster - Failed to check cache for com.google.common.base.Supplier<T> : Type points to itself
[MASTER] 02:53:24.326 [logback-2] ERROR TestCluster - Failed to check cache for java.util.Comparator<T> : Type points to itself
[MASTER] 02:54:40.752 [logback-2] ERROR FunctionalMockStatement - Cannot use Mockito on class com.google.javascript.rhino.jstype.VoidType due to IAE: tried to access class com.google.javascript.rhino.jstype.ValueType from class com.google.javascript.rhino.jstype.VoidType$MockitoMock$396173902
[MASTER] 02:55:00.004 [logback-2] ERROR TestCluster - Failed to check cache for com.google.javascript.jscomp.ControlFlowGraph<N> : Type points to itself
* Search finished after 101s and 948 generations, 392059 statements, best individual has fitness: 11.045238095238096
* Minimizing test suite
* Going to analyze the coverage criteria
* Coverage analysis for criterion BRANCH
* Coverage of criterion BRANCH: 75%
* Total number of goals: 63
* Number of covered goals: 47
* Generated 13 tests with total length 113
* Resulting test suite's coverage: 75%
* Generating assertions
* Resulting test suite's mutation score: 34%
* Permissions denied during test execution: 
  - java.lang.RuntimePermission: 
         writeFileDescriptor: 20
  - java.net.SocketPermission: 
         connect,resolve 127.0.0.1:1273: 1
* Writing JUnit test case 'CheckGlobalThis_ESTest' to evosuite-branch
* Done!

* Computation finished
