* EvoSuite 1.0.6
* Going to generate test cases for class: com.google.javascript.jscomp.RemoveUnusedVars
* Starting client
* Connecting to master process on port 18557
* Analyzing classpath: 
  - /tmp/run_evosuite.pl_224677_1546750599/build/classes
  - /tmp/run_evosuite.pl_224677_1546750599/lib/args4j.jar
  - /tmp/run_evosuite.pl_224677_1546750599/lib/guava.jar
  - /tmp/run_evosuite.pl_224677_1546750599/lib/json.jar
  - /tmp/run_evosuite.pl_224677_1546750599/lib/jsr305.jar
  - /tmp/run_evosuite.pl_224677_1546750599/lib/protobuf-java.jar
  - /tmp/run_evosuite.pl_224677_1546750599/build/lib/rhino.jar
  - /tmp/run_evosuite.pl_224677_1546750599/lib/ant.jar
* Finished analyzing classpath
* Generating tests for class com.google.javascript.jscomp.RemoveUnusedVars
* Test criterion:
  - Branch Coverage
* Setting up search algorithm for whole suite generation
* Total number of test goals: 311
* Using seed 5000
* Starting evolution
[MASTER] 20:57:11.426 [logback-2] ERROR TestCluster - Failed to check cache for java.util.Iterator<E> : Type points to itself
* Search finished after 102s and 167 generations, 38739 statements, best individual has fitness: 278.95
* Minimizing test suite
* Going to analyze the coverage criteria
* Coverage analysis for criterion BRANCH
* Coverage of criterion BRANCH: 13%
* Total number of goals: 311
* Number of covered goals: 39
* Generated 3 tests with total length 17
* Resulting test suite's coverage: 13%
* Generating assertions
* Resulting test suite's mutation score: 9%
* Permissions denied during test execution: 
  - java.lang.RuntimePermission: 
         writeFileDescriptor: 4
* Writing JUnit test case 'RemoveUnusedVars_ESTest' to evosuite-branch
* Done!

* Computation finished
