* EvoSuite 1.0.6
* Going to generate test cases for class: com.google.javascript.jscomp.InlineVariables
* Starting client
* Connecting to master process on port 18557
* Analyzing classpath: 
  - /tmp/run_evosuite.pl_4986_1546755175/build/classes
  - /tmp/run_evosuite.pl_4986_1546755175/lib/args4j.jar
  - /tmp/run_evosuite.pl_4986_1546755175/lib/guava.jar
  - /tmp/run_evosuite.pl_4986_1546755175/lib/json.jar
  - /tmp/run_evosuite.pl_4986_1546755175/lib/jsr305.jar
  - /tmp/run_evosuite.pl_4986_1546755175/lib/protobuf-java.jar
  - /tmp/run_evosuite.pl_4986_1546755175/build/lib/rhino.jar
  - /tmp/run_evosuite.pl_4986_1546755175/lib/ant.jar
* Finished analyzing classpath
* Generating tests for class com.google.javascript.jscomp.InlineVariables
* Test criterion:
  - Branch Coverage
* Setting up search algorithm for whole suite generation
* Total number of test goals: 254
* Using seed 5000
* Starting evolution
* Search finished after 101s and 2152 generations, 584707 statements, best individual has fitness: 265.5
* Minimizing test suite
* Going to analyze the coverage criteria
* Coverage analysis for criterion BRANCH
* Coverage of criterion BRANCH: 4%
* Total number of goals: 254
* Number of covered goals: 9
* Generated 3 tests with total length 18
* Resulting test suite's coverage: 4%
* Generating assertions
* Resulting test suite's mutation score: 0%
* Permissions denied during test execution: 
  - java.lang.RuntimePermission: 
         writeFileDescriptor: 10
* Writing JUnit test case 'InlineVariables_ESTest' to evosuite-branch
* Done!

* Computation finished
