* EvoSuite 1.0.6
* Going to generate test cases for class: com.google.javascript.jscomp.NodeUtil
* Starting client
* Connecting to master process on port 18539
* Analyzing classpath: 
  - /tmp/run_evosuite.pl_179966_1545814372/build/classes
  - /tmp/run_evosuite.pl_179966_1545814372/lib/args4j.jar
  - /tmp/run_evosuite.pl_179966_1545814372/lib/guava.jar
  - /tmp/run_evosuite.pl_179966_1545814372/lib/json.jar
  - /tmp/run_evosuite.pl_179966_1545814372/lib/jsr305.jar
  - /tmp/run_evosuite.pl_179966_1545814372/lib/protobuf-java.jar
  - /tmp/run_evosuite.pl_179966_1545814372/build/lib/rhino.jar
  - /tmp/run_evosuite.pl_179966_1545814372/lib/ant.jar
* Finished analyzing classpath
* Generating tests for class com.google.javascript.jscomp.NodeUtil
* Test criterion:
  - Branch Coverage
* Setting up search algorithm for whole suite generation
* Total number of test goals: 2426
* Using seed 2000
* Starting evolution
[MASTER] 00:53:08.759 [logback-2] ERROR TestCluster - Failed to check cache for com.google.common.base.Supplier<T> : Type points to itself
* Search finished after 102s and 328 generations, 147033 statements, best individual has fitness: 933.348913422998
* Minimizing test suite
* Going to analyze the coverage criteria
* Coverage analysis for criterion BRANCH
* Coverage of criterion BRANCH: 54%
* Total number of goals: 2426
* Number of covered goals: 1311
* Generated 270 tests with total length 593
* Resulting test suite's coverage: 54%
* Generating assertions
* Resulting test suite's mutation score: 24%
* Permissions denied during test execution: 
  - java.lang.RuntimePermission: 
         writeFileDescriptor: 5
* Writing JUnit test case 'NodeUtil_ESTest' to evosuite-branch
* Done!

* Computation finished
