* EvoSuite 1.0.6
* Going to generate test cases for class: com.google.javascript.jscomp.NameAnalyzer
* Starting client
* Connecting to master process on port 18557
* Analyzing classpath: 
  - /tmp/run_evosuite.pl_234349_1546772877/build/classes
  - /tmp/run_evosuite.pl_234349_1546772877/lib/args4j.jar
  - /tmp/run_evosuite.pl_234349_1546772877/lib/guava.jar
  - /tmp/run_evosuite.pl_234349_1546772877/lib/json.jar
  - /tmp/run_evosuite.pl_234349_1546772877/lib/jsr305.jar
  - /tmp/run_evosuite.pl_234349_1546772877/lib/protobuf-java.jar
  - /tmp/run_evosuite.pl_234349_1546772877/build/lib/rhino.jar
  - /tmp/run_evosuite.pl_234349_1546772877/lib/ant.jar
* Finished analyzing classpath
* Generating tests for class com.google.javascript.jscomp.NameAnalyzer
* Test criterion:
  - Branch Coverage
* Setting up search algorithm for whole suite generation
* Total number of test goals: 565
* Using seed 5000
* Starting evolution
[MASTER] 03:08:13.703 [logback-2] ERROR TestCluster - Failed to check cache for java.util.AbstractMap<K, V>.SimpleEntry<K, V> : Type points to itself
[MASTER] 03:08:13.703 [logback-2] ERROR TestCluster - Failed to check cache for java.util.AbstractMap<K, V>.SimpleImmutableEntry<K, V> : Type points to itself
[MASTER] 03:08:21.399 [logback-2] ERROR TestCluster - Failed to check cache for java.util.Enumeration<E> : Type points to itself
* Search finished after 102s and 108 generations, 35341 statements, best individual has fitness: 499.5
* Minimizing test suite
* Going to analyze the coverage criteria
* Coverage analysis for criterion BRANCH
* Coverage of criterion BRANCH: 13%
* Total number of goals: 565
* Number of covered goals: 72
* Generated 5 tests with total length 23
* Resulting test suite's coverage: 13%
* Generating assertions
* Resulting test suite's mutation score: 6%
* Permissions denied during test execution: 
  - java.lang.RuntimePermission: 
         writeFileDescriptor: 3
* Writing JUnit test case 'NameAnalyzer_ESTest' to evosuite-branch
* Done!

* Computation finished
