* EvoSuite 1.0.6
* Going to generate test cases for class: com.google.javascript.jscomp.CommandLineRunner
* Starting client
* Connecting to master process on port 18557
* Analyzing classpath: 
  - /tmp/run_evosuite.pl_229388_1546771029/build/classes
  - /tmp/run_evosuite.pl_229388_1546771029/lib/ant_deploy.jar
  - /tmp/run_evosuite.pl_229388_1546771029/lib/args4j_deploy.jar
  - /tmp/run_evosuite.pl_229388_1546771029/lib/google_common_deploy.jar
  - /tmp/run_evosuite.pl_229388_1546771029/lib/hamcrest-core-1.1.jar
  - /tmp/run_evosuite.pl_229388_1546771029/lib/junit.jar
  - /tmp/run_evosuite.pl_229388_1546771029/lib/libtrunk_rhino_parser_jarjared.jar
  - /tmp/run_evosuite.pl_229388_1546771029/lib/protobuf_deploy.jar
* Finished analyzing classpath
* Generating tests for class com.google.javascript.jscomp.CommandLineRunner
* Test criterion:
  - Branch Coverage
* Setting up search algorithm for whole suite generation
* Total number of test goals: 36
* Using seed 5000
* Starting evolution
[MASTER] 02:37:19.829 [logback-2] ERROR TestCluster - Failed to check cache for java.util.EnumSet<E> : Type points to itself
[MASTER] 02:37:22.016 [logback-2] ERROR TestCluster - Failed to check cache for java.util.Comparator<T> : Type points to itself
* Search finished after 101s and 1062 generations, 187768 statements, best individual has fitness: 23.5
* Minimizing test suite
* Going to analyze the coverage criteria
* Coverage analysis for criterion BRANCH
* Coverage of criterion BRANCH: 36%
* Total number of goals: 36
* Number of covered goals: 13
* Generated 5 tests with total length 20
* Resulting test suite's coverage: 36%
* Generating assertions
* Resulting test suite's mutation score: 7%
* Permissions denied during test execution: 
  - java.lang.RuntimePermission: 
         writeFileDescriptor: 56
* Writing JUnit test case 'CommandLineRunner_ESTest' to evosuite-branch
* Done!

* Computation finished
