* EvoSuite 1.0.6
* Going to generate test cases for class: com.google.javascript.jscomp.ReferenceCollectingCallback
* Starting client
* Connecting to master process on port 2830
* Analyzing classpath: 
  - /tmp/run_evosuite.pl_59545_1546615210/build/classes
  - /tmp/run_evosuite.pl_59545_1546615210/lib/ant_deploy.jar
  - /tmp/run_evosuite.pl_59545_1546615210/lib/args4j_deploy.jar
  - /tmp/run_evosuite.pl_59545_1546615210/lib/google_common_deploy.jar
  - /tmp/run_evosuite.pl_59545_1546615210/lib/hamcrest-core-1.1.jar
  - /tmp/run_evosuite.pl_59545_1546615210/lib/junit.jar
  - /tmp/run_evosuite.pl_59545_1546615210/lib/libtrunk_rhino_parser_jarjared.jar
  - /tmp/run_evosuite.pl_59545_1546615210/lib/protobuf_deploy.jar
* Finished analyzing classpath
* Generating tests for class com.google.javascript.jscomp.ReferenceCollectingCallback
* Test criterion:
  - Branch Coverage
* Setting up search algorithm for whole suite generation
* Total number of test goals: 181
* Using seed 3000
* Starting evolution
[MASTER] 07:20:20.721 [logback-2] ERROR TestCluster - Failed to check cache for java.util.LinkedHashSet<E> : Type points to itself
[MASTER] 07:20:26.035 [logback-2] ERROR TestCluster - Failed to check cache for com.google.common.base.Supplier<T> : Type points to itself
* Search finished after 101s and 251 generations, 115942 statements, best individual has fitness: 84.06385192267444
* Minimizing test suite
* Going to analyze the coverage criteria
* Coverage analysis for criterion BRANCH
* Coverage of criterion BRANCH: 50%
* Total number of goals: 181
* Number of covered goals: 91
* Generated 37 tests with total length 216
* Resulting test suite's coverage: 50%
* Generating assertions
* Resulting test suite's mutation score: 21%
* Permissions denied during test execution: 
  - java.lang.RuntimePermission: 
         writeFileDescriptor: 2
* Writing JUnit test case 'ReferenceCollectingCallback_ESTest' to evosuite-branch
* Done!

* Computation finished
