* EvoSuite 1.0.6
* Going to generate test cases for class: com.google.javascript.jscomp.NodeUtil
* Starting client
* Connecting to master process on port 14953
* Analyzing classpath: 
  - /tmp/run_evosuite.pl_89133_1546836869/build/classes
  - /tmp/run_evosuite.pl_89133_1546836869/lib/args4j.jar
  - /tmp/run_evosuite.pl_89133_1546836869/lib/guava.jar
  - /tmp/run_evosuite.pl_89133_1546836869/lib/json.jar
  - /tmp/run_evosuite.pl_89133_1546836869/lib/jsr305.jar
  - /tmp/run_evosuite.pl_89133_1546836869/lib/protobuf-java.jar
  - /tmp/run_evosuite.pl_89133_1546836869/build/lib/rhino.jar
  - /tmp/run_evosuite.pl_89133_1546836869/lib/ant.jar
* Finished analyzing classpath
* Generating tests for class com.google.javascript.jscomp.NodeUtil
* Test criterion:
  - Branch Coverage
* Setting up search algorithm for whole suite generation
* Total number of test goals: 2426
* Using seed 1000
* Starting evolution
[MASTER] 20:54:46.367 [logback-2] ERROR TestCluster - Failed to check cache for com.google.common.base.Supplier<T> : Type points to itself
* Search finished after 102s and 75 generations, 24691 statements, best individual has fitness: 1145.1819012602161
* Minimizing test suite
* Going to analyze the coverage criteria
* Coverage analysis for criterion BRANCH
* Coverage of criterion BRANCH: 47%
* Total number of goals: 2426
* Number of covered goals: 1132
* Generated 150 tests with total length 341
* Resulting test suite's coverage: 47%
* Generating assertions
* Resulting test suite's mutation score: 18%
* Permissions denied during test execution: 
  - java.lang.RuntimePermission: 
         writeFileDescriptor: 2
  - java.net.SocketPermission: 
         resolve @Z-&: 1
* Writing JUnit test case 'NodeUtil_ESTest' to evosuite-branch
* Done!

* Computation finished
