* EvoSuite 1.0.6
* Going to generate test cases for class: com.google.javascript.jscomp.ReferenceCollectingCallback
* Starting client
* Connecting to master process on port 2830
* Analyzing classpath: 
  - /tmp/run_evosuite.pl_66938_1546618193/build/classes
  - /tmp/run_evosuite.pl_66938_1546618193/lib/args4j.jar
  - /tmp/run_evosuite.pl_66938_1546618193/lib/guava.jar
  - /tmp/run_evosuite.pl_66938_1546618193/lib/json.jar
  - /tmp/run_evosuite.pl_66938_1546618193/lib/jsr305.jar
  - /tmp/run_evosuite.pl_66938_1546618193/lib/protobuf-java.jar
  - /tmp/run_evosuite.pl_66938_1546618193/build/lib/rhino.jar
  - /tmp/run_evosuite.pl_66938_1546618193/lib/ant.jar
* Finished analyzing classpath
* Generating tests for class com.google.javascript.jscomp.ReferenceCollectingCallback
* Test criterion:
  - Branch Coverage
* Setting up search algorithm for whole suite generation
* Total number of test goals: 198
* Using seed 3000
* Starting evolution
[MASTER] 08:10:28.503 [logback-2] ERROR TestCluster - Failed to check cache for com.google.javascript.jscomp.ControlFlowGraph<N> : Type points to itself
* Search finished after 101s and 294 generations, 85089 statements, best individual has fitness: 105.8333333327902
* Minimizing test suite
[MASTER] 08:11:48.893 [logback-2] ERROR TestCluster - Failed to check cache for java.util.Comparator<T> : Type points to itself
* Going to analyze the coverage criteria
* Coverage analysis for criterion BRANCH
* Coverage of criterion BRANCH: 46%
* Total number of goals: 198
* Number of covered goals: 91
* Generated 42 tests with total length 202
* Resulting test suite's coverage: 46%
* Generating assertions
* Resulting test suite's mutation score: 11%
* Permissions denied during test execution: 
  - java.lang.RuntimePermission: 
         writeFileDescriptor: 6
* Writing JUnit test case 'ReferenceCollectingCallback_ESTest' to evosuite-branch
* Done!

* Computation finished
