* EvoSuite 1.0.6
* Going to generate test cases for class: com.google.javascript.jscomp.TypedScopeCreator
* Starting client
* Connecting to master process on port 14953
* Analyzing classpath: 
  - /tmp/run_evosuite.pl_80988_1546834518/build/classes
  - /tmp/run_evosuite.pl_80988_1546834518/lib/args4j.jar
  - /tmp/run_evosuite.pl_80988_1546834518/lib/guava.jar
  - /tmp/run_evosuite.pl_80988_1546834518/lib/json.jar
  - /tmp/run_evosuite.pl_80988_1546834518/lib/jsr305.jar
  - /tmp/run_evosuite.pl_80988_1546834518/lib/protobuf-java.jar
  - /tmp/run_evosuite.pl_80988_1546834518/build/lib/rhino.jar
  - /tmp/run_evosuite.pl_80988_1546834518/lib/ant.jar
* Finished analyzing classpath
* Generating tests for class com.google.javascript.jscomp.TypedScopeCreator
* Test criterion:
  - Branch Coverage
* Setting up search algorithm for whole suite generation
* Total number of test goals: 702
* Using seed 1000
* Starting evolution
* Search finished after 101s and 758 generations, 240027 statements, best individual has fitness: 484.4333333286737
* Minimizing test suite
* Going to analyze the coverage criteria
* Coverage analysis for criterion BRANCH
* Coverage of criterion BRANCH: 28%
* Total number of goals: 702
* Number of covered goals: 194
* Generated 21 tests with total length 150
* Resulting test suite's coverage: 28%
* Generating assertions
* Resulting test suite's mutation score: 13%
* Permissions denied during test execution: 
  - java.lang.RuntimePermission: 
         writeFileDescriptor: 19
* Writing JUnit test case 'TypedScopeCreator_ESTest' to evosuite-branch
* Done!

* Computation finished
