* EvoSuite 1.0.6
* Going to generate test cases for class: com.google.javascript.jscomp.FunctionToBlockMutator
* Starting client
* Connecting to master process on port 2830
* Analyzing classpath: 
  - /tmp/run_evosuite.pl_51057_1546611621/build/classes
  - /tmp/run_evosuite.pl_51057_1546611621/lib/args4j.jar
  - /tmp/run_evosuite.pl_51057_1546611621/lib/guava.jar
  - /tmp/run_evosuite.pl_51057_1546611621/lib/json.jar
  - /tmp/run_evosuite.pl_51057_1546611621/lib/jsr305.jar
  - /tmp/run_evosuite.pl_51057_1546611621/lib/libtrunk_rhino_parser_jarjared.jar
  - /tmp/run_evosuite.pl_51057_1546611621/lib/protobuf-java.jar
  - /tmp/run_evosuite.pl_51057_1546611621/lib/ant.jar
* Finished analyzing classpath
* Generating tests for class com.google.javascript.jscomp.FunctionToBlockMutator
* Test criterion:
  - Branch Coverage
* Setting up search algorithm for whole suite generation
* Total number of test goals: 85
* Using seed 3000
* Starting evolution
[MASTER] 06:20:32.181 [logback-2] ERROR TestCluster - Failed to check cache for java.util.AbstractMap<K, V>.SimpleEntry<K, V> : Type points to itself
[MASTER] 06:20:32.181 [logback-2] ERROR TestCluster - Failed to check cache for java.util.AbstractMap<K, V>.SimpleImmutableEntry<K, V> : Type points to itself
[MASTER] 06:20:33.453 [logback-2] ERROR TestCluster - Failed to check cache for java.util.Enumeration<E> : Type points to itself
[MASTER] 06:21:51.667 [logback-2] ERROR FunctionalMockStatement - Cannot use Mockito on class com.google.javascript.rhino.jstype.NoType due to IAE: tried to access class com.google.javascript.rhino.jstype.PrototypeObjectType from class com.google.javascript.rhino.jstype.NoType$MockitoMock$1175615232
* Search finished after 101s and 1387 generations, 335313 statements, best individual has fitness: 90.0
* Minimizing test suite
* Going to analyze the coverage criteria
* Coverage analysis for criterion BRANCH
* Coverage of criterion BRANCH: 5%
* Total number of goals: 85
* Number of covered goals: 4
* Generated 2 tests with total length 7
* Resulting test suite's coverage: 5%
* Generating assertions
* Resulting test suite's mutation score: 0%
* Permissions denied during test execution: 
  - java.lang.RuntimePermission: 
         writeFileDescriptor: 35
  - java.net.SocketPermission: 
         resolve ->ardgF~ Y8bzt$]: 1
* Writing JUnit test case 'FunctionToBlockMutator_ESTest' to evosuite-branch
* Done!

* Computation finished
* EvoSuite 1.0.6
* Going to generate test cases for class: com.google.javascript.jscomp.RenameLabels
* Starting client
* Connecting to master process on port 2830
* Analyzing classpath: 
  - /tmp/run_evosuite.pl_51057_1546611621/build/classes
  - /tmp/run_evosuite.pl_51057_1546611621/lib/args4j.jar
  - /tmp/run_evosuite.pl_51057_1546611621/lib/guava.jar
  - /tmp/run_evosuite.pl_51057_1546611621/lib/json.jar
  - /tmp/run_evosuite.pl_51057_1546611621/lib/jsr305.jar
  - /tmp/run_evosuite.pl_51057_1546611621/lib/libtrunk_rhino_parser_jarjared.jar
  - /tmp/run_evosuite.pl_51057_1546611621/lib/protobuf-java.jar
  - /tmp/run_evosuite.pl_51057_1546611621/lib/ant.jar
* Finished analyzing classpath
* Generating tests for class com.google.javascript.jscomp.RenameLabels
* Test criterion:
  - Branch Coverage
* Setting up search algorithm for whole suite generation
* Total number of test goals: 45
* Using seed 3000
* Starting evolution
[MASTER] 06:22:18.397 [logback-2] ERROR TestCluster - Failed to check cache for com.google.javascript.jscomp.ControlFlowGraph<N> : Type points to itself
[MASTER] 06:22:20.042 [logback-2] ERROR TestCluster - Failed to check cache for com.google.common.base.Supplier<T> : Type points to itself
* Search finished after 101s and 893 generations, 223225 statements, best individual has fitness: 8.166666666666666
* Minimizing test suite
* Going to analyze the coverage criteria
* Coverage analysis for criterion BRANCH
* Coverage of criterion BRANCH: 78%
* Total number of goals: 45
* Number of covered goals: 35
* Generated 6 tests with total length 33
* Resulting test suite's coverage: 78%
* Generating assertions
* Resulting test suite's mutation score: 8%
* Permissions denied during test execution: 
  - java.lang.RuntimePermission: 
         writeFileDescriptor: 3
* Writing JUnit test case 'RenameLabels_ESTest' to evosuite-branch
* Done!

* Computation finished
