* EvoSuite 1.0.6
* Going to generate test cases for class: com.google.javascript.jscomp.FunctionToBlockMutator
* Starting client
* Connecting to master process on port 14953
* Analyzing classpath: 
  - /tmp/run_evosuite.pl_93432_1546838202/build/classes
  - /tmp/run_evosuite.pl_93432_1546838202/lib/args4j.jar
  - /tmp/run_evosuite.pl_93432_1546838202/lib/guava.jar
  - /tmp/run_evosuite.pl_93432_1546838202/lib/json.jar
  - /tmp/run_evosuite.pl_93432_1546838202/lib/jsr305.jar
  - /tmp/run_evosuite.pl_93432_1546838202/lib/libtrunk_rhino_parser_jarjared.jar
  - /tmp/run_evosuite.pl_93432_1546838202/lib/protobuf-java.jar
  - /tmp/run_evosuite.pl_93432_1546838202/lib/ant.jar
* Finished analyzing classpath
* Generating tests for class com.google.javascript.jscomp.FunctionToBlockMutator
* Test criterion:
  - Branch Coverage
* Setting up search algorithm for whole suite generation
* Total number of test goals: 85
* Using seed 1000
* Starting evolution
[MASTER] 21:16:52.603 [logback-2] ERROR TestCluster - Failed to check cache for java.util.AbstractMap<K, V>.SimpleEntry<K, V> : Type points to itself
[MASTER] 21:16:52.603 [logback-2] ERROR TestCluster - Failed to check cache for java.util.AbstractMap<K, V>.SimpleImmutableEntry<K, V> : Type points to itself
* Search finished after 101s and 454 generations, 105395 statements, best individual has fitness: 90.0
* Minimizing test suite
* Going to analyze the coverage criteria
* Coverage analysis for criterion BRANCH
* Coverage of criterion BRANCH: 5%
* Total number of goals: 85
* Number of covered goals: 4
* Generated 2 tests with total length 8
* Resulting test suite's coverage: 5%
* Generating assertions
* Resulting test suite's mutation score: 0%
* Permissions denied during test execution: 
  - java.lang.RuntimePermission: 
         writeFileDescriptor: 11
  - java.net.SocketPermission: 
         resolve k_g3j&~Hid+g9%[2z: 1
* Writing JUnit test case 'FunctionToBlockMutator_ESTest' to evosuite-branch
* Done!

* Computation finished
* EvoSuite 1.0.6
* Going to generate test cases for class: com.google.javascript.jscomp.RenameLabels
* Starting client
* Connecting to master process on port 14953
* Analyzing classpath: 
  - /tmp/run_evosuite.pl_93432_1546838202/build/classes
  - /tmp/run_evosuite.pl_93432_1546838202/lib/args4j.jar
  - /tmp/run_evosuite.pl_93432_1546838202/lib/guava.jar
  - /tmp/run_evosuite.pl_93432_1546838202/lib/json.jar
  - /tmp/run_evosuite.pl_93432_1546838202/lib/jsr305.jar
  - /tmp/run_evosuite.pl_93432_1546838202/lib/libtrunk_rhino_parser_jarjared.jar
  - /tmp/run_evosuite.pl_93432_1546838202/lib/protobuf-java.jar
  - /tmp/run_evosuite.pl_93432_1546838202/lib/ant.jar
* Finished analyzing classpath
* Generating tests for class com.google.javascript.jscomp.RenameLabels
* Test criterion:
  - Branch Coverage
* Setting up search algorithm for whole suite generation
* Total number of test goals: 45
* Using seed 1000
* Starting evolution
[MASTER] 21:18:50.571 [logback-2] ERROR TestCluster - Failed to check cache for com.google.common.base.Supplier<T> : Type points to itself
[MASTER] 21:18:50.975 [logback-2] ERROR TestCluster - Failed to check cache for java.util.Enumeration<E> : Type points to itself
[MASTER] 21:19:33.212 [logback-2] ERROR FunctionalMockStatement - Cannot use Mockito on class com.google.javascript.rhino.jstype.VoidType due to IAE: tried to access class com.google.javascript.rhino.jstype.ValueType from class com.google.javascript.rhino.jstype.VoidType$MockitoMock$532773140
* Search finished after 101s and 1175 generations, 476180 statements, best individual has fitness: 5.5
* Minimizing test suite
* Going to analyze the coverage criteria
* Coverage analysis for criterion BRANCH
* Coverage of criterion BRANCH: 84%
* Total number of goals: 45
* Number of covered goals: 38
* Generated 7 tests with total length 62
* Resulting test suite's coverage: 84%
* Generating assertions
* Resulting test suite's mutation score: 47%
* Permissions denied during test execution: 
  - java.lang.RuntimePermission: 
         writeFileDescriptor: 5
* Writing JUnit test case 'RenameLabels_ESTest' to evosuite-branch
* Done!

* Computation finished
