* EvoSuite 1.0.6
* Going to generate test cases for class: com.google.javascript.jscomp.CommandLineRunner
* Starting client
* Connecting to master process on port 14953
* Analyzing classpath: 
  - /tmp/run_evosuite.pl_102821_1546842207/build/classes
  - /tmp/run_evosuite.pl_102821_1546842207/lib/ant_deploy.jar
  - /tmp/run_evosuite.pl_102821_1546842207/lib/args4j_deploy.jar
  - /tmp/run_evosuite.pl_102821_1546842207/lib/google_common_deploy.jar
  - /tmp/run_evosuite.pl_102821_1546842207/lib/hamcrest-core-1.1.jar
  - /tmp/run_evosuite.pl_102821_1546842207/lib/junit.jar
  - /tmp/run_evosuite.pl_102821_1546842207/lib/libtrunk_rhino_parser_jarjared.jar
  - /tmp/run_evosuite.pl_102821_1546842207/lib/protobuf_deploy.jar
* Finished analyzing classpath
* Generating tests for class com.google.javascript.jscomp.CommandLineRunner
* Test criterion:
  - Branch Coverage
* Setting up search algorithm for whole suite generation
* Total number of test goals: 36
* Using seed 1000
* Starting evolution
[MASTER] 22:23:37.662 [logback-2] ERROR TestCluster - Failed to check cache for java.util.Stack<E> : Type points to itself
[MASTER] 22:24:01.954 [logback-2] ERROR TestCluster - Failed to check cache for java.util.List<E> : Type points to itself
[MASTER] 22:24:08.014 [logback-2] ERROR TestCluster - Failed to check cache for com.google.javascript.jscomp.ControlFlowGraph<N> : Type points to itself
* Search finished after 101s and 1001 generations, 163494 statements, best individual has fitness: 23.5
* Minimizing test suite
* Going to analyze the coverage criteria
* Coverage analysis for criterion BRANCH
* Coverage of criterion BRANCH: 36%
* Total number of goals: 36
* Number of covered goals: 13
* Generated 6 tests with total length 19
* Resulting test suite's coverage: 36%
* Generating assertions
* Resulting test suite's mutation score: 7%
* Permissions denied during test execution: 
  - java.lang.RuntimePermission: 
         writeFileDescriptor: 57
* Writing JUnit test case 'CommandLineRunner_ESTest' to evosuite-branch
* Done!

* Computation finished
