* EvoSuite 1.0.6
* Going to generate test cases for class: com.google.javascript.jscomp.ProcessClosurePrimitives
* Starting client
* Connecting to master process on port 18539
* Analyzing classpath: 
  - /tmp/run_evosuite.pl_194299_1545821799/build/classes
  - /tmp/run_evosuite.pl_194299_1545821799/lib/args4j.jar
  - /tmp/run_evosuite.pl_194299_1545821799/lib/guava.jar
  - /tmp/run_evosuite.pl_194299_1545821799/lib/json.jar
  - /tmp/run_evosuite.pl_194299_1545821799/lib/jsr305.jar
  - /tmp/run_evosuite.pl_194299_1545821799/lib/protobuf-java.jar
  - /tmp/run_evosuite.pl_194299_1545821799/build/lib/rhino.jar
  - /tmp/run_evosuite.pl_194299_1545821799/lib/ant.jar
* Finished analyzing classpath
* Generating tests for class com.google.javascript.jscomp.ProcessClosurePrimitives
* Test criterion:
  - Branch Coverage
* Setting up search algorithm for whole suite generation
* Total number of test goals: 352
* Using seed 2000
* Starting evolution
[MASTER] 02:56:54.263 [logback-2] ERROR TestCluster - Failed to check cache for java.util.AbstractMap<K, V>.SimpleEntry<K, V> : Type points to itself
[MASTER] 02:56:54.263 [logback-2] ERROR TestCluster - Failed to check cache for java.util.AbstractMap<K, V>.SimpleImmutableEntry<K, V> : Type points to itself
[MASTER] 02:57:01.027 [logback-2] ERROR TestCluster - Failed to check cache for java.util.Iterator<E> : Type points to itself
[MASTER] 02:57:11.675 [logback-2] ERROR TestCluster - Failed to check cache for com.google.javascript.jscomp.ControlFlowGraph<N> : Type points to itself
* Search finished after 103s and 79 generations, 28868 statements, best individual has fitness: 338.3
* Minimizing test suite
* Going to analyze the coverage criteria
* Coverage analysis for criterion BRANCH
* Coverage of criterion BRANCH: 10%
* Total number of goals: 352
* Number of covered goals: 35
* Generated 7 tests with total length 35
* Resulting test suite's coverage: 10%
* Generating assertions
* Resulting test suite's mutation score: 0%
* Permissions denied during test execution: 
  - java.lang.RuntimePermission: 
         writeFileDescriptor: 4
* Writing JUnit test case 'ProcessClosurePrimitives_ESTest' to evosuite-branch
* Done!

* Computation finished
