* EvoSuite 1.0.6
* Going to generate test cases for class: com.google.javascript.jscomp.CodeGenerator
* Starting client
* Connecting to master process on port 19758
* Analyzing classpath: 
  - /tmp/run_evosuite.pl_943_1546688800/build/classes
  - /tmp/run_evosuite.pl_943_1546688800/lib/args4j.jar
  - /tmp/run_evosuite.pl_943_1546688800/lib/guava.jar
  - /tmp/run_evosuite.pl_943_1546688800/lib/json.jar
  - /tmp/run_evosuite.pl_943_1546688800/lib/jsr305.jar
  - /tmp/run_evosuite.pl_943_1546688800/lib/protobuf-java.jar
  - /tmp/run_evosuite.pl_943_1546688800/build/lib/rhino.jar
  - /tmp/run_evosuite.pl_943_1546688800/lib/ant.jar
* Finished analyzing classpath
* Generating tests for class com.google.javascript.jscomp.CodeGenerator
* Test criterion:
  - Branch Coverage
* Setting up search algorithm for whole suite generation
* Total number of test goals: 776
* Using seed 4000
* Starting evolution
* Search finished after 101s and 483 generations, 139711 statements, best individual has fitness: 669.4497532839348
* Minimizing test suite
* Going to analyze the coverage criteria
* Coverage analysis for criterion BRANCH
* Coverage of criterion BRANCH: 14%
* Total number of goals: 776
* Number of covered goals: 110
* Generated 35 tests with total length 83
* Resulting test suite's coverage: 14%
* Generating assertions
* Resulting test suite's mutation score: 22%
* Permissions denied during test execution: 
  - java.lang.RuntimePermission: 
         writeFileDescriptor: 5
* Writing JUnit test case 'CodeGenerator_ESTest' to evosuite-branch
* Done!

* Computation finished
