* EvoSuite 1.0.6
* Going to generate test cases for class: com.google.javascript.jscomp.CheckGlobalThis
* Starting client
* Connecting to master process on port 2830
* Analyzing classpath: 
  - /tmp/run_evosuite.pl_60136_1546615439/build/classes
  - /tmp/run_evosuite.pl_60136_1546615439/lib/ant_deploy.jar
  - /tmp/run_evosuite.pl_60136_1546615439/lib/args4j_deploy.jar
  - /tmp/run_evosuite.pl_60136_1546615439/lib/google_common_deploy.jar
  - /tmp/run_evosuite.pl_60136_1546615439/lib/hamcrest-core-1.1.jar
  - /tmp/run_evosuite.pl_60136_1546615439/lib/junit.jar
  - /tmp/run_evosuite.pl_60136_1546615439/lib/libtrunk_rhino_parser_jarjared.jar
  - /tmp/run_evosuite.pl_60136_1546615439/lib/protobuf_deploy.jar
* Finished analyzing classpath
* Generating tests for class com.google.javascript.jscomp.CheckGlobalThis
* Test criterion:
  - Branch Coverage
* Setting up search algorithm for whole suite generation
* Total number of test goals: 57
* Using seed 3000
* Starting evolution
[MASTER] 07:24:09.312 [logback-2] ERROR TestCluster - Failed to check cache for java.util.LinkedHashSet<E> : Type points to itself
[MASTER] 07:24:58.064 [logback-2] ERROR TestCluster - Failed to check cache for com.google.javascript.jscomp.ControlFlowGraph<N> : Type points to itself
* Search finished after 101s and 1245 generations, 431249 statements, best individual has fitness: 9.5
* Minimizing test suite
* Going to analyze the coverage criteria
* Coverage analysis for criterion BRANCH
* Coverage of criterion BRANCH: 81%
* Total number of goals: 57
* Number of covered goals: 46
* Generated 14 tests with total length 105
* Resulting test suite's coverage: 81%
* Generating assertions
* Resulting test suite's mutation score: 38%
* Permissions denied during test execution: 
  - java.lang.RuntimePermission: 
         writeFileDescriptor: 29
* Writing JUnit test case 'CheckGlobalThis_ESTest' to evosuite-branch
* Done!

* Computation finished
