* EvoSuite 1.0.6
* Going to generate test cases for class: com.google.javascript.jscomp.ProcessClosurePrimitives
* Starting client
* Connecting to master process on port 14953
* Analyzing classpath: 
  - /tmp/run_evosuite.pl_100184_1546841137/build/classes
  - /tmp/run_evosuite.pl_100184_1546841137/lib/ant_deploy.jar
  - /tmp/run_evosuite.pl_100184_1546841137/lib/args4j_deploy.jar
  - /tmp/run_evosuite.pl_100184_1546841137/lib/guava-r06.jar
  - /tmp/run_evosuite.pl_100184_1546841137/lib/hamcrest-core-1.1.jar
  - /tmp/run_evosuite.pl_100184_1546841137/lib/json.jar
  - /tmp/run_evosuite.pl_100184_1546841137/lib/jsr305.jar
  - /tmp/run_evosuite.pl_100184_1546841137/lib/junit.jar
  - /tmp/run_evosuite.pl_100184_1546841137/lib/libtrunk_rhino_parser_jarjared.jar
  - /tmp/run_evosuite.pl_100184_1546841137/lib/protobuf-java-2.3.0.jar
* Finished analyzing classpath
* Generating tests for class com.google.javascript.jscomp.ProcessClosurePrimitives
* Test criterion:
  - Branch Coverage
* Setting up search algorithm for whole suite generation
* Total number of test goals: 282
* Using seed 1000
* Starting evolution
[MASTER] 22:05:49.694 [logback-2] ERROR TestCluster - Failed to check cache for com.google.common.base.Supplier<T> : Type points to itself
[MASTER] 22:05:50.040 [logback-2] ERROR TestCluster - Failed to check cache for java.util.Enumeration<E> : Type points to itself
* Search finished after 101s and 703 generations, 250270 statements, best individual has fitness: 237.05641025641026
* Minimizing test suite
* Going to analyze the coverage criteria
* Coverage analysis for criterion BRANCH
* Coverage of criterion BRANCH: 19%
* Total number of goals: 282
* Number of covered goals: 53
* Generated 9 tests with total length 53
* Resulting test suite's coverage: 19%
* Generating assertions
* Resulting test suite's mutation score: 3%
* Permissions denied during test execution: 
  - java.lang.RuntimePermission: 
         writeFileDescriptor: 30
* Writing JUnit test case 'ProcessClosurePrimitives_ESTest' to evosuite-branch
* Done!

* Computation finished
