* EvoSuite 1.0.6
* Going to generate test cases for class: com.google.javascript.jscomp.LightweightMessageFormatter
* Starting client
* Connecting to master process on port 2830
* Analyzing classpath: 
  - /tmp/run_evosuite.pl_45283_1546610511/build/classes
  - /tmp/run_evosuite.pl_45283_1546610511/lib/args4j.jar
  - /tmp/run_evosuite.pl_45283_1546610511/lib/guava.jar
  - /tmp/run_evosuite.pl_45283_1546610511/lib/json.jar
  - /tmp/run_evosuite.pl_45283_1546610511/lib/jsr305.jar
  - /tmp/run_evosuite.pl_45283_1546610511/lib/protobuf-java.jar
  - /tmp/run_evosuite.pl_45283_1546610511/build/lib/rhino.jar
  - /tmp/run_evosuite.pl_45283_1546610511/lib/ant.jar
* Finished analyzing classpath
* Generating tests for class com.google.javascript.jscomp.LightweightMessageFormatter
* Test criterion:
  - Branch Coverage
* Setting up search algorithm for whole suite generation
* Total number of test goals: 39
* Using seed 3000
* Starting evolution
[MASTER] 06:02:04.548 [logback-2] ERROR TestCluster - Failed to check cache for java.util.Enumeration<E> : Type points to itself
[MASTER] 06:02:38.861 [logback-2] ERROR TestCluster - Failed to check cache for com.google.javascript.jscomp.ControlFlowGraph<N> : Type points to itself
* Search finished after 102s and 1593 generations, 672549 statements, best individual has fitness: 10.5
* Minimizing test suite
* Going to analyze the coverage criteria
* Coverage analysis for criterion BRANCH
* Coverage of criterion BRANCH: 72%
* Total number of goals: 39
* Number of covered goals: 28
* Generated 7 tests with total length 26
* Resulting test suite's coverage: 72%
* Generating assertions
* Resulting test suite's mutation score: 79%
* Permissions denied during test execution: 
  - java.lang.RuntimePermission: 
         writeFileDescriptor: 1
* Writing JUnit test case 'LightweightMessageFormatter_ESTest' to evosuite-branch
* Done!

* Computation finished
