* EvoSuite 1.0.6
* Going to generate test cases for class: com.google.javascript.rhino.jstype.RecordType
* Starting client
* Connecting to master process on port 19758
* Analyzing classpath: 
  - /tmp/run_evosuite.pl_232707_1546678538/build/classes
  - /tmp/run_evosuite.pl_232707_1546678538/lib/args4j.jar
  - /tmp/run_evosuite.pl_232707_1546678538/lib/guava.jar
  - /tmp/run_evosuite.pl_232707_1546678538/lib/json.jar
  - /tmp/run_evosuite.pl_232707_1546678538/lib/jsr305.jar
  - /tmp/run_evosuite.pl_232707_1546678538/lib/protobuf-java.jar
  - /tmp/run_evosuite.pl_232707_1546678538/build/lib/rhino.jar
  - /tmp/run_evosuite.pl_232707_1546678538/lib/ant.jar
* Finished analyzing classpath
* Generating tests for class com.google.javascript.rhino.jstype.RecordType
* Test criterion:
  - Branch Coverage
* Setting up search algorithm for whole suite generation
* Total number of test goals: 74
* Using seed 4000
* Starting evolution
[MASTER] 00:55:50.116 [logback-2] ERROR TestCluster - Failed to check cache for java.util.AbstractMap<K, V>.SimpleEntry<K, V> : Type points to itself
[MASTER] 00:55:50.116 [logback-2] ERROR TestCluster - Failed to check cache for java.util.AbstractMap<K, V>.SimpleImmutableEntry<K, V> : Type points to itself
[MASTER] 00:55:54.152 [logback-2] ERROR FunctionalMockStatement - Cannot use Mockito on class com.google.javascript.rhino.jstype.VoidType due to IAE: tried to access class com.google.javascript.rhino.jstype.ValueType from class com.google.javascript.rhino.jstype.VoidType$MockitoMock$1649775791
* Search finished after 101s and 1299 generations, 690685 statements, best individual has fitness: 6.0
* Minimizing test suite
* Going to analyze the coverage criteria
* Coverage analysis for criterion BRANCH
* Coverage of criterion BRANCH: 86%
* Total number of goals: 74
* Number of covered goals: 64
* Generated 15 tests with total length 134
* Resulting test suite's coverage: 86%
* Generating assertions
* Resulting test suite's mutation score: 44%
* Permissions denied during test execution: 
  - java.lang.RuntimePermission: 
         writeFileDescriptor: 2
* Writing JUnit test case 'RecordType_ESTest' to evosuite-branch
* Done!

* Computation finished
