* EvoSuite 1.0.6
* Going to generate test cases for class: com.google.javascript.jscomp.ProcessClosurePrimitives
* Starting client
* Connecting to master process on port 14953
* Analyzing classpath: 
  - /tmp/run_evosuite.pl_107073_1546843959/build/classes
  - /tmp/run_evosuite.pl_107073_1546843959/lib/args4j.jar
  - /tmp/run_evosuite.pl_107073_1546843959/lib/guava.jar
  - /tmp/run_evosuite.pl_107073_1546843959/lib/json.jar
  - /tmp/run_evosuite.pl_107073_1546843959/lib/jsr305.jar
  - /tmp/run_evosuite.pl_107073_1546843959/lib/protobuf-java.jar
  - /tmp/run_evosuite.pl_107073_1546843959/build/lib/rhino.jar
  - /tmp/run_evosuite.pl_107073_1546843959/lib/ant.jar
* Finished analyzing classpath
* Generating tests for class com.google.javascript.jscomp.ProcessClosurePrimitives
* Test criterion:
  - Branch Coverage
* Setting up search algorithm for whole suite generation
* Total number of test goals: 352
* Using seed 1000
* Starting evolution
[MASTER] 22:52:53.796 [logback-2] ERROR TestCluster - Failed to check cache for java.util.AbstractMap<K, V>.SimpleEntry<K, V> : Type points to itself
[MASTER] 22:52:53.796 [logback-2] ERROR TestCluster - Failed to check cache for java.util.AbstractMap<K, V>.SimpleImmutableEntry<K, V> : Type points to itself
* Search finished after 101s and 111 generations, 41765 statements, best individual has fitness: 329.24999999913047
* Minimizing test suite
* Going to analyze the coverage criteria
* Coverage analysis for criterion BRANCH
* Coverage of criterion BRANCH: 12%
* Total number of goals: 352
* Number of covered goals: 42
* Generated 6 tests with total length 41
* Resulting test suite's coverage: 12%
* Generating assertions
* Resulting test suite's mutation score: 1%
* Permissions denied during test execution: 
  - java.lang.RuntimePermission: 
         writeFileDescriptor: 6
* Writing JUnit test case 'ProcessClosurePrimitives_ESTest' to evosuite-branch
* Done!

* Computation finished
