* EvoSuite 1.0.6
* Going to generate test cases for class: com.google.javascript.rhino.jstype.FunctionType
* Starting client
* Connecting to master process on port 14953
* Analyzing classpath: 
  - /tmp/run_evosuite.pl_99421_1546840785/build/classes
  - /tmp/run_evosuite.pl_99421_1546840785/lib/ant_deploy.jar
  - /tmp/run_evosuite.pl_99421_1546840785/lib/args4j_deploy.jar
  - /tmp/run_evosuite.pl_99421_1546840785/lib/guava-r06.jar
  - /tmp/run_evosuite.pl_99421_1546840785/lib/hamcrest-core-1.1.jar
  - /tmp/run_evosuite.pl_99421_1546840785/lib/json.jar
  - /tmp/run_evosuite.pl_99421_1546840785/lib/jsr305.jar
  - /tmp/run_evosuite.pl_99421_1546840785/lib/junit.jar
  - /tmp/run_evosuite.pl_99421_1546840785/lib/libtrunk_rhino_parser_jarjared.jar
  - /tmp/run_evosuite.pl_99421_1546840785/lib/protobuf-java-2.3.0.jar
* Finished analyzing classpath
* Generating tests for class com.google.javascript.rhino.jstype.FunctionType
* Test criterion:
  - Branch Coverage
* Setting up search algorithm for whole suite generation
* Total number of test goals: 304
* Using seed 1000
* Starting evolution
* Search finished after 101s and 726 generations, 357444 statements, best individual has fitness: 24.5
* Minimizing test suite
* Going to analyze the coverage criteria
* Coverage analysis for criterion BRANCH
* Coverage of criterion BRANCH: 88%
* Total number of goals: 304
* Number of covered goals: 267
* Generated 75 tests with total length 460
* Resulting test suite's coverage: 88%
* Generating assertions
* Resulting test suite's mutation score: 54%
* Writing JUnit test case 'FunctionType_ESTest' to evosuite-branch
* Done!

* Computation finished
* EvoSuite 1.0.6
* Going to generate test cases for class: com.google.javascript.jscomp.FunctionTypeBuilder
* Starting client
* Connecting to master process on port 14953
* Analyzing classpath: 
  - /tmp/run_evosuite.pl_99421_1546840785/build/classes
  - /tmp/run_evosuite.pl_99421_1546840785/lib/ant_deploy.jar
  - /tmp/run_evosuite.pl_99421_1546840785/lib/args4j_deploy.jar
  - /tmp/run_evosuite.pl_99421_1546840785/lib/guava-r06.jar
  - /tmp/run_evosuite.pl_99421_1546840785/lib/hamcrest-core-1.1.jar
  - /tmp/run_evosuite.pl_99421_1546840785/lib/json.jar
  - /tmp/run_evosuite.pl_99421_1546840785/lib/jsr305.jar
  - /tmp/run_evosuite.pl_99421_1546840785/lib/junit.jar
  - /tmp/run_evosuite.pl_99421_1546840785/lib/libtrunk_rhino_parser_jarjared.jar
  - /tmp/run_evosuite.pl_99421_1546840785/lib/protobuf-java-2.3.0.jar
* Finished analyzing classpath
* Generating tests for class com.google.javascript.jscomp.FunctionTypeBuilder
* Test criterion:
  - Branch Coverage
* Setting up search algorithm for whole suite generation
* Total number of test goals: 243
* Using seed 1000
* Starting evolution
* Search finished after 101s and 410 generations, 167877 statements, best individual has fitness: 130.5
* Minimizing test suite
* Going to analyze the coverage criteria
* Coverage analysis for criterion BRANCH
* Coverage of criterion BRANCH: 41%
* Total number of goals: 243
* Number of covered goals: 99
* Generated 28 tests with total length 186
* Resulting test suite's coverage: 40%
* Generating assertions
* Resulting test suite's mutation score: 17%
* Permissions denied during test execution: 
  - java.lang.RuntimePermission: 
         writeFileDescriptor: 2
* Writing JUnit test case 'FunctionTypeBuilder_ESTest' to evosuite-branch
* Done!

* Computation finished
