* EvoSuite 1.0.6
* Going to generate test cases for class: com.google.javascript.jscomp.CheckGlobalThis
* Starting client
* Connecting to master process on port 2830
* Analyzing classpath: 
  - /tmp/run_evosuite.pl_57505_1546614386/build/classes
  - /tmp/run_evosuite.pl_57505_1546614386/lib/ant_deploy.jar
  - /tmp/run_evosuite.pl_57505_1546614386/lib/args4j_deploy.jar
  - /tmp/run_evosuite.pl_57505_1546614386/lib/guava-r06.jar
  - /tmp/run_evosuite.pl_57505_1546614386/lib/hamcrest-core-1.1.jar
  - /tmp/run_evosuite.pl_57505_1546614386/lib/json.jar
  - /tmp/run_evosuite.pl_57505_1546614386/lib/jsr305.jar
  - /tmp/run_evosuite.pl_57505_1546614386/lib/junit.jar
  - /tmp/run_evosuite.pl_57505_1546614386/lib/libtrunk_rhino_parser_jarjared.jar
  - /tmp/run_evosuite.pl_57505_1546614386/lib/protobuf-java-2.3.0.jar
* Finished analyzing classpath
* Generating tests for class com.google.javascript.jscomp.CheckGlobalThis
* Test criterion:
  - Branch Coverage
* Setting up search algorithm for whole suite generation
* Total number of test goals: 75
* Using seed 3000
* Starting evolution
[MASTER] 07:06:39.469 [logback-2] ERROR TestCluster - Failed to check cache for java.util.Iterator<E> : Type points to itself
[MASTER] 07:07:18.262 [logback-2] ERROR TestCluster - Failed to check cache for com.google.javascript.jscomp.ControlFlowGraph<N> : Type points to itself
* Search finished after 101s and 898 generations, 319204 statements, best individual has fitness: 26.73
* Minimizing test suite
* Going to analyze the coverage criteria
* Coverage analysis for criterion BRANCH
* Coverage of criterion BRANCH: 57%
* Total number of goals: 75
* Number of covered goals: 43
* Generated 12 tests with total length 117
* Resulting test suite's coverage: 57%
* Generating assertions
* Resulting test suite's mutation score: 35%
* Permissions denied during test execution: 
  - java.lang.RuntimePermission: 
         writeFileDescriptor: 22
* Writing JUnit test case 'CheckGlobalThis_ESTest' to evosuite-branch
* Done!

* Computation finished
