* EvoSuite 1.0.6
* Going to generate test cases for class: com.google.javascript.jscomp.DeadAssignmentsElimination
* Starting client
* Connecting to master process on port 2830
* Analyzing classpath: 
  - /tmp/run_evosuite.pl_52450_1546612224/build/classes
  - /tmp/run_evosuite.pl_52450_1546612224/lib/args4j.jar
  - /tmp/run_evosuite.pl_52450_1546612224/lib/guava.jar
  - /tmp/run_evosuite.pl_52450_1546612224/lib/jsr305.jar
  - /tmp/run_evosuite.pl_52450_1546612224/lib/libtrunk_rhino_parser_jarjared.jar
  - /tmp/run_evosuite.pl_52450_1546612224/lib/protobuf-java.jar
  - /tmp/run_evosuite.pl_52450_1546612224/lib/ant.jar
* Finished analyzing classpath
* Generating tests for class com.google.javascript.jscomp.DeadAssignmentsElimination
* Test criterion:
  - Branch Coverage
* Setting up search algorithm for whole suite generation
* Total number of test goals: 166
* Using seed 3000
* Starting evolution
[MASTER] 06:30:49.258 [logback-2] ERROR TestCluster - Failed to check cache for com.google.javascript.jscomp.ControlFlowGraph<N> : Type points to itself
* Search finished after 104s and 1100 generations, 206250 statements, best individual has fitness: 166.5
* Minimizing test suite
* Going to analyze the coverage criteria
* Coverage analysis for criterion BRANCH
* Coverage of criterion BRANCH: 3%
* Total number of goals: 166
* Number of covered goals: 5
* Generated 1 tests with total length 4
* Resulting test suite's coverage: 3%
* Generating assertions
* Resulting test suite's mutation score: 1%
* Permissions denied during test execution: 
  - java.lang.RuntimePermission: 
         writeFileDescriptor: 35
* Writing JUnit test case 'DeadAssignmentsElimination_ESTest' to evosuite-branch
* Done!

* Computation finished
