* EvoSuite 1.0.6
* Going to generate test cases for class: com.google.javascript.jscomp.CommandLineRunner
* Starting client
* Connecting to master process on port 2830
* Analyzing classpath: 
  - /tmp/run_evosuite.pl_54750_1546613212/build/classes
  - /tmp/run_evosuite.pl_54750_1546613212/lib/args4j.jar
  - /tmp/run_evosuite.pl_54750_1546613212/lib/guava.jar
  - /tmp/run_evosuite.pl_54750_1546613212/lib/jsr305.jar
  - /tmp/run_evosuite.pl_54750_1546613212/lib/libtrunk_rhino_parser_jarjared.jar
  - /tmp/run_evosuite.pl_54750_1546613212/lib/protobuf-java.jar
  - /tmp/run_evosuite.pl_54750_1546613212/lib/ant.jar
* Finished analyzing classpath
* Generating tests for class com.google.javascript.jscomp.CommandLineRunner
* Test criterion:
  - Branch Coverage
* Setting up search algorithm for whole suite generation
* Total number of test goals: 50
* Using seed 3000
* Starting evolution
[MASTER] 06:47:06.384 [logback-2] ERROR TestCluster - Failed to check cache for com.google.common.base.Supplier<T> : Type points to itself
* Search finished after 101s and 1340 generations, 166548 statements, best individual has fitness: 27.0
* Minimizing test suite
* Going to analyze the coverage criteria
* Coverage analysis for criterion BRANCH
* Coverage of criterion BRANCH: 44%
* Total number of goals: 50
* Number of covered goals: 22
* Generated 6 tests with total length 38
* Resulting test suite's coverage: 44%
* Generating assertions
* Resulting test suite's mutation score: 19%
* Permissions denied during test execution: 
  - java.lang.RuntimePermission: 
         writeFileDescriptor: 53
* Writing JUnit test case 'CommandLineRunner_ESTest' to evosuite-branch
* Done!

* Computation finished
