* EvoSuite 1.0.6
* Going to generate test cases for class: com.google.javascript.jscomp.TypeCheck
* Starting client
* Connecting to master process on port 18557
* Analyzing classpath: 
  - /tmp/run_evosuite.pl_219105_1546766729/build/classes
  - /tmp/run_evosuite.pl_219105_1546766729/lib/args4j.jar
  - /tmp/run_evosuite.pl_219105_1546766729/lib/guava.jar
  - /tmp/run_evosuite.pl_219105_1546766729/lib/json.jar
  - /tmp/run_evosuite.pl_219105_1546766729/lib/jsr305.jar
  - /tmp/run_evosuite.pl_219105_1546766729/lib/libtrunk_rhino_parser_jarjared.jar
  - /tmp/run_evosuite.pl_219105_1546766729/lib/protobuf-java.jar
  - /tmp/run_evosuite.pl_219105_1546766729/lib/ant.jar
* Finished analyzing classpath
* Generating tests for class com.google.javascript.jscomp.TypeCheck
* Test criterion:
  - Branch Coverage
* Setting up search algorithm for whole suite generation
* Total number of test goals: 989
* Using seed 5000
* Starting evolution
[MASTER] 01:26:39.995 [logback-2] ERROR FunctionalMockStatement - Cannot use Mockito on class com.google.javascript.rhino.jstype.StringType due to IAE: tried to access class com.google.javascript.rhino.jstype.ValueType from class com.google.javascript.rhino.jstype.StringType$MockitoMock$140883607
[MASTER] 01:26:51.749 [logback-2] ERROR FunctionalMockStatement - Cannot use Mockito on class com.google.javascript.rhino.jstype.StringType due to failed class initialization: Could not initialize class com.google.javascript.rhino.jstype.StringType$MockitoMock$140883607
* Search finished after 101s and 503 generations, 270932 statements, best individual has fitness: 645.0567641817642
* Minimizing test suite
* Going to analyze the coverage criteria
* Coverage analysis for criterion BRANCH
* Coverage of criterion BRANCH: 32%
* Total number of goals: 989
* Number of covered goals: 319
* Generated 93 tests with total length 677
* Resulting test suite's coverage: 32%
* Generating assertions
* Resulting test suite's mutation score: 4%
* Permissions denied during test execution: 
  - java.lang.RuntimePermission: 
         writeFileDescriptor: 12
* Writing JUnit test case 'TypeCheck_ESTest' to evosuite-branch
* Done!

* Computation finished
