* EvoSuite 1.0.6
* Going to generate test cases for class: com.google.javascript.jscomp.NameAnalyzer
* Starting client
* Connecting to master process on port 18539
* Analyzing classpath: 
  - /tmp/run_evosuite.pl_14911_1545811581/build/classes
  - /tmp/run_evosuite.pl_14911_1545811581/lib/args4j.jar
  - /tmp/run_evosuite.pl_14911_1545811581/lib/guava.jar
  - /tmp/run_evosuite.pl_14911_1545811581/lib/json.jar
  - /tmp/run_evosuite.pl_14911_1545811581/lib/jsr305.jar
  - /tmp/run_evosuite.pl_14911_1545811581/lib/protobuf-java.jar
  - /tmp/run_evosuite.pl_14911_1545811581/build/lib/rhino.jar
  - /tmp/run_evosuite.pl_14911_1545811581/lib/ant.jar
* Finished analyzing classpath
* Generating tests for class com.google.javascript.jscomp.NameAnalyzer
* Test criterion:
  - Branch Coverage
* Setting up search algorithm for whole suite generation
* Total number of test goals: 510
* Using seed 2000
* Starting evolution
[MASTER] 00:06:35.023 [logback-2] ERROR TestCluster - Failed to check cache for java.util.AbstractMap<K, V>.SimpleEntry<K, V> : Type points to itself
[MASTER] 00:06:35.025 [logback-2] ERROR TestCluster - Failed to check cache for java.util.AbstractMap<K, V>.SimpleImmutableEntry<K, V> : Type points to itself
[MASTER] 00:07:05.232 [logback-2] ERROR FunctionalMockStatement - Cannot use Mockito on class com.google.javascript.rhino.jstype.TemplateType due to IAE: tried to access class com.google.javascript.rhino.jstype.ProxyObjectType from class com.google.javascript.rhino.jstype.TemplateType$MockitoMock$936597350
* Search finished after 101s and 474 generations, 120362 statements, best individual has fitness: 359.46666666511544
* Minimizing test suite
* Going to analyze the coverage criteria
* Coverage analysis for criterion BRANCH
* Coverage of criterion BRANCH: 26%
* Total number of goals: 510
* Number of covered goals: 135
* Generated 8 tests with total length 35
* Resulting test suite's coverage: 26%
* Generating assertions
* Resulting test suite's mutation score: 9%
* Permissions denied during test execution: 
  - java.lang.RuntimePermission: 
         writeFileDescriptor: 8
* Writing JUnit test case 'NameAnalyzer_ESTest' to evosuite-branch
* Done!

* Computation finished
