* EvoSuite 1.0.6
* Going to generate test cases for class: com.google.javascript.jscomp.PeepholeSubstituteAlternateSyntax
* Starting client
* Connecting to master process on port 18539
* Analyzing classpath: 
  - /tmp/run_evosuite.pl_200416_1545824107/build/classes
  - /tmp/run_evosuite.pl_200416_1545824107/lib/args4j.jar
  - /tmp/run_evosuite.pl_200416_1545824107/lib/guava.jar
  - /tmp/run_evosuite.pl_200416_1545824107/lib/json.jar
  - /tmp/run_evosuite.pl_200416_1545824107/lib/jsr305.jar
  - /tmp/run_evosuite.pl_200416_1545824107/lib/protobuf-java.jar
  - /tmp/run_evosuite.pl_200416_1545824107/build/lib/rhino.jar
  - /tmp/run_evosuite.pl_200416_1545824107/lib/ant.jar
* Finished analyzing classpath
* Generating tests for class com.google.javascript.jscomp.PeepholeSubstituteAlternateSyntax
* Test criterion:
  - Branch Coverage
* Setting up search algorithm for whole suite generation
* Total number of test goals: 621
* Using seed 2000
* Starting evolution
[MASTER] 03:35:23.785 [logback-2] ERROR TestCluster - Failed to check cache for java.util.Enumeration<E> : Type points to itself
* Search finished after 105s and 356 generations, 101176 statements, best individual has fitness: 561.7343864468864
* Minimizing test suite
* Going to analyze the coverage criteria
* Coverage analysis for criterion BRANCH
* Coverage of criterion BRANCH: 13%
* Total number of goals: 621
* Number of covered goals: 78
* Generated 26 tests with total length 84
* Resulting test suite's coverage: 13%
* Generating assertions
* Resulting test suite's mutation score: 3%
* Permissions denied during test execution: 
  - java.lang.RuntimePermission: 
         writeFileDescriptor: 3
* Writing JUnit test case 'PeepholeSubstituteAlternateSyntax_ESTest' to evosuite-branch
* Done!

* Computation finished
