* EvoSuite 1.0.6
* Going to generate test cases for class: com.google.javascript.jscomp.MakeDeclaredNamesUnique
* Starting client
* Connecting to master process on port 18557
* Analyzing classpath: 
  - /tmp/run_evosuite.pl_79934_1546756959/build/classes
  - /tmp/run_evosuite.pl_79934_1546756959/lib/args4j.jar
  - /tmp/run_evosuite.pl_79934_1546756959/lib/guava.jar
  - /tmp/run_evosuite.pl_79934_1546756959/lib/json.jar
  - /tmp/run_evosuite.pl_79934_1546756959/lib/jsr305.jar
  - /tmp/run_evosuite.pl_79934_1546756959/lib/protobuf-java.jar
  - /tmp/run_evosuite.pl_79934_1546756959/build/lib/rhino.jar
  - /tmp/run_evosuite.pl_79934_1546756959/lib/ant.jar
* Finished analyzing classpath
* Generating tests for class com.google.javascript.jscomp.MakeDeclaredNamesUnique
* Test criterion:
  - Branch Coverage
* Setting up search algorithm for whole suite generation
* Total number of test goals: 138
* Using seed 5000
* Starting evolution
[MASTER] 22:42:54.487 [logback-2] ERROR TestCluster - Failed to check cache for com.google.common.base.Supplier<T> : Type points to itself
[MASTER] 22:43:42.330 [logback-2] ERROR TestCluster - Failed to check cache for com.google.javascript.jscomp.ControlFlowGraph<N> : Type points to itself
* Search finished after 101s and 848 generations, 276246 statements, best individual has fitness: 53.5
* Minimizing test suite
* Going to analyze the coverage criteria
* Coverage analysis for criterion BRANCH
* Coverage of criterion BRANCH: 60%
* Total number of goals: 138
* Number of covered goals: 83
* Generated 23 tests with total length 93
* Resulting test suite's coverage: 60%
* Generating assertions
* Resulting test suite's mutation score: 18%
* Permissions denied during test execution: 
  - java.lang.RuntimePermission: 
         writeFileDescriptor: 23
* Writing JUnit test case 'MakeDeclaredNamesUnique_ESTest' to evosuite-branch
* Done!

* Computation finished
