* EvoSuite 1.0.6
* Going to generate test cases for class: com.google.javascript.jscomp.UnreachableCodeElimination
* Starting client
* Connecting to master process on port 18557
* Analyzing classpath: 
  - /tmp/run_evosuite.pl_224306_1546768917/build/classes
  - /tmp/run_evosuite.pl_224306_1546768917/lib/ant-launcher.jar
  - /tmp/run_evosuite.pl_224306_1546768917/lib/ant.jar
  - /tmp/run_evosuite.pl_224306_1546768917/lib/args4j.jar
  - /tmp/run_evosuite.pl_224306_1546768917/lib/caja-r4314.jar
  - /tmp/run_evosuite.pl_224306_1546768917/lib/guava.jar
  - /tmp/run_evosuite.pl_224306_1546768917/lib/json.jar
  - /tmp/run_evosuite.pl_224306_1546768917/lib/jsr305.jar
  - /tmp/run_evosuite.pl_224306_1546768917/lib/junit.jar
  - /tmp/run_evosuite.pl_224306_1546768917/lib/libtrunk_rhino_parser_jarjared.jar
  - /tmp/run_evosuite.pl_224306_1546768917/lib/protobuf-java.jar
* Finished analyzing classpath
* Generating tests for class com.google.javascript.jscomp.UnreachableCodeElimination
* Test criterion:
  - Branch Coverage
* Setting up search algorithm for whole suite generation
* Total number of test goals: 68
* Using seed 5000
* Starting evolution
* Search finished after 101s and 1103 generations, 366120 statements, best individual has fitness: 17.42703505644682
* Minimizing test suite
* Going to analyze the coverage criteria
* Coverage analysis for criterion BRANCH
* Coverage of criterion BRANCH: 66%
* Total number of goals: 68
* Number of covered goals: 45
* Generated 9 tests with total length 57
* Resulting test suite's coverage: 68%
* Generating assertions
* Resulting test suite's mutation score: 56%
* Permissions denied during test execution: 
  - java.lang.RuntimePermission: 
         writeFileDescriptor: 13
* Writing JUnit test case 'UnreachableCodeElimination_ESTest' to evosuite-branch
* Done!

* Computation finished
