* EvoSuite 1.0.6
* Going to generate test cases for class: com.google.javascript.jscomp.GlobalNamespace
* Starting client
* Connecting to master process on port 2830
* Analyzing classpath: 
  - /tmp/run_evosuite.pl_56561_1546613926/build/classes
  - /tmp/run_evosuite.pl_56561_1546613926/lib/ant-launcher.jar
  - /tmp/run_evosuite.pl_56561_1546613926/lib/ant.jar
  - /tmp/run_evosuite.pl_56561_1546613926/lib/args4j.jar
  - /tmp/run_evosuite.pl_56561_1546613926/lib/guava.jar
  - /tmp/run_evosuite.pl_56561_1546613926/lib/json.jar
  - /tmp/run_evosuite.pl_56561_1546613926/lib/jsr305.jar
  - /tmp/run_evosuite.pl_56561_1546613926/lib/junit.jar
  - /tmp/run_evosuite.pl_56561_1546613926/lib/libtrunk_rhino_parser_jarjared.jar
  - /tmp/run_evosuite.pl_56561_1546613926/lib/protobuf-java.jar
* Finished analyzing classpath
* Generating tests for class com.google.javascript.jscomp.GlobalNamespace
* Test criterion:
  - Branch Coverage
* Setting up search algorithm for whole suite generation
* Total number of test goals: 406
* Using seed 3000
* Starting evolution
[MASTER] 06:59:00.582 [logback-2] ERROR TestCluster - Failed to check cache for java.util.Comparator<T> : Type points to itself
[MASTER] 07:00:11.887 [logback-2] ERROR TestCluster - Failed to check cache for java.lang.Comparable<T> : Type points to itself
* Search finished after 101s and 688 generations, 214003 statements, best individual has fitness: 235.43809225195093
* Minimizing test suite
* Going to analyze the coverage criteria
* Coverage analysis for criterion BRANCH
* Coverage of criterion BRANCH: 42%
* Total number of goals: 406
* Number of covered goals: 169
* Generated 48 tests with total length 192
* Resulting test suite's coverage: 42%
* Generating assertions
* Resulting test suite's mutation score: 15%
* Permissions denied during test execution: 
  - java.lang.RuntimePermission: 
         writeFileDescriptor: 1
* Writing JUnit test case 'GlobalNamespace_ESTest' to evosuite-branch
* Done!

* Computation finished
* EvoSuite 1.0.6
* Going to generate test cases for class: com.google.javascript.jscomp.CollapseProperties
* Starting client
* Connecting to master process on port 2830
* Analyzing classpath: 
  - /tmp/run_evosuite.pl_56561_1546613926/build/classes
  - /tmp/run_evosuite.pl_56561_1546613926/lib/ant-launcher.jar
  - /tmp/run_evosuite.pl_56561_1546613926/lib/ant.jar
  - /tmp/run_evosuite.pl_56561_1546613926/lib/args4j.jar
  - /tmp/run_evosuite.pl_56561_1546613926/lib/guava.jar
  - /tmp/run_evosuite.pl_56561_1546613926/lib/json.jar
  - /tmp/run_evosuite.pl_56561_1546613926/lib/jsr305.jar
  - /tmp/run_evosuite.pl_56561_1546613926/lib/junit.jar
  - /tmp/run_evosuite.pl_56561_1546613926/lib/libtrunk_rhino_parser_jarjared.jar
  - /tmp/run_evosuite.pl_56561_1546613926/lib/protobuf-java.jar
* Finished analyzing classpath
* Generating tests for class com.google.javascript.jscomp.CollapseProperties
* Test criterion:
  - Branch Coverage
* Setting up search algorithm for whole suite generation
* Total number of test goals: 236
* Using seed 3000
* Starting evolution
[MASTER] 07:00:49.699 [logback-2] ERROR TestCluster - Failed to check cache for java.util.Comparator<T> : Type points to itself
* Search finished after 101s and 881 generations, 219648 statements, best individual has fitness: 240.0
* Minimizing test suite
* Going to analyze the coverage criteria
* Coverage analysis for criterion BRANCH
* Coverage of criterion BRANCH: 4%
* Total number of goals: 236
* Number of covered goals: 9
* Generated 3 tests with total length 10
* Resulting test suite's coverage: 4%
* Generating assertions
* Resulting test suite's mutation score: 1%
* Permissions denied during test execution: 
  - java.lang.RuntimePermission: 
         writeFileDescriptor: 13
* Writing JUnit test case 'CollapseProperties_ESTest' to evosuite-branch
* Done!

* Computation finished
