* EvoSuite 1.0.6
* Going to generate test cases for class: com.google.javascript.jscomp.ControlFlowAnalysis
* Starting client
* Connecting to master process on port 18557
* Analyzing classpath: 
  - /tmp/run_evosuite.pl_68373_1546752214/build/classes
  - /tmp/run_evosuite.pl_68373_1546752214/lib/args4j.jar
  - /tmp/run_evosuite.pl_68373_1546752214/lib/guava.jar
  - /tmp/run_evosuite.pl_68373_1546752214/lib/json.jar
  - /tmp/run_evosuite.pl_68373_1546752214/lib/jsr305.jar
  - /tmp/run_evosuite.pl_68373_1546752214/lib/protobuf-java.jar
  - /tmp/run_evosuite.pl_68373_1546752214/build/lib/rhino.jar
  - /tmp/run_evosuite.pl_68373_1546752214/lib/ant.jar
* Finished analyzing classpath
* Generating tests for class com.google.javascript.jscomp.ControlFlowAnalysis
* Test criterion:
  - Branch Coverage
* Setting up search algorithm for whole suite generation
* Total number of test goals: 413
* Using seed 5000
* Starting evolution
[MASTER] 21:23:52.157 [logback-2] ERROR TestCluster - Failed to check cache for java.util.Comparator<T> : Type points to itself
[MASTER] 21:24:50.502 [logback-2] ERROR TestCluster - Failed to check cache for com.google.javascript.jscomp.ControlFlowGraph<N> : Type points to itself
* Search finished after 101s and 673 generations, 233736 statements, best individual has fitness: 129.12240259740258
* Minimizing test suite
* Going to analyze the coverage criteria
* Coverage analysis for criterion BRANCH
* Coverage of criterion BRANCH: 65%
* Total number of goals: 413
* Number of covered goals: 267
* Generated 58 tests with total length 216
* Resulting test suite's coverage: 65%
* Generating assertions
* Resulting test suite's mutation score: 11%
* Permissions denied during test execution: 
  - java.lang.RuntimePermission: 
         writeFileDescriptor: 5
* Writing JUnit test case 'ControlFlowAnalysis_ESTest' to evosuite-branch
* Done!

* Computation finished
