* EvoSuite 1.0.6
* Going to generate test cases for class: com.google.javascript.jscomp.TypedScopeCreator
* Starting client
* Connecting to master process on port 19758
* Analyzing classpath: 
  - /tmp/run_evosuite.pl_220362_1546674766/build/classes
  - /tmp/run_evosuite.pl_220362_1546674766/lib/args4j.jar
  - /tmp/run_evosuite.pl_220362_1546674766/lib/guava.jar
  - /tmp/run_evosuite.pl_220362_1546674766/lib/json.jar
  - /tmp/run_evosuite.pl_220362_1546674766/lib/jsr305.jar
  - /tmp/run_evosuite.pl_220362_1546674766/lib/protobuf-java.jar
  - /tmp/run_evosuite.pl_220362_1546674766/build/lib/rhino.jar
  - /tmp/run_evosuite.pl_220362_1546674766/lib/ant.jar
* Finished analyzing classpath
* Generating tests for class com.google.javascript.jscomp.TypedScopeCreator
* Test criterion:
  - Branch Coverage
* Setting up search algorithm for whole suite generation
* Total number of test goals: 734
* Using seed 4000
* Starting evolution
* Search finished after 101s and 782 generations, 258809 statements, best individual has fitness: 546.8285714280131
* Minimizing test suite
* Going to analyze the coverage criteria
* Coverage analysis for criterion BRANCH
* Coverage of criterion BRANCH: 23%
* Total number of goals: 734
* Number of covered goals: 170
* Generated 16 tests with total length 124
* Resulting test suite's coverage: 23%
* Generating assertions
* Resulting test suite's mutation score: 12%
* Permissions denied during test execution: 
  - java.lang.RuntimePermission: 
         writeFileDescriptor: 12
* Writing JUnit test case 'TypedScopeCreator_ESTest' to evosuite-branch
* Done!

* Computation finished
