* EvoSuite 1.0.6
* Going to generate test cases for class: com.google.javascript.jscomp.TypeCheck
* Starting client
* Connecting to master process on port 2830
* Analyzing classpath: 
  - /tmp/run_evosuite.pl_16750_1546602480/build/classes
  - /tmp/run_evosuite.pl_16750_1546602480/lib/args4j.jar
  - /tmp/run_evosuite.pl_16750_1546602480/lib/guava.jar
  - /tmp/run_evosuite.pl_16750_1546602480/lib/json.jar
  - /tmp/run_evosuite.pl_16750_1546602480/lib/jsr305.jar
  - /tmp/run_evosuite.pl_16750_1546602480/lib/protobuf-java.jar
  - /tmp/run_evosuite.pl_16750_1546602480/build/lib/rhino.jar
  - /tmp/run_evosuite.pl_16750_1546602480/lib/ant.jar
* Finished analyzing classpath
* Generating tests for class com.google.javascript.jscomp.TypeCheck
* Test criterion:
  - Branch Coverage
* Setting up search algorithm for whole suite generation
* Total number of test goals: 1052
* Using seed 3000
* Starting evolution
* Search finished after 105s and 314 generations, 105839 statements, best individual has fitness: 655.3722661573343
* Minimizing test suite
* Going to analyze the coverage criteria
* Coverage analysis for criterion BRANCH
* Coverage of criterion BRANCH: 34%
* Total number of goals: 1052
* Number of covered goals: 361
* Generated 22 tests with total length 193
* Resulting test suite's coverage: 34%
* Generating assertions
* Resulting test suite's mutation score: 3%
* Permissions denied during test execution: 
  - java.lang.RuntimePermission: 
         writeFileDescriptor: 15
* Writing JUnit test case 'TypeCheck_ESTest' to evosuite-branch
* Done!

* Computation finished
