* EvoSuite 1.0.6
* Going to generate test cases for class: com.google.javascript.jscomp.TypeInference
* Starting client
* Connecting to master process on port 19758
* Analyzing classpath: 
  - /tmp/run_evosuite.pl_228935_1546677063/build/classes
  - /tmp/run_evosuite.pl_228935_1546677063/lib/args4j.jar
  - /tmp/run_evosuite.pl_228935_1546677063/lib/guava.jar
  - /tmp/run_evosuite.pl_228935_1546677063/lib/json.jar
  - /tmp/run_evosuite.pl_228935_1546677063/lib/jsr305.jar
  - /tmp/run_evosuite.pl_228935_1546677063/lib/protobuf-java.jar
  - /tmp/run_evosuite.pl_228935_1546677063/build/lib/rhino.jar
  - /tmp/run_evosuite.pl_228935_1546677063/lib/ant.jar
* Finished analyzing classpath
* Generating tests for class com.google.javascript.jscomp.TypeInference
* Test criterion:
  - Branch Coverage
* Setting up search algorithm for whole suite generation
* Total number of test goals: 665
* Using seed 4000
* Starting evolution
* Search finished after 101s and 814 generations, 308228 statements, best individual has fitness: 446.8858698920618
* Minimizing test suite
* Going to analyze the coverage criteria
* Coverage analysis for criterion BRANCH
* Coverage of criterion BRANCH: 30%
* Total number of goals: 665
* Number of covered goals: 201
* Generated 31 tests with total length 333
* Resulting test suite's coverage: 30%
* Generating assertions
* Resulting test suite's mutation score: 3%
* Permissions denied during test execution: 
  - java.lang.RuntimePermission: 
         writeFileDescriptor: 32
* Writing JUnit test case 'TypeInference_ESTest' to evosuite-branch
* Done!

* Computation finished
