* EvoSuite 1.0.6
* Going to generate test cases for class: com.google.javascript.jscomp.PeepholeSubstituteAlternateSyntax
* Starting client
* Connecting to master process on port 18539
* Analyzing classpath: 
  - /tmp/run_evosuite.pl_35874_1545808887/build/classes
  - /tmp/run_evosuite.pl_35874_1545808887/lib/args4j.jar
  - /tmp/run_evosuite.pl_35874_1545808887/lib/guava.jar
  - /tmp/run_evosuite.pl_35874_1545808887/lib/json.jar
  - /tmp/run_evosuite.pl_35874_1545808887/lib/jsr305.jar
  - /tmp/run_evosuite.pl_35874_1545808887/lib/protobuf-java.jar
  - /tmp/run_evosuite.pl_35874_1545808887/build/lib/rhino.jar
  - /tmp/run_evosuite.pl_35874_1545808887/lib/ant.jar
* Finished analyzing classpath
* Generating tests for class com.google.javascript.jscomp.PeepholeSubstituteAlternateSyntax
* Test criterion:
  - Branch Coverage
* Setting up search algorithm for whole suite generation
* Total number of test goals: 615
* Using seed 2000
* Starting evolution
* Search finished after 101s and 839 generations, 230652 statements, best individual has fitness: 491.9799190283401
* Minimizing test suite
* Going to analyze the coverage criteria
* Coverage analysis for criterion BRANCH
* Coverage of criterion BRANCH: 21%
* Total number of goals: 615
* Number of covered goals: 130
* Generated 42 tests with total length 158
* Resulting test suite's coverage: 21%
* Generating assertions
* Resulting test suite's mutation score: 4%
* Permissions denied during test execution: 
  - java.lang.RuntimePermission: 
         writeFileDescriptor: 12
* Writing JUnit test case 'PeepholeSubstituteAlternateSyntax_ESTest' to evosuite-branch
* Done!

* Computation finished
