* EvoSuite 1.0.6
* Going to generate test cases for class: com.google.javascript.jscomp.CodeGenerator
* Starting client
* Connecting to master process on port 2830
* Analyzing classpath: 
  - /tmp/run_evosuite.pl_69512_1546619148/build/classes
  - /tmp/run_evosuite.pl_69512_1546619148/lib/args4j.jar
  - /tmp/run_evosuite.pl_69512_1546619148/lib/guava.jar
  - /tmp/run_evosuite.pl_69512_1546619148/lib/json.jar
  - /tmp/run_evosuite.pl_69512_1546619148/lib/jsr305.jar
  - /tmp/run_evosuite.pl_69512_1546619148/lib/protobuf-java.jar
  - /tmp/run_evosuite.pl_69512_1546619148/build/lib/rhino.jar
  - /tmp/run_evosuite.pl_69512_1546619148/lib/ant.jar
* Finished analyzing classpath
* Generating tests for class com.google.javascript.jscomp.CodeGenerator
* Test criterion:
  - Branch Coverage
* Setting up search algorithm for whole suite generation
* Total number of test goals: 770
* Using seed 3000
* Starting evolution
[MASTER] 08:26:07.263 [logback-2] ERROR TestCluster - Failed to check cache for java.util.Enumeration<E> : Type points to itself
* Search finished after 101s and 680 generations, 185143 statements, best individual has fitness: 490.0527608041085
* Minimizing test suite
* Going to analyze the coverage criteria
* Coverage analysis for criterion BRANCH
* Coverage of criterion BRANCH: 36%
* Total number of goals: 770
* Number of covered goals: 276
* Generated 32 tests with total length 84
* Resulting test suite's coverage: 36%
* Generating assertions
* Resulting test suite's mutation score: 30%
* Permissions denied during test execution: 
  - java.lang.RuntimePermission: 
         writeFileDescriptor: 8
* Writing JUnit test case 'CodeGenerator_ESTest' to evosuite-branch
* Done!

* Computation finished
