* EvoSuite 1.0.6
* Going to generate test cases for class: com.google.javascript.jscomp.PeepholeSubstituteAlternateSyntax
* Starting client
* Connecting to master process on port 14953
* Analyzing classpath: 
  - /tmp/run_evosuite.pl_113188_1546846217/build/classes
  - /tmp/run_evosuite.pl_113188_1546846217/lib/args4j.jar
  - /tmp/run_evosuite.pl_113188_1546846217/lib/guava.jar
  - /tmp/run_evosuite.pl_113188_1546846217/lib/json.jar
  - /tmp/run_evosuite.pl_113188_1546846217/lib/jsr305.jar
  - /tmp/run_evosuite.pl_113188_1546846217/lib/protobuf-java.jar
  - /tmp/run_evosuite.pl_113188_1546846217/build/lib/rhino.jar
  - /tmp/run_evosuite.pl_113188_1546846217/lib/ant.jar
* Finished analyzing classpath
* Generating tests for class com.google.javascript.jscomp.PeepholeSubstituteAlternateSyntax
* Test criterion:
  - Branch Coverage
* Setting up search algorithm for whole suite generation
* Total number of test goals: 621
* Using seed 1000
* Starting evolution
[MASTER] 23:30:57.316 [logback-2] ERROR TestCluster - Failed to check cache for com.google.javascript.jscomp.ControlFlowGraph<N> : Type points to itself
* Search finished after 101s and 439 generations, 131083 statements, best individual has fitness: 501.4793900543901
* Minimizing test suite
* Going to analyze the coverage criteria
* Coverage analysis for criterion BRANCH
* Coverage of criterion BRANCH: 20%
* Total number of goals: 621
* Number of covered goals: 124
* Generated 39 tests with total length 141
* Resulting test suite's coverage: 20%
* Generating assertions
* Resulting test suite's mutation score: 4%
* Permissions denied during test execution: 
  - java.lang.RuntimePermission: 
         writeFileDescriptor: 1
  - java.net.SocketPermission: 
         resolve com.google.javascript.rhino.head.ast.LabeledStatement: 1
* Writing JUnit test case 'PeepholeSubstituteAlternateSyntax_ESTest' to evosuite-branch
* Done!

* Computation finished
