* EvoSuite 1.0.6
* Going to generate test cases for class: com.google.javascript.jscomp.LiveVariablesAnalysis
* Starting client
* Connecting to master process on port 18539
* Analyzing classpath: 
  - /tmp/run_evosuite.pl_156447_1545813973/build/classes
  - /tmp/run_evosuite.pl_156447_1545813973/lib/args4j.jar
  - /tmp/run_evosuite.pl_156447_1545813973/lib/guava.jar
  - /tmp/run_evosuite.pl_156447_1545813973/lib/json.jar
  - /tmp/run_evosuite.pl_156447_1545813973/lib/jsr305.jar
  - /tmp/run_evosuite.pl_156447_1545813973/lib/protobuf-java.jar
  - /tmp/run_evosuite.pl_156447_1545813973/build/lib/rhino.jar
  - /tmp/run_evosuite.pl_156447_1545813973/lib/ant.jar
* Finished analyzing classpath
* Generating tests for class com.google.javascript.jscomp.LiveVariablesAnalysis
* Test criterion:
  - Branch Coverage
* Setting up search algorithm for whole suite generation
* Total number of test goals: 84
* Using seed 2000
* Starting evolution
* Search finished after 106s and 799 generations, 304445 statements, best individual has fitness: 12.166666666666666
* Minimizing test suite
* Going to analyze the coverage criteria
* Coverage analysis for criterion BRANCH
* Coverage of criterion BRANCH: 82%
* Total number of goals: 84
* Number of covered goals: 69
* Generated 22 tests with total length 177
* Resulting test suite's coverage: 82%
* Generating assertions
* Resulting test suite's mutation score: 17%
* Permissions denied during test execution: 
  - java.lang.RuntimePermission: 
         writeFileDescriptor: 3
* Writing JUnit test case 'LiveVariablesAnalysis_ESTest' to evosuite-branch
* Done!

* Computation finished
