* EvoSuite 1.0.6
* Going to generate test cases for class: com.google.javascript.jscomp.ProcessClosurePrimitives
* Starting client
* Connecting to master process on port 19758
* Analyzing classpath: 
  - /tmp/run_evosuite.pl_252681_1546684764/build/classes
  - /tmp/run_evosuite.pl_252681_1546684764/lib/ant_deploy.jar
  - /tmp/run_evosuite.pl_252681_1546684764/lib/args4j_deploy.jar
  - /tmp/run_evosuite.pl_252681_1546684764/lib/guava-r06.jar
  - /tmp/run_evosuite.pl_252681_1546684764/lib/hamcrest-core-1.1.jar
  - /tmp/run_evosuite.pl_252681_1546684764/lib/json.jar
  - /tmp/run_evosuite.pl_252681_1546684764/lib/jsr305.jar
  - /tmp/run_evosuite.pl_252681_1546684764/lib/junit.jar
  - /tmp/run_evosuite.pl_252681_1546684764/lib/libtrunk_rhino_parser_jarjared.jar
  - /tmp/run_evosuite.pl_252681_1546684764/lib/protobuf-java-2.3.0.jar
* Finished analyzing classpath
* Generating tests for class com.google.javascript.jscomp.ProcessClosurePrimitives
* Test criterion:
  - Branch Coverage
* Setting up search algorithm for whole suite generation
* Total number of test goals: 282
* Using seed 4000
* Starting evolution
[MASTER] 02:39:35.723 [logback-2] ERROR TestCluster - Failed to check cache for com.google.common.base.Supplier<T> : Type points to itself
[MASTER] 02:39:36.025 [logback-2] ERROR TestCluster - Failed to check cache for java.util.Comparator<T> : Type points to itself
* Search finished after 106s and 361 generations, 135571 statements, best individual has fitness: 245.66799418076013
* Minimizing test suite
* Going to analyze the coverage criteria
* Coverage analysis for criterion BRANCH
* Coverage of criterion BRANCH: 16%
* Total number of goals: 282
* Number of covered goals: 46
* Generated 8 tests with total length 60
* Resulting test suite's coverage: 16%
* Generating assertions
* Resulting test suite's mutation score: 2%
* Permissions denied during test execution: 
  - java.lang.RuntimePermission: 
         writeFileDescriptor: 16
  - java.net.SocketPermission: 
         resolve %V>WA: 1
* Writing JUnit test case 'ProcessClosurePrimitives_ESTest' to evosuite-branch
* Done!

* Computation finished
