* EvoSuite 1.0.6
* Going to generate test cases for class: com.google.javascript.jscomp.MinimizeExitPoints
* Starting client
* Connecting to master process on port 18539
* Analyzing classpath: 
  - /tmp/run_evosuite.pl_198476_1545823399/build/classes
  - /tmp/run_evosuite.pl_198476_1545823399/lib/args4j.jar
  - /tmp/run_evosuite.pl_198476_1545823399/lib/guava.jar
  - /tmp/run_evosuite.pl_198476_1545823399/lib/json.jar
  - /tmp/run_evosuite.pl_198476_1545823399/lib/jsr305.jar
  - /tmp/run_evosuite.pl_198476_1545823399/lib/protobuf-java.jar
  - /tmp/run_evosuite.pl_198476_1545823399/build/lib/rhino.jar
  - /tmp/run_evosuite.pl_198476_1545823399/lib/ant.jar
* Finished analyzing classpath
* Generating tests for class com.google.javascript.jscomp.MinimizeExitPoints
* Test criterion:
  - Branch Coverage
* Setting up search algorithm for whole suite generation
* Total number of test goals: 76
* Using seed 2000
* Starting evolution
* Search finished after 101s and 223 generations, 81470 statements, best individual has fitness: 35.666666666666664
* Minimizing test suite
* Going to analyze the coverage criteria
* Coverage analysis for criterion BRANCH
* Coverage of criterion BRANCH: 51%
* Total number of goals: 76
* Number of covered goals: 39
* Generated 14 tests with total length 64
* Resulting test suite's coverage: 51%
* Generating assertions
* Resulting test suite's mutation score: 5%
* Permissions denied during test execution: 
  - java.lang.RuntimePermission: 
         writeFileDescriptor: 8
* Writing JUnit test case 'MinimizeExitPoints_ESTest' to evosuite-branch
* Done!

* Computation finished
