* EvoSuite 1.0.6
* Going to generate test cases for class: com.google.javascript.jscomp.CheckSideEffects
* Starting client
* Connecting to master process on port 2830
* Analyzing classpath: 
  - /tmp/run_evosuite.pl_27398_1546605000/build/classes
  - /tmp/run_evosuite.pl_27398_1546605000/lib/args4j.jar
  - /tmp/run_evosuite.pl_27398_1546605000/lib/guava.jar
  - /tmp/run_evosuite.pl_27398_1546605000/lib/json.jar
  - /tmp/run_evosuite.pl_27398_1546605000/lib/jsr305.jar
  - /tmp/run_evosuite.pl_27398_1546605000/lib/protobuf-java.jar
  - /tmp/run_evosuite.pl_27398_1546605000/build/lib/rhino.jar
  - /tmp/run_evosuite.pl_27398_1546605000/lib/ant.jar
* Finished analyzing classpath
* Generating tests for class com.google.javascript.jscomp.CheckSideEffects
* Test criterion:
  - Branch Coverage
* Setting up search algorithm for whole suite generation
* Total number of test goals: 45
* Using seed 3000
* Starting evolution
[MASTER] 04:30:29.549 [logback-2] ERROR TestCluster - Failed to check cache for com.google.javascript.jscomp.ControlFlowGraph<N> : Type points to itself
* Search finished after 101s and 1058 generations, 357246 statements, best individual has fitness: 8.5
* Minimizing test suite
* Going to analyze the coverage criteria
* Coverage analysis for criterion BRANCH
* Coverage of criterion BRANCH: 76%
* Total number of goals: 45
* Number of covered goals: 34
* Generated 6 tests with total length 26
* Resulting test suite's coverage: 76%
* Generating assertions
* Resulting test suite's mutation score: 13%
* Permissions denied during test execution: 
  - java.lang.RuntimePermission: 
         writeFileDescriptor: 30
* Writing JUnit test case 'CheckSideEffects_ESTest' to evosuite-branch
* Done!

* Computation finished
