* EvoSuite 1.0.6
* Going to generate test cases for class: com.google.javascript.jscomp.TypedScopeCreator
* Starting client
* Connecting to master process on port 18539
* Analyzing classpath: 
  - /tmp/run_evosuite.pl_10309_1545808516/build/classes
  - /tmp/run_evosuite.pl_10309_1545808516/lib/args4j.jar
  - /tmp/run_evosuite.pl_10309_1545808516/lib/guava.jar
  - /tmp/run_evosuite.pl_10309_1545808516/lib/json.jar
  - /tmp/run_evosuite.pl_10309_1545808516/lib/jsr305.jar
  - /tmp/run_evosuite.pl_10309_1545808516/lib/protobuf-java.jar
  - /tmp/run_evosuite.pl_10309_1545808516/build/lib/rhino.jar
  - /tmp/run_evosuite.pl_10309_1545808516/lib/ant.jar
* Finished analyzing classpath
* Generating tests for class com.google.javascript.jscomp.TypedScopeCreator
* Test criterion:
  - Branch Coverage
* Setting up search algorithm for whole suite generation
* Total number of test goals: 734
* Using seed 2000
* Starting evolution
* Search finished after 103s and 433 generations, 151293 statements, best individual has fitness: 572.8881202093075
* Minimizing test suite
* Going to analyze the coverage criteria
* Coverage analysis for criterion BRANCH
* Coverage of criterion BRANCH: 21%
* Total number of goals: 734
* Number of covered goals: 151
* Generated 10 tests with total length 96
* Resulting test suite's coverage: 21%
* Generating assertions
* Resulting test suite's mutation score: 12%
* Permissions denied during test execution: 
  - java.lang.RuntimePermission: 
         writeFileDescriptor: 11
* Writing JUnit test case 'TypedScopeCreator_ESTest' to evosuite-branch
* Done!

* Computation finished
