* EvoSuite 1.0.6
* Going to generate test cases for class: com.google.javascript.jscomp.InlineVariables
* Starting client
* Connecting to master process on port 14953
* Analyzing classpath: 
  - /tmp/run_evosuite.pl_109649_1546844906/build/classes
  - /tmp/run_evosuite.pl_109649_1546844906/lib/args4j.jar
  - /tmp/run_evosuite.pl_109649_1546844906/lib/guava.jar
  - /tmp/run_evosuite.pl_109649_1546844906/lib/json.jar
  - /tmp/run_evosuite.pl_109649_1546844906/lib/jsr305.jar
  - /tmp/run_evosuite.pl_109649_1546844906/lib/protobuf-java.jar
  - /tmp/run_evosuite.pl_109649_1546844906/build/lib/rhino.jar
  - /tmp/run_evosuite.pl_109649_1546844906/lib/ant.jar
* Finished analyzing classpath
* Generating tests for class com.google.javascript.jscomp.InlineVariables
* Test criterion:
  - Branch Coverage
* Setting up search algorithm for whole suite generation
* Total number of test goals: 260
* Using seed 1000
* Starting evolution
[MASTER] 23:08:47.699 [logback-2] ERROR TestCluster - Failed to check cache for java.util.Enumeration<E> : Type points to itself
* Search finished after 105s and 1042 generations, 207116 statements, best individual has fitness: 271.5
* Minimizing test suite
* Going to analyze the coverage criteria
* Coverage analysis for criterion BRANCH
* Coverage of criterion BRANCH: 3%
* Total number of goals: 260
* Number of covered goals: 9
* Generated 3 tests with total length 12
* Resulting test suite's coverage: 3%
* Generating assertions
* Resulting test suite's mutation score: 0%
* Permissions denied during test execution: 
  - java.lang.RuntimePermission: 
         writeFileDescriptor: 4
* Writing JUnit test case 'InlineVariables_ESTest' to evosuite-branch
* Done!

* Computation finished
