* EvoSuite 1.0.6
* Going to generate test cases for class: com.google.javascript.jscomp.TypeValidator
* Starting client
* Connecting to master process on port 18557
* Analyzing classpath: 
  - /tmp/run_evosuite.pl_235315_1546773232/build/classes
  - /tmp/run_evosuite.pl_235315_1546773232/lib/args4j.jar
  - /tmp/run_evosuite.pl_235315_1546773232/lib/guava.jar
  - /tmp/run_evosuite.pl_235315_1546773232/lib/json.jar
  - /tmp/run_evosuite.pl_235315_1546773232/lib/jsr305.jar
  - /tmp/run_evosuite.pl_235315_1546773232/lib/protobuf-java.jar
  - /tmp/run_evosuite.pl_235315_1546773232/build/lib/rhino.jar
  - /tmp/run_evosuite.pl_235315_1546773232/lib/ant.jar
* Finished analyzing classpath
* Generating tests for class com.google.javascript.jscomp.TypeValidator
* Test criterion:
  - Branch Coverage
* Setting up search algorithm for whole suite generation
* Total number of test goals: 222
* Using seed 5000
* Starting evolution
[MASTER] 03:14:25.528 [logback-2] ERROR FunctionalMockStatement - Cannot use Mockito on class com.google.javascript.rhino.jstype.BooleanType due to IAE: tried to access class com.google.javascript.rhino.jstype.ValueType from class com.google.javascript.rhino.jstype.BooleanType$MockitoMock$1464732294
[MASTER] 03:15:38.952 [logback-1] WARN  TestChromosome - Functional mock problem: org.evosuite.ga.ConstructionFailedException: Max recursion depth reached
* Search finished after 104s and 152 generations, 69881 statements, best individual has fitness: 152.0
* Minimizing test suite
* Going to analyze the coverage criteria
* Coverage analysis for criterion BRANCH
* Coverage of criterion BRANCH: 28%
* Total number of goals: 222
* Number of covered goals: 63
* Generated 31 tests with total length 310
* Resulting test suite's coverage: 28%
* Generating assertions
* Resulting test suite's mutation score: 17%
* Permissions denied during test execution: 
  - java.lang.RuntimePermission: 
         writeFileDescriptor: 8
* Writing JUnit test case 'TypeValidator_ESTest' to evosuite-branch
* Done!

* Computation finished
