* EvoSuite 1.0.6
* Going to generate test cases for class: com.google.javascript.jscomp.PrepareAst
* Starting client
* Connecting to master process on port 18539
* Analyzing classpath: 
  - /tmp/run_evosuite.pl_199440_1545823752/build/classes
  - /tmp/run_evosuite.pl_199440_1545823752/lib/args4j.jar
  - /tmp/run_evosuite.pl_199440_1545823752/lib/guava.jar
  - /tmp/run_evosuite.pl_199440_1545823752/lib/json.jar
  - /tmp/run_evosuite.pl_199440_1545823752/lib/jsr305.jar
  - /tmp/run_evosuite.pl_199440_1545823752/lib/protobuf-java.jar
  - /tmp/run_evosuite.pl_199440_1545823752/build/lib/rhino.jar
  - /tmp/run_evosuite.pl_199440_1545823752/lib/ant.jar
* Finished analyzing classpath
* Generating tests for class com.google.javascript.jscomp.PrepareAst
* Test criterion:
  - Branch Coverage
* Setting up search algorithm for whole suite generation
* Total number of test goals: 59
* Using seed 2000
* Starting evolution
[MASTER] 03:29:27.193 [logback-2] ERROR TestCluster - Failed to check cache for com.google.javascript.jscomp.ControlFlowGraph<N>.Branch : Type points to itself
[MASTER] 03:29:35.020 [logback-2] ERROR TestCluster - Failed to check cache for java.util.Enumeration<E> : Type points to itself
* Search finished after 105s and 153 generations, 55020 statements, best individual has fitness: 29.0
* Minimizing test suite
* Going to analyze the coverage criteria
* Coverage analysis for criterion BRANCH
* Coverage of criterion BRANCH: 49%
* Total number of goals: 59
* Number of covered goals: 29
* Generated 8 tests with total length 34
* Resulting test suite's coverage: 49%
* Generating assertions
* Resulting test suite's mutation score: 18%
* Permissions denied during test execution: 
  - java.lang.RuntimePermission: 
         writeFileDescriptor: 7
* Writing JUnit test case 'PrepareAst_ESTest' to evosuite-branch
* Done!

* Computation finished
