* EvoSuite 1.0.6
* Going to generate test cases for class: com.google.javascript.jscomp.CodeGenerator
* Starting client
* Connecting to master process on port 18539
* Analyzing classpath: 
  - /tmp/run_evosuite.pl_109914_1545813129/build/classes
  - /tmp/run_evosuite.pl_109914_1545813129/lib/args4j.jar
  - /tmp/run_evosuite.pl_109914_1545813129/lib/guava.jar
  - /tmp/run_evosuite.pl_109914_1545813129/lib/json.jar
  - /tmp/run_evosuite.pl_109914_1545813129/lib/jsr305.jar
  - /tmp/run_evosuite.pl_109914_1545813129/lib/protobuf-java.jar
  - /tmp/run_evosuite.pl_109914_1545813129/build/lib/rhino.jar
  - /tmp/run_evosuite.pl_109914_1545813129/lib/ant.jar
* Finished analyzing classpath
* Generating tests for class com.google.javascript.jscomp.CodeGenerator
* Test criterion:
  - Branch Coverage
* Setting up search algorithm for whole suite generation
* Total number of test goals: 736
* Using seed 2000
* Starting evolution
* Search finished after 101s and 2787 generations, 474334 statements, best individual has fitness: 630.3999999995343
* Minimizing test suite
* Going to analyze the coverage criteria
* Coverage analysis for criterion BRANCH
* Coverage of criterion BRANCH: 15%
* Total number of goals: 736
* Number of covered goals: 110
* Generated 29 tests with total length 69
* Resulting test suite's coverage: 15%
* Generating assertions
* Resulting test suite's mutation score: 37%
* Permissions denied during test execution: 
  - java.lang.RuntimePermission: 
         writeFileDescriptor: 2
* Writing JUnit test case 'CodeGenerator_ESTest' to evosuite-branch
* Done!

* Computation finished
