* EvoSuite 1.0.6
* Going to generate test cases for class: com.google.javascript.jscomp.CheckSideEffects
* Starting client
* Connecting to master process on port 19758
* Analyzing classpath: 
  - /tmp/run_evosuite.pl_222988_1546675249/build/classes
  - /tmp/run_evosuite.pl_222988_1546675249/lib/args4j.jar
  - /tmp/run_evosuite.pl_222988_1546675249/lib/guava.jar
  - /tmp/run_evosuite.pl_222988_1546675249/lib/json.jar
  - /tmp/run_evosuite.pl_222988_1546675249/lib/jsr305.jar
  - /tmp/run_evosuite.pl_222988_1546675249/lib/protobuf-java.jar
  - /tmp/run_evosuite.pl_222988_1546675249/build/lib/rhino.jar
  - /tmp/run_evosuite.pl_222988_1546675249/lib/ant.jar
* Finished analyzing classpath
* Generating tests for class com.google.javascript.jscomp.CheckSideEffects
* Test criterion:
  - Branch Coverage
* Setting up search algorithm for whole suite generation
* Total number of test goals: 45
* Using seed 4000
* Starting evolution
* Search finished after 101s and 1078 generations, 281942 statements, best individual has fitness: 7.0
* Minimizing test suite
* Going to analyze the coverage criteria
* Coverage analysis for criterion BRANCH
* Coverage of criterion BRANCH: 78%
* Total number of goals: 45
* Number of covered goals: 35
* Generated 6 tests with total length 39
* Resulting test suite's coverage: 78%
* Generating assertions
* Resulting test suite's mutation score: 15%
* Permissions denied during test execution: 
  - java.lang.RuntimePermission: 
         writeFileDescriptor: 26
  - java.net.SocketPermission: 
         connect,resolve 127.0.0.1:1: 1
* Writing JUnit test case 'CheckSideEffects_ESTest' to evosuite-branch
* Done!

* Computation finished
