* EvoSuite 1.0.6
* Going to generate test cases for class: com.google.javascript.jscomp.PrepareAst
* Starting client
* Connecting to master process on port 19758
* Analyzing classpath: 
  - /tmp/run_evosuite.pl_2873_1546689514/build/classes
  - /tmp/run_evosuite.pl_2873_1546689514/lib/args4j.jar
  - /tmp/run_evosuite.pl_2873_1546689514/lib/guava.jar
  - /tmp/run_evosuite.pl_2873_1546689514/lib/json.jar
  - /tmp/run_evosuite.pl_2873_1546689514/lib/jsr305.jar
  - /tmp/run_evosuite.pl_2873_1546689514/lib/protobuf-java.jar
  - /tmp/run_evosuite.pl_2873_1546689514/build/lib/rhino.jar
  - /tmp/run_evosuite.pl_2873_1546689514/lib/ant.jar
* Finished analyzing classpath
* Generating tests for class com.google.javascript.jscomp.PrepareAst
* Test criterion:
  - Branch Coverage
* Setting up search algorithm for whole suite generation
* Total number of test goals: 59
* Using seed 4000
* Starting evolution
[MASTER] 03:59:51.224 [logback-2] ERROR TestCluster - Failed to check cache for com.google.javascript.jscomp.ControlFlowGraph<N> : Type points to itself
* Search finished after 101s and 95 generations, 35060 statements, best individual has fitness: 41.0
* Minimizing test suite
* Going to analyze the coverage criteria
* Coverage analysis for criterion BRANCH
* Coverage of criterion BRANCH: 32%
* Total number of goals: 59
* Number of covered goals: 19
* Generated 4 tests with total length 15
* Resulting test suite's coverage: 32%
* Generating assertions
* Resulting test suite's mutation score: 11%
* Permissions denied during test execution: 
  - java.lang.RuntimePermission: 
         writeFileDescriptor: 8
* Writing JUnit test case 'PrepareAst_ESTest' to evosuite-branch
* Done!

* Computation finished
