* EvoSuite 1.0.6
* Going to generate test cases for class: com.google.javascript.jscomp.DeadAssignmentsElimination
* Starting client
* Connecting to master process on port 19758
* Analyzing classpath: 
  - /tmp/run_evosuite.pl_251143_1546684074/build/classes
  - /tmp/run_evosuite.pl_251143_1546684074/lib/ant-launcher.jar
  - /tmp/run_evosuite.pl_251143_1546684074/lib/ant.jar
  - /tmp/run_evosuite.pl_251143_1546684074/lib/args4j.jar
  - /tmp/run_evosuite.pl_251143_1546684074/lib/guava.jar
  - /tmp/run_evosuite.pl_251143_1546684074/lib/json.jar
  - /tmp/run_evosuite.pl_251143_1546684074/lib/jsr305.jar
  - /tmp/run_evosuite.pl_251143_1546684074/lib/junit.jar
  - /tmp/run_evosuite.pl_251143_1546684074/lib/libtrunk_rhino_parser_jarjared.jar
  - /tmp/run_evosuite.pl_251143_1546684074/lib/protobuf-java.jar
* Finished analyzing classpath
* Generating tests for class com.google.javascript.jscomp.DeadAssignmentsElimination
* Test criterion:
  - Branch Coverage
* Setting up search algorithm for whole suite generation
* Total number of test goals: 124
* Using seed 4000
* Starting evolution
[MASTER] 02:28:14.538 [logback-2] ERROR TestCluster - Failed to check cache for com.google.javascript.jscomp.ControlFlowGraph<N> : Type points to itself
* Search finished after 105s and 1202 generations, 222048 statements, best individual has fitness: 113.05909090909091
* Minimizing test suite
* Going to analyze the coverage criteria
* Coverage analysis for criterion BRANCH
* Coverage of criterion BRANCH: 11%
* Total number of goals: 124
* Number of covered goals: 14
* Generated 2 tests with total length 8
* Resulting test suite's coverage: 11%
* Generating assertions
* Resulting test suite's mutation score: 1%
* Permissions denied during test execution: 
  - java.lang.RuntimePermission: 
         writeFileDescriptor: 29
* Writing JUnit test case 'DeadAssignmentsElimination_ESTest' to evosuite-branch
* Done!

* Computation finished
