* EvoSuite 1.0.6
* Going to generate test cases for class: com.google.javascript.rhino.jstype.PrototypeObjectType
* Starting client
* Connecting to master process on port 18557
* Analyzing classpath: 
  - /tmp/run_evosuite.pl_240047_1546754693/build/classes
  - /tmp/run_evosuite.pl_240047_1546754693/lib/args4j.jar
  - /tmp/run_evosuite.pl_240047_1546754693/lib/guava.jar
  - /tmp/run_evosuite.pl_240047_1546754693/lib/json.jar
  - /tmp/run_evosuite.pl_240047_1546754693/lib/jsr305.jar
  - /tmp/run_evosuite.pl_240047_1546754693/lib/protobuf-java.jar
  - /tmp/run_evosuite.pl_240047_1546754693/build/lib/rhino.jar
  - /tmp/run_evosuite.pl_240047_1546754693/lib/ant.jar
* Finished analyzing classpath
* Generating tests for class com.google.javascript.rhino.jstype.PrototypeObjectType
* Test criterion:
  - Branch Coverage
* Setting up search algorithm for whole suite generation
* Total number of test goals: 197
* Using seed 5000
* Starting evolution
[MASTER] 22:06:36.499 [logback-1] WARN  TestChromosome - Functional mock problem: org.evosuite.ga.ConstructionFailedException: Failed to add constructor for com.google.javascript.rhino.jstype.RecordTypeBuilder$RecordProperty due to org.evosuite.ga.ConstructionFailedException: Failed to add constructor for com.google.javascript.rhino.Node due to org.evosuite.ga.ConstructionFailedException: Have no generator for class com.google.javascript.rhino.jstype.RecordTypeBuilder$RecordProperty canUseFunctionalMocks=false, canBeMocked: false
* Search finished after 101s and 1010 generations, 459380 statements, best individual has fitness: 19.833333333333336
* Minimizing test suite
* Going to analyze the coverage criteria
* Coverage analysis for criterion BRANCH
* Coverage of criterion BRANCH: 84%
* Total number of goals: 197
* Number of covered goals: 166
* Generated 49 tests with total length 291
* Resulting test suite's coverage: 84%
* Generating assertions
* Resulting test suite's mutation score: 56%
* Writing JUnit test case 'PrototypeObjectType_ESTest' to evosuite-branch
* Done!

* Computation finished
