* EvoSuite 1.0.6
* Going to generate test cases for class: com.google.javascript.jscomp.CodeGenerator
* Starting client
* Connecting to master process on port 18557
* Analyzing classpath: 
  - /tmp/run_evosuite.pl_237245_1546773954/build/classes
  - /tmp/run_evosuite.pl_237245_1546773954/lib/args4j.jar
  - /tmp/run_evosuite.pl_237245_1546773954/lib/guava.jar
  - /tmp/run_evosuite.pl_237245_1546773954/lib/json.jar
  - /tmp/run_evosuite.pl_237245_1546773954/lib/jsr305.jar
  - /tmp/run_evosuite.pl_237245_1546773954/lib/protobuf-java.jar
  - /tmp/run_evosuite.pl_237245_1546773954/build/lib/rhino.jar
  - /tmp/run_evosuite.pl_237245_1546773954/lib/ant.jar
* Finished analyzing classpath
* Generating tests for class com.google.javascript.jscomp.CodeGenerator
* Test criterion:
  - Branch Coverage
* Setting up search algorithm for whole suite generation
* Total number of test goals: 776
* Using seed 5000
* Starting evolution
* Search finished after 104s and 584 generations, 172645 statements, best individual has fitness: 437.99561089579777
* Minimizing test suite
* Going to analyze the coverage criteria
* Coverage analysis for criterion BRANCH
* Coverage of criterion BRANCH: 35%
* Total number of goals: 776
* Number of covered goals: 275
* Generated 32 tests with total length 78
* Resulting test suite's coverage: 39%
* Generating assertions
* Resulting test suite's mutation score: 30%
* Permissions denied during test execution: 
  - java.lang.RuntimePermission: 
         writeFileDescriptor: 4
* Writing JUnit test case 'CodeGenerator_ESTest' to evosuite-branch
* Done!

* Computation finished
