* EvoSuite 1.0.6
* Going to generate test cases for class: com.google.javascript.jscomp.DeadAssignmentsElimination
* Starting client
* Connecting to master process on port 18557
* Analyzing classpath: 
  - /tmp/run_evosuite.pl_225210_1546769271/build/classes
  - /tmp/run_evosuite.pl_225210_1546769271/lib/ant-launcher.jar
  - /tmp/run_evosuite.pl_225210_1546769271/lib/ant.jar
  - /tmp/run_evosuite.pl_225210_1546769271/lib/args4j.jar
  - /tmp/run_evosuite.pl_225210_1546769271/lib/guava.jar
  - /tmp/run_evosuite.pl_225210_1546769271/lib/json.jar
  - /tmp/run_evosuite.pl_225210_1546769271/lib/jsr305.jar
  - /tmp/run_evosuite.pl_225210_1546769271/lib/junit.jar
  - /tmp/run_evosuite.pl_225210_1546769271/lib/libtrunk_rhino_parser_jarjared.jar
  - /tmp/run_evosuite.pl_225210_1546769271/lib/protobuf-java.jar
* Finished analyzing classpath
* Generating tests for class com.google.javascript.jscomp.DeadAssignmentsElimination
* Test criterion:
  - Branch Coverage
* Setting up search algorithm for whole suite generation
* Total number of test goals: 124
* Using seed 5000
* Starting evolution
[MASTER] 02:08:06.493 [logback-2] ERROR TestCluster - Failed to check cache for java.util.Enumeration<E> : Type points to itself
[MASTER] 02:08:22.266 [logback-2] ERROR FunctionalMockStatement - Cannot use Mockito on class com.google.javascript.rhino.jstype.NumberType due to IAE: tried to access class com.google.javascript.rhino.jstype.ValueType from class com.google.javascript.rhino.jstype.NumberType$MockitoMock$1740424220
[MASTER] 02:09:04.611 [logback-2] ERROR TestCluster - Failed to check cache for com.google.javascript.jscomp.ControlFlowGraph<N> : Type points to itself
[MASTER] 02:09:29.776 [logback-2] ERROR FunctionalMockStatement - Cannot use Mockito on class com.google.javascript.rhino.jstype.NumberType due to failed class initialization: Could not initialize class com.google.javascript.rhino.jstype.NumberType$MockitoMock$1740424220
* Search finished after 101s and 1112 generations, 209004 statements, best individual has fitness: 123.5
* Minimizing test suite
* Going to analyze the coverage criteria
* Coverage analysis for criterion BRANCH
* Coverage of criterion BRANCH: 4%
* Total number of goals: 124
* Number of covered goals: 5
* Generated 1 tests with total length 4
* Resulting test suite's coverage: 4%
* Generating assertions
* Resulting test suite's mutation score: 1%
* Permissions denied during test execution: 
  - java.lang.RuntimePermission: 
         writeFileDescriptor: 36
* Writing JUnit test case 'DeadAssignmentsElimination_ESTest' to evosuite-branch
* Done!

* Computation finished
