* EvoSuite 1.0.6
* Going to generate test cases for class: com.google.javascript.rhino.IR
* Starting client
* Connecting to master process on port 18557
* Analyzing classpath: 
  - /tmp/run_evosuite.pl_167089_1546753862/build/classes
  - /tmp/run_evosuite.pl_167089_1546753862/lib/args4j.jar
  - /tmp/run_evosuite.pl_167089_1546753862/lib/guava.jar
  - /tmp/run_evosuite.pl_167089_1546753862/lib/json.jar
  - /tmp/run_evosuite.pl_167089_1546753862/lib/jsr305.jar
  - /tmp/run_evosuite.pl_167089_1546753862/lib/protobuf-java.jar
  - /tmp/run_evosuite.pl_167089_1546753862/build/lib/rhino.jar
  - /tmp/run_evosuite.pl_167089_1546753862/lib/ant.jar
* Finished analyzing classpath
* Generating tests for class com.google.javascript.rhino.IR
* Test criterion:
  - Branch Coverage
* Setting up search algorithm for whole suite generation
* Total number of test goals: 377
* Using seed 5000
* Starting evolution
* Search finished after 102s and 503 generations, 102141 statements, best individual has fitness: 24.011548987411057
* Minimizing test suite
* Going to analyze the coverage criteria
* Coverage analysis for criterion BRANCH
* Coverage of criterion BRANCH: 89%
* Total number of goals: 377
* Number of covered goals: 337
* Generated 126 tests with total length 342
* Resulting test suite's coverage: 89%
* Generating assertions
* Resulting test suite's mutation score: 32%
* Permissions denied during test execution: 
  - java.lang.RuntimePermission: 
         writeFileDescriptor: 2
* Writing JUnit test case 'IR_ESTest' to evosuite-branch
* Done!

* Computation finished
