* EvoSuite 1.0.6
* Going to generate test cases for class: com.google.javascript.jscomp.parsing.JsDocInfoParser
* Starting client
* Connecting to master process on port 2830
* Analyzing classpath: 
  - /tmp/run_evosuite.pl_63211_1546616632/build/classes
  - /tmp/run_evosuite.pl_63211_1546616632/lib/args4j.jar
  - /tmp/run_evosuite.pl_63211_1546616632/lib/guava.jar
  - /tmp/run_evosuite.pl_63211_1546616632/lib/json.jar
  - /tmp/run_evosuite.pl_63211_1546616632/lib/jsr305.jar
  - /tmp/run_evosuite.pl_63211_1546616632/lib/protobuf-java.jar
  - /tmp/run_evosuite.pl_63211_1546616632/build/lib/rhino.jar
  - /tmp/run_evosuite.pl_63211_1546616632/lib/ant.jar
* Finished analyzing classpath
* Generating tests for class com.google.javascript.jscomp.parsing.JsDocInfoParser
* Test criterion:
  - Branch Coverage
* Setting up search algorithm for whole suite generation
* Total number of test goals: 862
* Using seed 3000
* Starting evolution
[MASTER] 07:44:10.198 [logback-1] WARN  TestUsageChecker - class com.google.javascript.rhino.head.ContextFactory$1GlobalSetterImpl looks like an anonymous class, ignoring it (although reflection says false) GlobalSetterImpl
* Search finished after 101s and 962 generations, 519722 statements, best individual has fitness: 619.2166666666667
* Minimizing test suite
* Going to analyze the coverage criteria
* Coverage analysis for criterion BRANCH
* Coverage of criterion BRANCH: 27%
* Total number of goals: 862
* Number of covered goals: 230
* Generated 45 tests with total length 394
* Resulting test suite's coverage: 28%
* Generating assertions
* Resulting test suite's mutation score: 20%
* Writing JUnit test case 'JsDocInfoParser_ESTest' to evosuite-branch
* Done!

* Computation finished
