* EvoSuite 1.0.6
* Going to generate test cases for class: com.google.javascript.jscomp.NodeUtil
* Starting client
* Connecting to master process on port 19758
* Analyzing classpath: 
  - /tmp/run_evosuite.pl_247036_1546682329/build/classes
  - /tmp/run_evosuite.pl_247036_1546682329/lib/args4j.jar
  - /tmp/run_evosuite.pl_247036_1546682329/lib/guava.jar
  - /tmp/run_evosuite.pl_247036_1546682329/lib/json.jar
  - /tmp/run_evosuite.pl_247036_1546682329/lib/jsr305.jar
  - /tmp/run_evosuite.pl_247036_1546682329/lib/libtrunk_rhino_parser_jarjared.jar
  - /tmp/run_evosuite.pl_247036_1546682329/lib/protobuf-java.jar
  - /tmp/run_evosuite.pl_247036_1546682329/lib/ant.jar
* Finished analyzing classpath
* Generating tests for class com.google.javascript.jscomp.NodeUtil
* Test criterion:
  - Branch Coverage
* Setting up search algorithm for whole suite generation
* Total number of test goals: 2399
* Using seed 4000
* Starting evolution
[MASTER] 01:59:02.601 [logback-2] ERROR TestCluster - Failed to check cache for com.google.common.base.Supplier<T> : Type points to itself
* Search finished after 101s and 319 generations, 123608 statements, best individual has fitness: 815.1813647590658
* Minimizing test suite
* Going to analyze the coverage criteria
* Coverage analysis for criterion BRANCH
* Coverage of criterion BRANCH: 58%
* Total number of goals: 2399
* Number of covered goals: 1388
* Generated 286 tests with total length 620
* Resulting test suite's coverage: 58%
* Generating assertions
* Resulting test suite's mutation score: 24%
* Permissions denied during test execution: 
  - java.lang.RuntimePermission: 
         writeFileDescriptor: 3
  - java.net.SocketPermission: 
         resolve OFF: 1
         resolve com.google.common.collect.AbstractMapEntry: 1
* Writing JUnit test case 'NodeUtil_ESTest' to evosuite-branch
* Done!

* Computation finished
