* EvoSuite 1.0.6
* Going to generate test cases for class: com.google.javascript.jscomp.TypedScopeCreator
* Starting client
* Connecting to master process on port 14953
* Analyzing classpath: 
  - /tmp/run_evosuite.pl_82802_1546835208/build/classes
  - /tmp/run_evosuite.pl_82802_1546835208/lib/args4j.jar
  - /tmp/run_evosuite.pl_82802_1546835208/lib/guava.jar
  - /tmp/run_evosuite.pl_82802_1546835208/lib/json.jar
  - /tmp/run_evosuite.pl_82802_1546835208/lib/jsr305.jar
  - /tmp/run_evosuite.pl_82802_1546835208/lib/protobuf-java.jar
  - /tmp/run_evosuite.pl_82802_1546835208/build/lib/rhino.jar
  - /tmp/run_evosuite.pl_82802_1546835208/lib/ant.jar
* Finished analyzing classpath
* Generating tests for class com.google.javascript.jscomp.TypedScopeCreator
* Test criterion:
  - Branch Coverage
* Setting up search algorithm for whole suite generation
* Total number of test goals: 684
* Using seed 1000
* Starting evolution
* Search finished after 106s and 613 generations, 186586 statements, best individual has fitness: 539.4602474040906
* Minimizing test suite
* Going to analyze the coverage criteria
* Coverage analysis for criterion BRANCH
* Coverage of criterion BRANCH: 20%
* Total number of goals: 684
* Number of covered goals: 137
* Generated 9 tests with total length 103
* Resulting test suite's coverage: 20%
* Generating assertions
* Resulting test suite's mutation score: 12%
* Permissions denied during test execution: 
  - java.lang.RuntimePermission: 
         writeFileDescriptor: 28
* Writing JUnit test case 'TypedScopeCreator_ESTest' to evosuite-branch
* Done!

* Computation finished
