* EvoSuite 1.0.6
* Going to generate test cases for class: com.google.javascript.jscomp.CodeGenerator
* Starting client
* Connecting to master process on port 18539
* Analyzing classpath: 
  - /tmp/run_evosuite.pl_199119_1545823634/build/classes
  - /tmp/run_evosuite.pl_199119_1545823634/lib/args4j.jar
  - /tmp/run_evosuite.pl_199119_1545823634/lib/guava.jar
  - /tmp/run_evosuite.pl_199119_1545823634/lib/json.jar
  - /tmp/run_evosuite.pl_199119_1545823634/lib/jsr305.jar
  - /tmp/run_evosuite.pl_199119_1545823634/lib/protobuf-java.jar
  - /tmp/run_evosuite.pl_199119_1545823634/build/lib/rhino.jar
  - /tmp/run_evosuite.pl_199119_1545823634/lib/ant.jar
* Finished analyzing classpath
* Generating tests for class com.google.javascript.jscomp.CodeGenerator
* Test criterion:
  - Branch Coverage
* Setting up search algorithm for whole suite generation
* Total number of test goals: 770
* Using seed 2000
* Starting evolution
[MASTER] 03:29:05.614 [logback-2] ERROR FunctionalMockStatement - Cannot use Mockito on class com.google.javascript.rhino.jstype.VoidType due to IAE: tried to access class com.google.javascript.rhino.jstype.ValueType from class com.google.javascript.rhino.jstype.VoidType$MockitoMock$519828531
* Search finished after 101s and 972 generations, 254432 statements, best individual has fitness: 666.9588441930257
* Minimizing test suite
* Going to analyze the coverage criteria
* Coverage analysis for criterion BRANCH
* Coverage of criterion BRANCH: 14%
* Total number of goals: 770
* Number of covered goals: 104
* Generated 29 tests with total length 67
* Resulting test suite's coverage: 14%
* Generating assertions
* Resulting test suite's mutation score: 21%
* Permissions denied during test execution: 
  - java.lang.RuntimePermission: 
         writeFileDescriptor: 16
* Writing JUnit test case 'CodeGenerator_ESTest' to evosuite-branch
* Done!

* Computation finished
