* EvoSuite 1.0.6
* Going to generate test cases for class: com.google.javascript.jscomp.ClosureCodingConvention
* Starting client
* Connecting to master process on port 14953
* Analyzing classpath: 
  - /tmp/run_evosuite.pl_85917_1546836347/build/classes
  - /tmp/run_evosuite.pl_85917_1546836347/lib/args4j.jar
  - /tmp/run_evosuite.pl_85917_1546836347/lib/guava.jar
  - /tmp/run_evosuite.pl_85917_1546836347/lib/json.jar
  - /tmp/run_evosuite.pl_85917_1546836347/lib/jsr305.jar
  - /tmp/run_evosuite.pl_85917_1546836347/lib/protobuf-java.jar
  - /tmp/run_evosuite.pl_85917_1546836347/build/lib/rhino.jar
  - /tmp/run_evosuite.pl_85917_1546836347/lib/ant.jar
* Finished analyzing classpath
* Generating tests for class com.google.javascript.jscomp.ClosureCodingConvention
* Test criterion:
  - Branch Coverage
* Setting up search algorithm for whole suite generation
* Total number of test goals: 117
* Using seed 1000
* Starting evolution
[MASTER] 20:46:02.452 [logback-2] ERROR TestCluster - Failed to check cache for java.util.Comparator<T> : Type points to itself
[MASTER] 20:47:03.518 [logback-2] ERROR TestCluster - Failed to check cache for com.google.javascript.jscomp.ControlFlowGraph<N> : Type points to itself
* Search finished after 101s and 883 generations, 234132 statements, best individual has fitness: 80.71666666472193
* Minimizing test suite
* Going to analyze the coverage criteria
* Coverage analysis for criterion BRANCH
* Coverage of criterion BRANCH: 30%
* Total number of goals: 117
* Number of covered goals: 35
* Generated 24 tests with total length 90
* Resulting test suite's coverage: 30%
* Generating assertions
* Resulting test suite's mutation score: 11%
* Permissions denied during test execution: 
  - java.lang.RuntimePermission: 
         writeFileDescriptor: 103
* Writing JUnit test case 'ClosureCodingConvention_ESTest' to evosuite-branch
* Done!

* Computation finished
