* EvoSuite 1.0.6
* Going to generate test cases for class: com.google.javascript.jscomp.TypedScopeCreator
* Starting client
* Connecting to master process on port 18557
* Analyzing classpath: 
  - /tmp/run_evosuite.pl_227621_1546770320/build/classes
  - /tmp/run_evosuite.pl_227621_1546770320/lib/ant_deploy.jar
  - /tmp/run_evosuite.pl_227621_1546770320/lib/args4j_deploy.jar
  - /tmp/run_evosuite.pl_227621_1546770320/lib/guava-r06.jar
  - /tmp/run_evosuite.pl_227621_1546770320/lib/hamcrest-core-1.1.jar
  - /tmp/run_evosuite.pl_227621_1546770320/lib/json.jar
  - /tmp/run_evosuite.pl_227621_1546770320/lib/jsr305.jar
  - /tmp/run_evosuite.pl_227621_1546770320/lib/junit.jar
  - /tmp/run_evosuite.pl_227621_1546770320/lib/libtrunk_rhino_parser_jarjared.jar
  - /tmp/run_evosuite.pl_227621_1546770320/lib/protobuf-java-2.3.0.jar
* Finished analyzing classpath
* Generating tests for class com.google.javascript.jscomp.TypedScopeCreator
* Test criterion:
  - Branch Coverage
* Setting up search algorithm for whole suite generation
* Total number of test goals: 538
* Using seed 5000
* Starting evolution
[MASTER] 02:25:33.331 [logback-2] ERROR TestCluster - Failed to check cache for java.util.Enumeration<E> : Type points to itself
* Search finished after 101s and 513 generations, 212755 statements, best individual has fitness: 407.4884920576525
* Minimizing test suite
* Going to analyze the coverage criteria
* Coverage analysis for criterion BRANCH
* Coverage of criterion BRANCH: 25%
* Total number of goals: 538
* Number of covered goals: 132
* Generated 13 tests with total length 94
* Resulting test suite's coverage: 23%
* Generating assertions
* Resulting test suite's mutation score: 12%
* Permissions denied during test execution: 
  - java.lang.RuntimePermission: 
         writeFileDescriptor: 12
* Writing JUnit test case 'TypedScopeCreator_ESTest' to evosuite-branch
* Done!

* Computation finished
