* EvoSuite 1.0.6
* Going to generate test cases for class: com.google.javascript.jscomp.LiveVariablesAnalysis
* Starting client
* Connecting to master process on port 14953
* Analyzing classpath: 
  - /tmp/run_evosuite.pl_86243_1546836462/build/classes
  - /tmp/run_evosuite.pl_86243_1546836462/lib/args4j.jar
  - /tmp/run_evosuite.pl_86243_1546836462/lib/guava.jar
  - /tmp/run_evosuite.pl_86243_1546836462/lib/json.jar
  - /tmp/run_evosuite.pl_86243_1546836462/lib/jsr305.jar
  - /tmp/run_evosuite.pl_86243_1546836462/lib/protobuf-java.jar
  - /tmp/run_evosuite.pl_86243_1546836462/build/lib/rhino.jar
  - /tmp/run_evosuite.pl_86243_1546836462/lib/ant.jar
* Finished analyzing classpath
* Generating tests for class com.google.javascript.jscomp.LiveVariablesAnalysis
* Test criterion:
  - Branch Coverage
* Setting up search algorithm for whole suite generation
* Total number of test goals: 84
* Using seed 1000
* Starting evolution
* Search finished after 102s and 643 generations, 255066 statements, best individual has fitness: 12.833333333333332
* Minimizing test suite
* Going to analyze the coverage criteria
* Coverage analysis for criterion BRANCH
* Coverage of criterion BRANCH: 81%
* Total number of goals: 84
* Number of covered goals: 68
* Generated 22 tests with total length 208
* Resulting test suite's coverage: 81%
* Generating assertions
* Resulting test suite's mutation score: 17%
* Permissions denied during test execution: 
  - java.lang.RuntimePermission: 
         writeFileDescriptor: 3
* Writing JUnit test case 'LiveVariablesAnalysis_ESTest' to evosuite-branch
* Done!

* Computation finished
