* EvoSuite 1.0.6
* Going to generate test cases for class: com.google.javascript.jscomp.type.ChainableReverseAbstractInterpreter
* Starting client
* Connecting to master process on port 14953
* Analyzing classpath: 
  - /tmp/run_evosuite.pl_66005_1546829743/build/classes
  - /tmp/run_evosuite.pl_66005_1546829743/lib/args4j.jar
  - /tmp/run_evosuite.pl_66005_1546829743/lib/guava.jar
  - /tmp/run_evosuite.pl_66005_1546829743/lib/json.jar
  - /tmp/run_evosuite.pl_66005_1546829743/lib/jsr305.jar
  - /tmp/run_evosuite.pl_66005_1546829743/lib/protobuf-java.jar
  - /tmp/run_evosuite.pl_66005_1546829743/build/lib/rhino.jar
  - /tmp/run_evosuite.pl_66005_1546829743/lib/ant.jar
* Finished analyzing classpath
* Generating tests for class com.google.javascript.jscomp.type.ChainableReverseAbstractInterpreter
* Test criterion:
  - Branch Coverage
* Setting up search algorithm for whole suite generation
* Total number of test goals: 162
* Using seed 1000
* Starting evolution
[MASTER] 18:55:58.064 [logback-2] ERROR FunctionalMockStatement - Cannot use Mockito on class com.google.javascript.rhino.jstype.StringType due to IAE: tried to access class com.google.javascript.rhino.jstype.ValueType from class com.google.javascript.rhino.jstype.StringType$MockitoMock$1199518245
[MASTER] 18:55:58.469 [logback-2] ERROR FunctionalMockStatement - Cannot use Mockito on class com.google.javascript.rhino.jstype.BooleanType due to IAE: tried to access class com.google.javascript.rhino.jstype.ValueType from class com.google.javascript.rhino.jstype.BooleanType$MockitoMock$1272048073
[MASTER] 18:55:58.743 [logback-2] ERROR FunctionalMockStatement - Cannot use Mockito on class com.google.javascript.rhino.jstype.BooleanType due to failed class initialization: Could not initialize class com.google.javascript.rhino.jstype.BooleanType$MockitoMock$1272048073
[MASTER] 18:56:18.110 [logback-2] ERROR FunctionalMockStatement - Cannot use Mockito on class com.google.javascript.rhino.jstype.NoObjectType due to IAE: tried to access class com.google.javascript.rhino.jstype.PrototypeObjectType from class com.google.javascript.rhino.jstype.NoObjectType$MockitoMock$624507825
* Search finished after 102s and 1021 generations, 452154 statements, best individual has fitness: 47.99999996347444
* Minimizing test suite
* Going to analyze the coverage criteria
* Coverage analysis for criterion BRANCH
* Coverage of criterion BRANCH: 66%
* Total number of goals: 162
* Number of covered goals: 107
* Generated 55 tests with total length 405
* Resulting test suite's coverage: 66%
* Generating assertions
* Resulting test suite's mutation score: 19%
* Writing JUnit test case 'ChainableReverseAbstractInterpreter_ESTest' to evosuite-branch
* Done!

* Computation finished
