* EvoSuite 1.0.6
* Going to generate test cases for class: com.google.javascript.jscomp.TypeInference
* Starting client
* Connecting to master process on port 19758
* Analyzing classpath: 
  - /tmp/run_evosuite.pl_259250_1546687494/build/classes
  - /tmp/run_evosuite.pl_259250_1546687494/lib/args4j.jar
  - /tmp/run_evosuite.pl_259250_1546687494/lib/guava.jar
  - /tmp/run_evosuite.pl_259250_1546687494/lib/json.jar
  - /tmp/run_evosuite.pl_259250_1546687494/lib/jsr305.jar
  - /tmp/run_evosuite.pl_259250_1546687494/lib/protobuf-java.jar
  - /tmp/run_evosuite.pl_259250_1546687494/build/lib/rhino.jar
  - /tmp/run_evosuite.pl_259250_1546687494/lib/ant.jar
* Finished analyzing classpath
* Generating tests for class com.google.javascript.jscomp.TypeInference
* Test criterion:
  - Branch Coverage
* Setting up search algorithm for whole suite generation
* Total number of test goals: 771
* Using seed 4000
* Starting evolution
[MASTER] 03:25:18.569 [logback-2] ERROR TestCluster - Failed to check cache for java.util.Iterator<E> : Type points to itself
* Search finished after 101s and 193 generations, 64260 statements, best individual has fitness: 808.0
* Minimizing test suite
* Going to analyze the coverage criteria
* Coverage analysis for criterion BRANCH
* Coverage of criterion BRANCH: 0%
* Total number of goals: 771
* Number of covered goals: 2
* Generated 2 tests with total length 4
* Resulting test suite's coverage: 0%
* Generating assertions
* Resulting test suite's mutation score: 0%
* Permissions denied during test execution: 
  - java.lang.RuntimePermission: 
         writeFileDescriptor: 36
* Writing JUnit test case 'TypeInference_ESTest' to evosuite-branch
* Done!

* Computation finished
