* EvoSuite 1.0.6
* Going to generate test cases for class: com.google.javascript.jscomp.TypedScopeCreator
* Starting client
* Connecting to master process on port 19758
* Analyzing classpath: 
  - /tmp/run_evosuite.pl_233544_1546678874/build/classes
  - /tmp/run_evosuite.pl_233544_1546678874/lib/args4j.jar
  - /tmp/run_evosuite.pl_233544_1546678874/lib/guava.jar
  - /tmp/run_evosuite.pl_233544_1546678874/lib/json.jar
  - /tmp/run_evosuite.pl_233544_1546678874/lib/jsr305.jar
  - /tmp/run_evosuite.pl_233544_1546678874/lib/protobuf-java.jar
  - /tmp/run_evosuite.pl_233544_1546678874/build/lib/rhino.jar
  - /tmp/run_evosuite.pl_233544_1546678874/lib/ant.jar
* Finished analyzing classpath
* Generating tests for class com.google.javascript.jscomp.TypedScopeCreator
* Test criterion:
  - Branch Coverage
* Setting up search algorithm for whole suite generation
* Total number of test goals: 684
* Using seed 4000
* Starting evolution
* Search finished after 101s and 768 generations, 225053 statements, best individual has fitness: 528.9833333258734
* Minimizing test suite
* Going to analyze the coverage criteria
* Coverage analysis for criterion BRANCH
* Coverage of criterion BRANCH: 21%
* Total number of goals: 684
* Number of covered goals: 144
* Generated 9 tests with total length 50
* Resulting test suite's coverage: 21%
* Generating assertions
* Resulting test suite's mutation score: 12%
* Permissions denied during test execution: 
  - java.lang.RuntimePermission: 
         writeFileDescriptor: 27
* Writing JUnit test case 'TypedScopeCreator_ESTest' to evosuite-branch
* Done!

* Computation finished
