* EvoSuite 1.0.6
* Going to generate test cases for class: com.google.javascript.jscomp.VarCheck
* Starting client
* Connecting to master process on port 19758
* Analyzing classpath: 
  - /tmp/run_evosuite.pl_248243_1546682829/build/classes
  - /tmp/run_evosuite.pl_248243_1546682829/lib/args4j.jar
  - /tmp/run_evosuite.pl_248243_1546682829/lib/guava.jar
  - /tmp/run_evosuite.pl_248243_1546682829/lib/jsr305.jar
  - /tmp/run_evosuite.pl_248243_1546682829/lib/libtrunk_rhino_parser_jarjared.jar
  - /tmp/run_evosuite.pl_248243_1546682829/lib/protobuf-java.jar
  - /tmp/run_evosuite.pl_248243_1546682829/lib/ant.jar
* Finished analyzing classpath
* Generating tests for class com.google.javascript.jscomp.VarCheck
* Test criterion:
  - Branch Coverage
* Setting up search algorithm for whole suite generation
* Total number of test goals: 75
* Using seed 4000
* Starting evolution
[MASTER] 02:07:21.855 [logback-2] ERROR TestCluster - Failed to check cache for java.util.Comparator<T> : Type points to itself
[MASTER] 02:08:58.371 [logback-2] ERROR TestCluster - Failed to check cache for java.util.List<E> : Type points to itself
* Search finished after 101s and 638 generations, 179118 statements, best individual has fitness: 27.317460317460316
* Minimizing test suite
* Going to analyze the coverage criteria
* Coverage analysis for criterion BRANCH
* Coverage of criterion BRANCH: 55%
* Total number of goals: 75
* Number of covered goals: 41
* Generated 7 tests with total length 57
* Resulting test suite's coverage: 55%
* Generating assertions
* Resulting test suite's mutation score: 39%
* Permissions denied during test execution: 
  - java.lang.RuntimePermission: 
         writeFileDescriptor: 12
* Writing JUnit test case 'VarCheck_ESTest' to evosuite-branch
* Done!

* Computation finished
* EvoSuite 1.0.6
* Going to generate test cases for class: com.google.javascript.jscomp.Normalize
* Starting client
* Connecting to master process on port 19758
* Analyzing classpath: 
  - /tmp/run_evosuite.pl_248243_1546682829/build/classes
  - /tmp/run_evosuite.pl_248243_1546682829/lib/args4j.jar
  - /tmp/run_evosuite.pl_248243_1546682829/lib/guava.jar
  - /tmp/run_evosuite.pl_248243_1546682829/lib/jsr305.jar
  - /tmp/run_evosuite.pl_248243_1546682829/lib/libtrunk_rhino_parser_jarjared.jar
  - /tmp/run_evosuite.pl_248243_1546682829/lib/protobuf-java.jar
  - /tmp/run_evosuite.pl_248243_1546682829/lib/ant.jar
* Finished analyzing classpath
* Generating tests for class com.google.javascript.jscomp.Normalize
* Test criterion:
  - Branch Coverage
* Setting up search algorithm for whole suite generation
* Total number of test goals: 228
* Using seed 4000
* Starting evolution
[MASTER] 02:09:10.252 [logback-2] ERROR TestCluster - Failed to check cache for java.util.Comparator<T> : Type points to itself
* Search finished after 102s and 437 generations, 164618 statements, best individual has fitness: 74.35714285714286
* Minimizing test suite
* Going to analyze the coverage criteria
* Coverage analysis for criterion BRANCH
* Coverage of criterion BRANCH: 63%
* Total number of goals: 228
* Number of covered goals: 143
* Generated 21 tests with total length 127
* Resulting test suite's coverage: 63%
* Generating assertions
* Resulting test suite's mutation score: 18%
* Permissions denied during test execution: 
  - java.lang.RuntimePermission: 
         writeFileDescriptor: 16
* Writing JUnit test case 'Normalize_ESTest' to evosuite-branch
* Done!

* Computation finished
