* EvoSuite 1.0.6
* Going to generate test cases for class: com.google.javascript.jscomp.TypedScopeCreator
* Starting client
* Connecting to master process on port 18539
* Analyzing classpath: 
  - /tmp/run_evosuite.pl_247900_1545815548/build/classes
  - /tmp/run_evosuite.pl_247900_1545815548/lib/args4j.jar
  - /tmp/run_evosuite.pl_247900_1545815548/lib/guava.jar
  - /tmp/run_evosuite.pl_247900_1545815548/lib/json.jar
  - /tmp/run_evosuite.pl_247900_1545815548/lib/jsr305.jar
  - /tmp/run_evosuite.pl_247900_1545815548/lib/libtrunk_rhino_parser_jarjared.jar
  - /tmp/run_evosuite.pl_247900_1545815548/lib/protobuf-java.jar
  - /tmp/run_evosuite.pl_247900_1545815548/lib/ant.jar
* Finished analyzing classpath
* Generating tests for class com.google.javascript.jscomp.TypedScopeCreator
* Test criterion:
  - Branch Coverage
* Setting up search algorithm for whole suite generation
* Total number of test goals: 663
* Using seed 2000
* Starting evolution
* Search finished after 101s and 573 generations, 182852 statements, best individual has fitness: 461.9501086721584
* Minimizing test suite
* Going to analyze the coverage criteria
* Coverage analysis for criterion BRANCH
* Coverage of criterion BRANCH: 27%
* Total number of goals: 663
* Number of covered goals: 180
* Generated 23 tests with total length 142
* Resulting test suite's coverage: 27%
* Generating assertions
* Resulting test suite's mutation score: 11%
* Permissions denied during test execution: 
  - java.lang.RuntimePermission: 
         writeFileDescriptor: 10
* Writing JUnit test case 'TypedScopeCreator_ESTest' to evosuite-branch
* Done!

* Computation finished
