* EvoSuite 1.0.6
* Going to generate test cases for class: com.google.javascript.jscomp.parsing.IRFactory
* Starting client
* Connecting to master process on port 14953
* Analyzing classpath: 
  - /tmp/run_evosuite.pl_109970_1546845025/build/classes
  - /tmp/run_evosuite.pl_109970_1546845025/lib/args4j.jar
  - /tmp/run_evosuite.pl_109970_1546845025/lib/guava.jar
  - /tmp/run_evosuite.pl_109970_1546845025/lib/json.jar
  - /tmp/run_evosuite.pl_109970_1546845025/lib/jsr305.jar
  - /tmp/run_evosuite.pl_109970_1546845025/lib/protobuf-java.jar
  - /tmp/run_evosuite.pl_109970_1546845025/build/lib/rhino.jar
  - /tmp/run_evosuite.pl_109970_1546845025/lib/ant.jar
* Finished analyzing classpath
* Generating tests for class com.google.javascript.jscomp.parsing.IRFactory
* Test criterion:
  - Branch Coverage
* Setting up search algorithm for whole suite generation
* Total number of test goals: 656
* Using seed 1000
* Starting evolution
[MASTER] 23:10:46.504 [logback-2] ERROR FunctionalMockStatement - IAE on <public abstract boolean com.google.javascript.rhino.head.ast.NodeVisitor.visit(com.google.javascript.rhino.head.ast.AstNode)> when called with [[]]
[MASTER] 23:10:46.659 [logback-2] ERROR FunctionalMockStatement - Cannot use Mockito on interface com.google.javascript.rhino.head.ast.NodeVisitor due to IAE: 
Misplaced or misused argument matcher detected here:

-> at org.evosuite.testcase.fm.MethodDescriptor.executeMatcher(MethodDescriptor.java:245)

You cannot use argument matchers outside of verification or stubbing.
Examples of correct usage of argument matchers:
    when(mock.get(anyInt())).thenReturn(null);
    doThrow(new RuntimeException()).when(mock).someVoidMethod(anyObject());
    verify(mock).someMethod(contains("foo"))

This message may appear after an NullPointerException if the last matcher is returning an object 
like any() but the stubbed method signature expect a primitive argument, in this case,
use primitive alternatives.
    when(mock.get(any())); // bad use, will raise NPE
    when(mock.get(anyInt())); // correct usage use

Also, this error might show up because you use argument matchers with methods that cannot be mocked.
Following methods *cannot* be stubbed/verified: final/private/equals()/hashCode().
Mocking methods declared on non-public parent classes is not supported.

[MASTER] 23:10:57.770 [logback-2] ERROR FunctionalMockStatement - IAE on <public abstract boolean com.google.javascript.rhino.head.ast.NodeVisitor.visit(com.google.javascript.rhino.head.ast.AstNode)> when called with [[]]
[MASTER] 23:10:58.548 [logback-2] ERROR FunctionalMockStatement - IAE on <public abstract boolean com.google.javascript.rhino.head.ast.NodeVisitor.visit(com.google.javascript.rhino.head.ast.AstNode)> when called with [[]]
[MASTER] 23:11:00.558 [logback-2] ERROR FunctionalMockStatement - IAE on <public abstract boolean com.google.javascript.rhino.head.ast.NodeVisitor.visit(com.google.javascript.rhino.head.ast.AstNode)> when called with [[]]
[MASTER] 23:11:00.680 [logback-2] ERROR FunctionalMockStatement - IAE on <public abstract boolean com.google.javascript.rhino.head.ast.NodeVisitor.visit(com.google.javascript.rhino.head.ast.AstNode)> when called with [[]]
[MASTER] 23:11:02.867 [logback-2] ERROR FunctionalMockStatement - IAE on <public abstract boolean com.google.javascript.rhino.head.ast.NodeVisitor.visit(com.google.javascript.rhino.head.ast.AstNode)> when called with [[]]
[MASTER] 23:11:05.927 [logback-2] ERROR FunctionalMockStatement - IAE on <public abstract boolean com.google.javascript.rhino.head.ast.NodeVisitor.visit(com.google.javascript.rhino.head.ast.AstNode)> when called with [[]]
[MASTER] 23:11:05.955 [logback-2] ERROR FunctionalMockStatement - Cannot use Mockito on interface java.util.function.Consumer due to IAE: 
Misplaced or misused argument matcher detected here:

-> at org.evosuite.testcase.fm.MethodDescriptor.executeMatcher(MethodDescriptor.java:245)

You cannot use argument matchers outside of verification or stubbing.
Examples of correct usage of argument matchers:
    when(mock.get(anyInt())).thenReturn(null);
    doThrow(new RuntimeException()).when(mock).someVoidMethod(anyObject());
    verify(mock).someMethod(contains("foo"))

This message may appear after an NullPointerException if the last matcher is returning an object 
like any() but the stubbed method signature expect a primitive argument, in this case,
use primitive alternatives.
    when(mock.get(any())); // bad use, will raise NPE
    when(mock.get(anyInt())); // correct usage use

Also, this error might show up because you use argument matchers with methods that cannot be mocked.
Following methods *cannot* be stubbed/verified: final/private/equals()/hashCode().
Mocking methods declared on non-public parent classes is not supported.

[MASTER] 23:11:06.186 [logback-2] ERROR FunctionalMockStatement - IAE on <public abstract boolean com.google.javascript.rhino.head.ast.NodeVisitor.visit(com.google.javascript.rhino.head.ast.AstNode)> when called with [[]]
[MASTER] 23:11:20.305 [logback-2] ERROR FunctionalMockStatement - IAE on <public abstract boolean com.google.javascript.rhino.head.ast.NodeVisitor.visit(com.google.javascript.rhino.head.ast.AstNode)> when called with [[]]
[MASTER] 23:11:20.335 [logback-2] ERROR FunctionalMockStatement - Cannot use Mockito on interface java.util.Comparator due to IAE: 
Misplaced or misused argument matcher detected here:

-> at org.evosuite.testcase.fm.MethodDescriptor.executeMatcher(MethodDescriptor.java:245)

You cannot use argument matchers outside of verification or stubbing.
Examples of correct usage of argument matchers:
    when(mock.get(anyInt())).thenReturn(null);
    doThrow(new RuntimeException()).when(mock).someVoidMethod(anyObject());
    verify(mock).someMethod(contains("foo"))

This message may appear after an NullPointerException if the last matcher is returning an object 
like any() but the stubbed method signature expect a primitive argument, in this case,
use primitive alternatives.
    when(mock.get(any())); // bad use, will raise NPE
    when(mock.get(anyInt())); // correct usage use

Also, this error might show up because you use argument matchers with methods that cannot be mocked.
Following methods *cannot* be stubbed/verified: final/private/equals()/hashCode().
Mocking methods declared on non-public parent classes is not supported.

[MASTER] 23:11:51.525 [logback-2] ERROR FunctionalMockStatement - IAE on <public abstract boolean com.google.javascript.rhino.head.ast.NodeVisitor.visit(com.google.javascript.rhino.head.ast.AstNode)> when called with [[]]
[MASTER] 23:12:07.938 [logback-2] ERROR FunctionalMockStatement - IAE on <public abstract boolean com.google.javascript.rhino.head.ast.NodeVisitor.visit(com.google.javascript.rhino.head.ast.AstNode)> when called with [[]]
* Search finished after 101s and 568 generations, 279256 statements, best individual has fitness: 433.581750360639
* Minimizing test suite
* Going to analyze the coverage criteria
* Coverage analysis for criterion BRANCH
* Coverage of criterion BRANCH: 35%
* Total number of goals: 656
* Number of covered goals: 231
* Generated 18 tests with total length 160
* Resulting test suite's coverage: 35%
* Generating assertions
* Resulting test suite's mutation score: 2%
* Permissions denied during test execution: 
  - java.lang.RuntimePermission: 
         writeFileDescriptor: 11
* Writing JUnit test case 'IRFactory_ESTest' to evosuite-branch
* Done!

* Computation finished
