* EvoSuite 1.0.6
* Going to generate test cases for class: com.google.javascript.jscomp.ProcessCommonJSModules
* Starting client
* Connecting to master process on port 2830
* Analyzing classpath: 
  - /tmp/run_evosuite.pl_19055_1546603329/build/classes
  - /tmp/run_evosuite.pl_19055_1546603329/lib/args4j.jar
  - /tmp/run_evosuite.pl_19055_1546603329/lib/guava.jar
  - /tmp/run_evosuite.pl_19055_1546603329/lib/json.jar
  - /tmp/run_evosuite.pl_19055_1546603329/lib/jsr305.jar
  - /tmp/run_evosuite.pl_19055_1546603329/lib/protobuf-java.jar
  - /tmp/run_evosuite.pl_19055_1546603329/build/lib/rhino.jar
  - /tmp/run_evosuite.pl_19055_1546603329/lib/ant.jar
* Finished analyzing classpath
* Generating tests for class com.google.javascript.jscomp.ProcessCommonJSModules
* Test criterion:
  - Branch Coverage
* Setting up search algorithm for whole suite generation
* Total number of test goals: 51
* Using seed 3000
* Starting evolution
* Search finished after 103s and 149 generations, 56576 statements, best individual has fitness: 16.166666664812716
* Minimizing test suite
* Going to analyze the coverage criteria
* Coverage analysis for criterion BRANCH
* Coverage of criterion BRANCH: 69%
* Total number of goals: 51
* Number of covered goals: 35
* Generated 8 tests with total length 24
* Resulting test suite's coverage: 69%
* Generating assertions
* Resulting test suite's mutation score: 12%
* Permissions denied during test execution: 
  - java.lang.RuntimePermission: 
         writeFileDescriptor: 5
* Writing JUnit test case 'ProcessCommonJSModules_ESTest' to evosuite-branch
* Done!

* Computation finished
