* EvoSuite 1.0.6
* Going to generate test cases for class: com.google.javascript.jscomp.FunctionToBlockMutator
* Starting client
* Connecting to master process on port 19758
* Analyzing classpath: 
  - /tmp/run_evosuite.pl_245946_1546681864/build/classes
  - /tmp/run_evosuite.pl_245946_1546681864/lib/args4j.jar
  - /tmp/run_evosuite.pl_245946_1546681864/lib/guava.jar
  - /tmp/run_evosuite.pl_245946_1546681864/lib/json.jar
  - /tmp/run_evosuite.pl_245946_1546681864/lib/jsr305.jar
  - /tmp/run_evosuite.pl_245946_1546681864/lib/libtrunk_rhino_parser_jarjared.jar
  - /tmp/run_evosuite.pl_245946_1546681864/lib/protobuf-java.jar
  - /tmp/run_evosuite.pl_245946_1546681864/lib/ant.jar
* Finished analyzing classpath
* Generating tests for class com.google.javascript.jscomp.FunctionToBlockMutator
* Test criterion:
  - Branch Coverage
* Setting up search algorithm for whole suite generation
* Total number of test goals: 85
* Using seed 4000
* Starting evolution
[MASTER] 01:51:15.300 [logback-2] ERROR TestCluster - Failed to check cache for java.util.AbstractMap<K, V>.SimpleEntry<K, V> : Type points to itself
[MASTER] 01:51:15.300 [logback-2] ERROR TestCluster - Failed to check cache for java.util.AbstractMap<K, V>.SimpleImmutableEntry<K, V> : Type points to itself
[MASTER] 01:51:16.161 [logback-2] ERROR TestCluster - Failed to check cache for com.google.common.base.Supplier<T> : Type points to itself
[MASTER] 01:51:17.399 [logback-2] ERROR TestCluster - Failed to check cache for java.util.Enumeration<E> : Type points to itself
* Search finished after 101s and 1392 generations, 335650 statements, best individual has fitness: 90.0
* Minimizing test suite
* Going to analyze the coverage criteria
* Coverage analysis for criterion BRANCH
* Coverage of criterion BRANCH: 5%
* Total number of goals: 85
* Number of covered goals: 4
* Generated 2 tests with total length 8
* Resulting test suite's coverage: 5%
* Generating assertions
* Resulting test suite's mutation score: 0%
* Permissions denied during test execution: 
  - java.lang.RuntimePermission: 
         writeFileDescriptor: 36
* Writing JUnit test case 'FunctionToBlockMutator_ESTest' to evosuite-branch
* Done!

* Computation finished
* EvoSuite 1.0.6
* Going to generate test cases for class: com.google.javascript.jscomp.RenameLabels
* Starting client
* Connecting to master process on port 19758
* Analyzing classpath: 
  - /tmp/run_evosuite.pl_245946_1546681864/build/classes
  - /tmp/run_evosuite.pl_245946_1546681864/lib/args4j.jar
  - /tmp/run_evosuite.pl_245946_1546681864/lib/guava.jar
  - /tmp/run_evosuite.pl_245946_1546681864/lib/json.jar
  - /tmp/run_evosuite.pl_245946_1546681864/lib/jsr305.jar
  - /tmp/run_evosuite.pl_245946_1546681864/lib/libtrunk_rhino_parser_jarjared.jar
  - /tmp/run_evosuite.pl_245946_1546681864/lib/protobuf-java.jar
  - /tmp/run_evosuite.pl_245946_1546681864/lib/ant.jar
* Finished analyzing classpath
* Generating tests for class com.google.javascript.jscomp.RenameLabels
* Test criterion:
  - Branch Coverage
* Setting up search algorithm for whole suite generation
* Total number of test goals: 45
* Using seed 4000
* Starting evolution
[MASTER] 01:53:03.421 [logback-2] ERROR TestCluster - Failed to check cache for com.google.common.base.Supplier<T> : Type points to itself
[MASTER] 01:54:02.359 [logback-2] ERROR FunctionalMockStatement - Cannot use Mockito on class com.google.javascript.rhino.jstype.RecordType due to IAE: tried to access class com.google.javascript.rhino.jstype.PrototypeObjectType from class com.google.javascript.rhino.jstype.RecordType$MockitoMock$1667073540
[MASTER] 01:54:07.952 [logback-2] ERROR TestCluster - Failed to check cache for com.google.javascript.jscomp.ControlFlowGraph<N> : Type points to itself
* Search finished after 101s and 708 generations, 204748 statements, best individual has fitness: 11.166666666666666
* Minimizing test suite
* Going to analyze the coverage criteria
* Coverage analysis for criterion BRANCH
* Coverage of criterion BRANCH: 73%
* Total number of goals: 45
* Number of covered goals: 33
* Generated 7 tests with total length 45
* Resulting test suite's coverage: 73%
* Generating assertions
* Resulting test suite's mutation score: 8%
* Permissions denied during test execution: 
  - java.lang.RuntimePermission: 
         writeFileDescriptor: 2
* Writing JUnit test case 'RenameLabels_ESTest' to evosuite-branch
* Done!

* Computation finished
