* EvoSuite 1.0.6
* Going to generate test cases for class: com.google.javascript.jscomp.InlineCostEstimator
* Starting client
* Connecting to master process on port 18539
* Analyzing classpath: 
  - /tmp/run_evosuite.pl_99566_1545809846/build/classes
  - /tmp/run_evosuite.pl_99566_1545809846/lib/args4j.jar
  - /tmp/run_evosuite.pl_99566_1545809846/lib/guava.jar
  - /tmp/run_evosuite.pl_99566_1545809846/lib/json.jar
  - /tmp/run_evosuite.pl_99566_1545809846/lib/jsr305.jar
  - /tmp/run_evosuite.pl_99566_1545809846/lib/protobuf-java.jar
  - /tmp/run_evosuite.pl_99566_1545809846/build/lib/rhino.jar
  - /tmp/run_evosuite.pl_99566_1545809846/lib/ant.jar
* Finished analyzing classpath
* Generating tests for class com.google.javascript.jscomp.InlineCostEstimator
* Test criterion:
  - Branch Coverage
* Setting up search algorithm for whole suite generation
* Total number of test goals: 11
* Using seed 2000
* Starting evolution
* Search finished after 24s and 961 generations, 180815 statements, best individual has fitness: 0.0
* Minimizing test suite
* Going to analyze the coverage criteria
* Coverage analysis for criterion BRANCH
* Coverage of criterion BRANCH: 100%
* Total number of goals: 11
* Number of covered goals: 11
* Generated 3 tests with total length 7
* Resulting test suite's coverage: 100%
* Generating assertions
* Resulting test suite's mutation score: 0%
* Permissions denied during test execution: 
  - java.lang.RuntimePermission: 
         writeFileDescriptor: 5
* Writing JUnit test case 'InlineCostEstimator_ESTest' to evosuite-branch
* Done!

* Computation finished
