* EvoSuite 1.0.6
* Going to generate test cases for class: com.google.javascript.jscomp.RemoveUnusedVars
* Starting client
* Connecting to master process on port 14953
* Analyzing classpath: 
  - /tmp/run_evosuite.pl_81639_1546834751/build/classes
  - /tmp/run_evosuite.pl_81639_1546834751/lib/args4j.jar
  - /tmp/run_evosuite.pl_81639_1546834751/lib/guava.jar
  - /tmp/run_evosuite.pl_81639_1546834751/lib/json.jar
  - /tmp/run_evosuite.pl_81639_1546834751/lib/jsr305.jar
  - /tmp/run_evosuite.pl_81639_1546834751/lib/protobuf-java.jar
  - /tmp/run_evosuite.pl_81639_1546834751/build/lib/rhino.jar
  - /tmp/run_evosuite.pl_81639_1546834751/lib/ant.jar
* Finished analyzing classpath
* Generating tests for class com.google.javascript.jscomp.RemoveUnusedVars
* Test criterion:
  - Branch Coverage
* Setting up search algorithm for whole suite generation
* Total number of test goals: 307
* Using seed 1000
* Starting evolution
[MASTER] 20:20:49.716 [logback-1] WARN  TestChromosome - Functional mock problem: org.evosuite.ga.ConstructionFailedException: Max recursion depth reached
* Search finished after 105s and 1173 generations, 467606 statements, best individual has fitness: 279.5
* Minimizing test suite
* Going to analyze the coverage criteria
* Coverage analysis for criterion BRANCH
* Coverage of criterion BRANCH: 12%
* Total number of goals: 307
* Number of covered goals: 37
* Generated 6 tests with total length 45
* Resulting test suite's coverage: 12%
* Generating assertions
* Resulting test suite's mutation score: 2%
* Permissions denied during test execution: 
  - java.lang.RuntimePermission: 
         writeFileDescriptor: 7
* Writing JUnit test case 'RemoveUnusedVars_ESTest' to evosuite-branch
* Done!

* Computation finished
