* EvoSuite 1.0.6
* Going to generate test cases for class: com.google.javascript.jscomp.ReferenceCollectingCallback
* Starting client
* Connecting to master process on port 18557
* Analyzing classpath: 
  - /tmp/run_evosuite.pl_236280_1546773592/build/classes
  - /tmp/run_evosuite.pl_236280_1546773592/lib/args4j.jar
  - /tmp/run_evosuite.pl_236280_1546773592/lib/guava.jar
  - /tmp/run_evosuite.pl_236280_1546773592/lib/json.jar
  - /tmp/run_evosuite.pl_236280_1546773592/lib/jsr305.jar
  - /tmp/run_evosuite.pl_236280_1546773592/lib/protobuf-java.jar
  - /tmp/run_evosuite.pl_236280_1546773592/build/lib/rhino.jar
  - /tmp/run_evosuite.pl_236280_1546773592/lib/ant.jar
* Finished analyzing classpath
* Generating tests for class com.google.javascript.jscomp.ReferenceCollectingCallback
* Test criterion:
  - Branch Coverage
* Setting up search algorithm for whole suite generation
* Total number of test goals: 198
* Using seed 5000
* Starting evolution
[MASTER] 03:21:16.626 [logback-2] ERROR TestCluster - Failed to check cache for com.google.javascript.jscomp.ControlFlowGraph<N> : Type points to itself
* Search finished after 102s and 216 generations, 71762 statements, best individual has fitness: 116.21428035488425
* Minimizing test suite
* Going to analyze the coverage criteria
* Coverage analysis for criterion BRANCH
* Coverage of criterion BRANCH: 40%
* Total number of goals: 198
* Number of covered goals: 80
* Generated 37 tests with total length 152
* Resulting test suite's coverage: 40%
* Generating assertions
* Resulting test suite's mutation score: 12%
* Permissions denied during test execution: 
  - java.lang.RuntimePermission: 
         writeFileDescriptor: 5
* Writing JUnit test case 'ReferenceCollectingCallback_ESTest' to evosuite-branch
* Done!

* Computation finished
