* EvoSuite 1.0.6
* Going to generate test cases for class: com.google.javascript.rhino.jstype.PrototypeObjectType
* Starting client
* Connecting to master process on port 18539
* Analyzing classpath: 
  - /tmp/run_evosuite.pl_162382_1545810479/build/classes
  - /tmp/run_evosuite.pl_162382_1545810479/lib/args4j.jar
  - /tmp/run_evosuite.pl_162382_1545810479/lib/guava.jar
  - /tmp/run_evosuite.pl_162382_1545810479/lib/json.jar
  - /tmp/run_evosuite.pl_162382_1545810479/lib/jsr305.jar
  - /tmp/run_evosuite.pl_162382_1545810479/lib/protobuf-java.jar
  - /tmp/run_evosuite.pl_162382_1545810479/build/lib/rhino.jar
  - /tmp/run_evosuite.pl_162382_1545810479/lib/ant.jar
* Finished analyzing classpath
* Generating tests for class com.google.javascript.rhino.jstype.PrototypeObjectType
* Test criterion:
  - Branch Coverage
* Setting up search algorithm for whole suite generation
* Total number of test goals: 197
* Using seed 2000
* Starting evolution
* Search finished after 101s and 887 generations, 364887 statements, best individual has fitness: 20.833333333333332
* Minimizing test suite
* Going to analyze the coverage criteria
* Coverage analysis for criterion BRANCH
* Coverage of criterion BRANCH: 84%
* Total number of goals: 197
* Number of covered goals: 166
* Generated 49 tests with total length 330
* Resulting test suite's coverage: 84%
* Generating assertions
* Resulting test suite's mutation score: 53%
* Writing JUnit test case 'PrototypeObjectType_ESTest' to evosuite-branch
* Done!

* Computation finished
