* EvoSuite 1.0.6
* Going to generate test cases for class: com.google.javascript.jscomp.CodeGenerator
* Starting client
* Connecting to master process on port 14953
* Analyzing classpath: 
  - /tmp/run_evosuite.pl_91322_1546837355/build/classes
  - /tmp/run_evosuite.pl_91322_1546837355/lib/args4j.jar
  - /tmp/run_evosuite.pl_91322_1546837355/lib/guava.jar
  - /tmp/run_evosuite.pl_91322_1546837355/lib/json.jar
  - /tmp/run_evosuite.pl_91322_1546837355/lib/jsr305.jar
  - /tmp/run_evosuite.pl_91322_1546837355/lib/libtrunk_rhino_parser_jarjared.jar
  - /tmp/run_evosuite.pl_91322_1546837355/lib/protobuf-java.jar
  - /tmp/run_evosuite.pl_91322_1546837355/lib/ant.jar
* Finished analyzing classpath
* Generating tests for class com.google.javascript.jscomp.CodeGenerator
* Test criterion:
  - Branch Coverage
* Setting up search algorithm for whole suite generation
* Total number of test goals: 734
* Using seed 1000
* Starting evolution
[MASTER] 21:02:46.569 [logback-2] ERROR TestCluster - Failed to check cache for java.util.Enumeration<E> : Type points to itself
* Search finished after 101s and 1348 generations, 320058 statements, best individual has fitness: 630.9999999995343
* Minimizing test suite
* Going to analyze the coverage criteria
* Coverage analysis for criterion BRANCH
* Coverage of criterion BRANCH: 14%
* Total number of goals: 734
* Number of covered goals: 105
* Generated 29 tests with total length 69
* Resulting test suite's coverage: 14%
* Generating assertions
* Resulting test suite's mutation score: 30%
* Permissions denied during test execution: 
  - java.lang.RuntimePermission: 
         writeFileDescriptor: 3
* Writing JUnit test case 'CodeGenerator_ESTest' to evosuite-branch
* Done!

* Computation finished
