* EvoSuite 1.0.6
* Going to generate test cases for class: com.google.javascript.jscomp.RemoveUnusedVars
* Starting client
* Connecting to master process on port 19758
* Analyzing classpath: 
  - /tmp/run_evosuite.pl_215082_1546672815/build/classes
  - /tmp/run_evosuite.pl_215082_1546672815/lib/args4j.jar
  - /tmp/run_evosuite.pl_215082_1546672815/lib/guava.jar
  - /tmp/run_evosuite.pl_215082_1546672815/lib/json.jar
  - /tmp/run_evosuite.pl_215082_1546672815/lib/jsr305.jar
  - /tmp/run_evosuite.pl_215082_1546672815/lib/protobuf-java.jar
  - /tmp/run_evosuite.pl_215082_1546672815/build/lib/rhino.jar
  - /tmp/run_evosuite.pl_215082_1546672815/lib/ant.jar
* Finished analyzing classpath
* Generating tests for class com.google.javascript.jscomp.RemoveUnusedVars
* Test criterion:
  - Branch Coverage
* Setting up search algorithm for whole suite generation
* Total number of test goals: 311
* Using seed 4000
* Starting evolution
* Search finished after 101s and 169 generations, 51565 statements, best individual has fitness: 282.9499999994421
* Minimizing test suite
* Going to analyze the coverage criteria
* Coverage analysis for criterion BRANCH
* Coverage of criterion BRANCH: 12%
* Total number of goals: 311
* Number of covered goals: 38
* Generated 6 tests with total length 38
* Resulting test suite's coverage: 12%
* Generating assertions
* Resulting test suite's mutation score: 2%
* Permissions denied during test execution: 
  - java.lang.RuntimePermission: 
         writeFileDescriptor: 3
* Writing JUnit test case 'RemoveUnusedVars_ESTest' to evosuite-branch
* Done!

* Computation finished
