* EvoSuite 1.0.6
* Going to generate test cases for class: com.google.javascript.jscomp.LiveVariablesAnalysis
* Starting client
* Connecting to master process on port 19758
* Analyzing classpath: 
  - /tmp/run_evosuite.pl_236986_1546680143/build/classes
  - /tmp/run_evosuite.pl_236986_1546680143/lib/args4j.jar
  - /tmp/run_evosuite.pl_236986_1546680143/lib/guava.jar
  - /tmp/run_evosuite.pl_236986_1546680143/lib/json.jar
  - /tmp/run_evosuite.pl_236986_1546680143/lib/jsr305.jar
  - /tmp/run_evosuite.pl_236986_1546680143/lib/protobuf-java.jar
  - /tmp/run_evosuite.pl_236986_1546680143/build/lib/rhino.jar
  - /tmp/run_evosuite.pl_236986_1546680143/lib/ant.jar
* Finished analyzing classpath
* Generating tests for class com.google.javascript.jscomp.LiveVariablesAnalysis
* Test criterion:
  - Branch Coverage
* Setting up search algorithm for whole suite generation
* Total number of test goals: 84
* Using seed 4000
* Starting evolution
* Search finished after 101s and 692 generations, 226272 statements, best individual has fitness: 17.75
* Minimizing test suite
* Going to analyze the coverage criteria
* Coverage analysis for criterion BRANCH
* Coverage of criterion BRANCH: 74%
* Total number of goals: 84
* Number of covered goals: 62
* Generated 24 tests with total length 185
* Resulting test suite's coverage: 74%
* Generating assertions
* Resulting test suite's mutation score: 12%
* Permissions denied during test execution: 
  - java.lang.RuntimePermission: 
         writeFileDescriptor: 5
* Writing JUnit test case 'LiveVariablesAnalysis_ESTest' to evosuite-branch
* Done!

* Computation finished
