* EvoSuite 1.0.6
* Going to generate test cases for class: com.google.javascript.jscomp.TypedScopeCreator
* Starting client
* Connecting to master process on port 19758
* Analyzing classpath: 
  - /tmp/run_evosuite.pl_253559_1546685120/build/classes
  - /tmp/run_evosuite.pl_253559_1546685120/lib/ant_deploy.jar
  - /tmp/run_evosuite.pl_253559_1546685120/lib/args4j_deploy.jar
  - /tmp/run_evosuite.pl_253559_1546685120/lib/guava-r06.jar
  - /tmp/run_evosuite.pl_253559_1546685120/lib/hamcrest-core-1.1.jar
  - /tmp/run_evosuite.pl_253559_1546685120/lib/json.jar
  - /tmp/run_evosuite.pl_253559_1546685120/lib/jsr305.jar
  - /tmp/run_evosuite.pl_253559_1546685120/lib/junit.jar
  - /tmp/run_evosuite.pl_253559_1546685120/lib/libtrunk_rhino_parser_jarjared.jar
  - /tmp/run_evosuite.pl_253559_1546685120/lib/protobuf-java-2.3.0.jar
* Finished analyzing classpath
* Generating tests for class com.google.javascript.jscomp.TypedScopeCreator
* Test criterion:
  - Branch Coverage
* Setting up search algorithm for whole suite generation
* Total number of test goals: 538
* Using seed 4000
* Starting evolution
* Search finished after 101s and 844 generations, 143330 statements, best individual has fitness: 414.60439679386394
* Minimizing test suite
* Going to analyze the coverage criteria
* Coverage analysis for criterion BRANCH
* Coverage of criterion BRANCH: 22%
* Total number of goals: 538
* Number of covered goals: 116
* Generated 5 tests with total length 28
* Resulting test suite's coverage: 22%
* Generating assertions
* Resulting test suite's mutation score: 11%
* Permissions denied during test execution: 
  - java.lang.RuntimePermission: 
         writeFileDescriptor: 34
* Writing JUnit test case 'TypedScopeCreator_ESTest' to evosuite-branch
* Done!

* Computation finished
