* EvoSuite 1.0.6
* Going to generate test cases for class: com.google.javascript.jscomp.ProcessCommonJSModules
* Starting client
* Connecting to master process on port 14953
* Analyzing classpath: 
  - /tmp/run_evosuite.pl_66663_1546829981/build/classes
  - /tmp/run_evosuite.pl_66663_1546829981/lib/args4j.jar
  - /tmp/run_evosuite.pl_66663_1546829981/lib/guava.jar
  - /tmp/run_evosuite.pl_66663_1546829981/lib/json.jar
  - /tmp/run_evosuite.pl_66663_1546829981/lib/jsr305.jar
  - /tmp/run_evosuite.pl_66663_1546829981/lib/protobuf-java.jar
  - /tmp/run_evosuite.pl_66663_1546829981/build/lib/rhino.jar
  - /tmp/run_evosuite.pl_66663_1546829981/lib/ant.jar
* Finished analyzing classpath
* Generating tests for class com.google.javascript.jscomp.ProcessCommonJSModules
* Test criterion:
  - Branch Coverage
* Setting up search algorithm for whole suite generation
* Total number of test goals: 51
* Using seed 1000
* Starting evolution
[MASTER] 19:00:11.791 [logback-2] ERROR TestCluster - Failed to check cache for java.util.Comparator<T> : Type points to itself
* Search finished after 106s and 123 generations, 45766 statements, best individual has fitness: 16.1666666654326
* Minimizing test suite
* Going to analyze the coverage criteria
* Coverage analysis for criterion BRANCH
* Coverage of criterion BRANCH: 67%
* Total number of goals: 51
* Number of covered goals: 34
* Generated 7 tests with total length 16
* Resulting test suite's coverage: 67%
* Generating assertions
* Resulting test suite's mutation score: 10%
* Permissions denied during test execution: 
  - java.lang.RuntimePermission: 
         writeFileDescriptor: 5
* Writing JUnit test case 'ProcessCommonJSModules_ESTest' to evosuite-branch
* Done!

* Computation finished
