* EvoSuite 1.0.6
* Going to generate test cases for class: com.google.javascript.jscomp.ExploitAssigns
* Starting client
* Connecting to master process on port 18557
* Analyzing classpath: 
  - /tmp/run_evosuite.pl_237568_1546774076/build/classes
  - /tmp/run_evosuite.pl_237568_1546774076/lib/args4j.jar
  - /tmp/run_evosuite.pl_237568_1546774076/lib/guava.jar
  - /tmp/run_evosuite.pl_237568_1546774076/lib/json.jar
  - /tmp/run_evosuite.pl_237568_1546774076/lib/jsr305.jar
  - /tmp/run_evosuite.pl_237568_1546774076/lib/protobuf-java.jar
  - /tmp/run_evosuite.pl_237568_1546774076/build/lib/rhino.jar
  - /tmp/run_evosuite.pl_237568_1546774076/lib/ant.jar
* Finished analyzing classpath
* Generating tests for class com.google.javascript.jscomp.ExploitAssigns
* Test criterion:
  - Branch Coverage
* Setting up search algorithm for whole suite generation
* Total number of test goals: 89
* Using seed 5000
* Starting evolution
* Search finished after 101s and 705 generations, 148034 statements, best individual has fitness: 89.5
* Minimizing test suite
* Going to analyze the coverage criteria
* Coverage analysis for criterion BRANCH
* Coverage of criterion BRANCH: 4%
* Total number of goals: 89
* Number of covered goals: 4
* Generated 1 tests with total length 4
* Resulting test suite's coverage: 4%
* Generating assertions
* Resulting test suite's mutation score: 2%
* Permissions denied during test execution: 
  - java.lang.RuntimePermission: 
         writeFileDescriptor: 18
* Writing JUnit test case 'ExploitAssigns_ESTest' to evosuite-branch
* Done!

* Computation finished
