* EvoSuite 1.0.6
* Going to generate test cases for class: com.google.javascript.jscomp.CheckSideEffects
* Starting client
* Connecting to master process on port 2830
* Analyzing classpath: 
  - /tmp/run_evosuite.pl_27073_1546604886/build/classes
  - /tmp/run_evosuite.pl_27073_1546604886/lib/args4j.jar
  - /tmp/run_evosuite.pl_27073_1546604886/lib/guava.jar
  - /tmp/run_evosuite.pl_27073_1546604886/lib/json.jar
  - /tmp/run_evosuite.pl_27073_1546604886/lib/jsr305.jar
  - /tmp/run_evosuite.pl_27073_1546604886/lib/protobuf-java.jar
  - /tmp/run_evosuite.pl_27073_1546604886/build/lib/rhino.jar
  - /tmp/run_evosuite.pl_27073_1546604886/lib/ant.jar
* Finished analyzing classpath
* Generating tests for class com.google.javascript.jscomp.CheckSideEffects
* Test criterion:
  - Branch Coverage
* Setting up search algorithm for whole suite generation
* Total number of test goals: 45
* Using seed 3000
* Starting evolution
[MASTER] 04:28:28.387 [logback-2] ERROR TestCluster - Failed to check cache for com.google.javascript.jscomp.ControlFlowGraph<N> : Type points to itself
* Search finished after 101s and 903 generations, 334480 statements, best individual has fitness: 12.499999999534339
* Minimizing test suite
* Going to analyze the coverage criteria
* Coverage analysis for criterion BRANCH
* Coverage of criterion BRANCH: 62%
* Total number of goals: 45
* Number of covered goals: 28
* Generated 8 tests with total length 44
* Resulting test suite's coverage: 62%
* Generating assertions
* Resulting test suite's mutation score: 15%
* Permissions denied during test execution: 
  - java.lang.RuntimePermission: 
         writeFileDescriptor: 15
* Writing JUnit test case 'CheckSideEffects_ESTest' to evosuite-branch
* Done!

* Computation finished
