* EvoSuite 1.0.6
* Going to generate test cases for class: com.google.javascript.jscomp.RemoveUnusedVars
* Starting client
* Connecting to master process on port 14953
* Analyzing classpath: 
  - /tmp/run_evosuite.pl_64028_1546829004/build/classes
  - /tmp/run_evosuite.pl_64028_1546829004/lib/args4j.jar
  - /tmp/run_evosuite.pl_64028_1546829004/lib/guava.jar
  - /tmp/run_evosuite.pl_64028_1546829004/lib/json.jar
  - /tmp/run_evosuite.pl_64028_1546829004/lib/jsr305.jar
  - /tmp/run_evosuite.pl_64028_1546829004/lib/protobuf-java.jar
  - /tmp/run_evosuite.pl_64028_1546829004/build/lib/rhino.jar
  - /tmp/run_evosuite.pl_64028_1546829004/lib/ant.jar
* Finished analyzing classpath
* Generating tests for class com.google.javascript.jscomp.RemoveUnusedVars
* Test criterion:
  - Branch Coverage
* Setting up search algorithm for whole suite generation
* Total number of test goals: 311
* Using seed 1000
* Starting evolution
[MASTER] 18:43:51.036 [logback-2] ERROR TestCluster - Failed to check cache for java.util.Enumeration<E> : Type points to itself
* Search finished after 104s and 131 generations, 31953 statements, best individual has fitness: 294.4393162393162
* Minimizing test suite
* Going to analyze the coverage criteria
* Coverage analysis for criterion BRANCH
* Coverage of criterion BRANCH: 9%
* Total number of goals: 311
* Number of covered goals: 29
* Generated 3 tests with total length 15
* Resulting test suite's coverage: 9%
* Generating assertions
* Resulting test suite's mutation score: 2%
* Permissions denied during test execution: 
  - java.lang.RuntimePermission: 
         writeFileDescriptor: 2
* Writing JUnit test case 'RemoveUnusedVars_ESTest' to evosuite-branch
* Done!

* Computation finished
