* EvoSuite 1.0.6
* Going to generate test cases for class: com.google.javascript.jscomp.FunctionInjector
* Starting client
* Connecting to master process on port 14953
* Analyzing classpath: 
  - /tmp/run_evosuite.pl_107716_1546844196/build/classes
  - /tmp/run_evosuite.pl_107716_1546844196/lib/args4j.jar
  - /tmp/run_evosuite.pl_107716_1546844196/lib/guava.jar
  - /tmp/run_evosuite.pl_107716_1546844196/lib/json.jar
  - /tmp/run_evosuite.pl_107716_1546844196/lib/jsr305.jar
  - /tmp/run_evosuite.pl_107716_1546844196/lib/protobuf-java.jar
  - /tmp/run_evosuite.pl_107716_1546844196/build/lib/rhino.jar
  - /tmp/run_evosuite.pl_107716_1546844196/lib/ant.jar
* Finished analyzing classpath
* Generating tests for class com.google.javascript.jscomp.FunctionInjector
* Test criterion:
  - Branch Coverage
* Setting up search algorithm for whole suite generation
* Total number of test goals: 250
* Using seed 1000
* Starting evolution
[MASTER] 22:56:55.456 [logback-2] ERROR TestCluster - Failed to check cache for java.util.Comparator<T> : Type points to itself
[MASTER] 22:57:00.743 [logback-2] ERROR TestCluster - Failed to check cache for java.util.Iterator<E> : Type points to itself
* Search finished after 101s and 128 generations, 51936 statements, best individual has fitness: 229.49999999953434
* Minimizing test suite
* Going to analyze the coverage criteria
* Coverage analysis for criterion BRANCH
* Coverage of criterion BRANCH: 11%
* Total number of goals: 250
* Number of covered goals: 28
* Generated 7 tests with total length 72
* Resulting test suite's coverage: 11%
* Generating assertions
* Resulting test suite's mutation score: 4%
* Permissions denied during test execution: 
  - java.lang.RuntimePermission: 
         writeFileDescriptor: 6
* Writing JUnit test case 'FunctionInjector_ESTest' to evosuite-branch
* Done!

* Computation finished
