* EvoSuite 1.0.6
* Going to generate test cases for class: com.google.javascript.jscomp.type.ChainableReverseAbstractInterpreter
* Starting client
* Connecting to master process on port 18539
* Analyzing classpath: 
  - /tmp/run_evosuite.pl_87490_1545807078/build/classes
  - /tmp/run_evosuite.pl_87490_1545807078/lib/args4j.jar
  - /tmp/run_evosuite.pl_87490_1545807078/lib/guava.jar
  - /tmp/run_evosuite.pl_87490_1545807078/lib/json.jar
  - /tmp/run_evosuite.pl_87490_1545807078/lib/jsr305.jar
  - /tmp/run_evosuite.pl_87490_1545807078/lib/protobuf-java.jar
  - /tmp/run_evosuite.pl_87490_1545807078/build/lib/rhino.jar
  - /tmp/run_evosuite.pl_87490_1545807078/lib/ant.jar
* Finished analyzing classpath
* Generating tests for class com.google.javascript.jscomp.type.ChainableReverseAbstractInterpreter
* Test criterion:
  - Branch Coverage
* Setting up search algorithm for whole suite generation
* Total number of test goals: 162
* Using seed 2000
* Starting evolution
[MASTER] 22:51:34.024 [logback-2] ERROR FunctionalMockStatement - Cannot use Mockito on class com.google.javascript.rhino.jstype.NoObjectType due to IAE: tried to access class com.google.javascript.rhino.jstype.PrototypeObjectType from class com.google.javascript.rhino.jstype.NoObjectType$MockitoMock$1435227529
[MASTER] 22:51:34.336 [logback-2] ERROR FunctionalMockStatement - Cannot use Mockito on class com.google.javascript.rhino.jstype.VoidType due to IAE: tried to access class com.google.javascript.rhino.jstype.ValueType from class com.google.javascript.rhino.jstype.VoidType$MockitoMock$573355092
[MASTER] 22:51:34.357 [logback-1] WARN  TestChromosome - Functional mock problem: org.evosuite.ga.ConstructionFailedException: Have no generator for class com.google.javascript.rhino.jstype.UnionType canUseFunctionalMocks=false, canBeMocked: true
[MASTER] 22:51:41.975 [logback-2] ERROR FunctionalMockStatement - Cannot use Mockito on class com.google.javascript.rhino.jstype.NoType due to IAE: tried to access class com.google.javascript.rhino.jstype.PrototypeObjectType from class com.google.javascript.rhino.jstype.NoType$MockitoMock$1980100666
[MASTER] 22:52:08.448 [logback-2] ERROR FunctionalMockStatement - Cannot use Mockito on class com.google.javascript.rhino.jstype.NumberType due to IAE: tried to access class com.google.javascript.rhino.jstype.ValueType from class com.google.javascript.rhino.jstype.NumberType$MockitoMock$1211734311
[MASTER] 22:52:16.463 [logback-2] ERROR FunctionalMockStatement - Cannot use Mockito on class com.google.javascript.rhino.jstype.BooleanType due to IAE: tried to access class com.google.javascript.rhino.jstype.ValueType from class com.google.javascript.rhino.jstype.BooleanType$MockitoMock$1174188560
[MASTER] 22:52:20.783 [logback-2] ERROR FunctionalMockStatement - Cannot use Mockito on class com.google.javascript.rhino.jstype.StringType due to IAE: tried to access class com.google.javascript.rhino.jstype.ValueType from class com.google.javascript.rhino.jstype.StringType$MockitoMock$1760392617
* Search finished after 101s and 1065 generations, 542524 statements, best individual has fitness: 52.499999957241705
* Minimizing test suite
* Going to analyze the coverage criteria
* Coverage analysis for criterion BRANCH
* Coverage of criterion BRANCH: 64%
* Total number of goals: 162
* Number of covered goals: 104
* Generated 54 tests with total length 440
* Resulting test suite's coverage: 64%
* Generating assertions
* Resulting test suite's mutation score: 13%
* Permissions denied during test execution: 
  - java.lang.RuntimePermission: 
         writeFileDescriptor: 1
* Writing JUnit test case 'ChainableReverseAbstractInterpreter_ESTest' to evosuite-branch
* Done!

* Computation finished
