* EvoSuite 1.0.6
* Going to generate test cases for class: com.google.javascript.jscomp.InlineVariables
* Starting client
* Connecting to master process on port 18539
* Analyzing classpath: 
  - /tmp/run_evosuite.pl_212169_1545810955/build/classes
  - /tmp/run_evosuite.pl_212169_1545810955/lib/args4j.jar
  - /tmp/run_evosuite.pl_212169_1545810955/lib/guava.jar
  - /tmp/run_evosuite.pl_212169_1545810955/lib/json.jar
  - /tmp/run_evosuite.pl_212169_1545810955/lib/jsr305.jar
  - /tmp/run_evosuite.pl_212169_1545810955/lib/protobuf-java.jar
  - /tmp/run_evosuite.pl_212169_1545810955/build/lib/rhino.jar
  - /tmp/run_evosuite.pl_212169_1545810955/lib/ant.jar
* Finished analyzing classpath
* Generating tests for class com.google.javascript.jscomp.InlineVariables
* Test criterion:
  - Branch Coverage
* Setting up search algorithm for whole suite generation
* Total number of test goals: 254
* Using seed 2000
* Starting evolution
[MASTER] 23:56:11.722 [logback-2] ERROR TestCluster - Failed to check cache for java.util.Comparator<T> : Type points to itself
* Search finished after 101s and 2639 generations, 481202 statements, best individual has fitness: 265.5
* Minimizing test suite
* Going to analyze the coverage criteria
* Coverage analysis for criterion BRANCH
* Coverage of criterion BRANCH: 4%
* Total number of goals: 254
* Number of covered goals: 9
* Generated 3 tests with total length 12
* Resulting test suite's coverage: 4%
* Generating assertions
* Resulting test suite's mutation score: 0%
* Permissions denied during test execution: 
  - java.lang.RuntimePermission: 
         writeFileDescriptor: 19
* Writing JUnit test case 'InlineVariables_ESTest' to evosuite-branch
* Done!

* Computation finished
