* EvoSuite 1.0.6
* Going to generate test cases for class: com.google.javascript.jscomp.MinimizeExitPoints
* Starting client
* Connecting to master process on port 14953
* Analyzing classpath: 
  - /tmp/run_evosuite.pl_111255_1546845511/build/classes
  - /tmp/run_evosuite.pl_111255_1546845511/lib/args4j.jar
  - /tmp/run_evosuite.pl_111255_1546845511/lib/guava.jar
  - /tmp/run_evosuite.pl_111255_1546845511/lib/json.jar
  - /tmp/run_evosuite.pl_111255_1546845511/lib/jsr305.jar
  - /tmp/run_evosuite.pl_111255_1546845511/lib/protobuf-java.jar
  - /tmp/run_evosuite.pl_111255_1546845511/build/lib/rhino.jar
  - /tmp/run_evosuite.pl_111255_1546845511/lib/ant.jar
* Finished analyzing classpath
* Generating tests for class com.google.javascript.jscomp.MinimizeExitPoints
* Test criterion:
  - Branch Coverage
* Setting up search algorithm for whole suite generation
* Total number of test goals: 76
* Using seed 1000
* Starting evolution
[MASTER] 23:18:48.539 [logback-2] ERROR TestCluster - Failed to check cache for java.util.Comparator<T> : Type points to itself
[MASTER] 23:18:54.713 [logback-2] ERROR TestCluster - Failed to check cache for java.util.Iterator<E> : Type points to itself
* Search finished after 105s and 179 generations, 60429 statements, best individual has fitness: 48.022222222222226
* Minimizing test suite
* Going to analyze the coverage criteria
* Coverage analysis for criterion BRANCH
* Coverage of criterion BRANCH: 34%
* Total number of goals: 76
* Number of covered goals: 26
* Generated 6 tests with total length 40
* Resulting test suite's coverage: 34%
* Generating assertions
* Resulting test suite's mutation score: 5%
* Permissions denied during test execution: 
  - java.lang.RuntimePermission: 
         writeFileDescriptor: 4
* Writing JUnit test case 'MinimizeExitPoints_ESTest' to evosuite-branch
* Done!

* Computation finished
