* EvoSuite 1.0.6
* Going to generate test cases for class: com.google.javascript.jscomp.ControlFlowAnalysis
* Starting client
* Connecting to master process on port 19758
* Analyzing classpath: 
  - /tmp/run_evosuite.pl_219379_1546674408/build/classes
  - /tmp/run_evosuite.pl_219379_1546674408/lib/args4j.jar
  - /tmp/run_evosuite.pl_219379_1546674408/lib/guava.jar
  - /tmp/run_evosuite.pl_219379_1546674408/lib/json.jar
  - /tmp/run_evosuite.pl_219379_1546674408/lib/jsr305.jar
  - /tmp/run_evosuite.pl_219379_1546674408/lib/protobuf-java.jar
  - /tmp/run_evosuite.pl_219379_1546674408/build/lib/rhino.jar
  - /tmp/run_evosuite.pl_219379_1546674408/lib/ant.jar
* Finished analyzing classpath
* Generating tests for class com.google.javascript.jscomp.ControlFlowAnalysis
* Test criterion:
  - Branch Coverage
* Setting up search algorithm for whole suite generation
* Total number of test goals: 413
* Using seed 4000
* Starting evolution
[MASTER] 23:47:05.421 [logback-2] ERROR TestCluster - Failed to check cache for com.google.common.base.Supplier<T> : Type points to itself
* Search finished after 102s and 514 generations, 202973 statements, best individual has fitness: 117.90931677018634
* Minimizing test suite
* Going to analyze the coverage criteria
* Coverage analysis for criterion BRANCH
* Coverage of criterion BRANCH: 67%
* Total number of goals: 413
* Number of covered goals: 277
* Generated 54 tests with total length 230
* Resulting test suite's coverage: 67%
* Generating assertions
* Resulting test suite's mutation score: 12%
* Permissions denied during test execution: 
  - java.lang.RuntimePermission: 
         writeFileDescriptor: 8
* Writing JUnit test case 'ControlFlowAnalysis_ESTest' to evosuite-branch
* Done!

* Computation finished
