* EvoSuite 1.0.6
* Going to generate test cases for class: com.google.javascript.jscomp.ScopedAliases
* Starting client
* Connecting to master process on port 19758
* Analyzing classpath: 
  - /tmp/run_evosuite.pl_223966_1546675610/build/classes
  - /tmp/run_evosuite.pl_223966_1546675610/lib/args4j.jar
  - /tmp/run_evosuite.pl_223966_1546675610/lib/guava.jar
  - /tmp/run_evosuite.pl_223966_1546675610/lib/json.jar
  - /tmp/run_evosuite.pl_223966_1546675610/lib/jsr305.jar
  - /tmp/run_evosuite.pl_223966_1546675610/lib/protobuf-java.jar
  - /tmp/run_evosuite.pl_223966_1546675610/build/lib/rhino.jar
  - /tmp/run_evosuite.pl_223966_1546675610/lib/ant.jar
* Finished analyzing classpath
* Generating tests for class com.google.javascript.jscomp.ScopedAliases
* Test criterion:
  - Branch Coverage
* Setting up search algorithm for whole suite generation
* Total number of test goals: 120
* Using seed 4000
* Starting evolution
* Search finished after 101s and 771 generations, 242796 statements, best individual has fitness: 89.66666666620101
* Minimizing test suite
* Going to analyze the coverage criteria
* Coverage analysis for criterion BRANCH
* Coverage of criterion BRANCH: 23%
* Total number of goals: 120
* Number of covered goals: 28
* Generated 4 tests with total length 30
* Resulting test suite's coverage: 23%
* Generating assertions
* Resulting test suite's mutation score: 2%
* Permissions denied during test execution: 
  - java.lang.RuntimePermission: 
         writeFileDescriptor: 18
* Writing JUnit test case 'ScopedAliases_ESTest' to evosuite-branch
* Done!

* Computation finished
