* EvoSuite 1.0.6
* Going to generate test cases for class: com.google.javascript.jscomp.type.ChainableReverseAbstractInterpreter
* Starting client
* Connecting to master process on port 18557
* Analyzing classpath: 
  - /tmp/run_evosuite.pl_106236_1546752834/build/classes
  - /tmp/run_evosuite.pl_106236_1546752834/lib/args4j.jar
  - /tmp/run_evosuite.pl_106236_1546752834/lib/guava.jar
  - /tmp/run_evosuite.pl_106236_1546752834/lib/json.jar
  - /tmp/run_evosuite.pl_106236_1546752834/lib/jsr305.jar
  - /tmp/run_evosuite.pl_106236_1546752834/lib/protobuf-java.jar
  - /tmp/run_evosuite.pl_106236_1546752834/build/lib/rhino.jar
  - /tmp/run_evosuite.pl_106236_1546752834/lib/ant.jar
* Finished analyzing classpath
* Generating tests for class com.google.javascript.jscomp.type.ChainableReverseAbstractInterpreter
* Test criterion:
  - Branch Coverage
* Setting up search algorithm for whole suite generation
* Total number of test goals: 162
* Using seed 5000
* Starting evolution
[MASTER] 21:34:09.912 [logback-2] ERROR FunctionalMockStatement - Cannot use Mockito on class com.google.javascript.rhino.jstype.TemplateType due to IAE: tried to access class com.google.javascript.rhino.jstype.ProxyObjectType from class com.google.javascript.rhino.jstype.TemplateType$MockitoMock$1515508333
[MASTER] 21:34:09.953 [logback-1] WARN  TestChromosome - Functional mock problem: org.evosuite.ga.ConstructionFailedException: Have no generator for class com.google.javascript.rhino.jstype.EnumElementType canUseFunctionalMocks=false, canBeMocked: true
[MASTER] 21:34:30.840 [logback-2] ERROR FunctionalMockStatement - Cannot use Mockito on class com.google.javascript.rhino.jstype.NumberType due to IAE: tried to access class com.google.javascript.rhino.jstype.ValueType from class com.google.javascript.rhino.jstype.NumberType$MockitoMock$1995564647
* Search finished after 101s and 1001 generations, 435943 statements, best individual has fitness: 60.99999995857298
* Minimizing test suite
* Going to analyze the coverage criteria
* Coverage analysis for criterion BRANCH
* Coverage of criterion BRANCH: 61%
* Total number of goals: 162
* Number of covered goals: 99
* Generated 50 tests with total length 379
* Resulting test suite's coverage: 61%
* Generating assertions
* Resulting test suite's mutation score: 15%
* Writing JUnit test case 'ChainableReverseAbstractInterpreter_ESTest' to evosuite-branch
* Done!

* Computation finished
