* EvoSuite 1.0.6
* Going to generate test cases for class: com.google.javascript.jscomp.CodeGenerator
* Starting client
* Connecting to master process on port 2830
* Analyzing classpath: 
  - /tmp/run_evosuite.pl_48944_1546610755/build/classes
  - /tmp/run_evosuite.pl_48944_1546610755/lib/args4j.jar
  - /tmp/run_evosuite.pl_48944_1546610755/lib/guava.jar
  - /tmp/run_evosuite.pl_48944_1546610755/lib/json.jar
  - /tmp/run_evosuite.pl_48944_1546610755/lib/jsr305.jar
  - /tmp/run_evosuite.pl_48944_1546610755/lib/libtrunk_rhino_parser_jarjared.jar
  - /tmp/run_evosuite.pl_48944_1546610755/lib/protobuf-java.jar
  - /tmp/run_evosuite.pl_48944_1546610755/lib/ant.jar
* Finished analyzing classpath
* Generating tests for class com.google.javascript.jscomp.CodeGenerator
* Test criterion:
  - Branch Coverage
* Setting up search algorithm for whole suite generation
* Total number of test goals: 734
* Using seed 3000
* Starting evolution
* Search finished after 102s and 497 generations, 237513 statements, best individual has fitness: 308.535702047463
* Minimizing test suite
* Going to analyze the coverage criteria
* Coverage analysis for criterion BRANCH
* Coverage of criterion BRANCH: 51%
* Total number of goals: 734
* Number of covered goals: 375
* Generated 97 tests with total length 437
* Resulting test suite's coverage: 51%
* Generating assertions
* Resulting test suite's mutation score: 17%
* Permissions denied during test execution: 
  - java.lang.RuntimePermission: 
         writeFileDescriptor: 1
  - java.net.SocketPermission: 
         connect,resolve [bpvnocnP,N:n}=Z"]:124: 1
* Writing JUnit test case 'CodeGenerator_ESTest' to evosuite-branch
* Done!

* Computation finished
