* EvoSuite 1.0.6
* Going to generate test cases for class: com.google.javascript.jscomp.SourceFile
* Starting client
* Connecting to master process on port 19758
* Analyzing classpath: 
  - /tmp/run_evosuite.pl_236335_1546679926/build/classes
  - /tmp/run_evosuite.pl_236335_1546679926/lib/args4j.jar
  - /tmp/run_evosuite.pl_236335_1546679926/lib/guava.jar
  - /tmp/run_evosuite.pl_236335_1546679926/lib/json.jar
  - /tmp/run_evosuite.pl_236335_1546679926/lib/jsr305.jar
  - /tmp/run_evosuite.pl_236335_1546679926/lib/protobuf-java.jar
  - /tmp/run_evosuite.pl_236335_1546679926/build/lib/rhino.jar
  - /tmp/run_evosuite.pl_236335_1546679926/lib/ant.jar
* Finished analyzing classpath
* Generating tests for class com.google.javascript.jscomp.SourceFile
* Test criterion:
  - Branch Coverage
* Setting up search algorithm for whole suite generation
* Total number of test goals: 78
* Using seed 4000
* Starting evolution
* Search finished after 88s and 224 generations, 66247 statements, best individual has fitness: 0.0
* Minimizing test suite
* Going to analyze the coverage criteria
* Coverage analysis for criterion BRANCH
* Coverage of criterion BRANCH: 100%
* Total number of goals: 78
* Number of covered goals: 78
* Generated 32 tests with total length 101
* Resulting test suite's coverage: 100%
* Generating assertions
* Resulting test suite's mutation score: 57%
* Writing JUnit test case 'SourceFile_ESTest' to evosuite-branch
* Done!

* Computation finished
