* EvoSuite 1.0.6
* Going to generate test cases for class: com.google.javascript.jscomp.DeadAssignmentsElimination
* Starting client
* Connecting to master process on port 14953
* Analyzing classpath: 
  - /tmp/run_evosuite.pl_98648_1546840450/build/classes
  - /tmp/run_evosuite.pl_98648_1546840450/lib/ant-launcher.jar
  - /tmp/run_evosuite.pl_98648_1546840450/lib/ant.jar
  - /tmp/run_evosuite.pl_98648_1546840450/lib/args4j.jar
  - /tmp/run_evosuite.pl_98648_1546840450/lib/guava.jar
  - /tmp/run_evosuite.pl_98648_1546840450/lib/json.jar
  - /tmp/run_evosuite.pl_98648_1546840450/lib/jsr305.jar
  - /tmp/run_evosuite.pl_98648_1546840450/lib/junit.jar
  - /tmp/run_evosuite.pl_98648_1546840450/lib/libtrunk_rhino_parser_jarjared.jar
  - /tmp/run_evosuite.pl_98648_1546840450/lib/protobuf-java.jar
* Finished analyzing classpath
* Generating tests for class com.google.javascript.jscomp.DeadAssignmentsElimination
* Test criterion:
  - Branch Coverage
* Setting up search algorithm for whole suite generation
* Total number of test goals: 124
* Using seed 1000
* Starting evolution
[MASTER] 21:55:57.019 [logback-2] ERROR TestCluster - Failed to check cache for com.google.javascript.jscomp.ControlFlowGraph<N> : Type points to itself
* Search finished after 101s and 1032 generations, 203239 statements, best individual has fitness: 123.5
* Minimizing test suite
* Going to analyze the coverage criteria
* Coverage analysis for criterion BRANCH
* Coverage of criterion BRANCH: 4%
* Total number of goals: 124
* Number of covered goals: 5
* Generated 1 tests with total length 4
* Resulting test suite's coverage: 4%
* Generating assertions
* Resulting test suite's mutation score: 1%
* Permissions denied during test execution: 
  - java.lang.RuntimePermission: 
         writeFileDescriptor: 24
* Writing JUnit test case 'DeadAssignmentsElimination_ESTest' to evosuite-branch
* Done!

* Computation finished
