* EvoSuite 1.0.6
* Going to generate test cases for class: com.google.javascript.jscomp.CheckSideEffects
* Starting client
* Connecting to master process on port 18539
* Analyzing classpath: 
  - /tmp/run_evosuite.pl_43927_1545809006/build/classes
  - /tmp/run_evosuite.pl_43927_1545809006/lib/args4j.jar
  - /tmp/run_evosuite.pl_43927_1545809006/lib/guava.jar
  - /tmp/run_evosuite.pl_43927_1545809006/lib/json.jar
  - /tmp/run_evosuite.pl_43927_1545809006/lib/jsr305.jar
  - /tmp/run_evosuite.pl_43927_1545809006/lib/protobuf-java.jar
  - /tmp/run_evosuite.pl_43927_1545809006/build/lib/rhino.jar
  - /tmp/run_evosuite.pl_43927_1545809006/lib/ant.jar
* Finished analyzing classpath
* Generating tests for class com.google.javascript.jscomp.CheckSideEffects
* Test criterion:
  - Branch Coverage
* Setting up search algorithm for whole suite generation
* Total number of test goals: 45
* Using seed 2000
* Starting evolution
[MASTER] 23:24:11.385 [logback-2] ERROR TestCluster - Failed to check cache for com.google.javascript.jscomp.ControlFlowGraph<N> : Type points to itself
* Search finished after 101s and 866 generations, 269247 statements, best individual has fitness: 7.5
* Minimizing test suite
* Going to analyze the coverage criteria
* Coverage analysis for criterion BRANCH
* Coverage of criterion BRANCH: 76%
* Total number of goals: 45
* Number of covered goals: 34
* Generated 6 tests with total length 36
* Resulting test suite's coverage: 76%
* Generating assertions
* Resulting test suite's mutation score: 18%
* Permissions denied during test execution: 
  - java.lang.RuntimePermission: 
         writeFileDescriptor: 21
* Writing JUnit test case 'CheckSideEffects_ESTest' to evosuite-branch
* Done!

* Computation finished
