* EvoSuite 1.0.6
* Going to generate test cases for class: com.google.javascript.jscomp.ExploitAssigns
* Starting client
* Connecting to master process on port 2830
* Analyzing classpath: 
  - /tmp/run_evosuite.pl_68226_1546618667/build/classes
  - /tmp/run_evosuite.pl_68226_1546618667/lib/args4j.jar
  - /tmp/run_evosuite.pl_68226_1546618667/lib/guava.jar
  - /tmp/run_evosuite.pl_68226_1546618667/lib/json.jar
  - /tmp/run_evosuite.pl_68226_1546618667/lib/jsr305.jar
  - /tmp/run_evosuite.pl_68226_1546618667/lib/protobuf-java.jar
  - /tmp/run_evosuite.pl_68226_1546618667/build/lib/rhino.jar
  - /tmp/run_evosuite.pl_68226_1546618667/lib/ant.jar
* Finished analyzing classpath
* Generating tests for class com.google.javascript.jscomp.ExploitAssigns
* Test criterion:
  - Branch Coverage
* Setting up search algorithm for whole suite generation
* Total number of test goals: 89
* Using seed 3000
* Starting evolution
[MASTER] 08:18:10.364 [logback-2] ERROR TestCluster - Failed to check cache for java.util.Comparator<T> : Type points to itself
[MASTER] 08:18:20.994 [logback-2] ERROR FunctionalMockStatement - Cannot use Mockito on class com.google.javascript.rhino.jstype.StringType due to IAE: tried to access class com.google.javascript.rhino.jstype.ValueType from class com.google.javascript.rhino.jstype.StringType$MockitoMock$1766853868
[MASTER] 08:18:25.125 [logback-2] ERROR FunctionalMockStatement - Cannot use Mockito on class com.google.javascript.rhino.jstype.StringType due to failed class initialization: Could not initialize class com.google.javascript.rhino.jstype.StringType$MockitoMock$1766853868
* Search finished after 105s and 778 generations, 151614 statements, best individual has fitness: 89.5
* Minimizing test suite
* Going to analyze the coverage criteria
* Coverage analysis for criterion BRANCH
* Coverage of criterion BRANCH: 4%
* Total number of goals: 89
* Number of covered goals: 4
* Generated 1 tests with total length 4
* Resulting test suite's coverage: 4%
* Generating assertions
* Resulting test suite's mutation score: 2%
* Permissions denied during test execution: 
  - java.lang.RuntimePermission: 
         writeFileDescriptor: 30
* Writing JUnit test case 'ExploitAssigns_ESTest' to evosuite-branch
* Done!

* Computation finished
