* EvoSuite 1.0.6
* Going to generate test cases for class: com.google.javascript.jscomp.NodeUtil
* Starting client
* Connecting to master process on port 2830
* Analyzing classpath: 
  - /tmp/run_evosuite.pl_58380_1546614723/build/classes
  - /tmp/run_evosuite.pl_58380_1546614723/lib/ant_deploy.jar
  - /tmp/run_evosuite.pl_58380_1546614723/lib/args4j_deploy.jar
  - /tmp/run_evosuite.pl_58380_1546614723/lib/guava-r06.jar
  - /tmp/run_evosuite.pl_58380_1546614723/lib/hamcrest-core-1.1.jar
  - /tmp/run_evosuite.pl_58380_1546614723/lib/json.jar
  - /tmp/run_evosuite.pl_58380_1546614723/lib/jsr305.jar
  - /tmp/run_evosuite.pl_58380_1546614723/lib/junit.jar
  - /tmp/run_evosuite.pl_58380_1546614723/lib/libtrunk_rhino_parser_jarjared.jar
  - /tmp/run_evosuite.pl_58380_1546614723/lib/protobuf-java-2.3.0.jar
* Finished analyzing classpath
* Generating tests for class com.google.javascript.jscomp.NodeUtil
* Test criterion:
  - Branch Coverage
* Setting up search algorithm for whole suite generation
* Total number of test goals: 1966
* Using seed 3000
* Starting evolution
[MASTER] 07:12:16.910 [logback-2] ERROR TestCluster - Failed to check cache for com.google.common.base.Supplier<T> : Type points to itself
[MASTER] 07:12:23.056 [logback-2] ERROR AbstractStatement - Error assigning value of type Comparable[] defined at statement Comparable<Object>[] comparableArray0 = (Comparable<Object>[]) Array.newInstance(Comparable.class, 3), assignment statement: comparableArray0[0] = (Comparable<Object>) comparableArray0; SUT=com.google.javascript.jscomp.NodeUtil
[MASTER] 07:12:33.756 [logback-2] ERROR ClientNodeImpl - Cannot inform master of change of state
java.rmi.MarshalException: error marshalling arguments; nested exception is: 
	java.net.SocketException: Broken pipe (Write failed)
	at sun.rmi.server.UnicastRef.invoke(UnicastRef.java:157) ~[na:1.8.0_191]
	at java.rmi.server.RemoteObjectInvocationHandler.invokeRemoteMethod(RemoteObjectInvocationHandler.java:227) ~[na:1.8.0_191]
	at java.rmi.server.RemoteObjectInvocationHandler.invoke(RemoteObjectInvocationHandler.java:179) ~[na:1.8.0_191]
	at com.sun.proxy.$Proxy7.evosuite_collectStatistics(Unknown Source) ~[na:na]
	at org.evosuite.rmi.service.ClientNodeImpl.updateStatistics(ClientNodeImpl.java:237) ~[evosuite-current.jar:1.0.6]
	at org.evosuite.statistics.StatisticsSender.sendIndividualToMaster(StatisticsSender.java:68) [evosuite-current.jar:1.0.6]
	at org.evosuite.statistics.StatisticsListener$1.run(StatisticsListener.java:71) [evosuite-current.jar:1.0.6]
Caused by: java.net.SocketException: Broken pipe (Write failed)
	at java.net.SocketOutputStream.socketWrite0(Native Method) ~[na:1.8.0_191]
	at java.net.SocketOutputStream.socketWrite(SocketOutputStream.java:111) ~[na:1.8.0_191]
	at java.net.SocketOutputStream.write(SocketOutputStream.java:155) ~[na:1.8.0_191]
	at java.io.BufferedOutputStream.flushBuffer(BufferedOutputStream.java:82) ~[na:1.8.0_191]
	at java.io.BufferedOutputStream.write(BufferedOutputStream.java:126) ~[na:1.8.0_191]
	at java.io.ObjectOutputStream$BlockDataOutputStream.drain(ObjectOutputStream.java:1877) ~[na:1.8.0_191]
	at java.io.ObjectOutputStream$BlockDataOutputStream.setBlockDataMode(ObjectOutputStream.java:1786) ~[na:1.8.0_191]
	at java.io.ObjectOutputStream.writeNonProxyDesc(ObjectOutputStream.java:1286) ~[na:1.8.0_191]
	at java.io.ObjectOutputStream.writeClassDesc(ObjectOutputStream.java:1231) ~[na:1.8.0_191]
	at java.io.ObjectOutputStream.writeOrdinaryObject(ObjectOutputStream.java:1427) ~[na:1.8.0_191]
	at java.io.ObjectOutputStream.writeObject0(ObjectOutputStream.java:1178) ~[na:1.8.0_191]
	at java.io.ObjectOutputStream.writeFatalException(ObjectOutputStream.java:1577) ~[na:1.8.0_191]
	at java.io.ObjectOutputStream.writeObject(ObjectOutputStream.java:351) ~[na:1.8.0_191]
	at sun.rmi.server.UnicastRef.marshalValue(UnicastRef.java:290) ~[na:1.8.0_191]
	at sun.rmi.server.UnicastRef.invoke(UnicastRef.java:152) ~[na:1.8.0_191]
	... 6 common frames omitted
[MASTER] 07:12:49.875 [logback-2] ERROR ClientNodeImpl - Cannot inform master of change of state
java.rmi.MarshalException: error marshalling arguments; nested exception is: 
	java.net.SocketException: Broken pipe (Write failed)
	at sun.rmi.server.UnicastRef.invoke(UnicastRef.java:157) ~[na:1.8.0_191]
	at java.rmi.server.RemoteObjectInvocationHandler.invokeRemoteMethod(RemoteObjectInvocationHandler.java:227) ~[na:1.8.0_191]
	at java.rmi.server.RemoteObjectInvocationHandler.invoke(RemoteObjectInvocationHandler.java:179) ~[na:1.8.0_191]
	at com.sun.proxy.$Proxy7.evosuite_collectStatistics(Unknown Source) ~[na:na]
	at org.evosuite.rmi.service.ClientNodeImpl.updateStatistics(ClientNodeImpl.java:237) ~[evosuite-current.jar:1.0.6]
	at org.evosuite.statistics.StatisticsSender.sendIndividualToMaster(StatisticsSender.java:68) [evosuite-current.jar:1.0.6]
	at org.evosuite.statistics.StatisticsListener$1.run(StatisticsListener.java:71) [evosuite-current.jar:1.0.6]
Caused by: java.net.SocketException: Broken pipe (Write failed)
	at java.net.SocketOutputStream.socketWrite0(Native Method) ~[na:1.8.0_191]
	at java.net.SocketOutputStream.socketWrite(SocketOutputStream.java:111) ~[na:1.8.0_191]
	at java.net.SocketOutputStream.write(SocketOutputStream.java:155) ~[na:1.8.0_191]
	at java.io.BufferedOutputStream.flushBuffer(BufferedOutputStream.java:82) ~[na:1.8.0_191]
	at java.io.BufferedOutputStream.write(BufferedOutputStream.java:126) ~[na:1.8.0_191]
	at java.io.ObjectOutputStream$BlockDataOutputStream.drain(ObjectOutputStream.java:1877) ~[na:1.8.0_191]
	at java.io.ObjectOutputStream$BlockDataOutputStream.setBlockDataMode(ObjectOutputStream.java:1786) ~[na:1.8.0_191]
	at java.io.ObjectOutputStream.writeNonProxyDesc(ObjectOutputStream.java:1286) ~[na:1.8.0_191]
	at java.io.ObjectOutputStream.writeClassDesc(ObjectOutputStream.java:1231) ~[na:1.8.0_191]
	at java.io.ObjectOutputStream.writeOrdinaryObject(ObjectOutputStream.java:1427) ~[na:1.8.0_191]
	at java.io.ObjectOutputStream.writeObject0(ObjectOutputStream.java:1178) ~[na:1.8.0_191]
	at java.io.ObjectOutputStream.writeFatalException(ObjectOutputStream.java:1577) ~[na:1.8.0_191]
	at java.io.ObjectOutputStream.writeObject(ObjectOutputStream.java:351) ~[na:1.8.0_191]
	at sun.rmi.server.UnicastRef.marshalValue(UnicastRef.java:290) ~[na:1.8.0_191]
	at sun.rmi.server.UnicastRef.invoke(UnicastRef.java:152) ~[na:1.8.0_191]
	... 6 common frames omitted
[MASTER] 07:13:41.967 [logback-2] ERROR AbstractStatement - Error assigning value of type Comparable[] defined at statement Comparable<Object>[] comparableArray0 = (Comparable<Object>[]) Array.newInstance(Comparable.class, 6), assignment statement: comparableArray0[0] = (Comparable<Object>) comparableArray0; SUT=com.google.javascript.jscomp.NodeUtil
* Search finished after 102s and 171 generations, 67679 statements, best individual has fitness: 729.8285636313708
* Minimizing test suite
[MASTER] 07:13:59.730 [logback-2] ERROR TestCluster - Failed to check cache for java.util.Iterator<E> : Type points to itself
* Going to analyze the coverage criteria
* Coverage analysis for criterion BRANCH
* Coverage of criterion BRANCH: 54%
* Total number of goals: 1966
* Number of covered goals: 1069
* Generated 208 tests with total length 427
* Resulting test suite's coverage: 54%
* Generating assertions
* Resulting test suite's mutation score: 25%
* Permissions denied during test execution: 
  - java.lang.RuntimePermission: 
         writeFileDescriptor: 1
  - java.net.SocketPermission: 
         resolve n{ZRX: 26
* Writing JUnit test case 'NodeUtil_ESTest' to evosuite-branch
* Done!

* Computation finished
