* EvoSuite 1.0.6
* Going to generate test cases for class: com.google.javascript.jscomp.FlowSensitiveInlineVariables
* Starting client
* Connecting to master process on port 18557
* Analyzing classpath: 
  - /tmp/run_evosuite.pl_75505_1546752337/build/classes
  - /tmp/run_evosuite.pl_75505_1546752337/lib/args4j.jar
  - /tmp/run_evosuite.pl_75505_1546752337/lib/guava.jar
  - /tmp/run_evosuite.pl_75505_1546752337/lib/json.jar
  - /tmp/run_evosuite.pl_75505_1546752337/lib/jsr305.jar
  - /tmp/run_evosuite.pl_75505_1546752337/lib/protobuf-java.jar
  - /tmp/run_evosuite.pl_75505_1546752337/build/lib/rhino.jar
  - /tmp/run_evosuite.pl_75505_1546752337/lib/ant.jar
* Finished analyzing classpath
* Generating tests for class com.google.javascript.jscomp.FlowSensitiveInlineVariables
* Test criterion:
  - Branch Coverage
* Setting up search algorithm for whole suite generation
* Total number of test goals: 149
* Using seed 5000
* Starting evolution
[MASTER] 21:25:54.578 [logback-2] ERROR TestCluster - Failed to check cache for com.google.common.base.Supplier<T> : Type points to itself
[MASTER] 21:25:57.377 [logback-2] ERROR TestCluster - Failed to check cache for com.google.javascript.jscomp.ControlFlowGraph<N> : Type points to itself
* Search finished after 101s and 1690 generations, 287028 statements, best individual has fitness: 154.5
* Minimizing test suite
* Going to analyze the coverage criteria
* Coverage analysis for criterion BRANCH
* Coverage of criterion BRANCH: 3%
* Total number of goals: 149
* Number of covered goals: 5
* Generated 2 tests with total length 8
* Resulting test suite's coverage: 3%
* Generating assertions
* Resulting test suite's mutation score: 0%
* Permissions denied during test execution: 
  - java.lang.RuntimePermission: 
         writeFileDescriptor: 36
  - java.net.SocketPermission: 
         connect,resolve 127.0.0.1:100: 1
* Writing JUnit test case 'FlowSensitiveInlineVariables_ESTest' to evosuite-branch
* Done!

* Computation finished
