* EvoSuite 1.0.6
* Going to generate test cases for class: com.google.javascript.jscomp.AnalyzePrototypeProperties
* Starting client
* Connecting to master process on port 2830
* Analyzing classpath: 
  - /tmp/run_evosuite.pl_49547_1546611030/build/classes
  - /tmp/run_evosuite.pl_49547_1546611030/lib/args4j.jar
  - /tmp/run_evosuite.pl_49547_1546611030/lib/guava.jar
  - /tmp/run_evosuite.pl_49547_1546611030/lib/json.jar
  - /tmp/run_evosuite.pl_49547_1546611030/lib/jsr305.jar
  - /tmp/run_evosuite.pl_49547_1546611030/lib/libtrunk_rhino_parser_jarjared.jar
  - /tmp/run_evosuite.pl_49547_1546611030/lib/protobuf-java.jar
  - /tmp/run_evosuite.pl_49547_1546611030/lib/ant.jar
* Finished analyzing classpath
* Generating tests for class com.google.javascript.jscomp.AnalyzePrototypeProperties
* Test criterion:
  - Branch Coverage
* Setting up search algorithm for whole suite generation
* Total number of test goals: 175
* Using seed 3000
* Starting evolution
* Search finished after 102s and 268 generations, 76240 statements, best individual has fitness: 96.17499999341888
* Minimizing test suite
* Going to analyze the coverage criteria
* Coverage analysis for criterion BRANCH
* Coverage of criterion BRANCH: 42%
* Total number of goals: 175
* Number of covered goals: 73
* Generated 16 tests with total length 57
* Resulting test suite's coverage: 42%
* Generating assertions
* Resulting test suite's mutation score: 5%
* Writing JUnit test case 'AnalyzePrototypeProperties_ESTest' to evosuite-branch
* Done!

* Computation finished
