* EvoSuite 1.0.6
* Going to generate test cases for class: com.google.javascript.jscomp.ProcessCommonJSModules
* Starting client
* Connecting to master process on port 14953
* Analyzing classpath: 
  - /tmp/run_evosuite.pl_74316_1546832128/build/classes
  - /tmp/run_evosuite.pl_74316_1546832128/lib/args4j.jar
  - /tmp/run_evosuite.pl_74316_1546832128/lib/guava.jar
  - /tmp/run_evosuite.pl_74316_1546832128/lib/json.jar
  - /tmp/run_evosuite.pl_74316_1546832128/lib/jsr305.jar
  - /tmp/run_evosuite.pl_74316_1546832128/lib/protobuf-java.jar
  - /tmp/run_evosuite.pl_74316_1546832128/build/lib/rhino.jar
  - /tmp/run_evosuite.pl_74316_1546832128/lib/ant.jar
* Finished analyzing classpath
* Generating tests for class com.google.javascript.jscomp.ProcessCommonJSModules
* Test criterion:
  - Branch Coverage
* Setting up search algorithm for whole suite generation
* Total number of test goals: 51
* Using seed 1000
* Starting evolution
[MASTER] 19:36:54.690 [logback-2] ERROR FunctionalMockStatement - Cannot use Mockito on class com.google.javascript.rhino.jstype.VoidType due to IAE: tried to access class com.google.javascript.rhino.jstype.ValueType from class com.google.javascript.rhino.jstype.VoidType$MockitoMock$29589791
* Search finished after 105s and 1463 generations, 434061 statements, best individual has fitness: 9.499999999443116
* Minimizing test suite
* Going to analyze the coverage criteria
* Coverage analysis for criterion BRANCH
* Coverage of criterion BRANCH: 84%
* Total number of goals: 51
* Number of covered goals: 43
* Generated 10 tests with total length 34
* Resulting test suite's coverage: 84%
* Generating assertions
* Resulting test suite's mutation score: 15%
* Permissions denied during test execution: 
  - java.lang.RuntimePermission: 
         writeFileDescriptor: 3
* Writing JUnit test case 'ProcessCommonJSModules_ESTest' to evosuite-branch
* Done!

* Computation finished
