* EvoSuite 1.0.6
* Going to generate test cases for class: com.google.javascript.jscomp.LiveVariablesAnalysis
* Starting client
* Connecting to master process on port 18557
* Analyzing classpath: 
  - /tmp/run_evosuite.pl_126249_1546758140/build/classes
  - /tmp/run_evosuite.pl_126249_1546758140/lib/args4j.jar
  - /tmp/run_evosuite.pl_126249_1546758140/lib/guava.jar
  - /tmp/run_evosuite.pl_126249_1546758140/lib/json.jar
  - /tmp/run_evosuite.pl_126249_1546758140/lib/jsr305.jar
  - /tmp/run_evosuite.pl_126249_1546758140/lib/protobuf-java.jar
  - /tmp/run_evosuite.pl_126249_1546758140/build/lib/rhino.jar
  - /tmp/run_evosuite.pl_126249_1546758140/lib/ant.jar
* Finished analyzing classpath
* Generating tests for class com.google.javascript.jscomp.LiveVariablesAnalysis
* Test criterion:
  - Branch Coverage
* Setting up search algorithm for whole suite generation
* Total number of test goals: 84
* Using seed 5000
* Starting evolution
* Search finished after 102s and 687 generations, 359057 statements, best individual has fitness: 30.5
* Minimizing test suite
* Going to analyze the coverage criteria
* Coverage analysis for criterion BRANCH
* Coverage of criterion BRANCH: 62%
* Total number of goals: 84
* Number of covered goals: 52
* Generated 22 tests with total length 223
* Resulting test suite's coverage: 62%
* Generating assertions
* Resulting test suite's mutation score: 9%
* Permissions denied during test execution: 
  - java.lang.RuntimePermission: 
         writeFileDescriptor: 1
* Writing JUnit test case 'LiveVariablesAnalysis_ESTest' to evosuite-branch
* Done!

* Computation finished
