* EvoSuite 1.0.6
* Going to generate test cases for class: com.google.javascript.jscomp.GlobalNamespace
* Starting client
* Connecting to master process on port 18557
* Analyzing classpath: 
  - /tmp/run_evosuite.pl_235958_1546773472/build/classes
  - /tmp/run_evosuite.pl_235958_1546773472/lib/args4j.jar
  - /tmp/run_evosuite.pl_235958_1546773472/lib/guava.jar
  - /tmp/run_evosuite.pl_235958_1546773472/lib/json.jar
  - /tmp/run_evosuite.pl_235958_1546773472/lib/jsr305.jar
  - /tmp/run_evosuite.pl_235958_1546773472/lib/protobuf-java.jar
  - /tmp/run_evosuite.pl_235958_1546773472/build/lib/rhino.jar
  - /tmp/run_evosuite.pl_235958_1546773472/lib/ant.jar
* Finished analyzing classpath
* Generating tests for class com.google.javascript.jscomp.GlobalNamespace
* Test criterion:
  - Branch Coverage
* Setting up search algorithm for whole suite generation
* Total number of test goals: 497
* Using seed 5000
* Starting evolution
* Search finished after 101s and 250 generations, 99208 statements, best individual has fitness: 316.9440659703106
* Minimizing test suite
* Going to analyze the coverage criteria
* Coverage analysis for criterion BRANCH
* Coverage of criterion BRANCH: 36%
* Total number of goals: 497
* Number of covered goals: 179
* Generated 64 tests with total length 220
* Resulting test suite's coverage: 36%
* Generating assertions
* Resulting test suite's mutation score: 16%
* Permissions denied during test execution: 
  - java.lang.RuntimePermission: 
         writeFileDescriptor: 7
* Writing JUnit test case 'GlobalNamespace_ESTest' to evosuite-branch
* Done!

* Computation finished
