* EvoSuite 1.0.6
* Going to generate test cases for class: com.google.javascript.jscomp.CodeConsumer
* Starting client
* Connecting to master process on port 2830
* Analyzing classpath: 
  - /tmp/run_evosuite.pl_36590_1546607956/build/classes
  - /tmp/run_evosuite.pl_36590_1546607956/lib/args4j.jar
  - /tmp/run_evosuite.pl_36590_1546607956/lib/guava.jar
  - /tmp/run_evosuite.pl_36590_1546607956/lib/json.jar
  - /tmp/run_evosuite.pl_36590_1546607956/lib/jsr305.jar
  - /tmp/run_evosuite.pl_36590_1546607956/lib/protobuf-java.jar
  - /tmp/run_evosuite.pl_36590_1546607956/build/lib/rhino.jar
  - /tmp/run_evosuite.pl_36590_1546607956/lib/ant.jar
* Finished analyzing classpath
* Generating tests for class com.google.javascript.jscomp.CodeConsumer
* Test criterion:
  - Branch Coverage
* Setting up search algorithm for whole suite generation
* Total number of test goals: 86
* Using seed 3000
* Starting evolution
* Search finished after 101s and 1402 generations, 179524 statements, best individual has fitness: 84.99999999930151
* Minimizing test suite
* Going to analyze the coverage criteria
* Coverage analysis for criterion BRANCH
* Coverage of criterion BRANCH: 10%
* Total number of goals: 86
* Number of covered goals: 9
* Generated 6 tests with total length 6
* Resulting test suite's coverage: 10%
* Generating assertions
* Resulting test suite's mutation score: 9%
* Writing JUnit test case 'CodeConsumer_ESTest' to evosuite-branch
* Done!

* Computation finished
