* EvoSuite 1.0.6
* Going to generate test cases for class: com.google.javascript.jscomp.parsing.IRFactory
* Starting client
* Connecting to master process on port 2830
* Analyzing classpath: 
  - /tmp/run_evosuite.pl_55051_1546613325/build/classes
  - /tmp/run_evosuite.pl_55051_1546613325/lib/ant-launcher.jar
  - /tmp/run_evosuite.pl_55051_1546613325/lib/ant.jar
  - /tmp/run_evosuite.pl_55051_1546613325/lib/args4j.jar
  - /tmp/run_evosuite.pl_55051_1546613325/lib/caja-r4314.jar
  - /tmp/run_evosuite.pl_55051_1546613325/lib/guava.jar
  - /tmp/run_evosuite.pl_55051_1546613325/lib/json.jar
  - /tmp/run_evosuite.pl_55051_1546613325/lib/jsr305.jar
  - /tmp/run_evosuite.pl_55051_1546613325/lib/junit.jar
  - /tmp/run_evosuite.pl_55051_1546613325/lib/libtrunk_rhino_parser_jarjared.jar
  - /tmp/run_evosuite.pl_55051_1546613325/lib/protobuf-java.jar
* Finished analyzing classpath
* Generating tests for class com.google.javascript.jscomp.parsing.IRFactory
* Test criterion:
  - Branch Coverage
* Setting up search algorithm for whole suite generation
* Total number of test goals: 523
* Using seed 3000
* Starting evolution
[MASTER] 06:48:57.141 [logback-1] WARN  TestUsageChecker - class com.google.javascript.jscomp.mozilla.rhino.ContextFactory$1GlobalSetterImpl looks like an anonymous class, ignoring it (although reflection says false) GlobalSetterImpl
[MASTER] 06:49:03.861 [logback-2] ERROR FunctionalMockStatement - IAE on <public abstract boolean com.google.javascript.jscomp.mozilla.rhino.ast.NodeVisitor.visit(com.google.javascript.jscomp.mozilla.rhino.ast.AstNode)> when called with [[]]
[MASTER] 06:49:04.083 [logback-2] ERROR FunctionalMockStatement - Cannot use Mockito on interface java.util.function.Consumer due to IAE: 
Misplaced or misused argument matcher detected here:

-> at org.evosuite.testcase.fm.MethodDescriptor.executeMatcher(MethodDescriptor.java:245)

You cannot use argument matchers outside of verification or stubbing.
Examples of correct usage of argument matchers:
    when(mock.get(anyInt())).thenReturn(null);
    doThrow(new RuntimeException()).when(mock).someVoidMethod(anyObject());
    verify(mock).someMethod(contains("foo"))

This message may appear after an NullPointerException if the last matcher is returning an object 
like any() but the stubbed method signature expect a primitive argument, in this case,
use primitive alternatives.
    when(mock.get(any())); // bad use, will raise NPE
    when(mock.get(anyInt())); // correct usage use

Also, this error might show up because you use argument matchers with methods that cannot be mocked.
Following methods *cannot* be stubbed/verified: final/private/equals()/hashCode().
Mocking methods declared on non-public parent classes is not supported.

* Search finished after 101s and 404 generations, 159187 statements, best individual has fitness: 310.6238164164821
* Minimizing test suite
* Going to analyze the coverage criteria
* Coverage analysis for criterion BRANCH
* Coverage of criterion BRANCH: 40%
* Total number of goals: 523
* Number of covered goals: 210
* Generated 17 tests with total length 103
* Resulting test suite's coverage: 40%
* Generating assertions
* Resulting test suite's mutation score: 2%
* Permissions denied during test execution: 
  - java.lang.RuntimePermission: 
         writeFileDescriptor: 3
* Writing JUnit test case 'IRFactory_ESTest' to evosuite-branch
* Done!

* Computation finished
