* EvoSuite 1.0.6
* Going to generate test cases for class: com.google.javascript.jscomp.CollapseProperties
* Starting client
* Connecting to master process on port 18539
* Analyzing classpath: 
  - /tmp/run_evosuite.pl_199762_1545823871/build/classes
  - /tmp/run_evosuite.pl_199762_1545823871/lib/args4j.jar
  - /tmp/run_evosuite.pl_199762_1545823871/lib/guava.jar
  - /tmp/run_evosuite.pl_199762_1545823871/lib/json.jar
  - /tmp/run_evosuite.pl_199762_1545823871/lib/jsr305.jar
  - /tmp/run_evosuite.pl_199762_1545823871/lib/protobuf-java.jar
  - /tmp/run_evosuite.pl_199762_1545823871/build/lib/rhino.jar
  - /tmp/run_evosuite.pl_199762_1545823871/lib/ant.jar
* Finished analyzing classpath
* Generating tests for class com.google.javascript.jscomp.CollapseProperties
* Test criterion:
  - Branch Coverage
* Setting up search algorithm for whole suite generation
* Total number of test goals: 275
* Using seed 2000
* Starting evolution
[MASTER] 03:31:35.294 [logback-2] ERROR TestCluster - Failed to check cache for java.util.Enumeration<E> : Type points to itself
* Search finished after 104s and 28 generations, 9077 statements, best individual has fitness: 281.0
* Minimizing test suite
* Going to analyze the coverage criteria
* Coverage analysis for criterion BRANCH
* Coverage of criterion BRANCH: 3%
* Total number of goals: 275
* Number of covered goals: 9
* Generated 2 tests with total length 6
* Resulting test suite's coverage: 3%
* Generating assertions
* Resulting test suite's mutation score: 1%
* Permissions denied during test execution: 
  - java.lang.RuntimePermission: 
         writeFileDescriptor: 2
* Writing JUnit test case 'CollapseProperties_ESTest' to evosuite-branch
* Done!

* Computation finished
