* EvoSuite 1.0.6
* Going to generate test cases for class: com.google.javascript.jscomp.FunctionInjector
* Starting client
* Connecting to master process on port 19758
* Analyzing classpath: 
  - /tmp/run_evosuite.pl_260539_1546687966/build/classes
  - /tmp/run_evosuite.pl_260539_1546687966/lib/args4j.jar
  - /tmp/run_evosuite.pl_260539_1546687966/lib/guava.jar
  - /tmp/run_evosuite.pl_260539_1546687966/lib/json.jar
  - /tmp/run_evosuite.pl_260539_1546687966/lib/jsr305.jar
  - /tmp/run_evosuite.pl_260539_1546687966/lib/protobuf-java.jar
  - /tmp/run_evosuite.pl_260539_1546687966/build/lib/rhino.jar
  - /tmp/run_evosuite.pl_260539_1546687966/lib/ant.jar
* Finished analyzing classpath
* Generating tests for class com.google.javascript.jscomp.FunctionInjector
* Test criterion:
  - Branch Coverage
* Setting up search algorithm for whole suite generation
* Total number of test goals: 258
* Using seed 4000
* Starting evolution
[MASTER] 03:33:06.183 [logback-2] ERROR TestCluster - Failed to check cache for java.util.Enumeration<E> : Type points to itself
* Search finished after 101s and 167 generations, 67706 statements, best individual has fitness: 226.5
* Minimizing test suite
* Going to analyze the coverage criteria
* Coverage analysis for criterion BRANCH
* Coverage of criterion BRANCH: 14%
* Total number of goals: 258
* Number of covered goals: 36
* Generated 10 tests with total length 108
* Resulting test suite's coverage: 14%
* Generating assertions
* Resulting test suite's mutation score: 3%
* Permissions denied during test execution: 
  - java.lang.RuntimePermission: 
         writeFileDescriptor: 2
* Writing JUnit test case 'FunctionInjector_ESTest' to evosuite-branch
* Done!

* Computation finished
