* EvoSuite 1.0.6
* Going to generate test cases for class: com.google.javascript.jscomp.TypeCheck
* Starting client
* Connecting to master process on port 19758
* Analyzing classpath: 
  - /tmp/run_evosuite.pl_1586_1546689039/build/classes
  - /tmp/run_evosuite.pl_1586_1546689039/lib/args4j.jar
  - /tmp/run_evosuite.pl_1586_1546689039/lib/guava.jar
  - /tmp/run_evosuite.pl_1586_1546689039/lib/json.jar
  - /tmp/run_evosuite.pl_1586_1546689039/lib/jsr305.jar
  - /tmp/run_evosuite.pl_1586_1546689039/lib/protobuf-java.jar
  - /tmp/run_evosuite.pl_1586_1546689039/build/lib/rhino.jar
  - /tmp/run_evosuite.pl_1586_1546689039/lib/ant.jar
* Finished analyzing classpath
* Generating tests for class com.google.javascript.jscomp.TypeCheck
* Test criterion:
  - Branch Coverage
* Setting up search algorithm for whole suite generation
* Total number of test goals: 1106
* Using seed 4000
* Starting evolution
[MASTER] 03:51:08.960 [logback-2] ERROR TestCluster - Failed to check cache for java.util.Iterator<E> : Type points to itself
* Search finished after 101s and 488 generations, 65038 statements, best individual has fitness: 924.3975674679153
* Minimizing test suite
* Going to analyze the coverage criteria
* Coverage analysis for criterion BRANCH
* Coverage of criterion BRANCH: 17%
* Total number of goals: 1106
* Number of covered goals: 190
* Generated 9 tests with total length 69
* Resulting test suite's coverage: 17%
* Generating assertions
* Resulting test suite's mutation score: 1%
* Permissions denied during test execution: 
  - java.lang.RuntimePermission: 
         writeFileDescriptor: 43
* Writing JUnit test case 'TypeCheck_ESTest' to evosuite-branch
* Done!

* Computation finished
