* EvoSuite 1.0.6
* Going to generate test cases for class: com.google.javascript.rhino.TokenStream
* Starting client
* Connecting to master process on port 18539
* Analyzing classpath: 
  - /tmp/run_evosuite.pl_200095_1545823991/build/classes
  - /tmp/run_evosuite.pl_200095_1545823991/lib/args4j.jar
  - /tmp/run_evosuite.pl_200095_1545823991/lib/guava.jar
  - /tmp/run_evosuite.pl_200095_1545823991/lib/json.jar
  - /tmp/run_evosuite.pl_200095_1545823991/lib/jsr305.jar
  - /tmp/run_evosuite.pl_200095_1545823991/lib/protobuf-java.jar
  - /tmp/run_evosuite.pl_200095_1545823991/build/lib/rhino.jar
  - /tmp/run_evosuite.pl_200095_1545823991/lib/ant.jar
* Finished analyzing classpath
* Generating tests for class com.google.javascript.rhino.TokenStream
* Test criterion:
  - Branch Coverage
* Setting up search algorithm for whole suite generation
* Total number of test goals: 311
* Using seed 2000
* Starting evolution
* Search finished after 101s and 3096 generations, 728138 statements, best individual has fitness: 24.98769793493039
* Minimizing test suite
* Going to analyze the coverage criteria
* Coverage analysis for criterion BRANCH
* Coverage of criterion BRANCH: 90%
* Total number of goals: 311
* Number of covered goals: 281
* Generated 125 tests with total length 125
* Resulting test suite's coverage: 91%
* Generating assertions
* Resulting test suite's mutation score: 57%
* Writing JUnit test case 'TokenStream_ESTest' to evosuite-branch
* Done!

* Computation finished
