* EvoSuite 1.0.6
* Going to generate test cases for class: com.google.javascript.jscomp.CodeGenerator
* Starting client
* Connecting to master process on port 2830
* Analyzing classpath: 
  - /tmp/run_evosuite.pl_39381_1546608979/build/classes
  - /tmp/run_evosuite.pl_39381_1546608979/lib/args4j.jar
  - /tmp/run_evosuite.pl_39381_1546608979/lib/guava.jar
  - /tmp/run_evosuite.pl_39381_1546608979/lib/json.jar
  - /tmp/run_evosuite.pl_39381_1546608979/lib/jsr305.jar
  - /tmp/run_evosuite.pl_39381_1546608979/lib/protobuf-java.jar
  - /tmp/run_evosuite.pl_39381_1546608979/build/lib/rhino.jar
  - /tmp/run_evosuite.pl_39381_1546608979/lib/ant.jar
* Finished analyzing classpath
* Generating tests for class com.google.javascript.jscomp.CodeGenerator
* Test criterion:
  - Branch Coverage
* Setting up search algorithm for whole suite generation
* Total number of test goals: 736
* Using seed 3000
* Starting evolution
* Search finished after 101s and 2664 generations, 558473 statements, best individual has fitness: 631.9833333328677
* Minimizing test suite
* Going to analyze the coverage criteria
* Coverage analysis for criterion BRANCH
* Coverage of criterion BRANCH: 15%
* Total number of goals: 736
* Number of covered goals: 107
* Generated 29 tests with total length 60
* Resulting test suite's coverage: 15%
* Generating assertions
* Resulting test suite's mutation score: 33%
* Writing JUnit test case 'CodeGenerator_ESTest' to evosuite-branch
* Done!

* Computation finished
