* EvoSuite 1.0.6
* Going to generate test cases for class: com.google.javascript.jscomp.DisambiguateProperties
* Starting client
* Connecting to master process on port 18539
* Analyzing classpath: 
  - /tmp/run_evosuite.pl_127783_1545820251/build/classes
  - /tmp/run_evosuite.pl_127783_1545820251/lib/ant_deploy.jar
  - /tmp/run_evosuite.pl_127783_1545820251/lib/google_common_deploy.jar
  - /tmp/run_evosuite.pl_127783_1545820251/lib/hamcrest-core-1.1.jar
  - /tmp/run_evosuite.pl_127783_1545820251/lib/junit4-core.jar
  - /tmp/run_evosuite.pl_127783_1545820251/lib/junit4-legacy.jar
  - /tmp/run_evosuite.pl_127783_1545820251/lib/libtrunk_rhino_parser_jarjared.jar
  - /tmp/run_evosuite.pl_127783_1545820251/lib/protobuf_deploy.jar
* Finished analyzing classpath
* Generating tests for class com.google.javascript.jscomp.DisambiguateProperties
* Test criterion:
  - Branch Coverage
* Setting up search algorithm for whole suite generation
* Total number of test goals: 300
* Using seed 2000
* Starting evolution
[MASTER] 02:31:03.866 [logback-2] ERROR TestCluster - Failed to check cache for java.util.LinkedList<E> : Type points to itself
[MASTER] 02:31:03.866 [logback-2] ERROR TestCluster - Failed to check cache for java.util.AbstractMap<K, V>.SimpleEntry<K, V> : Type points to itself
[MASTER] 02:31:03.866 [logback-2] ERROR TestCluster - Failed to check cache for java.util.AbstractMap<K, V>.SimpleImmutableEntry<K, V> : Type points to itself
[MASTER] 02:31:03.868 [logback-2] ERROR TestCluster - Failed to check cache for java.util.LinkedHashSet<E> : Type points to itself
[MASTER] 02:31:03.868 [logback-2] ERROR TestCluster - Failed to check cache for com.google.javascript.jscomp.ControlFlowGraph<N>.Branch : Type points to itself
[MASTER] 02:31:08.512 [logback-2] ERROR TestCluster - Failed to check cache for java.util.Comparator<T> : Type points to itself
[MASTER] 02:31:09.274 [logback-2] ERROR TestCluster - Failed to check cache for com.google.common.base.Supplier<T> : Type points to itself
[MASTER] 02:31:34.279 [logback-2] ERROR TestCluster - Failed to check cache for com.google.javascript.jscomp.ControlFlowGraph<N> : Type points to itself
* Search finished after 101s and 146 generations, 66442 statements, best individual has fitness: 292.19999999795647
* Minimizing test suite
* Going to analyze the coverage criteria
* Coverage analysis for criterion BRANCH
* Coverage of criterion BRANCH: 11%
* Total number of goals: 300
* Number of covered goals: 34
* Generated 8 tests with total length 48
* Resulting test suite's coverage: 11%
* Generating assertions
* Resulting test suite's mutation score: 1%
* Permissions denied during test execution: 
  - java.lang.RuntimePermission: 
         writeFileDescriptor: 30
* Writing JUnit test case 'DisambiguateProperties_ESTest' to evosuite-branch
* Done!

* Computation finished
* EvoSuite 1.0.6
* Going to generate test cases for class: com.google.javascript.jscomp.ControlFlowAnalysis
* Starting client
* Connecting to master process on port 18539
* Analyzing classpath: 
  - /tmp/run_evosuite.pl_127783_1545820251/build/classes
  - /tmp/run_evosuite.pl_127783_1545820251/lib/ant_deploy.jar
  - /tmp/run_evosuite.pl_127783_1545820251/lib/google_common_deploy.jar
  - /tmp/run_evosuite.pl_127783_1545820251/lib/hamcrest-core-1.1.jar
  - /tmp/run_evosuite.pl_127783_1545820251/lib/junit4-core.jar
  - /tmp/run_evosuite.pl_127783_1545820251/lib/junit4-legacy.jar
  - /tmp/run_evosuite.pl_127783_1545820251/lib/libtrunk_rhino_parser_jarjared.jar
  - /tmp/run_evosuite.pl_127783_1545820251/lib/protobuf_deploy.jar
* Finished analyzing classpath
* Generating tests for class com.google.javascript.jscomp.ControlFlowAnalysis
* Test criterion:
  - Branch Coverage
* Setting up search algorithm for whole suite generation
* Total number of test goals: 392
* Using seed 2000
* Starting evolution
[MASTER] 02:32:50.604 [logback-2] ERROR TestCluster - Failed to check cache for java.util.EnumSet<E> : Type points to itself
[MASTER] 02:34:04.243 [logback-2] ERROR TestCluster - Failed to check cache for com.google.javascript.jscomp.ControlFlowGraph<N> : Type points to itself
* Search finished after 102s and 266 generations, 133675 statements, best individual has fitness: 136.08288277058693
* Minimizing test suite
* Going to analyze the coverage criteria
* Coverage analysis for criterion BRANCH
* Coverage of criterion BRANCH: 62%
* Total number of goals: 392
* Number of covered goals: 243
* Generated 41 tests with total length 225
* Resulting test suite's coverage: 61%
* Generating assertions
* Resulting test suite's mutation score: 7%
* Permissions denied during test execution: 
  - java.lang.RuntimePermission: 
         writeFileDescriptor: 4
* Writing JUnit test case 'ControlFlowAnalysis_ESTest' to evosuite-branch
* Done!

* Computation finished
