* EvoSuite 1.0.6
* Going to generate test cases for class: com.google.javascript.jscomp.ProcessClosurePrimitives
* Starting client
* Connecting to master process on port 18557
* Analyzing classpath: 
  - /tmp/run_evosuite.pl_234026_1546772755/build/classes
  - /tmp/run_evosuite.pl_234026_1546772755/lib/args4j.jar
  - /tmp/run_evosuite.pl_234026_1546772755/lib/guava.jar
  - /tmp/run_evosuite.pl_234026_1546772755/lib/json.jar
  - /tmp/run_evosuite.pl_234026_1546772755/lib/jsr305.jar
  - /tmp/run_evosuite.pl_234026_1546772755/lib/protobuf-java.jar
  - /tmp/run_evosuite.pl_234026_1546772755/build/lib/rhino.jar
  - /tmp/run_evosuite.pl_234026_1546772755/lib/ant.jar
* Finished analyzing classpath
* Generating tests for class com.google.javascript.jscomp.ProcessClosurePrimitives
* Test criterion:
  - Branch Coverage
* Setting up search algorithm for whole suite generation
* Total number of test goals: 352
* Using seed 5000
* Starting evolution
[MASTER] 03:06:10.146 [logback-2] ERROR TestCluster - Failed to check cache for java.util.AbstractMap<K, V>.SimpleEntry<K, V> : Type points to itself
[MASTER] 03:06:10.146 [logback-2] ERROR TestCluster - Failed to check cache for java.util.AbstractMap<K, V>.SimpleImmutableEntry<K, V> : Type points to itself
[MASTER] 03:06:38.450 [logback-2] ERROR FunctionalMockStatement - Cannot use Mockito on class com.google.javascript.rhino.jstype.StringType due to IAE: tried to access class com.google.javascript.rhino.jstype.ValueType from class com.google.javascript.rhino.jstype.StringType$MockitoMock$570539180
[MASTER] 03:06:59.415 [logback-2] ERROR FunctionalMockStatement - Cannot use Mockito on class com.google.javascript.rhino.jstype.StringType due to failed class initialization: Could not initialize class com.google.javascript.rhino.jstype.StringType$MockitoMock$570539180
* Search finished after 106s and 141 generations, 64361 statements, best individual has fitness: 328.99999999569087
* Minimizing test suite
* Going to analyze the coverage criteria
* Coverage analysis for criterion BRANCH
* Coverage of criterion BRANCH: 12%
* Total number of goals: 352
* Number of covered goals: 42
* Generated 6 tests with total length 41
* Resulting test suite's coverage: 12%
* Generating assertions
* Resulting test suite's mutation score: 0%
* Permissions denied during test execution: 
  - java.lang.RuntimePermission: 
         writeFileDescriptor: 6
* Writing JUnit test case 'ProcessClosurePrimitives_ESTest' to evosuite-branch
* Done!

* Computation finished
