* EvoSuite 1.0.6
* Going to generate test cases for class: com.google.javascript.jscomp.AnalyzePrototypeProperties
* Starting client
* Connecting to master process on port 18557
* Analyzing classpath: 
  - /tmp/run_evosuite.pl_218472_1546766422/build/classes
  - /tmp/run_evosuite.pl_218472_1546766422/lib/args4j.jar
  - /tmp/run_evosuite.pl_218472_1546766422/lib/guava.jar
  - /tmp/run_evosuite.pl_218472_1546766422/lib/json.jar
  - /tmp/run_evosuite.pl_218472_1546766422/lib/jsr305.jar
  - /tmp/run_evosuite.pl_218472_1546766422/lib/libtrunk_rhino_parser_jarjared.jar
  - /tmp/run_evosuite.pl_218472_1546766422/lib/protobuf-java.jar
  - /tmp/run_evosuite.pl_218472_1546766422/lib/ant.jar
* Finished analyzing classpath
* Generating tests for class com.google.javascript.jscomp.AnalyzePrototypeProperties
* Test criterion:
  - Branch Coverage
* Setting up search algorithm for whole suite generation
* Total number of test goals: 175
* Using seed 5000
* Starting evolution
[MASTER] 01:20:35.992 [logback-2] ERROR TestCluster - Failed to check cache for java.util.Comparator<T> : Type points to itself
* Search finished after 101s and 49 generations, 17091 statements, best individual has fitness: 113.8891355955872
* Minimizing test suite
[MASTER] 01:23:18.926 [logback-1] WARN  TestSuiteMinimizer - Minimization timeout. Roll back to original test suite
* Going to analyze the coverage criteria
* Coverage analysis for criterion BRANCH
* Coverage of criterion BRANCH: 33%
* Total number of goals: 175
* Number of covered goals: 57
* Generated 19 tests with total length 215
* Resulting test suite's coverage: 33%
* Generating assertions
* Resulting test suite's mutation score: 2%
* Writing JUnit test case 'AnalyzePrototypeProperties_ESTest' to evosuite-branch
* Done!

* Computation finished
