* EvoSuite 1.0.6
* Going to generate test cases for class: com.google.javascript.jscomp.NameAnalyzer
* Starting client
* Connecting to master process on port 19758
* Analyzing classpath: 
  - /tmp/run_evosuite.pl_230753_1546677819/build/classes
  - /tmp/run_evosuite.pl_230753_1546677819/lib/args4j.jar
  - /tmp/run_evosuite.pl_230753_1546677819/lib/guava.jar
  - /tmp/run_evosuite.pl_230753_1546677819/lib/json.jar
  - /tmp/run_evosuite.pl_230753_1546677819/lib/jsr305.jar
  - /tmp/run_evosuite.pl_230753_1546677819/lib/protobuf-java.jar
  - /tmp/run_evosuite.pl_230753_1546677819/build/lib/rhino.jar
  - /tmp/run_evosuite.pl_230753_1546677819/lib/ant.jar
* Finished analyzing classpath
* Generating tests for class com.google.javascript.jscomp.NameAnalyzer
* Test criterion:
  - Branch Coverage
* Setting up search algorithm for whole suite generation
* Total number of test goals: 510
* Using seed 4000
* Starting evolution
[MASTER] 00:43:51.910 [logback-2] ERROR TestCluster - Failed to check cache for java.util.AbstractMap<K, V>.SimpleEntry<K, V> : Type points to itself
[MASTER] 00:43:51.910 [logback-2] ERROR TestCluster - Failed to check cache for java.util.AbstractMap<K, V>.SimpleImmutableEntry<K, V> : Type points to itself
[MASTER] 00:43:53.743 [logback-2] ERROR TestCluster - Failed to check cache for com.google.javascript.jscomp.ControlFlowGraph<N> : Type points to itself
[MASTER] 00:44:44.241 [logback-2] ERROR FunctionalMockStatement - Cannot use Mockito on class com.google.javascript.rhino.jstype.NoObjectType due to IAE: tried to access class com.google.javascript.rhino.jstype.PrototypeObjectType from class com.google.javascript.rhino.jstype.NoObjectType$MockitoMock$1625362317
* Search finished after 101s and 526 generations, 135134 statements, best individual has fitness: 361.9666666657354
* Minimizing test suite
* Going to analyze the coverage criteria
* Coverage analysis for criterion BRANCH
* Coverage of criterion BRANCH: 26%
* Total number of goals: 510
* Number of covered goals: 131
* Generated 6 tests with total length 32
* Resulting test suite's coverage: 26%
* Generating assertions
* Resulting test suite's mutation score: 9%
* Permissions denied during test execution: 
  - java.lang.RuntimePermission: 
         writeFileDescriptor: 8
* Writing JUnit test case 'NameAnalyzer_ESTest' to evosuite-branch
* Done!

* Computation finished
