* EvoSuite 1.0.6
* Going to generate test cases for class: com.google.javascript.jscomp.TypeCheck
* Starting client
* Connecting to master process on port 19758
* Analyzing classpath: 
  - /tmp/run_evosuite.pl_253851_1546685233/build/classes
  - /tmp/run_evosuite.pl_253851_1546685233/lib/ant_deploy.jar
  - /tmp/run_evosuite.pl_253851_1546685233/lib/args4j_deploy.jar
  - /tmp/run_evosuite.pl_253851_1546685233/lib/guava-r06.jar
  - /tmp/run_evosuite.pl_253851_1546685233/lib/hamcrest-core-1.1.jar
  - /tmp/run_evosuite.pl_253851_1546685233/lib/json.jar
  - /tmp/run_evosuite.pl_253851_1546685233/lib/jsr305.jar
  - /tmp/run_evosuite.pl_253851_1546685233/lib/junit.jar
  - /tmp/run_evosuite.pl_253851_1546685233/lib/libtrunk_rhino_parser_jarjared.jar
  - /tmp/run_evosuite.pl_253851_1546685233/lib/protobuf_deploy.jar
* Finished analyzing classpath
* Generating tests for class com.google.javascript.jscomp.TypeCheck
* Test criterion:
  - Branch Coverage
* Setting up search algorithm for whole suite generation
* Total number of test goals: 915
* Using seed 4000
* Starting evolution
[MASTER] 02:47:56.947 [logback-2] ERROR FunctionalMockStatement - Cannot use Mockito on class com.google.javascript.rhino.jstype.NoObjectType due to IAE: tried to access class com.google.javascript.rhino.jstype.PrototypeObjectType from class com.google.javascript.rhino.jstype.NoObjectType$MockitoMock$209360287
[MASTER] 02:48:05.308 [logback-2] ERROR FunctionalMockStatement - Cannot use Mockito on class com.google.javascript.rhino.jstype.NoObjectType due to failed class initialization: Could not initialize class com.google.javascript.rhino.jstype.NoObjectType$MockitoMock$209360287
[MASTER] 02:48:47.354 [logback-2] ERROR FunctionalMockStatement - Cannot use Mockito on class com.google.javascript.rhino.jstype.NoType due to IAE: tried to access class com.google.javascript.rhino.jstype.PrototypeObjectType from class com.google.javascript.rhino.jstype.NoType$MockitoMock$1988798702
* Search finished after 102s and 604 generations, 232479 statements, best individual has fitness: 480.3434968123878
* Minimizing test suite
* Going to analyze the coverage criteria
* Coverage analysis for criterion BRANCH
* Coverage of criterion BRANCH: 43%
* Total number of goals: 915
* Number of covered goals: 391
* Generated 39 tests with total length 405
* Resulting test suite's coverage: 43%
* Generating assertions
* Resulting test suite's mutation score: 15%
* Permissions denied during test execution: 
  - java.lang.RuntimePermission: 
         writeFileDescriptor: 28
* Writing JUnit test case 'TypeCheck_ESTest' to evosuite-branch
* Done!

* Computation finished
