* EvoSuite 1.0.6
* Going to generate test cases for class: com.google.javascript.jscomp.TypeInference
* Starting client
* Connecting to master process on port 18557
* Analyzing classpath: 
  - /tmp/run_evosuite.pl_259820_1546755048/build/classes
  - /tmp/run_evosuite.pl_259820_1546755048/lib/args4j.jar
  - /tmp/run_evosuite.pl_259820_1546755048/lib/guava.jar
  - /tmp/run_evosuite.pl_259820_1546755048/lib/json.jar
  - /tmp/run_evosuite.pl_259820_1546755048/lib/jsr305.jar
  - /tmp/run_evosuite.pl_259820_1546755048/lib/protobuf-java.jar
  - /tmp/run_evosuite.pl_259820_1546755048/build/lib/rhino.jar
  - /tmp/run_evosuite.pl_259820_1546755048/lib/ant.jar
* Finished analyzing classpath
* Generating tests for class com.google.javascript.jscomp.TypeInference
* Test criterion:
  - Branch Coverage
* Setting up search algorithm for whole suite generation
* Total number of test goals: 665
* Using seed 5000
* Starting evolution
[MASTER] 22:11:05.471 [logback-2] ERROR TestCluster - Failed to check cache for java.util.Comparator<T> : Type points to itself
* Search finished after 105s and 508 generations, 338430 statements, best individual has fitness: 450.92698412698405
* Minimizing test suite
* Going to analyze the coverage criteria
* Coverage analysis for criterion BRANCH
* Coverage of criterion BRANCH: 30%
* Total number of goals: 665
* Number of covered goals: 199
* Generated 39 tests with total length 380
* Resulting test suite's coverage: 30%
* Generating assertions
* Resulting test suite's mutation score: 1%
* Permissions denied during test execution: 
  - java.lang.RuntimePermission: 
         writeFileDescriptor: 15
* Writing JUnit test case 'TypeInference_ESTest' to evosuite-branch
* Done!

* Computation finished
