* EvoSuite 1.0.6
* Going to generate test cases for class: com.google.javascript.jscomp.FunctionInjector
* Starting client
* Connecting to master process on port 19758
* Analyzing classpath: 
  - /tmp/run_evosuite.pl_260216_1546687848/build/classes
  - /tmp/run_evosuite.pl_260216_1546687848/lib/args4j.jar
  - /tmp/run_evosuite.pl_260216_1546687848/lib/guava.jar
  - /tmp/run_evosuite.pl_260216_1546687848/lib/json.jar
  - /tmp/run_evosuite.pl_260216_1546687848/lib/jsr305.jar
  - /tmp/run_evosuite.pl_260216_1546687848/lib/protobuf-java.jar
  - /tmp/run_evosuite.pl_260216_1546687848/build/lib/rhino.jar
  - /tmp/run_evosuite.pl_260216_1546687848/lib/ant.jar
* Finished analyzing classpath
* Generating tests for class com.google.javascript.jscomp.FunctionInjector
* Test criterion:
  - Branch Coverage
* Setting up search algorithm for whole suite generation
* Total number of test goals: 250
* Using seed 4000
* Starting evolution
[MASTER] 03:31:16.107 [logback-2] ERROR TestCluster - Failed to check cache for java.util.Comparator<T> : Type points to itself
* Search finished after 101s and 153 generations, 69378 statements, best individual has fitness: 215.49999999953434
* Minimizing test suite
* Going to analyze the coverage criteria
* Coverage analysis for criterion BRANCH
* Coverage of criterion BRANCH: 16%
* Total number of goals: 250
* Number of covered goals: 39
* Generated 11 tests with total length 114
* Resulting test suite's coverage: 16%
* Generating assertions
* Resulting test suite's mutation score: 4%
* Permissions denied during test execution: 
  - java.lang.RuntimePermission: 
         writeFileDescriptor: 3
* Writing JUnit test case 'FunctionInjector_ESTest' to evosuite-branch
* Done!

* Computation finished
