* EvoSuite 1.0.6
* Going to generate test cases for class: com.google.javascript.jscomp.ScopedAliases
* Starting client
* Connecting to master process on port 14953
* Analyzing classpath: 
  - /tmp/run_evosuite.pl_68976_1546830930/build/classes
  - /tmp/run_evosuite.pl_68976_1546830930/lib/args4j.jar
  - /tmp/run_evosuite.pl_68976_1546830930/lib/guava.jar
  - /tmp/run_evosuite.pl_68976_1546830930/lib/json.jar
  - /tmp/run_evosuite.pl_68976_1546830930/lib/jsr305.jar
  - /tmp/run_evosuite.pl_68976_1546830930/lib/protobuf-java.jar
  - /tmp/run_evosuite.pl_68976_1546830930/build/lib/rhino.jar
  - /tmp/run_evosuite.pl_68976_1546830930/lib/ant.jar
* Finished analyzing classpath
* Generating tests for class com.google.javascript.jscomp.ScopedAliases
* Test criterion:
  - Branch Coverage
* Setting up search algorithm for whole suite generation
* Total number of test goals: 140
* Using seed 1000
* Starting evolution
* Search finished after 105s and 889 generations, 238597 statements, best individual has fitness: 115.83333333279053
* Minimizing test suite
* Going to analyze the coverage criteria
* Coverage analysis for criterion BRANCH
* Coverage of criterion BRANCH: 17%
* Total number of goals: 140
* Number of covered goals: 24
* Generated 2 tests with total length 14
* Resulting test suite's coverage: 17%
* Generating assertions
* Resulting test suite's mutation score: 1%
* Permissions denied during test execution: 
  - java.lang.RuntimePermission: 
         writeFileDescriptor: 22
* Writing JUnit test case 'ScopedAliases_ESTest' to evosuite-branch
* Done!

* Computation finished
