* EvoSuite 1.0.6
* Going to generate test cases for class: com.google.javascript.jscomp.TypeInference
* Starting client
* Connecting to master process on port 14953
* Analyzing classpath: 
  - /tmp/run_evosuite.pl_106751_1546843839/build/classes
  - /tmp/run_evosuite.pl_106751_1546843839/lib/args4j.jar
  - /tmp/run_evosuite.pl_106751_1546843839/lib/guava.jar
  - /tmp/run_evosuite.pl_106751_1546843839/lib/json.jar
  - /tmp/run_evosuite.pl_106751_1546843839/lib/jsr305.jar
  - /tmp/run_evosuite.pl_106751_1546843839/lib/protobuf-java.jar
  - /tmp/run_evosuite.pl_106751_1546843839/build/lib/rhino.jar
  - /tmp/run_evosuite.pl_106751_1546843839/lib/ant.jar
* Finished analyzing classpath
* Generating tests for class com.google.javascript.jscomp.TypeInference
* Test criterion:
  - Branch Coverage
* Setting up search algorithm for whole suite generation
* Total number of test goals: 771
* Using seed 1000
* Starting evolution
[MASTER] 22:51:03.841 [logback-2] ERROR TestCluster - Failed to check cache for java.util.Comparator<T> : Type points to itself
* Search finished after 102s and 135 generations, 68925 statements, best individual has fitness: 591.951184695994
* Minimizing test suite
* Going to analyze the coverage criteria
* Coverage analysis for criterion BRANCH
* Coverage of criterion BRANCH: 24%
* Total number of goals: 771
* Number of covered goals: 188
* Generated 19 tests with total length 204
* Resulting test suite's coverage: 24%
* Generating assertions
* Resulting test suite's mutation score: 1%
* Permissions denied during test execution: 
  - java.lang.RuntimePermission: 
         writeFileDescriptor: 4
* Writing JUnit test case 'TypeInference_ESTest' to evosuite-branch
* Done!

* Computation finished
