* EvoSuite 1.0.6
* Going to generate test cases for class: com.google.javascript.jscomp.NodeUtil
* Starting client
* Connecting to master process on port 14953
* Analyzing classpath: 
  - /tmp/run_evosuite.pl_88807_1546836725/build/classes
  - /tmp/run_evosuite.pl_88807_1546836725/lib/args4j.jar
  - /tmp/run_evosuite.pl_88807_1546836725/lib/guava.jar
  - /tmp/run_evosuite.pl_88807_1546836725/lib/json.jar
  - /tmp/run_evosuite.pl_88807_1546836725/lib/jsr305.jar
  - /tmp/run_evosuite.pl_88807_1546836725/lib/protobuf-java.jar
  - /tmp/run_evosuite.pl_88807_1546836725/build/lib/rhino.jar
  - /tmp/run_evosuite.pl_88807_1546836725/lib/ant.jar
* Finished analyzing classpath
* Generating tests for class com.google.javascript.jscomp.NodeUtil
* Test criterion:
  - Branch Coverage
* Setting up search algorithm for whole suite generation
* Total number of test goals: 2430
* Using seed 1000
* Starting evolution
* Search finished after 102s and 250 generations, 121380 statements, best individual has fitness: 952.7159756075743
* Minimizing test suite
* Going to analyze the coverage criteria
* Coverage analysis for criterion BRANCH
* Coverage of criterion BRANCH: 53%
* Total number of goals: 2430
* Number of covered goals: 1286
* Generated 235 tests with total length 525
* Resulting test suite's coverage: 53%
* Generating assertions
* Resulting test suite's mutation score: 24%
* Permissions denied during test execution: 
  - java.lang.RuntimePermission: 
         writeFileDescriptor: 1
* Writing JUnit test case 'NodeUtil_ESTest' to evosuite-branch
* Done!

* Computation finished
