* EvoSuite 1.0.6
* Going to generate test cases for class: org.joda.time.format.DateTimeFormatterBuilder
* Starting client
* Connecting to master process on port 18539
* Analyzing classpath: 
  - /tmp/run_evosuite.pl_213792_1545829908/build/classes
  - /d4j/defects4j/framework/projects/Time/lib/joda-convert-1.2.jar
* Finished analyzing classpath
* Generating tests for class org.joda.time.format.DateTimeFormatterBuilder
* Test criterion:
  - Branch Coverage
* Setting up search algorithm for whole suite generation
* Total number of test goals: 730
* Using seed 2000
* Starting evolution
[MASTER] 05:13:34.408 [logback-2] ERROR TestCluster - Failed to check cache for java.util.List<E> : Type points to itself
* Search finished after 101s and 447 generations, 291866 statements, best individual has fitness: 99.15298667359068
* Minimizing test suite
* Going to analyze the coverage criteria
* Coverage analysis for criterion BRANCH
* Coverage of criterion BRANCH: 83%
* Total number of goals: 730
* Number of covered goals: 604
* Generated 168 tests with total length 835
* Resulting test suite's coverage: 84%
* Generating assertions
* Resulting test suite's mutation score: 39%
* Permissions denied during test execution: 
  - java.lang.RuntimePermission: 
         writeFileDescriptor: 29
* Writing JUnit test case 'DateTimeFormatterBuilder_ESTest' to evosuite-branch
* Done!

* Computation finished
