* EvoSuite 1.0.6
* Going to generate test cases for class: org.joda.time.DateTimeZone
* Starting client
* Connecting to master process on port 14953
* Analyzing classpath: 
  - /tmp/run_evosuite.pl_48477_1545145678/build/classes
  - /defects4j/framework/projects/Time/lib/joda-convert-1.2.jar
* Finished analyzing classpath
* Generating tests for class org.joda.time.DateTimeZone
* Test criterion:
  - Branch Coverage
* Setting up search algorithm for whole suite generation
* Total number of test goals: 194
* Using seed 1000
* Starting evolution
[MASTER] 07:08:07.451 [logback-2] ERROR TestCluster - Failed to check cache for java.lang.ref.PhantomReference<T> : Type points to itself
[MASTER] 07:08:07.451 [logback-2] ERROR TestCluster - Failed to check cache for java.lang.ref.SoftReference<T> : Type points to itself
[MASTER] 07:08:07.451 [logback-2] ERROR TestCluster - Failed to check cache for java.lang.ref.WeakReference<T> : Type points to itself
[MASTER] 07:08:09.165 [logback-2] ERROR TestCluster - Failed to check cache for java.time.temporal.TemporalQuery<R> : Type points to itself
[MASTER] 07:08:30.937 [logback-2] ERROR TestCluster - Failed to check cache for java.util.List<E> : Type points to itself
* Search finished after 101s and 1362 generations, 358402 statements, best individual has fitness: 22.166663825308056
* Minimizing test suite
* Going to analyze the coverage criteria
* Coverage analysis for criterion BRANCH
* Coverage of criterion BRANCH: 83%
* Total number of goals: 194
* Number of covered goals: 161
* Generated 58 tests with total length 133
* Resulting test suite's coverage: 83%
* Generating assertions
* Resulting test suite's mutation score: 45%
* Writing JUnit test case 'DateTimeZone_ESTest' to evosuite-branch
* Done!

* Computation finished
