* EvoSuite 1.0.6
* Going to generate test cases for class: org.joda.time.Partial
* Starting client
* Connecting to master process on port 14953
* Analyzing classpath: 
  - /tmp/run_evosuite.pl_60316_1545150655/target/classes
  - /defects4j/framework/projects/Time/lib/org/joda/joda-convert/1.2/joda-convert-1.2.jar
* Finished analyzing classpath
* Generating tests for class org.joda.time.Partial
* Test criterion:
  - Branch Coverage
* Setting up search algorithm for whole suite generation
* Total number of test goals: 138
* Using seed 1000
* Starting evolution
* Search finished after 49s and 706 generations, 238020 statements, best individual has fitness: 0.0
* Minimizing test suite
* Going to analyze the coverage criteria
* Coverage analysis for criterion BRANCH
* Coverage of criterion BRANCH: 99%
* Total number of goals: 138
* Number of covered goals: 137
* Generated 59 tests with total length 286
* Resulting test suite's coverage: 100%
* Generating assertions
* Resulting test suite's mutation score: 69%
* Writing JUnit test case 'Partial_ESTest' to evosuite-branch
* Done!

* Computation finished
* EvoSuite 1.0.6
* Going to generate test cases for class: org.joda.time.field.UnsupportedDurationField
* Starting client
* Connecting to master process on port 14953
* Analyzing classpath: 
  - /tmp/run_evosuite.pl_60316_1545150655/target/classes
  - /defects4j/framework/projects/Time/lib/org/joda/joda-convert/1.2/joda-convert-1.2.jar
* Finished analyzing classpath
* Generating tests for class org.joda.time.field.UnsupportedDurationField
* Test criterion:
  - Branch Coverage
* Setting up search algorithm for whole suite generation
* Total number of test goals: 34
* Using seed 1000
* Starting evolution
[MASTER] 08:32:48.268 [logback-2] ERROR AbstractStatement - Error assigning value of type TemporalQuery[] defined at statement TemporalQuery<DecoratedDurationField>[] temporalQueryArray0 = (TemporalQuery<DecoratedDurationField>[]) Array.newInstance(TemporalQuery.class, 7), assignment statement: temporalQueryArray0[0] = (TemporalQuery<DecoratedDurationField>) temporalQueryArray0; SUT=org.joda.time.field.UnsupportedDurationField
* Search finished after 101s and 3437 generations, 700187 statements, best individual has fitness: 3.5
* Minimizing test suite
* Going to analyze the coverage criteria
* Coverage analysis for criterion BRANCH
* Coverage of criterion BRANCH: 79%
* Total number of goals: 34
* Number of covered goals: 27
* Generated 20 tests with total length 60
* Resulting test suite's coverage: 88%
* Generating assertions
* Resulting test suite's mutation score: 55%
* Writing JUnit test case 'UnsupportedDurationField_ESTest' to evosuite-branch
* Done!

* Computation finished
