* EvoSuite 1.0.6
* Going to generate test cases for class: org.joda.time.DateTimeZone
* Starting client
* Connecting to master process on port 14953
* Analyzing classpath: 
  - /tmp/run_evosuite.pl_45842_1545144393/target/classes
  - /defects4j/framework/projects/Time/lib/org/joda/joda-convert/1.2/joda-convert-1.2.jar
* Finished analyzing classpath
* Generating tests for class org.joda.time.DateTimeZone
* Test criterion:
  - Branch Coverage
* Setting up search algorithm for whole suite generation
* Total number of test goals: 201
* Using seed 1000
* Starting evolution
[MASTER] 06:46:44.070 [logback-2] ERROR TestCluster - Failed to check cache for java.lang.ref.PhantomReference<T> : Type points to itself
[MASTER] 06:46:44.070 [logback-2] ERROR TestCluster - Failed to check cache for java.lang.ref.SoftReference<T> : Type points to itself
[MASTER] 06:46:44.070 [logback-2] ERROR TestCluster - Failed to check cache for java.lang.ref.WeakReference<T> : Type points to itself
[MASTER] 06:46:45.840 [logback-2] ERROR TestCluster - Failed to check cache for java.util.Comparator<T> : Type points to itself
[MASTER] 06:47:21.494 [logback-2] ERROR TestCluster - Failed to check cache for java.util.List<E> : Type points to itself
* Search finished after 101s and 1303 generations, 383204 statements, best individual has fitness: 23.66666635060657
* Minimizing test suite
* Going to analyze the coverage criteria
* Coverage analysis for criterion BRANCH
* Coverage of criterion BRANCH: 83%
* Total number of goals: 201
* Number of covered goals: 167
* Generated 60 tests with total length 128
* Resulting test suite's coverage: 83%
* Generating assertions
* Resulting test suite's mutation score: 49%
* Writing JUnit test case 'DateTimeZone_ESTest' to evosuite-branch
* Done!

* Computation finished
