* EvoSuite 1.0.6
* Going to generate test cases for class: org.joda.time.tz.ZoneInfoCompiler
* Starting client
* Connecting to master process on port 2830
* Analyzing classpath: 
  - /tmp/run_evosuite.pl_151366_1546645383/target/classes
  - /d4j/defects4j/framework/projects/Time/lib/org/joda/joda-convert/1.2/joda-convert-1.2.jar
* Finished analyzing classpath
* Generating tests for class org.joda.time.tz.ZoneInfoCompiler
* Test criterion:
  - Branch Coverage
* Setting up search algorithm for whole suite generation
* Total number of test goals: 232
* Using seed 3000
* Starting evolution
[MASTER] 15:43:12.681 [logback-2] ERROR TestCluster - Failed to check cache for java.util.AbstractMap<K, V>.SimpleEntry<K, V> : Type points to itself
[MASTER] 15:43:12.681 [logback-2] ERROR TestCluster - Failed to check cache for java.util.AbstractMap<K, V>.SimpleImmutableEntry<K, V> : Type points to itself
* Search finished after 101s and 199 generations, 85841 statements, best individual has fitness: 103.83333320321043
* Minimizing test suite
* Going to analyze the coverage criteria
* Coverage analysis for criterion BRANCH
* Coverage of criterion BRANCH: 54%
* Total number of goals: 232
* Number of covered goals: 126
* Generated 45 tests with total length 130
* Resulting test suite's coverage: 54%
* Generating assertions
* Resulting test suite's mutation score: 20%
* Permissions denied during test execution: 
  - java.lang.RuntimePermission: 
         writeFileDescriptor: 21
* Writing JUnit test case 'ZoneInfoCompiler_ESTest' to evosuite-branch
* Done!

* Computation finished
