* EvoSuite 1.0.6
* Going to generate test cases for class: org.joda.time.format.DateTimeFormatterBuilder
* Starting client
* Connecting to master process on port 14953
* Analyzing classpath: 
  - /tmp/run_evosuite.pl_66652_1545153268/build/classes
  - /defects4j/framework/projects/Time/lib/joda-convert-1.2.jar
* Finished analyzing classpath
* Generating tests for class org.joda.time.format.DateTimeFormatterBuilder
* Test criterion:
  - Branch Coverage
* Setting up search algorithm for whole suite generation
* Total number of test goals: 730
* Using seed 1000
* Starting evolution
[MASTER] 09:14:39.395 [logback-2] ERROR TestCluster - Failed to check cache for java.util.Comparator<T> : Type points to itself
* Search finished after 101s and 438 generations, 297053 statements, best individual has fitness: 116.02807199757791
* Minimizing test suite
* Going to analyze the coverage criteria
* Coverage analysis for criterion BRANCH
* Coverage of criterion BRANCH: 80%
* Total number of goals: 730
* Number of covered goals: 585
* Generated 171 tests with total length 818
* Resulting test suite's coverage: 81%
* Generating assertions
* Resulting test suite's mutation score: 38%
* Permissions denied during test execution: 
  - java.lang.RuntimePermission: 
         writeFileDescriptor: 38
* Writing JUnit test case 'DateTimeFormatterBuilder_ESTest' to evosuite-branch
* Done!

* Computation finished
