* EvoSuite 1.0.6
* Going to generate test cases for class: org.joda.time.chrono.BasicMonthOfYearDateTimeField
* Starting client
* Connecting to master process on port 14953
* Analyzing classpath: 
  - /tmp/run_evosuite.pl_4322_1545127074/build/classes
  - /defects4j/framework/projects/Time/lib/joda-convert-1.2.jar
* Finished analyzing classpath
* Generating tests for class org.joda.time.chrono.BasicMonthOfYearDateTimeField
* Test criterion:
  - Branch Coverage
* Setting up search algorithm for whole suite generation
* Total number of test goals: 63
* Using seed 1000
* Starting evolution
[MASTER] 01:59:27.778 [logback-2] ERROR TestCluster - Failed to check cache for java.util.List<E> : Type points to itself
* Search finished after 101s and 1917 generations, 442582 statements, best individual has fitness: 1.5
* Minimizing test suite
* Going to analyze the coverage criteria
* Coverage analysis for criterion BRANCH
* Coverage of criterion BRANCH: 97%
* Total number of goals: 63
* Number of covered goals: 61
* Generated 25 tests with total length 91
* Resulting test suite's coverage: 97%
* Generating assertions
* Resulting test suite's mutation score: 63%
* Permissions denied during test execution: 
  - java.lang.RuntimePermission: 
         writeFileDescriptor: 2
* Writing JUnit test case 'BasicMonthOfYearDateTimeField_ESTest' to evosuite-branch
* Done!

* Computation finished
