* EvoSuite 1.0.6
* Going to generate test cases for class: org.joda.time.chrono.GJChronology
* Starting client
* Connecting to master process on port 14953
* Analyzing classpath: 
  - /tmp/run_evosuite.pl_53477_1545147651/target/classes
  - /defects4j/framework/projects/Time/lib/org/joda/joda-convert/1.2/joda-convert-1.2.jar
* Finished analyzing classpath
* Generating tests for class org.joda.time.chrono.GJChronology
* Test criterion:
  - Branch Coverage
* Setting up search algorithm for whole suite generation
* Total number of test goals: 222
* Using seed 1000
* Starting evolution
[MASTER] 07:41:04.917 [logback-2] ERROR TestCluster - Failed to check cache for java.util.Comparator<T> : Type points to itself
[MASTER] 07:41:58.799 [logback-2] ERROR TestCluster - Failed to check cache for java.util.List<E> : Type points to itself
* Search finished after 101s and 1394 generations, 416945 statements, best individual has fitness: 77.99999999487773
* Minimizing test suite
* Going to analyze the coverage criteria
* Coverage analysis for criterion BRANCH
* Coverage of criterion BRANCH: 60%
* Total number of goals: 222
* Number of covered goals: 133
* Generated 33 tests with total length 106
* Resulting test suite's coverage: 67%
* Generating assertions
* Resulting test suite's mutation score: 32%
* Permissions denied during test execution: 
  - java.lang.RuntimePermission: 
         writeFileDescriptor: 1
* Writing JUnit test case 'GJChronology_ESTest' to evosuite-branch
* Done!

* Computation finished
