* EvoSuite 1.0.6
* Going to generate test cases for class: org.joda.time.format.PeriodFormatterBuilder
* Starting client
* Connecting to master process on port 14953
* Analyzing classpath: 
  - /tmp/run_evosuite.pl_55993_1545148773/build/classes
  - /defects4j/framework/projects/Time/lib/joda-convert-1.2.jar
* Finished analyzing classpath
* Generating tests for class org.joda.time.format.PeriodFormatterBuilder
* Test criterion:
  - Branch Coverage
* Setting up search algorithm for whole suite generation
* Total number of test goals: 577
* Using seed 1000
* Starting evolution
* Search finished after 101s and 493 generations, 346931 statements, best individual has fitness: 33.24999999953434
* Minimizing test suite
* Going to analyze the coverage criteria
* Coverage analysis for criterion BRANCH
* Coverage of criterion BRANCH: 92%
* Total number of goals: 577
* Number of covered goals: 530
* Generated 107 tests with total length 605
* Resulting test suite's coverage: 92%
* Generating assertions
* Resulting test suite's mutation score: 40%
* Permissions denied during test execution: 
  - java.lang.RuntimePermission: 
         writeFileDescriptor: 44
* Writing JUnit test case 'PeriodFormatterBuilder_ESTest' to evosuite-branch
* Done!

* Computation finished
