* EvoSuite 1.0.6
* Going to generate test cases for class: org.joda.time.chrono.ZonedChronology
* Starting client
* Connecting to master process on port 14953
* Analyzing classpath: 
  - /tmp/run_evosuite.pl_7775_1545128553/build/classes
  - /defects4j/framework/projects/Time/lib/joda-convert-1.2.jar
* Finished analyzing classpath
* Generating tests for class org.joda.time.chrono.ZonedChronology
* Test criterion:
  - Branch Coverage
* Setting up search algorithm for whole suite generation
* Total number of test goals: 121
* Using seed 1000
* Starting evolution
* Search finished after 101s and 799 generations, 281011 statements, best individual has fitness: 3.4999999995343387
* Minimizing test suite
* Going to analyze the coverage criteria
* Coverage analysis for criterion BRANCH
* Coverage of criterion BRANCH: 95%
* Total number of goals: 121
* Number of covered goals: 115
* Generated 61 tests with total length 324
* Resulting test suite's coverage: 95%
* Generating assertions
* Resulting test suite's mutation score: 46%
* Writing JUnit test case 'ZonedChronology_ESTest' to evosuite-branch
* Done!

* Computation finished
