* EvoSuite 1.0.6
* Going to generate test cases for class: org.joda.time.format.DateTimeParserBucket
* Starting client
* Connecting to master process on port 14953
* Analyzing classpath: 
  - /tmp/run_evosuite.pl_67807_1545153760/build/classes
  - /defects4j/framework/projects/Time/lib/joda-convert-1.2.jar
* Finished analyzing classpath
* Generating tests for class org.joda.time.format.DateTimeParserBucket
* Test criterion:
  - Branch Coverage
* Setting up search algorithm for whole suite generation
* Total number of test goals: 87
* Using seed 1000
* Starting evolution
* Search finished after 104s and 1880 generations, 654348 statements, best individual has fitness: 2.5
* Minimizing test suite
* Going to analyze the coverage criteria
* Coverage analysis for criterion BRANCH
* Coverage of criterion BRANCH: 97%
* Total number of goals: 87
* Number of covered goals: 84
* Generated 18 tests with total length 105
* Resulting test suite's coverage: 97%
* Generating assertions
* Resulting test suite's mutation score: 35%
* Writing JUnit test case 'DateTimeParserBucket_ESTest' to evosuite-branch
* Done!

* Computation finished
