* EvoSuite 1.0.6
* Going to generate test cases for class: org.joda.time.chrono.GJChronology
* Starting client
* Connecting to master process on port 14953
* Analyzing classpath: 
  - /tmp/run_evosuite.pl_1842_1545126197/target/classes
  - /defects4j/framework/projects/Time/lib/org/joda/joda-convert/1.2/joda-convert-1.2.jar
* Finished analyzing classpath
* Generating tests for class org.joda.time.chrono.GJChronology
* Test criterion:
  - Branch Coverage
* Setting up search algorithm for whole suite generation
* Total number of test goals: 222
* Using seed 1000
* Starting evolution
[MASTER] 01:43:29.584 [logback-2] ERROR TestCluster - Failed to check cache for java.util.Comparator<T> : Type points to itself
* Search finished after 101s and 1235 generations, 382667 statements, best individual has fitness: 74.49832214392572
* Minimizing test suite
* Going to analyze the coverage criteria
* Coverage analysis for criterion BRANCH
* Coverage of criterion BRANCH: 67%
* Total number of goals: 222
* Number of covered goals: 148
* Generated 39 tests with total length 135
* Resulting test suite's coverage: 68%
* Generating assertions
* Resulting test suite's mutation score: 32%
* Permissions denied during test execution: 
  - java.lang.RuntimePermission: 
         writeFileDescriptor: 1
* Writing JUnit test case 'GJChronology_ESTest' to evosuite-branch
* Done!

* Computation finished
