* EvoSuite 1.0.6
* Going to generate test cases for class: org.joda.time.chrono.ZonedChronology
* Starting client
* Connecting to master process on port 14953
* Analyzing classpath: 
  - /tmp/run_evosuite.pl_51069_1545146811/build/classes
  - /defects4j/framework/projects/Time/lib/joda-convert-1.2.jar
* Finished analyzing classpath
* Generating tests for class org.joda.time.chrono.ZonedChronology
* Test criterion:
  - Branch Coverage
* Setting up search algorithm for whole suite generation
* Total number of test goals: 121
* Using seed 1000
* Starting evolution
* Search finished after 101s and 1091 generations, 381055 statements, best individual has fitness: 4.499999999065068
* Minimizing test suite
* Going to analyze the coverage criteria
* Coverage analysis for criterion BRANCH
* Coverage of criterion BRANCH: 94%
* Total number of goals: 121
* Number of covered goals: 114
* Generated 60 tests with total length 307
* Resulting test suite's coverage: 94%
* Generating assertions
* Resulting test suite's mutation score: 38%
* Writing JUnit test case 'ZonedChronology_ESTest' to evosuite-branch
* Done!

* Computation finished
