* EvoSuite 1.0.6
* Going to generate test cases for class: org.joda.time.MutableDateTime
* Starting client
* Connecting to master process on port 18539
* Analyzing classpath: 
  - /tmp/run_evosuite.pl_208401_1545827637/target/classes
  - /d4j/defects4j/framework/projects/Time/lib/org/joda/joda-convert/1.2/joda-convert-1.2.jar
* Finished analyzing classpath
* Generating tests for class org.joda.time.MutableDateTime
* Test criterion:
  - Branch Coverage
* Setting up search algorithm for whole suite generation
* Total number of test goals: 151
* Using seed 2000
* Starting evolution
* Search finished after 101s and 1404 generations, 381646 statements, best individual has fitness: 5.0
* Minimizing test suite
* Going to analyze the coverage criteria
* Coverage analysis for criterion BRANCH
* Coverage of criterion BRANCH: 95%
* Total number of goals: 151
* Number of covered goals: 143
* Generated 95 tests with total length 272
* Resulting test suite's coverage: 95%
* Generating assertions
* Resulting test suite's mutation score: 48%
* Permissions denied during test execution: 
  - java.lang.RuntimePermission: 
         writeFileDescriptor: 1
* Writing JUnit test case 'MutableDateTime_ESTest' to evosuite-branch
* Done!

* Computation finished
