* EvoSuite 1.0.6
* Going to generate test cases for class: org.joda.time.format.PeriodFormatterBuilder
* Starting client
* Connecting to master process on port 14953
* Analyzing classpath: 
  - /tmp/run_evosuite.pl_68684_1545154129/build/classes
* Finished analyzing classpath
* Generating tests for class org.joda.time.format.PeriodFormatterBuilder
* Test criterion:
  - Branch Coverage
* Setting up search algorithm for whole suite generation
* Total number of test goals: 569
* Using seed 1000
* Starting evolution
[MASTER] 09:29:00.542 [logback-2] ERROR TestCluster - Failed to check cache for java.util.function.Function<T, R> : Type points to itself
[MASTER] 09:29:01.017 [logback-2] ERROR TestCluster - Failed to check cache for java.util.Comparator<T> : Type points to itself
* Search finished after 101s and 531 generations, 348249 statements, best individual has fitness: 35.15555555555555
* Minimizing test suite
* Going to analyze the coverage criteria
* Coverage analysis for criterion BRANCH
* Coverage of criterion BRANCH: 91%
* Total number of goals: 569
* Number of covered goals: 520
* Generated 113 tests with total length 757
* Resulting test suite's coverage: 91%
* Generating assertions
* Resulting test suite's mutation score: 41%
* Permissions denied during test execution: 
  - java.lang.RuntimePermission: 
         writeFileDescriptor: 60
* Writing JUnit test case 'PeriodFormatterBuilder_ESTest' to evosuite-branch
* Done!

* Computation finished
