* EvoSuite 1.0.6
* Going to generate test cases for class: org.joda.time.format.DateTimeFormatter
* Starting client
* Connecting to master process on port 14953
* Analyzing classpath: 
  - /tmp/run_evosuite.pl_48191_1545145548/build/classes
  - /defects4j/framework/projects/Time/lib/joda-convert-1.2.jar
* Finished analyzing classpath
* Generating tests for class org.joda.time.format.DateTimeFormatter
* Test criterion:
  - Branch Coverage
* Setting up search algorithm for whole suite generation
* Total number of test goals: 113
* Using seed 1000
* Starting evolution
* Search finished after 101s and 123 generations, 60063 statements, best individual has fitness: 5.999999999068677
* Minimizing test suite
* Going to analyze the coverage criteria
* Coverage analysis for criterion BRANCH
* Coverage of criterion BRANCH: 91%
* Total number of goals: 113
* Number of covered goals: 103
* Generated 47 tests with total length 192
* Resulting test suite's coverage: 91%
* Generating assertions
* Resulting test suite's mutation score: 35%
* Permissions denied during test execution: 
  - java.lang.RuntimePermission: 
         writeFileDescriptor: 6
* Writing JUnit test case 'DateTimeFormatter_ESTest' to evosuite-branch
* Done!

* Computation finished
