* EvoSuite 1.0.6
* Going to generate test cases for class: org.joda.time.format.DateTimeFormatter
* Starting client
* Connecting to master process on port 14953
* Analyzing classpath: 
  - /tmp/run_evosuite.pl_79797_1545158615/target/classes
  - /defects4j/framework/projects/Time/lib/org/joda/joda-convert/1.2/joda-convert-1.2.jar
* Finished analyzing classpath
* Generating tests for class org.joda.time.format.DateTimeFormatter
* Test criterion:
  - Branch Coverage
* Setting up search algorithm for whole suite generation
* Total number of test goals: 113
* Using seed 1000
* Starting evolution
[MASTER] 10:44:36.573 [logback-2] ERROR TestCluster - Failed to check cache for java.util.List<E> : Type points to itself
* Search finished after 101s and 1254 generations, 459071 statements, best individual has fitness: 4.499999999068677
* Minimizing test suite
* Going to analyze the coverage criteria
* Coverage analysis for criterion BRANCH
* Coverage of criterion BRANCH: 94%
* Total number of goals: 113
* Number of covered goals: 106
* Generated 51 tests with total length 198
* Resulting test suite's coverage: 94%
* Generating assertions
* Resulting test suite's mutation score: 38%
* Permissions denied during test execution: 
  - java.lang.RuntimePermission: 
         writeFileDescriptor: 55
* Writing JUnit test case 'DateTimeFormatter_ESTest' to evosuite-branch
* Done!

* Computation finished
