* EvoSuite 1.0.6
* Going to generate test cases for class: org.joda.time.format.PeriodFormatterBuilder
* Starting client
* Connecting to master process on port 14953
* Analyzing classpath: 
  - /tmp/run_evosuite.pl_86008_1545161492/build/classes
* Finished analyzing classpath
* Generating tests for class org.joda.time.format.PeriodFormatterBuilder
* Test criterion:
  - Branch Coverage
* Setting up search algorithm for whole suite generation
* Total number of test goals: 569
* Using seed 1000
* Starting evolution
[MASTER] 11:31:42.382 [logback-2] ERROR TestCluster - Failed to check cache for java.util.function.Function<T, R> : Type points to itself
[MASTER] 11:31:42.737 [logback-2] ERROR TestCluster - Failed to check cache for java.util.Comparator<T> : Type points to itself
* Search finished after 104s and 750 generations, 420932 statements, best individual has fitness: 35.94374086751136
* Minimizing test suite
* Going to analyze the coverage criteria
* Coverage analysis for criterion BRANCH
* Coverage of criterion BRANCH: 91%
* Total number of goals: 569
* Number of covered goals: 520
* Generated 111 tests with total length 650
* Resulting test suite's coverage: 91%
* Generating assertions
* Resulting test suite's mutation score: 38%
* Permissions denied during test execution: 
  - java.lang.RuntimePermission: 
         writeFileDescriptor: 95
* Writing JUnit test case 'PeriodFormatterBuilder_ESTest' to evosuite-branch
* Done!

* Computation finished
