* EvoSuite 1.0.6
* Going to generate test cases for class: org.joda.time.format.PeriodFormatterBuilder
* Starting client
* Connecting to master process on port 19758
* Analyzing classpath: 
  - /tmp/run_evosuite.pl_208948_1546716857/build/classes
  - /d4j/defects4j/framework/projects/Time/lib/joda-convert-1.2.jar
* Finished analyzing classpath
* Generating tests for class org.joda.time.format.PeriodFormatterBuilder
* Test criterion:
  - Branch Coverage
* Setting up search algorithm for whole suite generation
* Total number of test goals: 577
* Using seed 4000
* Starting evolution
* Search finished after 102s and 782 generations, 484677 statements, best individual has fitness: 55.40909090909091
* Minimizing test suite
* Going to analyze the coverage criteria
* Coverage analysis for criterion BRANCH
* Coverage of criterion BRANCH: 88%
* Total number of goals: 577
* Number of covered goals: 508
* Generated 116 tests with total length 618
* Resulting test suite's coverage: 88%
* Generating assertions
* Resulting test suite's mutation score: 35%
* Permissions denied during test execution: 
  - java.lang.RuntimePermission: 
         writeFileDescriptor: 89
* Writing JUnit test case 'PeriodFormatterBuilder_ESTest' to evosuite-branch
* Done!

* Computation finished
