* EvoSuite 1.0.6
* Going to generate test cases for class: org.joda.time.chrono.ZonedChronology
* Starting client
* Connecting to master process on port 14953
* Analyzing classpath: 
  - /tmp/run_evosuite.pl_85715_1545161367/build/classes
  - /defects4j/framework/projects/Time/lib/joda-convert-1.2.jar
* Finished analyzing classpath
* Generating tests for class org.joda.time.chrono.ZonedChronology
* Test criterion:
  - Branch Coverage
* Setting up search algorithm for whole suite generation
* Total number of test goals: 121
* Using seed 1000
* Starting evolution
[MASTER] 11:29:43.070 [logback-2] ERROR AbstractStatement - Error assigning value of type TemporalQuery[] defined at statement TemporalQuery<SkipUndoDateTimeField>[] temporalQueryArray0 = (TemporalQuery<SkipUndoDateTimeField>[]) Array.newInstance(TemporalQuery.class, 2), assignment statement: temporalQueryArray0[0] = (TemporalQuery<SkipUndoDateTimeField>) temporalQueryArray0; SUT=org.joda.time.chrono.ZonedChronology
* Search finished after 101s and 1261 generations, 410016 statements, best individual has fitness: 3.999999998603016
* Minimizing test suite
* Going to analyze the coverage criteria
* Coverage analysis for criterion BRANCH
* Coverage of criterion BRANCH: 95%
* Total number of goals: 121
* Number of covered goals: 115
* Generated 63 tests with total length 348
* Resulting test suite's coverage: 95%
* Generating assertions
* Resulting test suite's mutation score: 45%
* Writing JUnit test case 'ZonedChronology_ESTest' to evosuite-branch
* Done!

* Computation finished
