* EvoSuite 1.0.6
* Going to generate test cases for class: org.joda.time.Partial
* Starting client
* Connecting to master process on port 14953
* Analyzing classpath: 
  - /tmp/run_evosuite.pl_60788_1545150824/target/classes
  - /defects4j/framework/projects/Time/lib/org/joda/joda-convert/1.2/joda-convert-1.2.jar
* Finished analyzing classpath
* Generating tests for class org.joda.time.Partial
* Test criterion:
  - Branch Coverage
* Setting up search algorithm for whole suite generation
* Total number of test goals: 132
* Using seed 1000
* Starting evolution
* Search finished after 35s and 421 generations, 178983 statements, best individual has fitness: 0.0
* Minimizing test suite
* Going to analyze the coverage criteria
* Coverage analysis for criterion BRANCH
* Coverage of criterion BRANCH: 99%
* Total number of goals: 132
* Number of covered goals: 131
* Generated 58 tests with total length 259
* Resulting test suite's coverage: 100%
* Generating assertions
* Resulting test suite's mutation score: 68%
* Writing JUnit test case 'Partial_ESTest' to evosuite-branch
* Done!

* Computation finished
* EvoSuite 1.0.6
* Going to generate test cases for class: org.joda.time.field.UnsupportedDurationField
* Starting client
* Connecting to master process on port 14953
* Analyzing classpath: 
  - /tmp/run_evosuite.pl_60788_1545150824/target/classes
  - /defects4j/framework/projects/Time/lib/org/joda/joda-convert/1.2/joda-convert-1.2.jar
* Finished analyzing classpath
* Generating tests for class org.joda.time.field.UnsupportedDurationField
* Test criterion:
  - Branch Coverage
* Setting up search algorithm for whole suite generation
* Total number of test goals: 35
* Using seed 1000
* Starting evolution
[MASTER] 08:36:12.335 [logback-2] ERROR TestCluster - Failed to check cache for java.util.List<E> : Type points to itself
* Search finished after 101s and 3450 generations, 769929 statements, best individual has fitness: 3.5
* Minimizing test suite
* Going to analyze the coverage criteria
* Coverage analysis for criterion BRANCH
* Coverage of criterion BRANCH: 86%
* Total number of goals: 35
* Number of covered goals: 30
* Generated 22 tests with total length 78
* Resulting test suite's coverage: 89%
* Generating assertions
* Resulting test suite's mutation score: 68%
* Writing JUnit test case 'UnsupportedDurationField_ESTest' to evosuite-branch
* Done!

* Computation finished
