* EvoSuite 1.0.6
* Going to generate test cases for class: org.joda.time.chrono.GJChronology
* Starting client
* Connecting to master process on port 14953
* Analyzing classpath: 
  - /tmp/run_evosuite.pl_48762_1545145802/build/classes
  - /defects4j/framework/projects/Time/lib/joda-convert-1.2.jar
* Finished analyzing classpath
* Generating tests for class org.joda.time.chrono.GJChronology
* Test criterion:
  - Branch Coverage
* Setting up search algorithm for whole suite generation
* Total number of test goals: 199
* Using seed 1000
* Starting evolution
[MASTER] 07:10:11.651 [logback-2] ERROR TestCluster - Failed to check cache for java.util.Comparator<T> : Type points to itself
* Search finished after 101s and 1381 generations, 400298 statements, best individual has fitness: 69.87499999534339
* Minimizing test suite
* Going to analyze the coverage criteria
* Coverage analysis for criterion BRANCH
* Coverage of criterion BRANCH: 59%
* Total number of goals: 199
* Number of covered goals: 118
* Generated 25 tests with total length 102
* Resulting test suite's coverage: 68%
* Generating assertions
* Resulting test suite's mutation score: 25%
* Writing JUnit test case 'GJChronology_ESTest' to evosuite-branch
* Done!

* Computation finished
