* EvoSuite 1.0.6
* Going to generate test cases for class: org.joda.time.base.BaseSingleFieldPeriod
* Starting client
* Connecting to master process on port 18539
* Analyzing classpath: 
  - /tmp/run_evosuite.pl_210640_1545828375/target/classes
  - /d4j/defects4j/framework/projects/Time/lib/org/joda/joda-convert/1.2/joda-convert-1.2.jar
* Finished analyzing classpath
* Generating tests for class org.joda.time.base.BaseSingleFieldPeriod
* Test criterion:
  - Branch Coverage
* Setting up search algorithm for whole suite generation
* Total number of test goals: 53
* Using seed 2000
* Starting evolution
* Search finished after 101s and 1576 generations, 346477 statements, best individual has fitness: 1.5
* Minimizing test suite
* Going to analyze the coverage criteria
* Coverage analysis for criterion BRANCH
* Coverage of criterion BRANCH: 96%
* Total number of goals: 53
* Number of covered goals: 51
* Generated 29 tests with total length 77
* Resulting test suite's coverage: 96%
* Generating assertions
* Resulting test suite's mutation score: 51%
* Permissions denied during test execution: 
  - java.lang.RuntimePermission: 
         writeFileDescriptor: 332
* Writing JUnit test case 'BaseSingleFieldPeriod_ESTest' to evosuite-branch
* Done!

* Computation finished
