* EvoSuite 1.0.6
* Going to generate test cases for class: org.joda.time.DateTimeZone
* Starting client
* Connecting to master process on port 14953
* Analyzing classpath: 
  - /tmp/run_evosuite.pl_59440_1545150271/build/classes
  - /defects4j/framework/projects/Time/lib/joda-convert-1.2.jar
* Finished analyzing classpath
* Generating tests for class org.joda.time.DateTimeZone
* Test criterion:
  - Branch Coverage
* Setting up search algorithm for whole suite generation
* Total number of test goals: 182
* Using seed 1000
* Starting evolution
[MASTER] 08:24:40.812 [logback-2] ERROR TestCluster - Failed to check cache for java.lang.ref.PhantomReference<T> : Type points to itself
[MASTER] 08:24:40.812 [logback-2] ERROR TestCluster - Failed to check cache for java.lang.ref.SoftReference<T> : Type points to itself
[MASTER] 08:24:40.813 [logback-2] ERROR TestCluster - Failed to check cache for java.lang.ref.WeakReference<T> : Type points to itself
[MASTER] 08:25:03.797 [logback-2] ERROR TestCluster - Failed to check cache for java.util.List<E> : Type points to itself
* Search finished after 101s and 1310 generations, 360019 statements, best individual has fitness: 24.666666310924036
* Minimizing test suite
* Going to analyze the coverage criteria
* Coverage analysis for criterion BRANCH
* Coverage of criterion BRANCH: 81%
* Total number of goals: 182
* Number of covered goals: 147
* Generated 46 tests with total length 100
* Resulting test suite's coverage: 81%
* Generating assertions
* Resulting test suite's mutation score: 43%
* Writing JUnit test case 'DateTimeZone_ESTest' to evosuite-branch
* Done!

* Computation finished
