* EvoSuite 1.0.6
* Going to generate test cases for class: org.joda.time.LocalDate
* Starting client
* Connecting to master process on port 18557
* Analyzing classpath: 
  - /tmp/run_evosuite.pl_59234_1546801499/build/classes
  - /d4j/defects4j/framework/projects/Time/lib/joda-convert-1.2.jar
* Finished analyzing classpath
* Generating tests for class org.joda.time.LocalDate
* Test criterion:
  - Branch Coverage
* Setting up search algorithm for whole suite generation
* Total number of test goals: 221
* Using seed 5000
* Starting evolution
* Search finished after 101s and 1628 generations, 398879 statements, best individual has fitness: 13.499999999068677
* Minimizing test suite
* Going to analyze the coverage criteria
* Coverage analysis for criterion BRANCH
* Coverage of criterion BRANCH: 94%
* Total number of goals: 221
* Number of covered goals: 208
* Generated 99 tests with total length 331
* Resulting test suite's coverage: 94%
* Generating assertions
* Resulting test suite's mutation score: 44%
* Permissions denied during test execution: 
  - java.lang.RuntimePermission: 
         writeFileDescriptor: 2
* Writing JUnit test case 'LocalDate_ESTest' to evosuite-branch
* Done!

* Computation finished
* EvoSuite 1.0.6
* Going to generate test cases for class: org.joda.time.LocalDateTime
* Starting client
* Connecting to master process on port 18557
* Analyzing classpath: 
  - /tmp/run_evosuite.pl_59234_1546801499/build/classes
  - /d4j/defects4j/framework/projects/Time/lib/joda-convert-1.2.jar
* Finished analyzing classpath
* Generating tests for class org.joda.time.LocalDateTime
* Test criterion:
  - Branch Coverage
* Setting up search algorithm for whole suite generation
* Total number of test goals: 226
* Using seed 5000
* Starting evolution
[MASTER] 11:10:24.932 [logback-2] ERROR TestCluster - Failed to check cache for java.util.List<E> : Type points to itself
* Search finished after 102s and 1591 generations, 436445 statements, best individual has fitness: 12.5
* Minimizing test suite
* Going to analyze the coverage criteria
* Coverage analysis for criterion BRANCH
* Coverage of criterion BRANCH: 94%
* Total number of goals: 226
* Number of covered goals: 213
* Generated 120 tests with total length 382
* Resulting test suite's coverage: 94%
* Generating assertions
* Resulting test suite's mutation score: 43%
* Writing JUnit test case 'LocalDateTime_ESTest' to evosuite-branch
* Done!

* Computation finished
