* EvoSuite 1.0.6
* Going to generate test cases for class: org.joda.time.format.DateTimeFormatter
* Starting client
* Connecting to master process on port 14953
* Analyzing classpath: 
  - /tmp/run_evosuite.pl_62479_1545151334/target/classes
  - /defects4j/framework/projects/Time/lib/org/joda/joda-convert/1.2/joda-convert-1.2.jar
* Finished analyzing classpath
* Generating tests for class org.joda.time.format.DateTimeFormatter
* Test criterion:
  - Branch Coverage
* Setting up search algorithm for whole suite generation
* Total number of test goals: 113
* Using seed 1000
* Starting evolution
* Search finished after 101s and 1179 generations, 416227 statements, best individual has fitness: 4.499999999068677
* Minimizing test suite
* Going to analyze the coverage criteria
* Coverage analysis for criterion BRANCH
* Coverage of criterion BRANCH: 92%
* Total number of goals: 113
* Number of covered goals: 104
* Generated 51 tests with total length 210
* Resulting test suite's coverage: 94%
* Generating assertions
* Resulting test suite's mutation score: 37%
* Permissions denied during test execution: 
  - java.lang.RuntimePermission: 
         writeFileDescriptor: 72
* Writing JUnit test case 'DateTimeFormatter_ESTest' to evosuite-branch
* Done!

* Computation finished
