* EvoSuite 1.0.6
* Going to generate test cases for class: org.joda.time.chrono.BasicMonthOfYearDateTimeField
* Starting client
* Connecting to master process on port 19758
* Analyzing classpath: 
  - /tmp/run_evosuite.pl_209234_1546716993/build/classes
  - /d4j/defects4j/framework/projects/Time/lib/joda-convert-1.2.jar
* Finished analyzing classpath
* Generating tests for class org.joda.time.chrono.BasicMonthOfYearDateTimeField
* Test criterion:
  - Branch Coverage
* Setting up search algorithm for whole suite generation
* Total number of test goals: 63
* Using seed 4000
* Starting evolution
[MASTER] 11:37:37.539 [logback-2] ERROR TestCluster - Failed to check cache for java.util.List<E> : Type points to itself
* Search finished after 101s and 2203 generations, 505214 statements, best individual has fitness: 1.0
* Minimizing test suite
* Going to analyze the coverage criteria
* Coverage analysis for criterion BRANCH
* Coverage of criterion BRANCH: 98%
* Total number of goals: 63
* Number of covered goals: 62
* Generated 23 tests with total length 79
* Resulting test suite's coverage: 98%
* Generating assertions
* Resulting test suite's mutation score: 60%
* Writing JUnit test case 'BasicMonthOfYearDateTimeField_ESTest' to evosuite-branch
* Done!

* Computation finished
