* EvoSuite 1.0.6
* Going to generate test cases for class: org.joda.time.DateTimeZone
* Starting client
* Connecting to master process on port 14953
* Analyzing classpath: 
  - /tmp/run_evosuite.pl_62820_1545151450/target/classes
  - /defects4j/framework/projects/Time/lib/org/joda/joda-convert/1.2/joda-convert-1.2.jar
* Finished analyzing classpath
* Generating tests for class org.joda.time.DateTimeZone
* Test criterion:
  - Branch Coverage
* Setting up search algorithm for whole suite generation
* Total number of test goals: 205
* Using seed 1000
* Starting evolution
[MASTER] 08:44:20.909 [logback-2] ERROR TestCluster - Failed to check cache for java.lang.ref.PhantomReference<T> : Type points to itself
[MASTER] 08:44:20.909 [logback-2] ERROR TestCluster - Failed to check cache for java.lang.ref.SoftReference<T> : Type points to itself
[MASTER] 08:44:20.909 [logback-2] ERROR TestCluster - Failed to check cache for java.lang.ref.WeakReference<T> : Type points to itself
[MASTER] 08:44:22.352 [logback-2] ERROR TestCluster - Failed to check cache for java.util.Comparator<T> : Type points to itself
[MASTER] 08:44:35.166 [logback-2] ERROR TestCluster - Failed to check cache for java.util.List<E> : Type points to itself
* Search finished after 101s and 1429 generations, 321195 statements, best individual has fitness: 23.66666635060657
* Minimizing test suite
* Going to analyze the coverage criteria
* Coverage analysis for criterion BRANCH
* Coverage of criterion BRANCH: 83%
* Total number of goals: 205
* Number of covered goals: 170
* Generated 61 tests with total length 131
* Resulting test suite's coverage: 83%
* Generating assertions
* Resulting test suite's mutation score: 44%
* Writing JUnit test case 'DateTimeZone_ESTest' to evosuite-branch
* Done!

* Computation finished
