* EvoSuite 1.0.6
* Going to generate test cases for class: org.joda.time.MutableDateTime
* Starting client
* Connecting to master process on port 14953
* Analyzing classpath: 
  - /tmp/run_evosuite.pl_78582_1545158269/target/classes
  - /defects4j/framework/projects/Time/lib/org/joda/joda-convert/1.2/joda-convert-1.2.jar
* Finished analyzing classpath
* Generating tests for class org.joda.time.MutableDateTime
* Test criterion:
  - Branch Coverage
* Setting up search algorithm for whole suite generation
* Total number of test goals: 151
* Using seed 1000
* Starting evolution
[MASTER] 10:38:46.475 [logback-2] ERROR TestCluster - Failed to check cache for java.util.List<E> : Type points to itself
* Search finished after 101s and 1391 generations, 416083 statements, best individual has fitness: 4.0
* Minimizing test suite
* Going to analyze the coverage criteria
* Coverage analysis for criterion BRANCH
* Coverage of criterion BRANCH: 96%
* Total number of goals: 151
* Number of covered goals: 145
* Generated 95 tests with total length 310
* Resulting test suite's coverage: 96%
* Generating assertions
* Resulting test suite's mutation score: 54%
* Writing JUnit test case 'MutableDateTime_ESTest' to evosuite-branch
* Done!

* Computation finished
