* EvoSuite 1.0.6
* Going to generate test cases for class: org.joda.time.Partial
* Starting client
* Connecting to master process on port 14953
* Analyzing classpath: 
  - /tmp/run_evosuite.pl_51654_1545147074/target/classes
  - /defects4j/framework/projects/Time/lib/org/joda/joda-convert/1.2/joda-convert-1.2.jar
* Finished analyzing classpath
* Generating tests for class org.joda.time.Partial
* Test criterion:
  - Branch Coverage
* Setting up search algorithm for whole suite generation
* Total number of test goals: 138
* Using seed 1000
* Starting evolution
[MASTER] 07:32:40.206 [logback-2] ERROR TestCluster - Failed to check cache for java.util.List<E> : Type points to itself
* Search finished after 99s and 1393 generations, 486925 statements, best individual has fitness: 0.0
* Minimizing test suite
* Going to analyze the coverage criteria
* Coverage analysis for criterion BRANCH
* Coverage of criterion BRANCH: 99%
* Total number of goals: 138
* Number of covered goals: 137
* Generated 60 tests with total length 288
* Resulting test suite's coverage: 100%
* Generating assertions
* Resulting test suite's mutation score: 66%
* Writing JUnit test case 'Partial_ESTest' to evosuite-branch
* Done!

* Computation finished
* EvoSuite 1.0.6
* Going to generate test cases for class: org.joda.time.field.UnsupportedDurationField
* Starting client
* Connecting to master process on port 14953
* Analyzing classpath: 
  - /tmp/run_evosuite.pl_51654_1545147074/target/classes
  - /defects4j/framework/projects/Time/lib/org/joda/joda-convert/1.2/joda-convert-1.2.jar
* Finished analyzing classpath
* Generating tests for class org.joda.time.field.UnsupportedDurationField
* Test criterion:
  - Branch Coverage
* Setting up search algorithm for whole suite generation
* Total number of test goals: 34
* Using seed 1000
* Starting evolution
[MASTER] 07:33:57.615 [logback-2] ERROR TestCluster - Failed to check cache for java.util.List<E> : Type points to itself
* Search finished after 101s and 3137 generations, 648269 statements, best individual has fitness: 3.5
* Minimizing test suite
* Going to analyze the coverage criteria
* Coverage analysis for criterion BRANCH
* Coverage of criterion BRANCH: 82%
* Total number of goals: 34
* Number of covered goals: 28
* Generated 21 tests with total length 64
* Resulting test suite's coverage: 88%
* Generating assertions
* Resulting test suite's mutation score: 59%
* Writing JUnit test case 'UnsupportedDurationField_ESTest' to evosuite-branch
* Done!

* Computation finished
