* EvoSuite 1.0.6
* Going to generate test cases for class: org.joda.time.Partial
* Starting client
* Connecting to master process on port 18539
* Analyzing classpath: 
  - /tmp/run_evosuite.pl_207451_1545827286/target/classes
  - /d4j/defects4j/framework/projects/Time/lib/org/joda/joda-convert/1.2/joda-convert-1.2.jar
* Finished analyzing classpath
* Generating tests for class org.joda.time.Partial
* Test criterion:
  - Branch Coverage
* Setting up search algorithm for whole suite generation
* Total number of test goals: 138
* Using seed 2000
* Starting evolution
* Search finished after 69s and 1131 generations, 371036 statements, best individual has fitness: 0.0
* Minimizing test suite
* Going to analyze the coverage criteria
* Coverage analysis for criterion BRANCH
* Coverage of criterion BRANCH: 99%
* Total number of goals: 138
* Number of covered goals: 136
* Generated 55 tests with total length 263
* Resulting test suite's coverage: 100%
* Generating assertions
* Resulting test suite's mutation score: 55%
* Permissions denied during test execution: 
  - java.lang.RuntimePermission: 
         writeFileDescriptor: 1
* Writing JUnit test case 'Partial_ESTest' to evosuite-branch
* Done!

* Computation finished
* EvoSuite 1.0.6
* Going to generate test cases for class: org.joda.time.field.UnsupportedDurationField
* Starting client
* Connecting to master process on port 18539
* Analyzing classpath: 
  - /tmp/run_evosuite.pl_207451_1545827286/target/classes
  - /d4j/defects4j/framework/projects/Time/lib/org/joda/joda-convert/1.2/joda-convert-1.2.jar
* Finished analyzing classpath
* Generating tests for class org.joda.time.field.UnsupportedDurationField
* Test criterion:
  - Branch Coverage
* Setting up search algorithm for whole suite generation
* Total number of test goals: 34
* Using seed 2000
* Starting evolution
[MASTER] 04:30:15.342 [logback-2] ERROR TestCluster - Failed to check cache for java.util.List<E> : Type points to itself
* Search finished after 101s and 4064 generations, 721151 statements, best individual has fitness: 3.5
* Minimizing test suite
* Going to analyze the coverage criteria
* Coverage analysis for criterion BRANCH
* Coverage of criterion BRANCH: 85%
* Total number of goals: 34
* Number of covered goals: 29
* Generated 21 tests with total length 76
* Resulting test suite's coverage: 88%
* Generating assertions
* Resulting test suite's mutation score: 59%
* Writing JUnit test case 'UnsupportedDurationField_ESTest' to evosuite-branch
* Done!

* Computation finished
