* EvoSuite 1.0.6
* Going to generate test cases for class: org.joda.time.DateTimeZone
* Starting client
* Connecting to master process on port 14953
* Analyzing classpath: 
  - /tmp/run_evosuite.pl_6898_1545128189/build/classes
  - /defects4j/framework/projects/Time/lib/joda-convert-1.2.jar
* Finished analyzing classpath
* Generating tests for class org.joda.time.DateTimeZone
* Test criterion:
  - Branch Coverage
* Setting up search algorithm for whole suite generation
* Total number of test goals: 186
* Using seed 1000
* Starting evolution
[MASTER] 02:16:38.546 [logback-2] ERROR TestCluster - Failed to check cache for java.lang.ref.PhantomReference<T> : Type points to itself
[MASTER] 02:16:38.546 [logback-2] ERROR TestCluster - Failed to check cache for java.lang.ref.SoftReference<T> : Type points to itself
[MASTER] 02:16:38.546 [logback-2] ERROR TestCluster - Failed to check cache for java.lang.ref.WeakReference<T> : Type points to itself
[MASTER] 02:16:40.762 [logback-2] ERROR TestCluster - Failed to check cache for java.time.temporal.TemporalQuery<R> : Type points to itself
[MASTER] 02:16:51.518 [logback-2] ERROR TestCluster - Failed to check cache for java.util.List<E> : Type points to itself
* Search finished after 101s and 1290 generations, 342867 statements, best individual has fitness: 20.166663996302127
* Minimizing test suite
* Going to analyze the coverage criteria
* Coverage analysis for criterion BRANCH
* Coverage of criterion BRANCH: 84%
* Total number of goals: 186
* Number of covered goals: 156
* Generated 55 tests with total length 125
* Resulting test suite's coverage: 84%
* Generating assertions
* Resulting test suite's mutation score: 46%
* Writing JUnit test case 'DateTimeZone_ESTest' to evosuite-branch
* Done!

* Computation finished
