* EvoSuite 1.0.6
* Going to generate test cases for class: org.joda.time.chrono.ZonedChronology
* Starting client
* Connecting to master process on port 2830
* Analyzing classpath: 
  - /tmp/run_evosuite.pl_155912_1546647460/build/classes
  - /d4j/defects4j/framework/projects/Time/lib/joda-convert-1.2.jar
* Finished analyzing classpath
* Generating tests for class org.joda.time.chrono.ZonedChronology
* Test criterion:
  - Branch Coverage
* Setting up search algorithm for whole suite generation
* Total number of test goals: 121
* Using seed 3000
* Starting evolution
* Search finished after 101s and 1433 generations, 466674 statements, best individual has fitness: 4.499999998603016
* Minimizing test suite
* Going to analyze the coverage criteria
* Coverage analysis for criterion BRANCH
* Coverage of criterion BRANCH: 93%
* Total number of goals: 121
* Number of covered goals: 112
* Generated 56 tests with total length 325
* Resulting test suite's coverage: 94%
* Generating assertions
* Resulting test suite's mutation score: 42%
* Writing JUnit test case 'ZonedChronology_ESTest' to evosuite-branch
* Done!

* Computation finished
