* EvoSuite 1.0.6
* Going to generate test cases for class: org.joda.time.Partial
* Starting client
* Connecting to master process on port 18539
* Analyzing classpath: 
  - /tmp/run_evosuite.pl_208693_1545827753/target/classes
  - /d4j/defects4j/framework/projects/Time/lib/org/joda/joda-convert/1.2/joda-convert-1.2.jar
* Finished analyzing classpath
* Generating tests for class org.joda.time.Partial
* Test criterion:
  - Branch Coverage
* Setting up search algorithm for whole suite generation
* Total number of test goals: 134
* Using seed 2000
* Starting evolution
* Search finished after 101s and 1645 generations, 506170 statements, best individual has fitness: 0.6666666666666666
* Minimizing test suite
* Going to analyze the coverage criteria
* Coverage analysis for criterion BRANCH
* Coverage of criterion BRANCH: 97%
* Total number of goals: 134
* Number of covered goals: 130
* Generated 54 tests with total length 264
* Resulting test suite's coverage: 99%
* Generating assertions
* Resulting test suite's mutation score: 49%
* Writing JUnit test case 'Partial_ESTest' to evosuite-branch
* Done!

* Computation finished
