* EvoSuite 1.0.6
* Going to generate test cases for class: org.joda.time.format.DateTimeFormatterBuilder
* Starting client
* Connecting to master process on port 18557
* Analyzing classpath: 
  - /tmp/run_evosuite.pl_61700_1546802793/build/classes
  - /d4j/defects4j/framework/projects/Time/lib/joda-convert-1.2.jar
* Finished analyzing classpath
* Generating tests for class org.joda.time.format.DateTimeFormatterBuilder
* Test criterion:
  - Branch Coverage
* Setting up search algorithm for whole suite generation
* Total number of test goals: 730
* Using seed 5000
* Starting evolution
[MASTER] 11:26:54.164 [logback-2] ERROR TestCluster - Failed to check cache for java.util.List<E> : Type points to itself
* Search finished after 101s and 522 generations, 322240 statements, best individual has fitness: 75.3665914991465
* Minimizing test suite
* Going to analyze the coverage criteria
* Coverage analysis for criterion BRANCH
* Coverage of criterion BRANCH: 86%
* Total number of goals: 730
* Number of covered goals: 629
* Generated 177 tests with total length 855
* Resulting test suite's coverage: 87%
* Generating assertions
* Resulting test suite's mutation score: 41%
* Permissions denied during test execution: 
  - java.lang.RuntimePermission: 
         writeFileDescriptor: 41
* Writing JUnit test case 'DateTimeFormatterBuilder_ESTest' to evosuite-branch
* Done!

* Computation finished
