* EvoSuite 1.0.6
* Going to generate test cases for class: org.joda.time.chrono.BasicMonthOfYearDateTimeField
* Starting client
* Connecting to master process on port 2830
* Analyzing classpath: 
  - /tmp/run_evosuite.pl_152460_1546646035/build/classes
  - /d4j/defects4j/framework/projects/Time/lib/joda-convert-1.2.jar
* Finished analyzing classpath
* Generating tests for class org.joda.time.chrono.BasicMonthOfYearDateTimeField
* Test criterion:
  - Branch Coverage
* Setting up search algorithm for whole suite generation
* Total number of test goals: 63
* Using seed 3000
* Starting evolution
* Search finished after 101s and 2212 generations, 639171 statements, best individual has fitness: 1.0
* Minimizing test suite
* Going to analyze the coverage criteria
* Coverage analysis for criterion BRANCH
* Coverage of criterion BRANCH: 97%
* Total number of goals: 63
* Number of covered goals: 61
* Generated 24 tests with total length 99
* Resulting test suite's coverage: 98%
* Generating assertions
* Resulting test suite's mutation score: 63%
* Writing JUnit test case 'BasicMonthOfYearDateTimeField_ESTest' to evosuite-branch
* Done!

* Computation finished
