* EvoSuite 1.0.6
* Going to generate test cases for class: org.joda.time.format.DateTimeFormatter
* Starting client
* Connecting to master process on port 19758
* Analyzing classpath: 
  - /tmp/run_evosuite.pl_209805_1546717217/build/classes
  - /d4j/defects4j/framework/projects/Time/lib/joda-convert-1.2.jar
* Finished analyzing classpath
* Generating tests for class org.joda.time.format.DateTimeFormatter
* Test criterion:
  - Branch Coverage
* Setting up search algorithm for whole suite generation
* Total number of test goals: 113
* Using seed 4000
* Starting evolution
* Search finished after 102s and 1248 generations, 426685 statements, best individual has fitness: 2.9999999990686774
* Minimizing test suite
* Going to analyze the coverage criteria
* Coverage analysis for criterion BRANCH
* Coverage of criterion BRANCH: 96%
* Total number of goals: 113
* Number of covered goals: 109
* Generated 50 tests with total length 228
* Resulting test suite's coverage: 96%
* Generating assertions
* Resulting test suite's mutation score: 35%
* Permissions denied during test execution: 
  - java.lang.RuntimePermission: 
         writeFileDescriptor: 49
* Writing JUnit test case 'DateTimeFormatter_ESTest' to evosuite-branch
* Done!

* Computation finished
