* EvoSuite 1.0.6
* Going to generate test cases for class: org.joda.time.base.BasePeriod
* Starting client
* Connecting to master process on port 14953
* Analyzing classpath: 
  - /tmp/run_evosuite.pl_58564_1545149920/build/classes
  - /defects4j/framework/projects/Time/lib/joda-convert-1.2.jar
* Finished analyzing classpath
* Generating tests for class org.joda.time.base.BasePeriod
* Test criterion:
  - Branch Coverage
* Setting up search algorithm for whole suite generation
* Total number of test goals: 78
* Using seed 1000
* Starting evolution
[MASTER] 08:19:47.852 [logback-2] ERROR TestCluster - Failed to check cache for java.util.List<E> : Type points to itself
* Search finished after 101s and 1875 generations, 428868 statements, best individual has fitness: 1.0
* Minimizing test suite
* Going to analyze the coverage criteria
* Coverage analysis for criterion BRANCH
* Coverage of criterion BRANCH: 97%
* Total number of goals: 78
* Number of covered goals: 76
* Generated 29 tests with total length 103
* Resulting test suite's coverage: 97%
* Generating assertions
* Resulting test suite's mutation score: 21%
* Permissions denied during test execution: 
  - java.lang.RuntimePermission: 
         writeFileDescriptor: 4
* Writing JUnit test case 'BasePeriod_ESTest' to evosuite-branch
* Done!

* Computation finished
