* EvoSuite 1.0.6
* Going to generate test cases for class: org.joda.time.base.BasePeriod
* Starting client
* Connecting to master process on port 18539
* Analyzing classpath: 
  - /tmp/run_evosuite.pl_214363_1545830164/build/classes
  - /d4j/defects4j/framework/projects/Time/lib/joda-convert-1.2.jar
* Finished analyzing classpath
* Generating tests for class org.joda.time.base.BasePeriod
* Test criterion:
  - Branch Coverage
* Setting up search algorithm for whole suite generation
* Total number of test goals: 78
* Using seed 2000
* Starting evolution
[MASTER] 05:17:20.933 [logback-2] ERROR TestCluster - Failed to check cache for java.util.List<E> : Type points to itself
* Search finished after 101s and 1944 generations, 449928 statements, best individual has fitness: 0.5
* Minimizing test suite
* Going to analyze the coverage criteria
* Coverage analysis for criterion BRANCH
* Coverage of criterion BRANCH: 99%
* Total number of goals: 78
* Number of covered goals: 77
* Generated 28 tests with total length 99
* Resulting test suite's coverage: 99%
* Generating assertions
* Resulting test suite's mutation score: 26%
* Writing JUnit test case 'BasePeriod_ESTest' to evosuite-branch
* Done!

* Computation finished
