* EvoSuite 1.0.6
* Going to generate test cases for class: org.joda.time.tz.ZoneInfoCompiler
* Starting client
* Connecting to master process on port 14953
* Analyzing classpath: 
  - /tmp/run_evosuite.pl_46525_1545144631/target/classes
  - /defects4j/framework/projects/Time/lib/org/joda/joda-convert/1.2/joda-convert-1.2.jar
* Finished analyzing classpath
* Generating tests for class org.joda.time.tz.ZoneInfoCompiler
* Test criterion:
  - Branch Coverage
* Setting up search algorithm for whole suite generation
* Total number of test goals: 232
* Using seed 1000
* Starting evolution
[MASTER] 06:50:41.898 [logback-2] ERROR TestCluster - Failed to check cache for java.util.AbstractMap<K, V>.SimpleEntry<K, V> : Type points to itself
[MASTER] 06:50:41.898 [logback-2] ERROR TestCluster - Failed to check cache for java.util.AbstractMap<K, V>.SimpleImmutableEntry<K, V> : Type points to itself
* Search finished after 104s and 175 generations, 61459 statements, best individual has fitness: 110.66666662011254
* Minimizing test suite
* Going to analyze the coverage criteria
* Coverage analysis for criterion BRANCH
* Coverage of criterion BRANCH: 53%
* Total number of goals: 232
* Number of covered goals: 122
* Generated 43 tests with total length 118
* Resulting test suite's coverage: 53%
* Generating assertions
* Resulting test suite's mutation score: 19%
* Permissions denied during test execution: 
  - java.lang.RuntimePermission: 
         writeFileDescriptor: 143
* Writing JUnit test case 'ZoneInfoCompiler_ESTest' to evosuite-branch
* Done!

* Computation finished
