* EvoSuite 1.0.6
* Going to generate test cases for class: org.joda.time.format.DateTimeFormatter
* Starting client
* Connecting to master process on port 14953
* Analyzing classpath: 
  - /tmp/run_evosuite.pl_65511_1545152747/build/classes
  - /defects4j/framework/projects/Time/lib/joda-convert-1.2.jar
* Finished analyzing classpath
* Generating tests for class org.joda.time.format.DateTimeFormatter
* Test criterion:
  - Branch Coverage
* Setting up search algorithm for whole suite generation
* Total number of test goals: 113
* Using seed 1000
* Starting evolution
* Search finished after 101s and 118 generations, 54243 statements, best individual has fitness: 8.999999999068677
* Minimizing test suite
* Going to analyze the coverage criteria
* Coverage analysis for criterion BRANCH
* Coverage of criterion BRANCH: 88%
* Total number of goals: 113
* Number of covered goals: 99
* Generated 44 tests with total length 175
* Resulting test suite's coverage: 88%
* Generating assertions
* Resulting test suite's mutation score: 35%
* Permissions denied during test execution: 
  - java.lang.RuntimePermission: 
         writeFileDescriptor: 3
* Writing JUnit test case 'DateTimeFormatter_ESTest' to evosuite-branch
* Done!

* Computation finished
