* EvoSuite 1.0.6
* Going to generate test cases for class: org.jfree.chart.renderer.category.MinMaxCategoryRenderer
* Starting client
* Connecting to master process on port 2830
* Analyzing classpath: 
  - /tmp/run_evosuite.pl_14848_1546601989/build
  - /tmp/run_evosuite.pl_14848_1546601989/lib/servlet.jar
[MASTER] 03:39:58.215 [logback-1] WARN  TestUsageChecker - class org.jfree.chart.renderer.category.MinMaxCategoryRenderer$2 looks like an anonymous class, ignoring it (although reflection says false) MinMaxCategoryRenderer$2
[MASTER] 03:39:58.215 [logback-1] WARN  TestUsageChecker - class org.jfree.chart.renderer.category.MinMaxCategoryRenderer$1 looks like an anonymous class, ignoring it (although reflection says false) MinMaxCategoryRenderer$1
* Finished analyzing classpath
* Generating tests for class org.jfree.chart.renderer.category.MinMaxCategoryRenderer
* Test criterion:
  - Branch Coverage
* Setting up search algorithm for whole suite generation
* Total number of test goals: 73
* Using seed 3000
* Starting evolution
[MASTER] 03:40:04.416 [logback-2] ERROR TestCluster - Failed to check cache for java.util.Enumeration<E> : Type points to itself
* Search finished after 101s and 659 generations, 243206 statements, best individual has fitness: 42.0
* Minimizing test suite
* Going to analyze the coverage criteria
* Coverage analysis for criterion BRANCH
* Coverage of criterion BRANCH: 45%
* Total number of goals: 73
* Number of covered goals: 33
* Generated 18 tests with total length 51
* Resulting test suite's coverage: 45%
* Generating assertions
* Resulting test suite's mutation score: 8%
* Permissions denied during test execution: 
  - java.io.FilePermission: 
         write /tmp/+~JF2698004723717822750.tmp: 1
         write /tmp/+~JT6235970227751370951.tmp: 1
  - java.lang.RuntimePermission: 
         writeFileDescriptor: 4
* Writing JUnit test case 'MinMaxCategoryRenderer_ESTest' to evosuite-branch
* Done!

* Computation finished
