* EvoSuite 1.0.6
* Going to generate test cases for class: org.jfree.data.category.DefaultIntervalCategoryDataset
* Starting client
* Connecting to master process on port 14953
* Analyzing classpath: 
  - /tmp/run_evosuite.pl_68650_1545146780/build
  - /tmp/run_evosuite.pl_68650_1545146780/lib/servlet.jar
* Finished analyzing classpath
* Generating tests for class org.jfree.data.category.DefaultIntervalCategoryDataset
* Test criterion:
  - Branch Coverage
* Setting up search algorithm for whole suite generation
* Total number of test goals: 137
* Using seed 1000
* Starting evolution
[MASTER] 07:26:34.364 [logback-2] ERROR TestCluster - Failed to check cache for java.time.temporal.TemporalQuery<R> : Type points to itself
* Search finished after 101s and 1181 generations, 451487 statements, best individual has fitness: 7.333333333333334
* Minimizing test suite
* Going to analyze the coverage criteria
* Coverage analysis for criterion BRANCH
* Coverage of criterion BRANCH: 91%
* Total number of goals: 137
* Number of covered goals: 124
* Generated 53 tests with total length 183
* Resulting test suite's coverage: 91%
* Generating assertions
* Resulting test suite's mutation score: 33%
* Writing JUnit test case 'DefaultIntervalCategoryDataset_ESTest' to evosuite-branch
* Done!

* Computation finished
