* EvoSuite 1.0.6
* Going to generate test cases for class: org.jfree.chart.axis.Axis
* Starting client
* Connecting to master process on port 14953
* Analyzing classpath: 
  - /tmp/run_evosuite.pl_83836_1545151199/build
  - /tmp/run_evosuite.pl_83836_1545151199/lib/servlet.jar
* Finished analyzing classpath
* Generating tests for class org.jfree.chart.axis.Axis
* Test criterion:
  - Branch Coverage
* Setting up search algorithm for whole suite generation
* Total number of test goals: 172
* Using seed 1000
* Starting evolution
[MASTER] 08:41:09.132 [logback-2] ERROR TestCluster - Failed to check cache for java.util.List<E> : Type points to itself
* Search finished after 102s and 368 generations, 198700 statements, best individual has fitness: 8.666666666666666
* Minimizing test suite
* Going to analyze the coverage criteria
* Coverage analysis for criterion BRANCH
* Coverage of criterion BRANCH: 91%
* Total number of goals: 172
* Number of covered goals: 157
* Generated 61 tests with total length 267
* Resulting test suite's coverage: 91%
* Generating assertions
* Resulting test suite's mutation score: 46%
* Permissions denied during test execution: 
  - java.io.FilePermission: 
         write /tmp/+~JT1055593354644386446.tmp: 1
         write /tmp/+~JT6036851696171243752.tmp: 1
* Writing JUnit test case 'Axis_ESTest' to evosuite-branch
* Done!

* Computation finished
