* EvoSuite 1.0.6
* Going to generate test cases for class: org.jfree.chart.plot.PiePlot
* Starting client
* Connecting to master process on port 14953
* Analyzing classpath: 
  - /tmp/run_evosuite.pl_58026_1545143497/build
  - /tmp/run_evosuite.pl_58026_1545143497/lib/servlet.jar
* Finished analyzing classpath
* Generating tests for class org.jfree.chart.plot.PiePlot
* Test criterion:
  - Branch Coverage
* Setting up search algorithm for whole suite generation
* Total number of test goals: 392
* Using seed 1000
* Starting evolution
[MASTER] 06:31:51.346 [logback-2] ERROR TestCluster - Failed to check cache for javax.swing.JComboBox<E> : Type points to itself
* Search finished after 101s and 422 generations, 203603 statements, best individual has fitness: 68.49999999112526
* Minimizing test suite
* Going to analyze the coverage criteria
* Coverage analysis for criterion BRANCH
* Coverage of criterion BRANCH: 74%
* Total number of goals: 392
* Number of covered goals: 291
* Generated 115 tests with total length 423
* Resulting test suite's coverage: 74%
* Generating assertions
* Resulting test suite's mutation score: 20%
* Permissions denied during test execution: 
  - java.net.URLPermission: 
         *:* http://www.someFakeButWellFormedURL.org/fooExample: 1
  - java.io.FilePermission: 
         write /tmp/+~JT638064850587429683.tmp: 1
* Writing JUnit test case 'PiePlot_ESTest' to evosuite-branch
* Done!

* Computation finished
