* EvoSuite 1.0.6
* Going to generate test cases for class: org.jfree.chart.plot.PiePlot
* Starting client
* Connecting to master process on port 14953
* Analyzing classpath: 
  - /tmp/run_evosuite.pl_100809_1545156132/build
  - /tmp/run_evosuite.pl_100809_1545156132/lib/servlet.jar
* Finished analyzing classpath
* Generating tests for class org.jfree.chart.plot.PiePlot
* Test criterion:
  - Branch Coverage
* Setting up search algorithm for whole suite generation
* Total number of test goals: 392
* Using seed 1000
* Starting evolution
[MASTER] 10:02:25.871 [logback-2] ERROR TestCluster - Failed to check cache for javax.swing.JComboBox<E> : Type points to itself
* Search finished after 102s and 411 generations, 180578 statements, best individual has fitness: 60.66666666594101
* Minimizing test suite
* Going to analyze the coverage criteria
* Coverage analysis for criterion BRANCH
* Coverage of criterion BRANCH: 78%
* Total number of goals: 392
* Number of covered goals: 306
* Generated 117 tests with total length 426
* Resulting test suite's coverage: 78%
* Generating assertions
* Resulting test suite's mutation score: 20%
* Writing JUnit test case 'PiePlot_ESTest' to evosuite-branch
* Done!

* Computation finished
