* EvoSuite 1.0.6
* Going to generate test cases for class: org.jfree.data.time.TimeSeries
* Starting client
* Connecting to master process on port 14953
* Analyzing classpath: 
  - /tmp/run_evosuite.pl_87224_1545152204/build
  - /tmp/run_evosuite.pl_87224_1545152204/lib/servlet.jar
* Finished analyzing classpath
* Generating tests for class org.jfree.data.time.TimeSeries
* Test criterion:
  - Branch Coverage
* Setting up search algorithm for whole suite generation
* Total number of test goals: 163
* Using seed 1000
* Starting evolution
[MASTER] 08:56:56.039 [logback-2] ERROR TestCluster - Failed to check cache for java.util.LinkedList<E> : Type points to itself
* Search finished after 102s and 1863 generations, 483373 statements, best individual has fitness: 1.5
* Minimizing test suite
* Going to analyze the coverage criteria
* Coverage analysis for criterion BRANCH
* Coverage of criterion BRANCH: 98%
* Total number of goals: 163
* Number of covered goals: 160
* Generated 59 tests with total length 346
* Resulting test suite's coverage: 98%
* Generating assertions
* Resulting test suite's mutation score: 51%
* Writing JUnit test case 'TimeSeries_ESTest' to evosuite-branch
* Done!

* Computation finished
