* EvoSuite 1.0.6
* Going to generate test cases for class: org.jfree.chart.renderer.category.StatisticalBarRenderer
* Starting client
* Connecting to master process on port 19758
* Analyzing classpath: 
  - /tmp/run_evosuite.pl_214350_1546672579/build
  - /tmp/run_evosuite.pl_214350_1546672579/lib/servlet.jar
* Finished analyzing classpath
* Generating tests for class org.jfree.chart.renderer.category.StatisticalBarRenderer
* Test criterion:
  - Branch Coverage
* Setting up search algorithm for whole suite generation
* Total number of test goals: 97
* Using seed 4000
* Starting evolution
* Search finished after 101s and 619 generations, 263378 statements, best individual has fitness: 76.33333333333333
* Minimizing test suite
* Going to analyze the coverage criteria
* Coverage analysis for criterion BRANCH
* Coverage of criterion BRANCH: 20%
* Total number of goals: 97
* Number of covered goals: 19
* Generated 10 tests with total length 58
* Resulting test suite's coverage: 20%
* Generating assertions
* Resulting test suite's mutation score: 8%
* Permissions denied during test execution: 
  - java.io.FilePermission: 
         write /tmp/+~JT8664706480537720094.tmp: 1
  - java.net.URLPermission: 
         *:* http://www.someFakeButWellFormedURL.org/fooExample: 1
  - java.lang.RuntimePermission: 
         writeFileDescriptor: 1
* Writing JUnit test case 'StatisticalBarRenderer_ESTest' to evosuite-branch
* Done!

* Computation finished
