* EvoSuite 1.0.6
* Going to generate test cases for class: org.jfree.chart.plot.XYPlot
* Starting client
* Connecting to master process on port 2830
* Analyzing classpath: 
  - /tmp/run_evosuite.pl_10296_1546599806/build
  - /tmp/run_evosuite.pl_10296_1546599806/lib/servlet.jar
* Finished analyzing classpath
* Generating tests for class org.jfree.chart.plot.XYPlot
* Test criterion:
  - Branch Coverage
* Setting up search algorithm for whole suite generation
* Total number of test goals: 912
* Using seed 3000
* Starting evolution
[MASTER] 03:03:37.865 [logback-2] ERROR TestCluster - Failed to check cache for java.util.LinkedList<E> : Type points to itself
[MASTER] 03:03:37.878 [logback-2] ERROR TestCluster - Failed to check cache for java.util.HashMap<K, V> : Type points to itself
[MASTER] 03:03:41.527 [logback-1] WARN  TestUsageChecker - class org.jfree.chart.renderer.category.MinMaxCategoryRenderer$1 looks like an anonymous class, ignoring it (although reflection says false) MinMaxCategoryRenderer$1
* Search finished after 102s and 294 generations, 179206 statements, best individual has fitness: 223.0
* Minimizing test suite
* Going to analyze the coverage criteria
* Coverage analysis for criterion BRANCH
* Coverage of criterion BRANCH: 69%
* Total number of goals: 912
* Number of covered goals: 630
* Generated 178 tests with total length 811
* Resulting test suite's coverage: 69%
* Generating assertions
* Resulting test suite's mutation score: 19%
* Permissions denied during test execution: 
  - java.io.FilePermission: 
         write /tmp/+~JF2199703370452460558.tmp: 1
         write /tmp/+~JT1971220288970616779.tmp: 1
* Writing JUnit test case 'XYPlot_ESTest' to evosuite-branch
* Done!

* Computation finished
* EvoSuite 1.0.6
* Going to generate test cases for class: org.jfree.chart.plot.CategoryPlot
* Starting client
* Connecting to master process on port 2830
* Analyzing classpath: 
  - /tmp/run_evosuite.pl_10296_1546599806/build
  - /tmp/run_evosuite.pl_10296_1546599806/lib/servlet.jar
* Finished analyzing classpath
* Generating tests for class org.jfree.chart.plot.CategoryPlot
* Test criterion:
  - Branch Coverage
* Setting up search algorithm for whole suite generation
* Total number of test goals: 717
* Using seed 3000
* Starting evolution
[MASTER] 03:06:38.754 [logback-2] ERROR TestCluster - Failed to check cache for java.util.LinkedList<E> : Type points to itself
[MASTER] 03:07:33.622 [logback-1] WARN  TestUsageChecker - class org.jfree.chart.renderer.category.MinMaxCategoryRenderer$1 looks like an anonymous class, ignoring it (although reflection says false) MinMaxCategoryRenderer$1
* Search finished after 102s and 359 generations, 252052 statements, best individual has fitness: 129.0
* Minimizing test suite
* Going to analyze the coverage criteria
* Coverage analysis for criterion BRANCH
* Coverage of criterion BRANCH: 77%
* Total number of goals: 717
* Number of covered goals: 550
* Generated 156 tests with total length 689
* Resulting test suite's coverage: 77%
* Generating assertions
* Resulting test suite's mutation score: 18%
* Writing JUnit test case 'CategoryPlot_ESTest' to evosuite-branch
* Done!

* Computation finished
