* EvoSuite 1.0.6
* Going to generate test cases for class: org.jfree.chart.plot.CategoryPlot
* Starting client
* Connecting to master process on port 2830
* Analyzing classpath: 
  - /tmp/run_evosuite.pl_12440_1546601492/build
  - /tmp/run_evosuite.pl_12440_1546601492/lib/servlet.jar
* Finished analyzing classpath
* Generating tests for class org.jfree.chart.plot.CategoryPlot
* Test criterion:
  - Branch Coverage
* Setting up search algorithm for whole suite generation
* Total number of test goals: 677
* Using seed 3000
* Starting evolution
[MASTER] 03:31:44.571 [logback-2] ERROR TestCluster - Failed to check cache for java.util.LinkedList<E> : Type points to itself
* Search finished after 102s and 355 generations, 224402 statements, best individual has fitness: 125.0
* Minimizing test suite
* Going to analyze the coverage criteria
* Coverage analysis for criterion BRANCH
* Coverage of criterion BRANCH: 76%
* Total number of goals: 677
* Number of covered goals: 517
* Generated 149 tests with total length 576
* Resulting test suite's coverage: 76%
* Generating assertions
* Resulting test suite's mutation score: 20%
* Permissions denied during test execution: 
  - java.io.FilePermission: 
         write /tmp/+~JT2530890749515998780.tmp: 1
* Writing JUnit test case 'CategoryPlot_ESTest' to evosuite-branch
* Done!

* Computation finished
