* EvoSuite 1.0.6
* Going to generate test cases for class: org.jfree.data.statistics.DefaultBoxAndWhiskerCategoryDataset
* Starting client
* Connecting to master process on port 14953
* Analyzing classpath: 
  - /tmp/run_evosuite.pl_81924_1545150744/build
  - /tmp/run_evosuite.pl_81924_1545150744/lib/servlet.jar
* Finished analyzing classpath
* Generating tests for class org.jfree.data.statistics.DefaultBoxAndWhiskerCategoryDataset
* Test criterion:
  - Branch Coverage
* Setting up search algorithm for whole suite generation
* Total number of test goals: 99
* Using seed 1000
* Starting evolution
[MASTER] 08:33:28.025 [logback-2] ERROR AbstractStatement - Error assigning value of type TemporalQuery[] defined at statement TemporalQuery<Object>[] temporalQueryArray0 = (TemporalQuery<Object>[]) Array.newInstance(TemporalQuery.class, 8), assignment statement: temporalQueryArray0[0] = (TemporalQuery<Object>) temporalQueryArray0; SUT=org.jfree.data.statistics.DefaultBoxAndWhiskerCategoryDataset
* Search finished after 74s and 1032 generations, 311483 statements, best individual has fitness: 0.0
* Minimizing test suite
* Going to analyze the coverage criteria
* Coverage analysis for criterion BRANCH
* Coverage of criterion BRANCH: 100%
* Total number of goals: 99
* Number of covered goals: 99
* Generated 58 tests with total length 323
* Resulting test suite's coverage: 100%
* Generating assertions
* Resulting test suite's mutation score: 46%
* Writing JUnit test case 'DefaultBoxAndWhiskerCategoryDataset_ESTest' to evosuite-branch
* Done!

* Computation finished
