* EvoSuite 1.0.6
* Going to generate test cases for class: org.jfree.data.time.TimeSeries
* Starting client
* Connecting to master process on port 2830
* Analyzing classpath: 
  - /tmp/run_evosuite.pl_6087_1546598780/build
  - /tmp/run_evosuite.pl_6087_1546598780/lib/servlet.jar
* Finished analyzing classpath
* Generating tests for class org.jfree.data.time.TimeSeries
* Test criterion:
  - Branch Coverage
* Setting up search algorithm for whole suite generation
* Total number of test goals: 227
* Using seed 3000
* Starting evolution
[MASTER] 02:46:31.794 [logback-2] ERROR TestCluster - Failed to check cache for java.util.LinkedList<E> : Type points to itself
* Search finished after 102s and 1771 generations, 546503 statements, best individual has fitness: 7.166666665968174
* Minimizing test suite
* Going to analyze the coverage criteria
* Coverage analysis for criterion BRANCH
* Coverage of criterion BRANCH: 95%
* Total number of goals: 227
* Number of covered goals: 216
* Generated 69 tests with total length 348
* Resulting test suite's coverage: 95%
* Generating assertions
* Resulting test suite's mutation score: 49%
* Writing JUnit test case 'TimeSeries_ESTest' to evosuite-branch
* Done!

* Computation finished
