* EvoSuite 1.0.6
* Going to generate test cases for class: org.jfree.chart.axis.Axis
* Starting client
* Connecting to master process on port 14953
* Analyzing classpath: 
  - /tmp/run_evosuite.pl_62249_1545144856/build
  - /tmp/run_evosuite.pl_62249_1545144856/lib/servlet.jar
* Finished analyzing classpath
* Generating tests for class org.jfree.chart.axis.Axis
* Test criterion:
  - Branch Coverage
* Setting up search algorithm for whole suite generation
* Total number of test goals: 172
* Using seed 1000
* Starting evolution
[MASTER] 06:56:02.914 [logback-1] WARN  TestUsageChecker - class org.jfree.chart.renderer.category.MinMaxCategoryRenderer$1 looks like an anonymous class, ignoring it (although reflection says false) MinMaxCategoryRenderer$1
* Search finished after 102s and 386 generations, 226436 statements, best individual has fitness: 12.0
* Minimizing test suite
* Going to analyze the coverage criteria
* Coverage analysis for criterion BRANCH
* Coverage of criterion BRANCH: 87%
* Total number of goals: 172
* Number of covered goals: 150
* Generated 62 tests with total length 256
* Resulting test suite's coverage: 87%
* Generating assertions
* Resulting test suite's mutation score: 41%
* Permissions denied during test execution: 
  - java.io.FilePermission: 
         write /tmp/+~JT7394291450469821256.tmp: 1
         write /tmp/+~JT4895205157338287765.tmp: 1
         write /tmp/+~JT188885448342766498.tmp: 1
* Writing JUnit test case 'Axis_ESTest' to evosuite-branch
* Done!

* Computation finished
