* EvoSuite 1.0.6
* Going to generate test cases for class: org.jfree.chart.renderer.category.AbstractCategoryItemRenderer
* Starting client
* Connecting to master process on port 14953
* Analyzing classpath: 
  - /tmp/run_evosuite.pl_84205_1545151333/build
  - /tmp/run_evosuite.pl_84205_1545151333/lib/servlet.jar
* Finished analyzing classpath
* Generating tests for class org.jfree.chart.renderer.category.AbstractCategoryItemRenderer
* Test criterion:
  - Branch Coverage
* Setting up search algorithm for whole suite generation
* Total number of test goals: 274
* Using seed 1000
* Starting evolution
[MASTER] 08:42:33.311 [logback-1] WARN  TestUsageChecker - class org.jfree.chart.renderer.category.MinMaxCategoryRenderer$2 looks like an anonymous class, ignoring it (although reflection says false) MinMaxCategoryRenderer$2
[MASTER] 08:42:33.471 [logback-1] WARN  TestUsageChecker - class org.jfree.chart.renderer.category.MinMaxCategoryRenderer$1 looks like an anonymous class, ignoring it (although reflection says false) MinMaxCategoryRenderer$1
* Search finished after 101s and 299 generations, 221955 statements, best individual has fitness: 96.0
* Minimizing test suite
* Going to analyze the coverage criteria
* Coverage analysis for criterion BRANCH
* Coverage of criterion BRANCH: 56%
* Total number of goals: 274
* Number of covered goals: 153
* Generated 65 tests with total length 360
* Resulting test suite's coverage: 56%
* Generating assertions
* Resulting test suite's mutation score: 9%
* Permissions denied during test execution: 
  - java.io.FilePermission: 
         write /tmp/+~JT1407407493668285290.tmp: 1
         write /tmp/+~JT7959261249419392459.tmp: 1
* Writing JUnit test case 'AbstractCategoryItemRenderer_ESTest' to evosuite-branch
* Done!

* Computation finished
