* EvoSuite 1.0.6
* Going to generate test cases for class: org.jfree.data.time.TimePeriodValues
* Starting client
* Connecting to master process on port 18539
* Analyzing classpath: 
  - /tmp/run_evosuite.pl_5008_1545647959/build
  - /tmp/run_evosuite.pl_5008_1545647959/lib/servlet.jar
* Finished analyzing classpath
* Generating tests for class org.jfree.data.time.TimePeriodValues
* Test criterion:
  - Branch Coverage
* Setting up search algorithm for whole suite generation
* Total number of test goals: 74
* Using seed 2000
* Starting evolution
* Search finished after 101s and 3554 generations, 877533 statements, best individual has fitness: 1.5
* Minimizing test suite
* Going to analyze the coverage criteria
* Coverage analysis for criterion BRANCH
* Coverage of criterion BRANCH: 96%
* Total number of goals: 74
* Number of covered goals: 71
* Generated 23 tests with total length 95
* Resulting test suite's coverage: 96%
* Generating assertions
* Resulting test suite's mutation score: 40%
* Permissions denied during test execution: 
  - java.net.URLPermission: 
         *:* http://www.someFakeButWellFormedURL.org/Nll 'zone' argument.: 1
* Writing JUnit test case 'TimePeriodValues_ESTest' to evosuite-branch
* Done!

* Computation finished
