* EvoSuite 1.0.6
* Going to generate test cases for class: org.jfree.chart.plot.MultiplePiePlot
* Starting client
* Connecting to master process on port 18539
* Analyzing classpath: 
  - /tmp/run_evosuite.pl_7191_1545648431/build
  - /tmp/run_evosuite.pl_7191_1545648431/lib/servlet.jar
* Finished analyzing classpath
* Generating tests for class org.jfree.chart.plot.MultiplePiePlot
* Test criterion:
  - Branch Coverage
* Setting up search algorithm for whole suite generation
* Total number of test goals: 96
* Using seed 2000
* Starting evolution
[MASTER] 02:47:25.301 [logback-2] ERROR TestCluster - Failed to check cache for java.util.Enumeration<E> : Type points to itself
* Search finished after 102s and 546 generations, 196433 statements, best individual has fitness: 3.5
* Minimizing test suite
* Going to analyze the coverage criteria
* Coverage analysis for criterion BRANCH
* Coverage of criterion BRANCH: 95%
* Total number of goals: 96
* Number of covered goals: 91
* Generated 25 tests with total length 131
* Resulting test suite's coverage: 95%
* Generating assertions
* Resulting test suite's mutation score: 53%
* Permissions denied during test execution: 
  - java.io.FilePermission: 
         write /tmp/+~JT1916929541648561574.tmp: 1
         write /tmp/+~JT8296017441420129707.tmp: 1
         write /tmp/+~JT1622228946573487093.tmp: 1
         write /tmp/+~JT559456977718094207.tmp: 1
* Writing JUnit test case 'MultiplePiePlot_ESTest' to evosuite-branch
* Done!

* Computation finished
