* EvoSuite 1.0.6
* Going to generate test cases for class: org.jfree.chart.block.BorderArrangement
* Starting client
* Connecting to master process on port 14953
* Analyzing classpath: 
  - /tmp/run_evosuite.pl_66928_1545146190/build
  - /tmp/run_evosuite.pl_66928_1545146190/lib/servlet.jar
* Finished analyzing classpath
* Generating tests for class org.jfree.chart.block.BorderArrangement
* Test criterion:
  - Branch Coverage
* Setting up search algorithm for whole suite generation
* Total number of test goals: 122
* Using seed 1000
* Starting evolution
[MASTER] 07:17:40.286 [logback-2] ERROR AbstractStatement - Error assigning value of type TemporalQuery[] defined at statement TemporalQuery<Integer>[] temporalQueryArray0 = (TemporalQuery<Integer>[]) Array.newInstance(TemporalQuery.class, 6), assignment statement: temporalQueryArray0[0] = (TemporalQuery<Integer>) temporalQueryArray0; SUT=org.jfree.chart.block.BorderArrangement
* Search finished after 101s and 1548 generations, 514723 statements, best individual has fitness: 5.5
* Minimizing test suite
* Going to analyze the coverage criteria
* Coverage analysis for criterion BRANCH
* Coverage of criterion BRANCH: 91%
* Total number of goals: 122
* Number of covered goals: 111
* Generated 26 tests with total length 150
* Resulting test suite's coverage: 91%
* Generating assertions
* Resulting test suite's mutation score: 33%
* Permissions denied during test execution: 
  - java.io.FilePermission: 
         write /tmp/+~JT2220744346517053679.tmp: 1
         write /tmp/+~JT2482826496597847894.tmp: 1
         write /tmp/+~JT1002312078478836296.tmp: 1
         and other 26 cases of action/name for this exception class
  - java.net.URLPermission: 
         *:* http://www.someFakeButWellFormedURL.org/OHLCDataItem.compareTo().: 1
         *:* http://www.someFakeButWellFormedURL.org/fooExample: 1
* Writing JUnit test case 'BorderArrangement_ESTest' to evosuite-branch
* Done!

* Computation finished
