* EvoSuite 1.0.6
* Going to generate test cases for class: org.jfree.data.time.TimeSeries
* Starting client
* Connecting to master process on port 2830
* Analyzing classpath: 
  - /tmp/run_evosuite.pl_8100_1546599371/build
  - /tmp/run_evosuite.pl_8100_1546599371/lib/servlet.jar
* Finished analyzing classpath
* Generating tests for class org.jfree.data.time.TimeSeries
* Test criterion:
  - Branch Coverage
* Setting up search algorithm for whole suite generation
* Total number of test goals: 163
* Using seed 3000
* Starting evolution
[MASTER] 02:56:21.930 [logback-2] ERROR TestCluster - Failed to check cache for java.util.LinkedList<E> : Type points to itself
[MASTER] 02:57:15.221 [logback-2] ERROR TestCluster - Failed to check cache for java.util.List<E> : Type points to itself
* Search finished after 101s and 2225 generations, 653582 statements, best individual has fitness: 1.0
* Minimizing test suite
* Going to analyze the coverage criteria
* Coverage analysis for criterion BRANCH
* Coverage of criterion BRANCH: 99%
* Total number of goals: 163
* Number of covered goals: 161
* Generated 54 tests with total length 300
* Resulting test suite's coverage: 99%
* Generating assertions
* Resulting test suite's mutation score: 46%
* Writing JUnit test case 'TimeSeries_ESTest' to evosuite-branch
* Done!

* Computation finished
