* EvoSuite 1.0.6
* Going to generate test cases for class: org.jfree.data.time.TimeSeries
* Starting client
* Connecting to master process on port 19758
* Analyzing classpath: 
  - /tmp/run_evosuite.pl_205390_1546670012/build
  - /tmp/run_evosuite.pl_205390_1546670012/lib/servlet.jar
* Finished analyzing classpath
* Generating tests for class org.jfree.data.time.TimeSeries
* Test criterion:
  - Branch Coverage
* Setting up search algorithm for whole suite generation
* Total number of test goals: 227
* Using seed 4000
* Starting evolution
[MASTER] 22:33:44.019 [logback-2] ERROR TestCluster - Failed to check cache for java.util.LinkedList<E> : Type points to itself
* Search finished after 101s and 1998 generations, 561251 statements, best individual has fitness: 8.666666666201005
* Minimizing test suite
* Going to analyze the coverage criteria
* Coverage analysis for criterion BRANCH
* Coverage of criterion BRANCH: 94%
* Total number of goals: 227
* Number of covered goals: 213
* Generated 67 tests with total length 314
* Resulting test suite's coverage: 94%
* Generating assertions
* Resulting test suite's mutation score: 48%
* Writing JUnit test case 'TimeSeries_ESTest' to evosuite-branch
* Done!

* Computation finished
