* EvoSuite 1.0.6
* Going to generate test cases for class: org.jfree.chart.util.ShapeUtilities
* Starting client
* Connecting to master process on port 14953
* Analyzing classpath: 
  - /tmp/run_evosuite.pl_77255_1545149162/build
  - /tmp/run_evosuite.pl_77255_1545149162/lib/servlet.jar
* Finished analyzing classpath
* Generating tests for class org.jfree.chart.util.ShapeUtilities
* Test criterion:
  - Branch Coverage
* Setting up search algorithm for whole suite generation
* Total number of test goals: 123
* Using seed 1000
* Starting evolution
[MASTER] 08:06:15.733 [logback-2] ERROR TestCluster - Failed to check cache for java.util.ArrayDeque<E> : Type points to itself
[MASTER] 08:06:15.734 [logback-2] ERROR TestCluster - Failed to check cache for java.util.ArrayList<E> : Type points to itself
[MASTER] 08:06:15.735 [logback-2] ERROR TestCluster - Failed to check cache for java.util.EnumMap<K, V> : Type points to itself
[MASTER] 08:06:15.735 [logback-2] ERROR TestCluster - Failed to check cache for java.util.EnumSet<E> : Type points to itself
[MASTER] 08:06:15.736 [logback-2] ERROR TestCluster - Failed to check cache for java.util.HashMap<K, V> : Type points to itself
[MASTER] 08:06:15.736 [logback-2] ERROR TestCluster - Failed to check cache for java.util.HashSet<E> : Type points to itself
[MASTER] 08:06:15.736 [logback-2] ERROR TestCluster - Failed to check cache for java.util.Hashtable<K, V> : Type points to itself
[MASTER] 08:06:15.736 [logback-2] ERROR TestCluster - Failed to check cache for java.util.IdentityHashMap<K, V> : Type points to itself
[MASTER] 08:06:15.736 [logback-2] ERROR TestCluster - Failed to check cache for java.util.LinkedHashMap<K, V> : Type points to itself
[MASTER] 08:06:15.736 [logback-2] ERROR TestCluster - Failed to check cache for java.util.LinkedHashSet<E> : Type points to itself
[MASTER] 08:06:15.736 [logback-2] ERROR TestCluster - Failed to check cache for java.util.LinkedList<E> : Type points to itself
[MASTER] 08:06:15.738 [logback-2] ERROR TestCluster - Failed to check cache for java.util.Stack<E> : Type points to itself
[MASTER] 08:06:15.739 [logback-2] ERROR TestCluster - Failed to check cache for java.util.TreeMap<K, V> : Type points to itself
[MASTER] 08:06:15.739 [logback-2] ERROR TestCluster - Failed to check cache for java.util.TreeSet<E> : Type points to itself
[MASTER] 08:06:15.739 [logback-2] ERROR TestCluster - Failed to check cache for java.util.Vector<E> : Type points to itself
* Search finished after 101s and 896 generations, 243710 statements, best individual has fitness: 0.5
* Minimizing test suite
* Going to analyze the coverage criteria
* Coverage analysis for criterion BRANCH
* Coverage of criterion BRANCH: 99%
* Total number of goals: 123
* Number of covered goals: 122
* Generated 61 tests with total length 175
* Resulting test suite's coverage: 99%
* Generating assertions
* Resulting test suite's mutation score: 22%
* Permissions denied during test execution: 
  - java.io.FilePermission: 
         write /tmp/+~JT6968804943371275549.tmp: 1
         write /tmp/+~JT8010002492803358489.tmp: 1
         write /tmp/+~JT6532178899906203803.tmp: 1
         and other 5 cases of action/name for this exception class
  - java.net.URLPermission: 
         *:* http://www.someFakeButWellFormedURL.org/fooExample: 1
* Writing JUnit test case 'ShapeUtilities_ESTest' to evosuite-branch
* Done!

* Computation finished
