* EvoSuite 1.0.6
* Going to generate test cases for class: org.jfree.data.time.TimeSeries
* Starting client
* Connecting to master process on port 19758
* Analyzing classpath: 
  - /tmp/run_evosuite.pl_210967_1546671622/build
  - /tmp/run_evosuite.pl_210967_1546671622/lib/servlet.jar
* Finished analyzing classpath
* Generating tests for class org.jfree.data.time.TimeSeries
* Test criterion:
  - Branch Coverage
* Setting up search algorithm for whole suite generation
* Total number of test goals: 161
* Using seed 4000
* Starting evolution
[MASTER] 23:00:33.043 [logback-2] ERROR TestCluster - Failed to check cache for java.util.LinkedList<E> : Type points to itself
[MASTER] 23:01:18.620 [logback-2] ERROR TestCluster - Failed to check cache for java.util.List<E> : Type points to itself
* Search finished after 101s and 1986 generations, 522248 statements, best individual has fitness: 2.5
* Minimizing test suite
* Going to analyze the coverage criteria
* Coverage analysis for criterion BRANCH
* Coverage of criterion BRANCH: 97%
* Total number of goals: 161
* Number of covered goals: 156
* Generated 57 tests with total length 326
* Resulting test suite's coverage: 97%
* Generating assertions
* Resulting test suite's mutation score: 46%
* Writing JUnit test case 'TimeSeries_ESTest' to evosuite-branch
* Done!

* Computation finished
