* EvoSuite 1.0.6
* Going to generate test cases for class: org.jfree.data.general.DatasetUtilities
* Starting client
* Connecting to master process on port 14953
* Analyzing classpath: 
  - /tmp/run_evosuite.pl_84550_1545151464/build
  - /tmp/run_evosuite.pl_84550_1545151464/lib/servlet.jar
* Finished analyzing classpath
* Generating tests for class org.jfree.data.general.DatasetUtilities
* Test criterion:
  - Branch Coverage
* Setting up search algorithm for whole suite generation
* Total number of test goals: 564
* Using seed 1000
* Starting evolution
* Search finished after 101s and 471 generations, 287053 statements, best individual has fitness: 56.5
* Minimizing test suite
* Going to analyze the coverage criteria
* Coverage analysis for criterion BRANCH
* Coverage of criterion BRANCH: 86%
* Total number of goals: 564
* Number of covered goals: 485
* Generated 136 tests with total length 524
* Resulting test suite's coverage: 86%
* Generating assertions
* Resulting test suite's mutation score: 51%
* Writing JUnit test case 'DatasetUtilities_ESTest' to evosuite-branch
* Done!

* Computation finished
