* EvoSuite 1.0.6
* Going to generate test cases for class: org.jfree.chart.renderer.category.MinMaxCategoryRenderer
* Starting client
* Connecting to master process on port 14953
* Analyzing classpath: 
  - /tmp/run_evosuite.pl_82633_1545150950/build
  - /tmp/run_evosuite.pl_82633_1545150950/lib/servlet.jar
[MASTER] 08:35:59.786 [logback-1] WARN  TestUsageChecker - class org.jfree.chart.renderer.category.MinMaxCategoryRenderer$2 looks like an anonymous class, ignoring it (although reflection says false) MinMaxCategoryRenderer$2
[MASTER] 08:35:59.787 [logback-1] WARN  TestUsageChecker - class org.jfree.chart.renderer.category.MinMaxCategoryRenderer$1 looks like an anonymous class, ignoring it (although reflection says false) MinMaxCategoryRenderer$1
* Finished analyzing classpath
* Generating tests for class org.jfree.chart.renderer.category.MinMaxCategoryRenderer
* Test criterion:
  - Branch Coverage
* Setting up search algorithm for whole suite generation
* Total number of test goals: 73
* Using seed 1000
* Starting evolution
[MASTER] 08:36:07.502 [logback-2] ERROR TestCluster - Failed to check cache for java.util.Enumeration<E> : Type points to itself
* Search finished after 101s and 662 generations, 328236 statements, best individual has fitness: 14.0
* Minimizing test suite
* Going to analyze the coverage criteria
* Coverage analysis for criterion BRANCH
* Coverage of criterion BRANCH: 73%
* Total number of goals: 73
* Number of covered goals: 53
* Generated 24 tests with total length 109
* Resulting test suite's coverage: 73%
* Generating assertions
* Resulting test suite's mutation score: 9%
* Permissions denied during test execution: 
  - java.io.FilePermission: 
         write /tmp/+~JT926052487900337526.tmp: 1
         write /tmp/+~JF4103023437166023765.tmp: 1
  - java.lang.RuntimePermission: 
         writeFileDescriptor: 1
* Writing JUnit test case 'MinMaxCategoryRenderer_ESTest' to evosuite-branch
* Done!

* Computation finished
