* EvoSuite 1.0.6
* Going to generate test cases for class: org.jfree.chart.renderer.category.AbstractCategoryItemRenderer
* Starting client
* Connecting to master process on port 2830
* Analyzing classpath: 
  - /tmp/run_evosuite.pl_5216_1546598528/build
  - /tmp/run_evosuite.pl_5216_1546598528/lib/servlet.jar
* Finished analyzing classpath
* Generating tests for class org.jfree.chart.renderer.category.AbstractCategoryItemRenderer
* Test criterion:
  - Branch Coverage
* Setting up search algorithm for whole suite generation
* Total number of test goals: 274
* Using seed 3000
* Starting evolution
[MASTER] 02:42:21.750 [logback-2] ERROR TestCluster - Failed to check cache for javax.swing.RowFilter<M, I>.ComparisonType : Type points to itself
[MASTER] 02:42:25.237 [logback-1] WARN  TestUsageChecker - class org.jfree.chart.renderer.category.MinMaxCategoryRenderer$1 looks like an anonymous class, ignoring it (although reflection says false) MinMaxCategoryRenderer$1
[MASTER] 02:42:25.535 [logback-1] WARN  TestUsageChecker - class org.jfree.chart.renderer.category.MinMaxCategoryRenderer$2 looks like an anonymous class, ignoring it (although reflection says false) MinMaxCategoryRenderer$2
* Search finished after 102s and 496 generations, 289752 statements, best individual has fitness: 94.0
* Minimizing test suite
* Going to analyze the coverage criteria
* Coverage analysis for criterion BRANCH
* Coverage of criterion BRANCH: 59%
* Total number of goals: 274
* Number of covered goals: 161
* Generated 74 tests with total length 395
* Resulting test suite's coverage: 59%
* Generating assertions
* Resulting test suite's mutation score: 9%
* Writing JUnit test case 'AbstractCategoryItemRenderer_ESTest' to evosuite-branch
* Done!

* Computation finished
