* EvoSuite 1.0.6
* Going to generate test cases for class: org.jfree.chart.renderer.category.StatisticalBarRenderer
* Starting client
* Connecting to master process on port 18539
* Analyzing classpath: 
  - /tmp/run_evosuite.pl_13594_1545650200/build
  - /tmp/run_evosuite.pl_13594_1545650200/lib/servlet.jar
* Finished analyzing classpath
* Generating tests for class org.jfree.chart.renderer.category.StatisticalBarRenderer
* Test criterion:
  - Branch Coverage
* Setting up search algorithm for whole suite generation
* Total number of test goals: 97
* Using seed 2000
* Starting evolution
* Search finished after 101s and 584 generations, 262379 statements, best individual has fitness: 66.33333333333333
* Minimizing test suite
* Going to analyze the coverage criteria
* Coverage analysis for criterion BRANCH
* Coverage of criterion BRANCH: 28%
* Total number of goals: 97
* Number of covered goals: 27
* Generated 13 tests with total length 87
* Resulting test suite's coverage: 28%
* Generating assertions
* Resulting test suite's mutation score: 18%
* Writing JUnit test case 'StatisticalBarRenderer_ESTest' to evosuite-branch
* Done!

* Computation finished
