* EvoSuite 1.0.6
* Going to generate test cases for class: org.jfree.chart.plot.MultiplePiePlot
* Starting client
* Connecting to master process on port 14953
* Analyzing classpath: 
  - /tmp/run_evosuite.pl_88304_1545152381/build
  - /tmp/run_evosuite.pl_88304_1545152381/lib/servlet.jar
* Finished analyzing classpath
* Generating tests for class org.jfree.chart.plot.MultiplePiePlot
* Test criterion:
  - Branch Coverage
* Setting up search algorithm for whole suite generation
* Total number of test goals: 96
* Using seed 1000
* Starting evolution
[MASTER] 08:59:55.142 [logback-2] ERROR TestCluster - Failed to check cache for javax.swing.JComboBox<E> : Type points to itself
[MASTER] 09:00:51.645 [logback-1] WARN  TestUsageChecker - class org.jfree.chart.renderer.category.MinMaxCategoryRenderer$1 looks like an anonymous class, ignoring it (although reflection says false) MinMaxCategoryRenderer$1
* Search finished after 101s and 738 generations, 215345 statements, best individual has fitness: 3.0
* Minimizing test suite
* Going to analyze the coverage criteria
* Coverage analysis for criterion BRANCH
* Coverage of criterion BRANCH: 96%
* Total number of goals: 96
* Number of covered goals: 92
* Generated 28 tests with total length 138
* Resulting test suite's coverage: 96%
* Generating assertions
* Resulting test suite's mutation score: 55%
* Permissions denied during test execution: 
  - java.io.FilePermission: 
         write /tmp/+~JT7619378500347689955.tmp: 1
         write /tmp/+~JT8615198986700946495.tmp: 1
         write /tmp/+~JT6033205697548512102.tmp: 1
         and other 2 cases of action/name for this exception class
* Writing JUnit test case 'MultiplePiePlot_ESTest' to evosuite-branch
* Done!

* Computation finished
