* EvoSuite 1.0.6
* Going to generate test cases for class: org.jfree.data.time.TimeSeries
* Starting client
* Connecting to master process on port 14953
* Analyzing classpath: 
  - /tmp/run_evosuite.pl_731_1545125854/build
  - /tmp/run_evosuite.pl_731_1545125854/lib/servlet.jar
* Finished analyzing classpath
* Generating tests for class org.jfree.data.time.TimeSeries
* Test criterion:
  - Branch Coverage
* Setting up search algorithm for whole suite generation
* Total number of test goals: 227
* Using seed 1000
* Starting evolution
[MASTER] 01:37:48.099 [logback-2] ERROR TestCluster - Failed to check cache for java.util.LinkedList<E> : Type points to itself
[MASTER] 01:37:48.349 [logback-2] ERROR TestCluster - Failed to check cache for javax.swing.RowFilter<M, I>.ComparisonType : Type points to itself
* Search finished after 101s and 1865 generations, 588118 statements, best individual has fitness: 7.666666666201004
* Minimizing test suite
* Going to analyze the coverage criteria
* Coverage analysis for criterion BRANCH
* Coverage of criterion BRANCH: 95%
* Total number of goals: 227
* Number of covered goals: 215
* Generated 74 tests with total length 334
* Resulting test suite's coverage: 95%
* Generating assertions
* Resulting test suite's mutation score: 50%
* Permissions denied during test execution: 
  - java.net.URLPermission: 
         *:* http://www.someFakeButWellFormedURL.org/fooExample: 1
* Writing JUnit test case 'TimeSeries_ESTest' to evosuite-branch
* Done!

* Computation finished
