* EvoSuite 1.0.6
* Going to generate test cases for class: org.jfree.data.KeyedObjects2D
* Starting client
* Connecting to master process on port 2830
* Analyzing classpath: 
  - /tmp/run_evosuite.pl_14538_1546601877/build
  - /tmp/run_evosuite.pl_14538_1546601877/lib/servlet.jar
* Finished analyzing classpath
* Generating tests for class org.jfree.data.KeyedObjects2D
* Test criterion:
  - Branch Coverage
* Setting up search algorithm for whole suite generation
* Total number of test goals: 87
* Using seed 3000
* Starting evolution
[MASTER] 03:38:06.472 [logback-2] ERROR TestCluster - Failed to check cache for java.lang.Comparable<T> : Type points to itself
* Search finished after 101s and 2354 generations, 761696 statements, best individual has fitness: 2.0
* Minimizing test suite
* Going to analyze the coverage criteria
* Coverage analysis for criterion BRANCH
* Coverage of criterion BRANCH: 95%
* Total number of goals: 87
* Number of covered goals: 83
* Generated 22 tests with total length 92
* Resulting test suite's coverage: 95%
* Generating assertions
* Resulting test suite's mutation score: 65%
* Writing JUnit test case 'KeyedObjects2D_ESTest' to evosuite-branch
* Done!

* Computation finished
