* EvoSuite 1.0.6
* Going to generate test cases for class: org.jfree.chart.plot.MultiplePiePlot
* Starting client
* Connecting to master process on port 14953
* Analyzing classpath: 
  - /tmp/run_evosuite.pl_56605_1545142894/build
  - /tmp/run_evosuite.pl_56605_1545142894/lib/servlet.jar
* Finished analyzing classpath
* Generating tests for class org.jfree.chart.plot.MultiplePiePlot
* Test criterion:
  - Branch Coverage
* Setting up search algorithm for whole suite generation
* Total number of test goals: 96
* Using seed 1000
* Starting evolution
[MASTER] 06:21:49.348 [logback-2] ERROR TestCluster - Failed to check cache for javax.swing.JComboBox<E> : Type points to itself
[MASTER] 06:22:02.942 [logback-2] ERROR TestCluster - Failed to check cache for javax.swing.RowFilter<M, I>.ComparisonType : Type points to itself
* Search finished after 101s and 796 generations, 284527 statements, best individual has fitness: 5.5
* Minimizing test suite
* Going to analyze the coverage criteria
* Coverage analysis for criterion BRANCH
* Coverage of criterion BRANCH: 92%
* Total number of goals: 96
* Number of covered goals: 88
* Generated 27 tests with total length 128
* Resulting test suite's coverage: 91%
* Generating assertions
* Resulting test suite's mutation score: 52%
* Permissions denied during test execution: 
  - java.io.FilePermission: 
         write /tmp/+~JT4776245254434291012.tmp: 1
         write /tmp/+~JT7090271274448095912.tmp: 1
         write /tmp/+~JT5911840187922707250.tmp: 1
         and other 5 cases of action/name for this exception class
  - java.lang.RuntimePermission: 
         queuePrintJob: 3
* Writing JUnit test case 'MultiplePiePlot_ESTest' to evosuite-branch
* Done!

* Computation finished
