* EvoSuite 1.0.6
* Going to generate test cases for class: org.jfree.chart.axis.Axis
* Starting client
* Connecting to master process on port 14953
* Analyzing classpath: 
  - /tmp/run_evosuite.pl_94279_1545154350/build
  - /tmp/run_evosuite.pl_94279_1545154350/lib/servlet.jar
* Finished analyzing classpath
* Generating tests for class org.jfree.chart.axis.Axis
* Test criterion:
  - Branch Coverage
* Setting up search algorithm for whole suite generation
* Total number of test goals: 172
* Using seed 1000
* Starting evolution
* Search finished after 102s and 376 generations, 199866 statements, best individual has fitness: 8.999999999068677
* Minimizing test suite
* Going to analyze the coverage criteria
* Coverage analysis for criterion BRANCH
* Coverage of criterion BRANCH: 91%
* Total number of goals: 172
* Number of covered goals: 157
* Generated 62 tests with total length 269
* Resulting test suite's coverage: 91%
* Generating assertions
* Resulting test suite's mutation score: 46%
* Permissions denied during test execution: 
  - java.io.FilePermission: 
         write /tmp/+~JT2442237291951597529.tmp: 1
         write /tmp/+~JT1749948903282102914.tmp: 1
* Writing JUnit test case 'Axis_ESTest' to evosuite-branch
* Done!

* Computation finished
