* EvoSuite 1.0.6
* Going to generate test cases for class: org.jfree.chart.renderer.category.StatisticalBarRenderer
* Starting client
* Connecting to master process on port 14953
* Analyzing classpath: 
  - /tmp/run_evosuite.pl_93916_1545154231/build
  - /tmp/run_evosuite.pl_93916_1545154231/lib/servlet.jar
* Finished analyzing classpath
* Generating tests for class org.jfree.chart.renderer.category.StatisticalBarRenderer
* Test criterion:
  - Branch Coverage
* Setting up search algorithm for whole suite generation
* Total number of test goals: 97
* Using seed 1000
* Starting evolution
[MASTER] 09:30:43.987 [logback-2] ERROR TestCluster - Failed to check cache for javax.swing.JComboBox<E> : Type points to itself
* Search finished after 102s and 505 generations, 272851 statements, best individual has fitness: 57.333333329608045
* Minimizing test suite
* Going to analyze the coverage criteria
* Coverage analysis for criterion BRANCH
* Coverage of criterion BRANCH: 38%
* Total number of goals: 97
* Number of covered goals: 37
* Generated 16 tests with total length 121
* Resulting test suite's coverage: 38%
* Generating assertions
* Resulting test suite's mutation score: 21%
* Permissions denied during test execution: 
  - java.lang.RuntimePermission: 
         writeFileDescriptor: 1
* Writing JUnit test case 'StatisticalBarRenderer_ESTest' to evosuite-branch
* Done!

* Computation finished
