* EvoSuite 1.0.6
* Going to generate test cases for class: org.jfree.chart.plot.CategoryPlot
* Starting client
* Connecting to master process on port 18539
* Analyzing classpath: 
  - /tmp/run_evosuite.pl_11171_1545649569/build
  - /tmp/run_evosuite.pl_11171_1545649569/lib/servlet.jar
* Finished analyzing classpath
* Generating tests for class org.jfree.chart.plot.CategoryPlot
* Test criterion:
  - Branch Coverage
* Setting up search algorithm for whole suite generation
* Total number of test goals: 677
* Using seed 2000
* Starting evolution
[MASTER] 03:06:21.177 [logback-2] ERROR TestCluster - Failed to check cache for java.util.LinkedList<E> : Type points to itself
[MASTER] 03:06:24.252 [logback-2] ERROR TestCluster - Failed to check cache for java.util.Enumeration<E> : Type points to itself
* Search finished after 102s and 336 generations, 201443 statements, best individual has fitness: 129.5
* Minimizing test suite
* Going to analyze the coverage criteria
* Coverage analysis for criterion BRANCH
* Coverage of criterion BRANCH: 75%
* Total number of goals: 677
* Number of covered goals: 511
* Generated 147 tests with total length 640
* Resulting test suite's coverage: 75%
* Generating assertions
* Resulting test suite's mutation score: 19%
* Writing JUnit test case 'CategoryPlot_ESTest' to evosuite-branch
* Done!

* Computation finished
