* EvoSuite 1.0.6
* Going to generate test cases for class: org.jfree.chart.block.BorderArrangement
* Starting client
* Connecting to master process on port 18557
* Analyzing classpath: 
  - /tmp/run_evosuite.pl_217845_1546748715/build
  - /tmp/run_evosuite.pl_217845_1546748715/lib/servlet.jar
* Finished analyzing classpath
* Generating tests for class org.jfree.chart.block.BorderArrangement
* Test criterion:
  - Branch Coverage
* Setting up search algorithm for whole suite generation
* Total number of test goals: 122
* Using seed 5000
* Starting evolution
* Search finished after 101s and 1890 generations, 605972 statements, best individual has fitness: 3.5
* Minimizing test suite
* Going to analyze the coverage criteria
* Coverage analysis for criterion BRANCH
* Coverage of criterion BRANCH: 94%
* Total number of goals: 122
* Number of covered goals: 115
* Generated 29 tests with total length 157
* Resulting test suite's coverage: 94%
* Generating assertions
* Resulting test suite's mutation score: 36%
* Permissions denied during test execution: 
  - java.io.FilePermission: 
         write /tmp/+~JF5453610468021631875.tmp: 1
         write /tmp/+~JT6822535474674519412.tmp: 1
         write /tmp/+~JT6748096959436906646.tmp: 1
         and other 44 cases of action/name for this exception class
  - java.net.URLPermission: 
         *:* http://www.someFakeButWellFormedURL.org/fooExample: 1
* Writing JUnit test case 'BorderArrangement_ESTest' to evosuite-branch
* Done!

* Computation finished
