* EvoSuite 1.0.6
* Going to generate test cases for class: org.jfree.chart.plot.ValueMarker
* Starting client
* Connecting to master process on port 14953
* Analyzing classpath: 
  - /tmp/run_evosuite.pl_7837_1545128019/build
  - /tmp/run_evosuite.pl_7837_1545128019/lib/servlet.jar
* Finished analyzing classpath
* Generating tests for class org.jfree.chart.plot.ValueMarker
* Test criterion:
  - Branch Coverage
* Setting up search algorithm for whole suite generation
* Total number of test goals: 13
* Using seed 1000
* Starting evolution
[MASTER] 02:13:58.175 [logback-1] WARN  TestUsageChecker - class org.jfree.chart.renderer.category.MinMaxCategoryRenderer$2 looks like an anonymous class, ignoring it (although reflection says false) MinMaxCategoryRenderer$2
[MASTER] 02:15:13.120 [logback-2] ERROR TestCluster - Failed to check cache for java.util.List<E> : Type points to itself
* Search finished after 105s and 1264 generations, 266906 statements, best individual has fitness: 0.5
* Minimizing test suite
* Going to analyze the coverage criteria
* Coverage analysis for criterion BRANCH
* Coverage of criterion BRANCH: 92%
* Total number of goals: 13
* Number of covered goals: 12
* Generated 5 tests with total length 14
* Resulting test suite's coverage: 92%
* Generating assertions
* Resulting test suite's mutation score: 89%
* Permissions denied during test execution: 
  - java.io.FilePermission: 
         write /tmp/+~JT2614084482021960527.tmp: 1
         write /tmp/+~JT7103222008509961459.tmp: 1
         write /tmp/+~JT5801588538794826036.tmp: 1
         and other 5 cases of action/name for this exception class
* Writing JUnit test case 'ValueMarker_ESTest' to evosuite-branch
* Done!

* Computation finished
