* EvoSuite 1.0.6
* Going to generate test cases for class: org.jfree.chart.renderer.GrayPaintScale
* Starting client
* Connecting to master process on port 2830
* Analyzing classpath: 
  - /tmp/run_evosuite.pl_15277_1546602106/build
  - /tmp/run_evosuite.pl_15277_1546602106/lib/servlet.jar
* Finished analyzing classpath
* Generating tests for class org.jfree.chart.renderer.GrayPaintScale
* Test criterion:
  - Branch Coverage
* Setting up search algorithm for whole suite generation
* Total number of test goals: 15
* Using seed 3000
* Starting evolution
* Search finished after 0s and 0 generations, 3910 statements, best individual has fitness: 0.0
* Minimizing test suite
* Going to analyze the coverage criteria
* Coverage analysis for criterion BRANCH
* Coverage of criterion BRANCH: 100%
* Total number of goals: 15
* Number of covered goals: 15
* Generated 8 tests with total length 18
* Resulting test suite's coverage: 100%
* Generating assertions
* Resulting test suite's mutation score: 79%
* Writing JUnit test case 'GrayPaintScale_ESTest' to evosuite-branch
* Done!

* Computation finished
