* EvoSuite 1.0.6
* Going to generate test cases for class: org.jfree.chart.block.BorderArrangement
* Starting client
* Connecting to master process on port 14953
* Analyzing classpath: 
  - /tmp/run_evosuite.pl_4417_1545126791/build
  - /tmp/run_evosuite.pl_4417_1545126791/lib/servlet.jar
* Finished analyzing classpath
* Generating tests for class org.jfree.chart.block.BorderArrangement
* Test criterion:
  - Branch Coverage
* Setting up search algorithm for whole suite generation
* Total number of test goals: 122
* Using seed 1000
* Starting evolution
[MASTER] 01:53:46.234 [logback-2] ERROR TestCluster - Failed to check cache for java.util.List<E> : Type points to itself
* Search finished after 103s and 1087 generations, 368067 statements, best individual has fitness: 7.0
* Minimizing test suite
* Going to analyze the coverage criteria
* Coverage analysis for criterion BRANCH
* Coverage of criterion BRANCH: 89%
* Total number of goals: 122
* Number of covered goals: 108
* Generated 26 tests with total length 161
* Resulting test suite's coverage: 89%
* Generating assertions
* Resulting test suite's mutation score: 33%
* Permissions denied during test execution: 
  - java.io.FilePermission: 
         write /tmp/+~JT3835922366438248143.tmp: 1
         write /tmp/+~JT1002099535532856573.tmp: 1
         write /tmp/+~JF1682472152168199382.tmp: 1
         and other 13 cases of action/name for this exception class
* Writing JUnit test case 'BorderArrangement_ESTest' to evosuite-branch
* Done!

* Computation finished
