* EvoSuite 1.0.6
* Going to generate test cases for class: org.jfree.data.KeyedObjects2D
* Starting client
* Connecting to master process on port 18539
* Analyzing classpath: 
  - /tmp/run_evosuite.pl_12456_1545649962/build
  - /tmp/run_evosuite.pl_12456_1545649962/lib/servlet.jar
* Finished analyzing classpath
* Generating tests for class org.jfree.data.KeyedObjects2D
* Test criterion:
  - Branch Coverage
* Setting up search algorithm for whole suite generation
* Total number of test goals: 87
* Using seed 2000
* Starting evolution
[MASTER] 03:12:51.723 [logback-2] ERROR TestCluster - Failed to check cache for java.lang.Comparable<T> : Type points to itself
* Search finished after 101s and 1730 generations, 687956 statements, best individual has fitness: 2.5
* Minimizing test suite
* Going to analyze the coverage criteria
* Coverage analysis for criterion BRANCH
* Coverage of criterion BRANCH: 94%
* Total number of goals: 87
* Number of covered goals: 82
* Generated 22 tests with total length 93
* Resulting test suite's coverage: 94%
* Generating assertions
* Resulting test suite's mutation score: 60%
* Writing JUnit test case 'KeyedObjects2D_ESTest' to evosuite-branch
* Done!

* Computation finished
