* EvoSuite 1.0.6
* Going to generate test cases for class: org.jfree.data.category.DefaultIntervalCategoryDataset
* Starting client
* Connecting to master process on port 18539
* Analyzing classpath: 
  - /tmp/run_evosuite.pl_9846_1545649117/build
  - /tmp/run_evosuite.pl_9846_1545649117/lib/servlet.jar
* Finished analyzing classpath
* Generating tests for class org.jfree.data.category.DefaultIntervalCategoryDataset
* Test criterion:
  - Branch Coverage
* Setting up search algorithm for whole suite generation
* Total number of test goals: 137
* Using seed 2000
* Starting evolution
* Search finished after 101s and 1676 generations, 550611 statements, best individual has fitness: 3.0
* Minimizing test suite
* Going to analyze the coverage criteria
* Coverage analysis for criterion BRANCH
* Coverage of criterion BRANCH: 96%
* Total number of goals: 137
* Number of covered goals: 131
* Generated 56 tests with total length 231
* Resulting test suite's coverage: 96%
* Generating assertions
* Resulting test suite's mutation score: 43%
* Writing JUnit test case 'DefaultIntervalCategoryDataset_ESTest' to evosuite-branch
* Done!

* Computation finished
