* EvoSuite 1.0.6
* Going to generate test cases for class: org.jfree.data.time.TimePeriodValues
* Starting client
* Connecting to master process on port 14953
* Analyzing classpath: 
  - /tmp/run_evosuite.pl_75875_1545148867/build
  - /tmp/run_evosuite.pl_75875_1545148867/lib/servlet.jar
* Finished analyzing classpath
* Generating tests for class org.jfree.data.time.TimePeriodValues
* Test criterion:
  - Branch Coverage
* Setting up search algorithm for whole suite generation
* Total number of test goals: 74
* Using seed 1000
* Starting evolution
* Search finished after 23s and 489 generations, 151251 statements, best individual has fitness: 0.0
* Minimizing test suite
* Going to analyze the coverage criteria
* Coverage analysis for criterion BRANCH
* Coverage of criterion BRANCH: 100%
* Total number of goals: 74
* Number of covered goals: 74
* Generated 24 tests with total length 114
* Resulting test suite's coverage: 100%
* Generating assertions
* Resulting test suite's mutation score: 43%
* Permissions denied during test execution: 
  - java.net.URLPermission: 
         *:* http://www.someFakeButWellFormedURL.org/fooExample: 1
* Writing JUnit test case 'TimePeriodValues_ESTest' to evosuite-branch
* Done!

* Computation finished
