* EvoSuite 1.0.6
* Going to generate test cases for class: org.jfree.data.time.Week
* Starting client
* Connecting to master process on port 14953
* Analyzing classpath: 
  - /tmp/run_evosuite.pl_2553_1545126346/build
  - /tmp/run_evosuite.pl_2553_1545126346/lib/servlet.jar
* Finished analyzing classpath
* Generating tests for class org.jfree.data.time.Week
* Test criterion:
  - Branch Coverage
* Setting up search algorithm for whole suite generation
* Total number of test goals: 83
* Using seed 1000
* Starting evolution
* Search finished after 101s and 3254 generations, 514510 statements, best individual has fitness: 8.963636363636365
* Minimizing test suite
* Going to analyze the coverage criteria
* Coverage analysis for criterion BRANCH
* Coverage of criterion BRANCH: 88%
* Total number of goals: 83
* Number of covered goals: 73
* Generated 28 tests with total length 75
* Resulting test suite's coverage: 88%
* Generating assertions
* Resulting test suite's mutation score: 21%
* Writing JUnit test case 'Week_ESTest' to evosuite-branch
* Done!

* Computation finished
