* EvoSuite 1.0.6
* Going to generate test cases for class: org.jfree.data.statistics.DefaultBoxAndWhiskerCategoryDataset
* Starting client
* Connecting to master process on port 19758
* Analyzing classpath: 
  - /tmp/run_evosuite.pl_212585_1546672224/build
  - /tmp/run_evosuite.pl_212585_1546672224/lib/servlet.jar
* Finished analyzing classpath
* Generating tests for class org.jfree.data.statistics.DefaultBoxAndWhiskerCategoryDataset
* Test criterion:
  - Branch Coverage
* Setting up search algorithm for whole suite generation
* Total number of test goals: 99
* Using seed 4000
* Starting evolution
[MASTER] 23:10:36.624 [logback-2] ERROR TestCluster - Failed to check cache for java.util.Comparator<T> : Type points to itself
* Search finished after 101s and 1608 generations, 505610 statements, best individual has fitness: 3.5
* Minimizing test suite
* Going to analyze the coverage criteria
* Coverage analysis for criterion BRANCH
* Coverage of criterion BRANCH: 93%
* Total number of goals: 99
* Number of covered goals: 92
* Generated 49 tests with total length 319
* Resulting test suite's coverage: 93%
* Generating assertions
* Resulting test suite's mutation score: 44%
* Writing JUnit test case 'DefaultBoxAndWhiskerCategoryDataset_ESTest' to evosuite-branch
* Done!

* Computation finished
