* EvoSuite 1.0.6
* Going to generate test cases for class: org.jfree.chart.axis.Axis
* Starting client
* Connecting to master process on port 14953
* Analyzing classpath: 
  - /tmp/run_evosuite.pl_10216_1545128598/build
  - /tmp/run_evosuite.pl_10216_1545128598/lib/servlet.jar
* Finished analyzing classpath
* Generating tests for class org.jfree.chart.axis.Axis
* Test criterion:
  - Branch Coverage
* Setting up search algorithm for whole suite generation
* Total number of test goals: 172
* Using seed 1000
* Starting evolution
[MASTER] 02:24:59.885 [logback-2] ERROR TestCluster - Failed to check cache for javax.swing.JLayer<?> : Invalid generic instance
* Search finished after 102s and 324 generations, 173997 statements, best individual has fitness: 12.0
* Minimizing test suite
* Going to analyze the coverage criteria
* Coverage analysis for criterion BRANCH
* Coverage of criterion BRANCH: 87%
* Total number of goals: 172
* Number of covered goals: 150
* Generated 59 tests with total length 244
* Resulting test suite's coverage: 87%
* Generating assertions
* Resulting test suite's mutation score: 41%
* Permissions denied during test execution: 
  - java.io.FilePermission: 
         write /tmp/+~JT6204033162689706025.tmp: 1
* Writing JUnit test case 'Axis_ESTest' to evosuite-branch
* Done!

* Computation finished
