* EvoSuite 1.0.6
* Going to generate test cases for class: org.jfree.chart.renderer.category.MinMaxCategoryRenderer
* Starting client
* Connecting to master process on port 18557
* Analyzing classpath: 
  - /tmp/run_evosuite.pl_223066_1546750228/build
  - /tmp/run_evosuite.pl_223066_1546750228/lib/servlet.jar
[MASTER] 20:50:37.114 [logback-1] WARN  TestUsageChecker - class org.jfree.chart.renderer.category.MinMaxCategoryRenderer$2 looks like an anonymous class, ignoring it (although reflection says false) MinMaxCategoryRenderer$2
[MASTER] 20:50:37.114 [logback-1] WARN  TestUsageChecker - class org.jfree.chart.renderer.category.MinMaxCategoryRenderer$1 looks like an anonymous class, ignoring it (although reflection says false) MinMaxCategoryRenderer$1
* Finished analyzing classpath
* Generating tests for class org.jfree.chart.renderer.category.MinMaxCategoryRenderer
* Test criterion:
  - Branch Coverage
* Setting up search algorithm for whole suite generation
* Total number of test goals: 73
* Using seed 5000
* Starting evolution
* Search finished after 101s and 497 generations, 146478 statements, best individual has fitness: 40.5
* Minimizing test suite
* Going to analyze the coverage criteria
* Coverage analysis for criterion BRANCH
* Coverage of criterion BRANCH: 47%
* Total number of goals: 73
* Number of covered goals: 34
* Generated 20 tests with total length 60
* Resulting test suite's coverage: 47%
* Generating assertions
* Resulting test suite's mutation score: 5%
* Permissions denied during test execution: 
  - java.net.URLPermission: 
         *:* http://www.someFakeButWellFormedURL.org/fooExample: 4
  - java.lang.RuntimePermission: 
         queuePrintJob: 25
         writeFileDescriptor: 1
* Writing JUnit test case 'MinMaxCategoryRenderer_ESTest' to evosuite-branch
* Done!

* Computation finished
