* EvoSuite 1.0.6
* Going to generate test cases for class: org.jfree.chart.plot.XYPlot
* Starting client
* Connecting to master process on port 14953
* Analyzing classpath: 
  - /tmp/run_evosuite.pl_1079_1545125978/build
  - /tmp/run_evosuite.pl_1079_1545125978/lib/servlet.jar
* Finished analyzing classpath
* Generating tests for class org.jfree.chart.plot.XYPlot
* Test criterion:
  - Branch Coverage
* Setting up search algorithm for whole suite generation
* Total number of test goals: 1079
* Using seed 1000
* Starting evolution
[MASTER] 01:39:54.195 [logback-2] ERROR TestCluster - Failed to check cache for java.util.LinkedList<E> : Type points to itself
[MASTER] 01:39:54.206 [logback-2] ERROR TestCluster - Failed to check cache for java.util.HashMap<K, V> : Type points to itself
[MASTER] 01:41:13.177 [logback-1] WARN  TestUsageChecker - class org.jfree.chart.renderer.category.MinMaxCategoryRenderer$1 looks like an anonymous class, ignoring it (although reflection says false) MinMaxCategoryRenderer$1
* Search finished after 102s and 205 generations, 146398 statements, best individual has fitness: 298.6666666666667
* Minimizing test suite
* Going to analyze the coverage criteria
* Coverage analysis for criterion BRANCH
* Coverage of criterion BRANCH: 65%
* Total number of goals: 1079
* Number of covered goals: 699
* Generated 202 tests with total length 779
* Resulting test suite's coverage: 66%
* Generating assertions
* Resulting test suite's mutation score: 14%
* Permissions denied during test execution: 
  - java.lang.RuntimePermission: 
         queuePrintJob: 1
* Writing JUnit test case 'XYPlot_ESTest' to evosuite-branch
* Done!

* Computation finished
