* EvoSuite 1.0.6
* Going to generate test cases for class: org.jfree.chart.util.ShapeList
* Starting client
* Connecting to master process on port 18539
* Analyzing classpath: 
  - /tmp/run_evosuite.pl_4707_1545647848/build
  - /tmp/run_evosuite.pl_4707_1545647848/lib/servlet.jar
* Finished analyzing classpath
* Generating tests for class org.jfree.chart.util.ShapeList
* Test criterion:
  - Branch Coverage
* Setting up search algorithm for whole suite generation
* Total number of test goals: 21
* Using seed 2000
* Starting evolution
* Search finished after 102s and 7103 generations, 580871 statements, best individual has fitness: 10.0
* Minimizing test suite
* Going to analyze the coverage criteria
* Coverage analysis for criterion BRANCH
* Coverage of criterion BRANCH: 62%
* Total number of goals: 21
* Number of covered goals: 13
* Generated 6 tests with total length 17
* Resulting test suite's coverage: 62%
* Generating assertions
* Resulting test suite's mutation score: 24%
* Writing JUnit test case 'ShapeList_ESTest' to evosuite-branch
* Done!

* Computation finished
