* EvoSuite 1.0.6
* Going to generate test cases for class: org.jfree.data.time.Week
* Starting client
* Connecting to master process on port 14953
* Analyzing classpath: 
  - /tmp/run_evosuite.pl_86913_1545152090/build
  - /tmp/run_evosuite.pl_86913_1545152090/lib/servlet.jar
* Finished analyzing classpath
* Generating tests for class org.jfree.data.time.Week
* Test criterion:
  - Branch Coverage
* Setting up search algorithm for whole suite generation
* Total number of test goals: 83
* Using seed 1000
* Starting evolution
[MASTER] 08:56:25.673 [logback-2] ERROR TestCluster - Failed to check cache for java.util.List<E> : Type points to itself
* Search finished after 101s and 3381 generations, 534339 statements, best individual has fitness: 9.943228200371058
* Minimizing test suite
* Going to analyze the coverage criteria
* Coverage analysis for criterion BRANCH
* Coverage of criterion BRANCH: 87%
* Total number of goals: 83
* Number of covered goals: 72
* Generated 27 tests with total length 71
* Resulting test suite's coverage: 87%
* Generating assertions
* Resulting test suite's mutation score: 22%
* Writing JUnit test case 'Week_ESTest' to evosuite-branch
* Done!

* Computation finished
