* EvoSuite 1.0.6
* Going to generate test cases for class: org.jfree.data.xy.XYSeries
* Starting client
* Connecting to master process on port 2830
* Analyzing classpath: 
  - /tmp/run_evosuite.pl_6787_1546599079/build
  - /tmp/run_evosuite.pl_6787_1546599079/lib/servlet.jar
* Finished analyzing classpath
* Generating tests for class org.jfree.data.xy.XYSeries
* Test criterion:
  - Branch Coverage
* Setting up search algorithm for whole suite generation
* Total number of test goals: 103
* Using seed 3000
* Starting evolution
[MASTER] 02:51:29.672 [logback-2] ERROR TestCluster - Failed to check cache for java.util.LinkedList<E> : Type points to itself
* Search finished after 16s and 285 generations, 99084 statements, best individual has fitness: 0.0
* Minimizing test suite
* Going to analyze the coverage criteria
* Coverage analysis for criterion BRANCH
* Coverage of criterion BRANCH: 100%
* Total number of goals: 103
* Number of covered goals: 103
* Generated 37 tests with total length 169
* Resulting test suite's coverage: 100%
* Generating assertions
* Resulting test suite's mutation score: 39%
* Writing JUnit test case 'XYSeries_ESTest' to evosuite-branch
* Done!

* Computation finished
