* EvoSuite 1.0.6
* Going to generate test cases for class: org.jfree.chart.plot.XYPlot
* Starting client
* Connecting to master process on port 14953
* Analyzing classpath: 
  - /tmp/run_evosuite.pl_53737_1545142096/build
  - /tmp/run_evosuite.pl_53737_1545142096/lib/servlet.jar
* Finished analyzing classpath
* Generating tests for class org.jfree.chart.plot.XYPlot
* Test criterion:
  - Branch Coverage
* Setting up search algorithm for whole suite generation
* Total number of test goals: 1079
* Using seed 1000
* Starting evolution
[MASTER] 06:08:35.528 [logback-2] ERROR TestCluster - Failed to check cache for java.util.LinkedList<E> : Type points to itself
[MASTER] 06:08:35.545 [logback-2] ERROR TestCluster - Failed to check cache for java.util.HashMap<K, V> : Type points to itself
* Search finished after 102s and 163 generations, 123728 statements, best individual has fitness: 342.3333333333333
* Minimizing test suite
* Going to analyze the coverage criteria
* Coverage analysis for criterion BRANCH
* Coverage of criterion BRANCH: 62%
* Total number of goals: 1079
* Number of covered goals: 669
* Generated 218 tests with total length 847
* Resulting test suite's coverage: 62%
* Generating assertions
* Resulting test suite's mutation score: 17%
* Permissions denied during test execution: 
  - java.lang.RuntimePermission: 
         queuePrintJob: 1
* Writing JUnit test case 'XYPlot_ESTest' to evosuite-branch
* Done!

* Computation finished
