* EvoSuite 1.0.6
* Going to generate test cases for class: org.jfree.chart.util.ShapeUtilities
* Starting client
* Connecting to master process on port 14953
* Analyzing classpath: 
  - /tmp/run_evosuite.pl_98773_1545155492/build
  - /tmp/run_evosuite.pl_98773_1545155492/lib/servlet.jar
* Finished analyzing classpath
* Generating tests for class org.jfree.chart.util.ShapeUtilities
* Test criterion:
  - Branch Coverage
* Setting up search algorithm for whole suite generation
* Total number of test goals: 123
* Using seed 1000
* Starting evolution
[MASTER] 09:51:45.004 [logback-2] ERROR TestCluster - Failed to check cache for java.util.ArrayDeque<E> : Type points to itself
[MASTER] 09:51:45.005 [logback-2] ERROR TestCluster - Failed to check cache for java.util.ArrayList<E> : Type points to itself
[MASTER] 09:51:45.006 [logback-2] ERROR TestCluster - Failed to check cache for java.util.EnumMap<K, V> : Type points to itself
[MASTER] 09:51:45.006 [logback-2] ERROR TestCluster - Failed to check cache for java.util.EnumSet<E> : Type points to itself
[MASTER] 09:51:45.007 [logback-2] ERROR TestCluster - Failed to check cache for java.util.HashMap<K, V> : Type points to itself
[MASTER] 09:51:45.007 [logback-2] ERROR TestCluster - Failed to check cache for java.util.HashSet<E> : Type points to itself
[MASTER] 09:51:45.007 [logback-2] ERROR TestCluster - Failed to check cache for java.util.Hashtable<K, V> : Type points to itself
[MASTER] 09:51:45.007 [logback-2] ERROR TestCluster - Failed to check cache for java.util.IdentityHashMap<K, V> : Type points to itself
[MASTER] 09:51:45.007 [logback-2] ERROR TestCluster - Failed to check cache for java.util.LinkedHashMap<K, V> : Type points to itself
[MASTER] 09:51:45.007 [logback-2] ERROR TestCluster - Failed to check cache for java.util.LinkedHashSet<E> : Type points to itself
[MASTER] 09:51:45.007 [logback-2] ERROR TestCluster - Failed to check cache for java.util.LinkedList<E> : Type points to itself
[MASTER] 09:51:45.008 [logback-2] ERROR TestCluster - Failed to check cache for java.util.Stack<E> : Type points to itself
[MASTER] 09:51:45.009 [logback-2] ERROR TestCluster - Failed to check cache for java.util.TreeMap<K, V> : Type points to itself
[MASTER] 09:51:45.009 [logback-2] ERROR TestCluster - Failed to check cache for java.util.TreeSet<E> : Type points to itself
[MASTER] 09:51:45.009 [logback-2] ERROR TestCluster - Failed to check cache for java.util.Vector<E> : Type points to itself
* Search finished after 31s and 281 generations, 134539 statements, best individual has fitness: 0.0
* Minimizing test suite
* Going to analyze the coverage criteria
* Coverage analysis for criterion BRANCH
* Coverage of criterion BRANCH: 100%
* Total number of goals: 123
* Number of covered goals: 123
* Generated 65 tests with total length 187
* Resulting test suite's coverage: 100%
* Generating assertions
* Resulting test suite's mutation score: 23%
* Permissions denied during test execution: 
  - java.io.FilePermission: 
         write /tmp/+~JT4847813681915441666.tmp: 1
* Writing JUnit test case 'ShapeUtilities_ESTest' to evosuite-branch
* Done!

* Computation finished
