* EvoSuite 1.0.6
* Going to generate test cases for class: org.jfree.data.time.TimeSeries
* Starting client
* Connecting to master process on port 14953
* Analyzing classpath: 
  - /tmp/run_evosuite.pl_68984_1545146898/build
  - /tmp/run_evosuite.pl_68984_1545146898/lib/servlet.jar
* Finished analyzing classpath
* Generating tests for class org.jfree.data.time.TimeSeries
* Test criterion:
  - Branch Coverage
* Setting up search algorithm for whole suite generation
* Total number of test goals: 161
* Using seed 1000
* Starting evolution
[MASTER] 07:28:31.188 [logback-2] ERROR TestCluster - Failed to check cache for java.util.LinkedList<E> : Type points to itself
[MASTER] 07:29:26.615 [logback-2] ERROR TestCluster - Failed to check cache for java.util.List<E> : Type points to itself
* Search finished after 101s and 2029 generations, 526985 statements, best individual has fitness: 2.0
* Minimizing test suite
* Going to analyze the coverage criteria
* Coverage analysis for criterion BRANCH
* Coverage of criterion BRANCH: 98%
* Total number of goals: 161
* Number of covered goals: 157
* Generated 56 tests with total length 268
* Resulting test suite's coverage: 98%
* Generating assertions
* Resulting test suite's mutation score: 48%
* Writing JUnit test case 'TimeSeries_ESTest' to evosuite-branch
* Done!

* Computation finished
