* EvoSuite 1.0.6
* Going to generate test cases for class: org.jfree.chart.renderer.category.AbstractCategoryItemRenderer
* Starting client
* Connecting to master process on port 18539
* Analyzing classpath: 
  - /tmp/run_evosuite.pl_2777_1545647269/build
  - /tmp/run_evosuite.pl_2777_1545647269/lib/servlet.jar
* Finished analyzing classpath
* Generating tests for class org.jfree.chart.renderer.category.AbstractCategoryItemRenderer
* Test criterion:
  - Branch Coverage
* Setting up search algorithm for whole suite generation
* Total number of test goals: 274
* Using seed 2000
* Starting evolution
[MASTER] 02:28:05.059 [logback-1] WARN  TestUsageChecker - class org.jfree.chart.renderer.category.MinMaxCategoryRenderer$2 looks like an anonymous class, ignoring it (although reflection says false) MinMaxCategoryRenderer$2
[MASTER] 02:28:05.809 [logback-2] ERROR TestCluster - Failed to check cache for java.util.Enumeration<E> : Type points to itself
[MASTER] 02:28:05.816 [logback-1] WARN  TestUsageChecker - class org.jfree.chart.renderer.category.MinMaxCategoryRenderer$1 looks like an anonymous class, ignoring it (although reflection says false) MinMaxCategoryRenderer$1
* Search finished after 102s and 424 generations, 287167 statements, best individual has fitness: 107.5
* Minimizing test suite
* Going to analyze the coverage criteria
* Coverage analysis for criterion BRANCH
* Coverage of criterion BRANCH: 54%
* Total number of goals: 274
* Number of covered goals: 147
* Generated 76 tests with total length 400
* Resulting test suite's coverage: 54%
* Generating assertions
* Resulting test suite's mutation score: 9%
* Permissions denied during test execution: 
  - java.lang.RuntimePermission: 
         queuePrintJob: 1
* Writing JUnit test case 'AbstractCategoryItemRenderer_ESTest' to evosuite-branch
* Done!

* Computation finished
