* EvoSuite 1.0.6
* Going to generate test cases for class: org.jfree.chart.block.BorderArrangement
* Starting client
* Connecting to master process on port 19758
* Analyzing classpath: 
  - /tmp/run_evosuite.pl_209020_1546670939/build
  - /tmp/run_evosuite.pl_209020_1546670939/lib/servlet.jar
* Finished analyzing classpath
* Generating tests for class org.jfree.chart.block.BorderArrangement
* Test criterion:
  - Branch Coverage
* Setting up search algorithm for whole suite generation
* Total number of test goals: 122
* Using seed 4000
* Starting evolution
* Search finished after 102s and 1322 generations, 433539 statements, best individual has fitness: 4.0
* Minimizing test suite
* Going to analyze the coverage criteria
* Coverage analysis for criterion BRANCH
* Coverage of criterion BRANCH: 93%
* Total number of goals: 122
* Number of covered goals: 114
* Generated 27 tests with total length 199
* Resulting test suite's coverage: 93%
* Generating assertions
* Resulting test suite's mutation score: 36%
* Permissions denied during test execution: 
  - java.io.FilePermission: 
         write /tmp/+~JT3071562416085830026.tmp: 1
         write /tmp/+~JF5293807872485324209.tmp: 1
         write /tmp/+~JT8644204371020732473.tmp: 1
         and other 25 cases of action/name for this exception class
* Writing JUnit test case 'BorderArrangement_ESTest' to evosuite-branch
* Done!

* Computation finished
