* EvoSuite 1.0.6
* Going to generate test cases for class: org.jfree.chart.renderer.category.StatisticalBarRenderer
* Starting client
* Connecting to master process on port 14953
* Analyzing classpath: 
  - /tmp/run_evosuite.pl_83456_1545151081/build
  - /tmp/run_evosuite.pl_83456_1545151081/lib/servlet.jar
* Finished analyzing classpath
* Generating tests for class org.jfree.chart.renderer.category.StatisticalBarRenderer
* Test criterion:
  - Branch Coverage
* Setting up search algorithm for whole suite generation
* Total number of test goals: 97
* Using seed 1000
* Starting evolution
[MASTER] 08:38:15.173 [logback-2] ERROR TestCluster - Failed to check cache for javax.swing.JComboBox<E> : Type points to itself
* Search finished after 101s and 535 generations, 248720 statements, best individual has fitness: 66.99999999813735
* Minimizing test suite
* Going to analyze the coverage criteria
* Coverage analysis for criterion BRANCH
* Coverage of criterion BRANCH: 28%
* Total number of goals: 97
* Number of covered goals: 27
* Generated 12 tests with total length 87
* Resulting test suite's coverage: 28%
* Generating assertions
* Resulting test suite's mutation score: 20%
* Permissions denied during test execution: 
  - java.net.URLPermission: 
         *:* http://www.someFakeButWellFormedURL.org/fooExample: 1
  - java.lang.RuntimePermission: 
         writeFileDescriptor: 2
* Writing JUnit test case 'StatisticalBarRenderer_ESTest' to evosuite-branch
* Done!

* Computation finished
