* EvoSuite 1.0.6
* Going to generate test cases for class: org.jfree.chart.imagemap.StandardToolTipTagFragmentGenerator
* Starting client
* Connecting to master process on port 18557
* Analyzing classpath: 
  - /tmp/run_evosuite.pl_216563_1546748472/build
  - /tmp/run_evosuite.pl_216563_1546748472/lib/servlet.jar
* Finished analyzing classpath
* Generating tests for class org.jfree.chart.imagemap.StandardToolTipTagFragmentGenerator
* Test criterion:
  - Branch Coverage
* Setting up search algorithm for whole suite generation
* Total number of test goals: 2
* Using seed 5000
* Starting evolution
* Search finished after 0s and 0 generations, 3150 statements, best individual has fitness: 0.0
* Minimizing test suite
* Going to analyze the coverage criteria
* Coverage analysis for criterion BRANCH
* Coverage of criterion BRANCH: 100%
* Total number of goals: 2
* Number of covered goals: 2
* Generated 1 tests with total length 2
* Resulting test suite's coverage: 100%
* Generating assertions
* Resulting test suite's mutation score: 100%
* Writing JUnit test case 'StandardToolTipTagFragmentGenerator_ESTest' to evosuite-branch
* Done!

* Computation finished
