* EvoSuite 1.0.6
* Going to generate test cases for class: org.jfree.chart.util.ShapeUtilities
* Starting client
* Connecting to master process on port 19758
* Analyzing classpath: 
  - /tmp/run_evosuite.pl_208271_1546670769/build
  - /tmp/run_evosuite.pl_208271_1546670769/lib/servlet.jar
* Finished analyzing classpath
* Generating tests for class org.jfree.chart.util.ShapeUtilities
* Test criterion:
  - Branch Coverage
* Setting up search algorithm for whole suite generation
* Total number of test goals: 123
* Using seed 4000
* Starting evolution
[MASTER] 22:46:20.521 [logback-2] ERROR TestCluster - Failed to check cache for java.util.ArrayDeque<E> : Type points to itself
[MASTER] 22:46:20.521 [logback-2] ERROR TestCluster - Failed to check cache for java.util.ArrayList<E> : Type points to itself
[MASTER] 22:46:20.523 [logback-2] ERROR TestCluster - Failed to check cache for java.util.EnumMap<K, V> : Type points to itself
[MASTER] 22:46:20.523 [logback-2] ERROR TestCluster - Failed to check cache for java.util.EnumSet<E> : Type points to itself
[MASTER] 22:46:20.523 [logback-2] ERROR TestCluster - Failed to check cache for java.util.HashMap<K, V> : Type points to itself
[MASTER] 22:46:20.524 [logback-2] ERROR TestCluster - Failed to check cache for java.util.HashSet<E> : Type points to itself
[MASTER] 22:46:20.524 [logback-2] ERROR TestCluster - Failed to check cache for java.util.Hashtable<K, V> : Type points to itself
[MASTER] 22:46:20.524 [logback-2] ERROR TestCluster - Failed to check cache for java.util.IdentityHashMap<K, V> : Type points to itself
[MASTER] 22:46:20.524 [logback-2] ERROR TestCluster - Failed to check cache for java.util.LinkedHashMap<K, V> : Type points to itself
[MASTER] 22:46:20.524 [logback-2] ERROR TestCluster - Failed to check cache for java.util.LinkedHashSet<E> : Type points to itself
[MASTER] 22:46:20.524 [logback-2] ERROR TestCluster - Failed to check cache for java.util.LinkedList<E> : Type points to itself
[MASTER] 22:46:20.526 [logback-2] ERROR TestCluster - Failed to check cache for java.util.Stack<E> : Type points to itself
[MASTER] 22:46:20.527 [logback-2] ERROR TestCluster - Failed to check cache for java.util.TreeMap<K, V> : Type points to itself
[MASTER] 22:46:20.527 [logback-2] ERROR TestCluster - Failed to check cache for java.util.TreeSet<E> : Type points to itself
[MASTER] 22:46:20.527 [logback-2] ERROR TestCluster - Failed to check cache for java.util.Vector<E> : Type points to itself
* Search finished after 38s and 472 generations, 162450 statements, best individual has fitness: 0.0
* Minimizing test suite
* Going to analyze the coverage criteria
* Coverage analysis for criterion BRANCH
* Coverage of criterion BRANCH: 100%
* Total number of goals: 123
* Number of covered goals: 123
* Generated 63 tests with total length 183
* Resulting test suite's coverage: 100%
* Generating assertions
* Resulting test suite's mutation score: 25%
* Permissions denied during test execution: 
  - java.io.FilePermission: 
         write /tmp/+~JT3229665749936881782.tmp: 1
         write /tmp/+~JT5040361159017631980.tmp: 1
* Writing JUnit test case 'ShapeUtilities_ESTest' to evosuite-branch
* Done!

* Computation finished
