* EvoSuite 1.0.6
* Going to generate test cases for class: org.jfree.chart.plot.CategoryPlot
* Starting client
* Connecting to master process on port 14953
* Analyzing classpath: 
  - /tmp/run_evosuite.pl_7483_1545127860/build
  - /tmp/run_evosuite.pl_7483_1545127860/lib/servlet.jar
* Finished analyzing classpath
* Generating tests for class org.jfree.chart.plot.CategoryPlot
* Test criterion:
  - Branch Coverage
* Setting up search algorithm for whole suite generation
* Total number of test goals: 677
* Using seed 1000
* Starting evolution
[MASTER] 02:11:14.376 [logback-2] ERROR TestCluster - Failed to check cache for java.util.LinkedList<E> : Type points to itself
* Search finished after 101s and 300 generations, 198200 statements, best individual has fitness: 136.0
* Minimizing test suite
* Going to analyze the coverage criteria
* Coverage analysis for criterion BRANCH
* Coverage of criterion BRANCH: 74%
* Total number of goals: 677
* Number of covered goals: 498
* Generated 144 tests with total length 639
* Resulting test suite's coverage: 74%
* Generating assertions
* Resulting test suite's mutation score: 19%
* Permissions denied during test execution: 
  - java.io.FilePermission: 
         write /tmp/+~JT5657904597093448943.tmp: 1
         write /tmp/+~JT943004363758765399.tmp: 1
* Writing JUnit test case 'CategoryPlot_ESTest' to evosuite-branch
* Done!

* Computation finished
