* EvoSuite 1.0.6
* Going to generate test cases for class: org.jfree.chart.plot.PiePlot
* Starting client
* Connecting to master process on port 14953
* Analyzing classpath: 
  - /tmp/run_evosuite.pl_89656_1545152974/build
  - /tmp/run_evosuite.pl_89656_1545152974/lib/servlet.jar
* Finished analyzing classpath
* Generating tests for class org.jfree.chart.plot.PiePlot
* Test criterion:
  - Branch Coverage
* Setting up search algorithm for whole suite generation
* Total number of test goals: 392
* Using seed 1000
* Starting evolution
[MASTER] 09:09:48.995 [logback-2] ERROR TestCluster - Failed to check cache for javax.swing.JComboBox<E> : Type points to itself
* Search finished after 103s and 412 generations, 209355 statements, best individual has fitness: 66.66666666526969
* Minimizing test suite
* Going to analyze the coverage criteria
* Coverage analysis for criterion BRANCH
* Coverage of criterion BRANCH: 75%
* Total number of goals: 392
* Number of covered goals: 295
* Generated 116 tests with total length 403
* Resulting test suite's coverage: 75%
* Generating assertions
* Resulting test suite's mutation score: 21%
* Permissions denied during test execution: 
  - java.lang.RuntimePermission: 
         queuePrintJob: 1
* Writing JUnit test case 'PiePlot_ESTest' to evosuite-branch
* Done!

* Computation finished
