* EvoSuite 1.0.6
* Going to generate test cases for class: org.jfree.data.DefaultKeyedValues
* Starting client
* Connecting to master process on port 19758
* Analyzing classpath: 
  - /tmp/run_evosuite.pl_211362_1546671742/build
  - /tmp/run_evosuite.pl_211362_1546671742/lib/servlet.jar
* Finished analyzing classpath
* Generating tests for class org.jfree.data.DefaultKeyedValues
* Test criterion:
  - Branch Coverage
* Setting up search algorithm for whole suite generation
* Total number of test goals: 62
* Using seed 4000
* Starting evolution
[MASTER] 23:02:30.783 [logback-2] ERROR TestCluster - Failed to check cache for java.util.LinkedList<E> : Type points to itself
[MASTER] 23:02:31.452 [logback-2] ERROR TestCluster - Failed to check cache for java.lang.Comparable<T> : Type points to itself
* Search finished after 101s and 2537 generations, 720783 statements, best individual has fitness: 1.0
* Minimizing test suite
* Going to analyze the coverage criteria
* Coverage analysis for criterion BRANCH
* Coverage of criterion BRANCH: 97%
* Total number of goals: 62
* Number of covered goals: 60
* Generated 22 tests with total length 90
* Resulting test suite's coverage: 97%
* Generating assertions
* Resulting test suite's mutation score: 73%
* Writing JUnit test case 'DefaultKeyedValues_ESTest' to evosuite-branch
* Done!

* Computation finished
* EvoSuite 1.0.6
* Going to generate test cases for class: org.jfree.data.DefaultKeyedValues2D
* Starting client
* Connecting to master process on port 19758
* Analyzing classpath: 
  - /tmp/run_evosuite.pl_211362_1546671742/build
  - /tmp/run_evosuite.pl_211362_1546671742/lib/servlet.jar
* Finished analyzing classpath
* Generating tests for class org.jfree.data.DefaultKeyedValues2D
* Test criterion:
  - Branch Coverage
* Setting up search algorithm for whole suite generation
* Total number of test goals: 95
* Using seed 4000
* Starting evolution
[MASTER] 23:04:17.027 [logback-2] ERROR TestCluster - Failed to check cache for java.util.LinkedList<E> : Type points to itself
[MASTER] 23:04:17.794 [logback-2] ERROR TestCluster - Failed to check cache for java.lang.Comparable<T> : Type points to itself
* Search finished after 102s and 3547 generations, 1285577 statements, best individual has fitness: 1.5
* Minimizing test suite
* Going to analyze the coverage criteria
* Coverage analysis for criterion BRANCH
* Coverage of criterion BRANCH: 97%
* Total number of goals: 95
* Number of covered goals: 92
* Generated 25 tests with total length 109
* Resulting test suite's coverage: 97%
* Generating assertions
* Resulting test suite's mutation score: 64%
* Writing JUnit test case 'DefaultKeyedValues2D_ESTest' to evosuite-branch
* Done!

* Computation finished
