* EvoSuite 1.0.6
* Going to generate test cases for class: org.jfree.chart.renderer.GrayPaintScale
* Starting client
* Connecting to master process on port 18539
* Analyzing classpath: 
  - /tmp/run_evosuite.pl_13283_1545650190/build
  - /tmp/run_evosuite.pl_13283_1545650190/lib/servlet.jar
* Finished analyzing classpath
* Generating tests for class org.jfree.chart.renderer.GrayPaintScale
* Test criterion:
  - Branch Coverage
* Setting up search algorithm for whole suite generation
* Total number of test goals: 15
* Using seed 2000
* Starting evolution
* Search finished after 1s and 1 generations, 4176 statements, best individual has fitness: 0.0
* Minimizing test suite
* Going to analyze the coverage criteria
* Coverage analysis for criterion BRANCH
* Coverage of criterion BRANCH: 100%
* Total number of goals: 15
* Number of covered goals: 15
* Generated 9 tests with total length 20
* Resulting test suite's coverage: 100%
* Generating assertions
* Resulting test suite's mutation score: 49%
* Writing JUnit test case 'GrayPaintScale_ESTest' to evosuite-branch
* Done!

* Computation finished
