* EvoSuite 1.0.6
* Going to generate test cases for class: org.jfree.chart.util.ShapeUtilities
* Starting client
* Connecting to master process on port 14953
* Analyzing classpath: 
  - /tmp/run_evosuite.pl_66000_1545146000/build
  - /tmp/run_evosuite.pl_66000_1545146000/lib/servlet.jar
* Finished analyzing classpath
* Generating tests for class org.jfree.chart.util.ShapeUtilities
* Test criterion:
  - Branch Coverage
* Setting up search algorithm for whole suite generation
* Total number of test goals: 123
* Using seed 1000
* Starting evolution
[MASTER] 07:13:32.078 [logback-2] ERROR TestCluster - Failed to check cache for java.util.ArrayDeque<E> : Type points to itself
[MASTER] 07:13:32.081 [logback-2] ERROR TestCluster - Failed to check cache for java.util.ArrayList<E> : Type points to itself
[MASTER] 07:13:32.085 [logback-2] ERROR TestCluster - Failed to check cache for java.util.EnumMap<K, V> : Type points to itself
[MASTER] 07:13:32.086 [logback-2] ERROR TestCluster - Failed to check cache for java.util.EnumSet<E> : Type points to itself
[MASTER] 07:13:32.088 [logback-2] ERROR TestCluster - Failed to check cache for java.util.HashMap<K, V> : Type points to itself
[MASTER] 07:13:32.089 [logback-2] ERROR TestCluster - Failed to check cache for java.util.HashSet<E> : Type points to itself
[MASTER] 07:13:32.089 [logback-2] ERROR TestCluster - Failed to check cache for java.util.Hashtable<K, V> : Type points to itself
[MASTER] 07:13:32.089 [logback-2] ERROR TestCluster - Failed to check cache for java.util.IdentityHashMap<K, V> : Type points to itself
[MASTER] 07:13:32.090 [logback-2] ERROR TestCluster - Failed to check cache for java.util.LinkedHashMap<K, V> : Type points to itself
[MASTER] 07:13:32.091 [logback-2] ERROR TestCluster - Failed to check cache for java.util.LinkedHashSet<E> : Type points to itself
[MASTER] 07:13:32.092 [logback-2] ERROR TestCluster - Failed to check cache for java.util.LinkedList<E> : Type points to itself
[MASTER] 07:13:32.095 [logback-2] ERROR TestCluster - Failed to check cache for java.util.Stack<E> : Type points to itself
[MASTER] 07:13:32.096 [logback-2] ERROR TestCluster - Failed to check cache for java.util.TreeMap<K, V> : Type points to itself
[MASTER] 07:13:32.097 [logback-2] ERROR TestCluster - Failed to check cache for java.util.TreeSet<E> : Type points to itself
[MASTER] 07:13:32.098 [logback-2] ERROR TestCluster - Failed to check cache for java.util.Vector<E> : Type points to itself
* Search finished after 57s and 668 generations, 197007 statements, best individual has fitness: 0.0
* Minimizing test suite
* Going to analyze the coverage criteria
* Coverage analysis for criterion BRANCH
* Coverage of criterion BRANCH: 100%
* Total number of goals: 123
* Number of covered goals: 123
* Generated 65 tests with total length 174
* Resulting test suite's coverage: 100%
* Generating assertions
* Resulting test suite's mutation score: 25%
* Permissions denied during test execution: 
  - java.io.FilePermission: 
         write /tmp/+~JT7654971420588551501.tmp: 1
         write /tmp/+~JT6735288417378513022.tmp: 1
         write /tmp/+~JT663085130365956751.tmp: 1
         and other 2 cases of action/name for this exception class
  - java.net.URLPermission: 
         *:* http://www.someFakeButWellFormedURL.org/fooExample: 2
* Writing JUnit test case 'ShapeUtilities_ESTest' to evosuite-branch
* Done!

* Computation finished
