* EvoSuite 1.0.6
* Going to generate test cases for class: org.jfree.data.general.DatasetUtilities
* Starting client
* Connecting to master process on port 14953
* Analyzing classpath: 
  - /tmp/run_evosuite.pl_408_1545125722/build
  - /tmp/run_evosuite.pl_408_1545125722/lib/servlet.jar
* Finished analyzing classpath
* Generating tests for class org.jfree.data.general.DatasetUtilities
* Test criterion:
  - Branch Coverage
* Setting up search algorithm for whole suite generation
* Total number of test goals: 564
* Using seed 1000
* Starting evolution
* Search finished after 101s and 494 generations, 307685 statements, best individual has fitness: 51.0
* Minimizing test suite
* Going to analyze the coverage criteria
* Coverage analysis for criterion BRANCH
* Coverage of criterion BRANCH: 87%
* Total number of goals: 564
* Number of covered goals: 492
* Generated 136 tests with total length 518
* Resulting test suite's coverage: 87%
* Generating assertions
* Resulting test suite's mutation score: 49%
* Writing JUnit test case 'DatasetUtilities_ESTest' to evosuite-branch
* Done!

* Computation finished
