* EvoSuite 1.0.6
* Going to generate test cases for class: org.apache.commons.math.stat.correlation.PearsonsCorrelation
* Starting client
* Connecting to master process on port 18557
* Analyzing classpath: 
  - /tmp/run_evosuite.pl_20625_1546790872/target/classes
* Finished analyzing classpath
* Generating tests for class org.apache.commons.math.stat.correlation.PearsonsCorrelation
* Test criterion:
  - Branch Coverage
* Setting up search algorithm for whole suite generation
* Total number of test goals: 36
* Using seed 5000
* Starting evolution
* Search finished after 101s and 4517 generations, 713213 statements, best individual has fitness: 0.5
* Minimizing test suite
* Going to analyze the coverage criteria
* Coverage analysis for criterion BRANCH
* Coverage of criterion BRANCH: 97%
* Total number of goals: 36
* Number of covered goals: 35
* Generated 9 tests with total length 29
* Resulting test suite's coverage: 97%
* Generating assertions
* Resulting test suite's mutation score: 28%
* Writing JUnit test case 'PearsonsCorrelation_ESTest' to evosuite-branch
* Done!

* Computation finished
