* EvoSuite 1.0.6
* Going to generate test cases for class: org.apache.commons.math.fraction.Fraction
* Starting client
* Connecting to master process on port 18539
* Analyzing classpath: 
  - /tmp/run_evosuite.pl_62946_1545669332/target/classes
* Finished analyzing classpath
* Generating tests for class org.apache.commons.math.fraction.Fraction
* Test criterion:
  - Branch Coverage
* Setting up search algorithm for whole suite generation
* Total number of test goals: 103
* Using seed 2000
* Starting evolution
* Search finished after 102s and 3862 generations, 932991 statements, best individual has fitness: 0.6666666666666666
* Minimizing test suite
* Going to analyze the coverage criteria
* Coverage analysis for criterion BRANCH
* Coverage of criterion BRANCH: 97%
* Total number of goals: 103
* Number of covered goals: 100
* Generated 40 tests with total length 77
* Resulting test suite's coverage: 99%
* Generating assertions
* Resulting test suite's mutation score: 48%
* Writing JUnit test case 'Fraction_ESTest' to evosuite-branch
* Done!

* Computation finished
