* EvoSuite 1.0.6
* Going to generate test cases for class: org.apache.commons.math.linear.SingularValueDecompositionImpl
* Starting client
* Connecting to master process on port 19758
* Analyzing classpath: 
  - /tmp/run_evosuite.pl_174674_1546706305/target/classes
* Finished analyzing classpath
* Generating tests for class org.apache.commons.math.linear.SingularValueDecompositionImpl
* Test criterion:
  - Branch Coverage
* Setting up search algorithm for whole suite generation
* Total number of test goals: 69
* Using seed 4000
* Starting evolution
* Search finished after 101s and 2310 generations, 486230 statements, best individual has fitness: 5.0
* Minimizing test suite
* Going to analyze the coverage criteria
* Coverage analysis for criterion BRANCH
* Coverage of criterion BRANCH: 93%
* Total number of goals: 69
* Number of covered goals: 64
* Generated 14 tests with total length 77
* Resulting test suite's coverage: 93%
* Generating assertions
* Resulting test suite's mutation score: 46%
* Writing JUnit test case 'SingularValueDecompositionImpl_ESTest' to evosuite-branch
* Done!

* Computation finished
