* EvoSuite 1.0.6
* Going to generate test cases for class: org.apache.commons.math.util.MathUtils
* Starting client
* Connecting to master process on port 14953
* Analyzing classpath: 
  - /tmp/run_evosuite.pl_20693_1545132633/target/classes
* Finished analyzing classpath
* Generating tests for class org.apache.commons.math.util.MathUtils
* Test criterion:
  - Branch Coverage
* Setting up search algorithm for whole suite generation
* Total number of test goals: 460
* Using seed 1000
* Starting evolution
* Search finished after 104s and 298 generations, 170250 statements, best individual has fitness: 23.666666664338358
* Minimizing test suite
* Going to analyze the coverage criteria
* Coverage analysis for criterion BRANCH
* Coverage of criterion BRANCH: 94%
* Total number of goals: 460
* Number of covered goals: 431
* Generated 173 tests with total length 237
* Resulting test suite's coverage: 94%
* Generating assertions
* Resulting test suite's mutation score: 45%
* Writing JUnit test case 'MathUtils_ESTest' to evosuite-branch
* Done!

* Computation finished
