* EvoSuite 1.0.6
* Going to generate test cases for class: org.apache.commons.math.ode.AbstractIntegrator
* Starting client
* Connecting to master process on port 18557
* Analyzing classpath: 
  - /tmp/run_evosuite.pl_13190_1546788281/target/classes
* Finished analyzing classpath
* Generating tests for class org.apache.commons.math.ode.AbstractIntegrator
* Test criterion:
  - Branch Coverage
* Setting up search algorithm for whole suite generation
* Total number of test goals: 67
* Using seed 5000
* Starting evolution
* Search finished after 101s and 279 generations, 183696 statements, best individual has fitness: 16.49999999953434
* Minimizing test suite
* Going to analyze the coverage criteria
* Coverage analysis for criterion BRANCH
* Coverage of criterion BRANCH: 73%
* Total number of goals: 67
* Number of covered goals: 49
* Generated 14 tests with total length 60
* Resulting test suite's coverage: 73%
* Generating assertions
* Resulting test suite's mutation score: 23%
* Writing JUnit test case 'AbstractIntegrator_ESTest' to evosuite-branch
* Done!

* Computation finished
