* EvoSuite 1.0.6
* Going to generate test cases for class: org.apache.commons.math3.linear.OpenMapRealVector
* Starting client
* Connecting to master process on port 18557
* Analyzing classpath: 
  - /tmp/run_evosuite.pl_8587_1546786826/target/classes
* Finished analyzing classpath
* Generating tests for class org.apache.commons.math3.linear.OpenMapRealVector
* Test criterion:
  - Branch Coverage
* Setting up search algorithm for whole suite generation
* Total number of test goals: 171
* Using seed 5000
* Starting evolution
* Search finished after 40s and 384 generations, 140873 statements, best individual has fitness: 0.0
* Minimizing test suite
* Going to analyze the coverage criteria
* Coverage analysis for criterion BRANCH
* Coverage of criterion BRANCH: 100%
* Total number of goals: 171
* Number of covered goals: 171
* Generated 46 tests with total length 247
* Resulting test suite's coverage: 100%
* Generating assertions
* Resulting test suite's mutation score: 61%
* Writing JUnit test case 'OpenMapRealVector_ESTest' to evosuite-branch
* Done!

* Computation finished
