* EvoSuite 1.0.6
* Going to generate test cases for class: org.apache.commons.math.util.MathUtils
* Starting client
* Connecting to master process on port 14953
* Analyzing classpath: 
  - /tmp/run_evosuite.pl_58730_1545230186/target/classes
* Finished analyzing classpath
* Generating tests for class org.apache.commons.math.util.MathUtils
* Test criterion:
  - Branch Coverage
* Setting up search algorithm for whole suite generation
* Total number of test goals: 238
* Using seed 1000
* Starting evolution
* Search finished after 103s and 546 generations, 210278 statements, best individual has fitness: 10.249999995110556
* Minimizing test suite
* Going to analyze the coverage criteria
* Coverage analysis for criterion BRANCH
* Coverage of criterion BRANCH: 95%
* Total number of goals: 238
* Number of covered goals: 226
* Generated 110 tests with total length 118
* Resulting test suite's coverage: 95%
* Generating assertions
* Resulting test suite's mutation score: 54%
* Writing JUnit test case 'MathUtils_ESTest' to evosuite-branch
* Done!

* Computation finished
