* EvoSuite 1.0.6
* Going to generate test cases for class: org.apache.commons.math.linear.OpenMapRealMatrix
* Starting client
* Connecting to master process on port 2830
* Analyzing classpath: 
  - /tmp/run_evosuite.pl_105994_1546633309/target/classes
* Finished analyzing classpath
* Generating tests for class org.apache.commons.math.linear.OpenMapRealMatrix
* Test criterion:
  - Branch Coverage
* Setting up search algorithm for whole suite generation
* Total number of test goals: 32
* Using seed 3000
* Starting evolution
* Search finished after 101s and 220 generations, 46646 statements, best individual has fitness: 10.0
* Minimizing test suite
* Going to analyze the coverage criteria
* Coverage analysis for criterion BRANCH
* Coverage of criterion BRANCH: 62%
* Total number of goals: 32
* Number of covered goals: 20
* Generated 9 tests with total length 22
* Resulting test suite's coverage: 62%
* Generating assertions
* Resulting test suite's mutation score: 14%
* Writing JUnit test case 'OpenMapRealMatrix_ESTest' to evosuite-branch
* Done!

* Computation finished
