* EvoSuite 1.0.6
* Going to generate test cases for class: org.apache.commons.math.optimization.general.LevenbergMarquardtOptimizer
* Starting client
* Connecting to master process on port 14953
* Analyzing classpath: 
  - /tmp/run_evosuite.pl_50714_1545227532/target/classes
* Finished analyzing classpath
* Generating tests for class org.apache.commons.math.optimization.general.LevenbergMarquardtOptimizer
* Test criterion:
  - Branch Coverage
* Setting up search algorithm for whole suite generation
* Total number of test goals: 205
* Using seed 1000
* Starting evolution
* Search finished after 101s and 5132 generations, 487227 statements, best individual has fitness: 204.0
* Minimizing test suite
* Going to analyze the coverage criteria
* Coverage analysis for criterion BRANCH
* Coverage of criterion BRANCH: 2%
* Total number of goals: 205
* Number of covered goals: 5
* Generated 1 tests with total length 1
* Resulting test suite's coverage: 2%
* Generating assertions
* Resulting test suite's mutation score: 1%
* Writing JUnit test case 'LevenbergMarquardtOptimizer_ESTest' to evosuite-branch
* Done!

* Computation finished
