* EvoSuite 1.0.6
* Going to generate test cases for class: org.apache.commons.math3.optimization.direct.CMAESOptimizer
* Starting client
* Connecting to master process on port 19758
* Analyzing classpath: 
  - /tmp/run_evosuite.pl_30878_1546700782/target/classes
* Finished analyzing classpath
* Generating tests for class org.apache.commons.math3.optimization.direct.CMAESOptimizer
* Test criterion:
  - Branch Coverage
* Setting up search algorithm for whole suite generation
* Total number of test goals: 290
* Using seed 4000
* Starting evolution
* Search finished after 101s and 1500 generations, 891348 statements, best individual has fitness: 135.6666332913723
* Minimizing test suite
* Going to analyze the coverage criteria
* Coverage analysis for criterion BRANCH
* Coverage of criterion BRANCH: 54%
* Total number of goals: 290
* Number of covered goals: 156
* Generated 13 tests with total length 151
* Resulting test suite's coverage: 55%
* Generating assertions
* Resulting test suite's mutation score: 0%
* Writing JUnit test case 'CMAESOptimizer_ESTest' to evosuite-branch
* Done!

* Computation finished
