* EvoSuite 1.0.6
* Going to generate test cases for class: org.apache.commons.math3.optimization.linear.SimplexTableau
* Starting client
* Connecting to master process on port 18557
* Analyzing classpath: 
  - /tmp/run_evosuite.pl_9813_1546787127/target/classes
* Finished analyzing classpath
* Generating tests for class org.apache.commons.math3.optimization.linear.SimplexTableau
* Test criterion:
  - Branch Coverage
* Setting up search algorithm for whole suite generation
* Total number of test goals: 146
* Using seed 5000
* Starting evolution
* Search finished after 102s and 1934 generations, 774932 statements, best individual has fitness: 2.5
* Minimizing test suite
* Going to analyze the coverage criteria
* Coverage analysis for criterion BRANCH
* Coverage of criterion BRANCH: 98%
* Total number of goals: 146
* Number of covered goals: 143
* Generated 27 tests with total length 221
* Resulting test suite's coverage: 98%
* Generating assertions
* Resulting test suite's mutation score: 31%
* Writing JUnit test case 'SimplexTableau_ESTest' to evosuite-branch
* Done!

* Computation finished
