* EvoSuite 1.0.6
* Going to generate test cases for class: org.apache.commons.math.linear.CholeskyDecompositionImpl
* Starting client
* Connecting to master process on port 18539
* Analyzing classpath: 
  - /tmp/run_evosuite.pl_61475_1545668847/target/classes
* Finished analyzing classpath
* Generating tests for class org.apache.commons.math.linear.CholeskyDecompositionImpl
* Test criterion:
  - Branch Coverage
* Setting up search algorithm for whole suite generation
* Total number of test goals: 65
* Using seed 2000
* Starting evolution
* Search finished after 101s and 2595 generations, 416183 statements, best individual has fitness: 44.0
* Minimizing test suite
* Going to analyze the coverage criteria
* Coverage analysis for criterion BRANCH
* Coverage of criterion BRANCH: 37%
* Total number of goals: 65
* Number of covered goals: 24
* Generated 7 tests with total length 48
* Resulting test suite's coverage: 37%
* Generating assertions
* Resulting test suite's mutation score: 12%
* Writing JUnit test case 'CholeskyDecompositionImpl_ESTest' to evosuite-branch
* Done!

* Computation finished
