* EvoSuite 1.0.6
* Going to generate test cases for class: org.apache.commons.math3.fraction.Fraction
* Starting client
* Connecting to master process on port 2830
* Analyzing classpath: 
  - /tmp/run_evosuite.pl_90681_1546628337/target/classes
* Finished analyzing classpath
* Generating tests for class org.apache.commons.math3.fraction.Fraction
* Test criterion:
  - Branch Coverage
* Setting up search algorithm for whole suite generation
* Total number of test goals: 118
* Using seed 3000
* Starting evolution
* Search finished after 101s and 2978 generations, 594861 statements, best individual has fitness: 1.1666666666666665
* Minimizing test suite
* Going to analyze the coverage criteria
* Coverage analysis for criterion BRANCH
* Coverage of criterion BRANCH: 97%
* Total number of goals: 118
* Number of covered goals: 114
* Generated 46 tests with total length 92
* Resulting test suite's coverage: 98%
* Generating assertions
* Resulting test suite's mutation score: 45%
* Writing JUnit test case 'Fraction_ESTest' to evosuite-branch
* Done!

* Computation finished
* EvoSuite 1.0.6
* Going to generate test cases for class: org.apache.commons.math3.fraction.BigFraction
* Starting client
* Connecting to master process on port 2830
* Analyzing classpath: 
  - /tmp/run_evosuite.pl_90681_1546628337/target/classes
* Finished analyzing classpath
* Generating tests for class org.apache.commons.math3.fraction.BigFraction
* Test criterion:
  - Branch Coverage
* Setting up search algorithm for whole suite generation
* Total number of test goals: 137
* Using seed 3000
* Starting evolution
* Search finished after 104s and 70 generations, 32977 statements, best individual has fitness: 0.5
* Minimizing test suite
* Going to analyze the coverage criteria
* Coverage analysis for criterion BRANCH
* Coverage of criterion BRANCH: 99%
* Total number of goals: 137
* Number of covered goals: 136
* Generated 63 tests with total length 133
* Resulting test suite's coverage: 99%
* Generating assertions
* Resulting test suite's mutation score: 49%
* Writing JUnit test case 'BigFraction_ESTest' to evosuite-branch
* Done!

* Computation finished
