* EvoSuite 1.0.6
* Going to generate test cases for class: org.apache.commons.math.geometry.Vector3D
* Starting client
* Connecting to master process on port 19758
* Analyzing classpath: 
  - /tmp/run_evosuite.pl_73879_1546704594/target/classes
* Finished analyzing classpath
* Generating tests for class org.apache.commons.math.geometry.Vector3D
* Test criterion:
  - Branch Coverage
* Setting up search algorithm for whole suite generation
* Total number of test goals: 77
* Using seed 4000
* Starting evolution
* Search finished after 7s and 162 generations, 48271 statements, best individual has fitness: 0.0
* Minimizing test suite
* Going to analyze the coverage criteria
* Coverage analysis for criterion BRANCH
* Coverage of criterion BRANCH: 100%
* Total number of goals: 77
* Number of covered goals: 77
* Generated 37 tests with total length 85
* Resulting test suite's coverage: 100%
* Generating assertions
* Resulting test suite's mutation score: 30%
* Writing JUnit test case 'Vector3D_ESTest' to evosuite-branch
* Done!

* Computation finished
