* EvoSuite 1.0.6
* Going to generate test cases for class: org.apache.commons.math.optimization.fitting.GaussianFitter
* Starting client
* Connecting to master process on port 2830
* Analyzing classpath: 
  - /tmp/run_evosuite.pl_109902_1546634605/target/classes
* Finished analyzing classpath
* Generating tests for class org.apache.commons.math.optimization.fitting.GaussianFitter
* Test criterion:
  - Branch Coverage
* Setting up search algorithm for whole suite generation
* Total number of test goals: 67
* Using seed 3000
* Starting evolution
* Search finished after 101s and 4392 generations, 1938445 statements, best individual has fitness: 3.0
* Minimizing test suite
* Going to analyze the coverage criteria
* Coverage analysis for criterion BRANCH
* Coverage of criterion BRANCH: 94%
* Total number of goals: 67
* Number of covered goals: 63
* Generated 10 tests with total length 61
* Resulting test suite's coverage: 94%
* Generating assertions
* Resulting test suite's mutation score: 21%
* Writing JUnit test case 'GaussianFitter_ESTest' to evosuite-branch
* Done!

* Computation finished
