* EvoSuite 1.0.6
* Going to generate test cases for class: org.apache.commons.math.optimization.univariate.BrentOptimizer
* Starting client
* Connecting to master process on port 18539
* Analyzing classpath: 
  - /tmp/run_evosuite.pl_55241_1545666842/target/classes
* Finished analyzing classpath
* Generating tests for class org.apache.commons.math.optimization.univariate.BrentOptimizer
* Test criterion:
  - Branch Coverage
* Setting up search algorithm for whole suite generation
* Total number of test goals: 57
* Using seed 2000
* Starting evolution
* Search finished after 5s and 104 generations, 38553 statements, best individual has fitness: 0.0
* Minimizing test suite
* Going to analyze the coverage criteria
* Coverage analysis for criterion BRANCH
* Coverage of criterion BRANCH: 100%
* Total number of goals: 57
* Number of covered goals: 57
* Generated 9 tests with total length 63
* Resulting test suite's coverage: 100%
* Generating assertions
* Resulting test suite's mutation score: 69%
* Writing JUnit test case 'BrentOptimizer_ESTest' to evosuite-branch
* Done!

* Computation finished
