* EvoSuite 1.0.6
* Going to generate test cases for class: org.apache.commons.math3.optimization.direct.CMAESOptimizer
* Starting client
* Connecting to master process on port 18557
* Analyzing classpath: 
  - /tmp/run_evosuite.pl_5032_1546785741/target/classes
* Finished analyzing classpath
* Generating tests for class org.apache.commons.math3.optimization.direct.CMAESOptimizer
* Test criterion:
  - Branch Coverage
* Setting up search algorithm for whole suite generation
* Total number of test goals: 290
* Using seed 5000
* Starting evolution
* Search finished after 101s and 766 generations, 519686 statements, best individual has fitness: 49.91666626419751
* Minimizing test suite
* Going to analyze the coverage criteria
* Coverage analysis for criterion BRANCH
* Coverage of criterion BRANCH: 81%
* Total number of goals: 290
* Number of covered goals: 235
* Generated 18 tests with total length 175
* Resulting test suite's coverage: 81%
* Generating assertions
* Resulting test suite's mutation score: 6%
* Writing JUnit test case 'CMAESOptimizer_ESTest' to evosuite-branch
* Done!

* Computation finished
