* EvoSuite 1.0.6
* Going to generate test cases for class: org.apache.commons.math3.fraction.Fraction
* Starting client
* Connecting to master process on port 19758
* Analyzing classpath: 
  - /tmp/run_evosuite.pl_23709_1546698313/target/classes
* Finished analyzing classpath
* Generating tests for class org.apache.commons.math3.fraction.Fraction
* Test criterion:
  - Branch Coverage
* Setting up search algorithm for whole suite generation
* Total number of test goals: 118
* Using seed 4000
* Starting evolution
* Search finished after 101s and 2937 generations, 666956 statements, best individual has fitness: 1.1666666666666665
* Minimizing test suite
* Going to analyze the coverage criteria
* Coverage analysis for criterion BRANCH
* Coverage of criterion BRANCH: 97%
* Total number of goals: 118
* Number of covered goals: 115
* Generated 50 tests with total length 100
* Resulting test suite's coverage: 98%
* Generating assertions
* Resulting test suite's mutation score: 47%
* Writing JUnit test case 'Fraction_ESTest' to evosuite-branch
* Done!

* Computation finished
* EvoSuite 1.0.6
* Going to generate test cases for class: org.apache.commons.math3.fraction.BigFraction
* Starting client
* Connecting to master process on port 19758
* Analyzing classpath: 
  - /tmp/run_evosuite.pl_23709_1546698313/target/classes
* Finished analyzing classpath
* Generating tests for class org.apache.commons.math3.fraction.BigFraction
* Test criterion:
  - Branch Coverage
* Setting up search algorithm for whole suite generation
* Total number of test goals: 137
* Using seed 4000
* Starting evolution
* Search finished after 101s and 48 generations, 23874 statements, best individual has fitness: 0.5
* Minimizing test suite
* Going to analyze the coverage criteria
* Coverage analysis for criterion BRANCH
* Coverage of criterion BRANCH: 99%
* Total number of goals: 137
* Number of covered goals: 135
* Generated 68 tests with total length 141
* Resulting test suite's coverage: 99%
* Generating assertions
* Resulting test suite's mutation score: 51%
* Writing JUnit test case 'BigFraction_ESTest' to evosuite-branch
* Done!

* Computation finished
