* EvoSuite 1.0.6
* Going to generate test cases for class: org.apache.commons.math.linear.OpenMapRealMatrix
* Starting client
* Connecting to master process on port 14953
* Analyzing classpath: 
  - /tmp/run_evosuite.pl_220463_1545202431/target/classes
* Finished analyzing classpath
* Generating tests for class org.apache.commons.math.linear.OpenMapRealMatrix
* Test criterion:
  - Branch Coverage
* Setting up search algorithm for whole suite generation
* Total number of test goals: 32
* Using seed 1000
* Starting evolution
* Search finished after 101s and 915 generations, 157742 statements, best individual has fitness: 0.5
* Minimizing test suite
* Going to analyze the coverage criteria
* Coverage analysis for criterion BRANCH
* Coverage of criterion BRANCH: 97%
* Total number of goals: 32
* Number of covered goals: 31
* Generated 12 tests with total length 31
* Resulting test suite's coverage: 97%
* Generating assertions
* Resulting test suite's mutation score: 25%
* Writing JUnit test case 'OpenMapRealMatrix_ESTest' to evosuite-branch
* Done!

* Computation finished
