* EvoSuite 1.0.6
* Going to generate test cases for class: org.apache.commons.math3.geometry.euclidean.twod.PolygonsSet
* Starting client
* Connecting to master process on port 14953
* Analyzing classpath: 
  - /tmp/run_evosuite.pl_39885_1545223881/target/classes
* Finished analyzing classpath
* Generating tests for class org.apache.commons.math3.geometry.euclidean.twod.PolygonsSet
* Test criterion:
  - Branch Coverage
* Setting up search algorithm for whole suite generation
* Total number of test goals: 95
* Using seed 1000
* Starting evolution
[MASTER] 04:51:31.283 [logback-2] ERROR TestCluster - Failed to check cache for java.util.LinkedList<E> : Type points to itself
* Search finished after 101s and 2999 generations, 545038 statements, best individual has fitness: 9.666666666666666
* Minimizing test suite
* Going to analyze the coverage criteria
* Coverage analysis for criterion BRANCH
* Coverage of criterion BRANCH: 89%
* Total number of goals: 95
* Number of covered goals: 85
* Generated 9 tests with total length 40
* Resulting test suite's coverage: 89%
* Generating assertions
* Resulting test suite's mutation score: 46%
* Writing JUnit test case 'PolygonsSet_ESTest' to evosuite-branch
* Done!

* Computation finished
