* EvoSuite 1.0.6
* Going to generate test cases for class: org.apache.commons.math.util.MathUtils
* Starting client
* Connecting to master process on port 14953
* Analyzing classpath: 
  - /tmp/run_evosuite.pl_25739_1545134319/target/classes
* Finished analyzing classpath
* Generating tests for class org.apache.commons.math.util.MathUtils
* Test criterion:
  - Branch Coverage
* Setting up search algorithm for whole suite generation
* Total number of test goals: 364
* Using seed 1000
* Starting evolution
* Search finished after 101s and 676 generations, 320508 statements, best individual has fitness: 13.666666107865542
* Minimizing test suite
* Going to analyze the coverage criteria
* Coverage analysis for criterion BRANCH
* Coverage of criterion BRANCH: 96%
* Total number of goals: 364
* Number of covered goals: 348
* Generated 155 tests with total length 189
* Resulting test suite's coverage: 96%
* Generating assertions
* Resulting test suite's mutation score: 53%
* Writing JUnit test case 'MathUtils_ESTest' to evosuite-branch
* Done!

* Computation finished
