* EvoSuite 1.0.6
* Going to generate test cases for class: org.apache.commons.math.optimization.linear.SimplexTableau
* Starting client
* Connecting to master process on port 14953
* Analyzing classpath: 
  - /tmp/run_evosuite.pl_91145_1545240772/target/classes
* Finished analyzing classpath
* Generating tests for class org.apache.commons.math.optimization.linear.SimplexTableau
* Test criterion:
  - Branch Coverage
* Setting up search algorithm for whole suite generation
* Total number of test goals: 108
* Using seed 1000
* Starting evolution
* Search finished after 101s and 2702 generations, 776646 statements, best individual has fitness: 2.0
* Minimizing test suite
* Going to analyze the coverage criteria
* Coverage analysis for criterion BRANCH
* Coverage of criterion BRANCH: 98%
* Total number of goals: 108
* Number of covered goals: 106
* Generated 24 tests with total length 183
* Resulting test suite's coverage: 98%
* Generating assertions
* Resulting test suite's mutation score: 32%
* Writing JUnit test case 'SimplexTableau_ESTest' to evosuite-branch
* Done!

* Computation finished
