* EvoSuite 1.0.6
* Going to generate test cases for class: org.apache.commons.math3.linear.OpenMapRealVector
* Starting client
* Connecting to master process on port 19758
* Analyzing classpath: 
  - /tmp/run_evosuite.pl_91056_1546701761/target/classes
* Finished analyzing classpath
* Generating tests for class org.apache.commons.math3.linear.OpenMapRealVector
* Test criterion:
  - Branch Coverage
* Setting up search algorithm for whole suite generation
* Total number of test goals: 171
* Using seed 4000
* Starting evolution
* Search finished after 101s and 1099 generations, 298942 statements, best individual has fitness: 0.5
* Minimizing test suite
* Going to analyze the coverage criteria
* Coverage analysis for criterion BRANCH
* Coverage of criterion BRANCH: 99%
* Total number of goals: 171
* Number of covered goals: 170
* Generated 48 tests with total length 201
* Resulting test suite's coverage: 99%
* Generating assertions
* Resulting test suite's mutation score: 55%
* Writing JUnit test case 'OpenMapRealVector_ESTest' to evosuite-branch
* Done!

* Computation finished
