* EvoSuite 1.0.6
* Going to generate test cases for class: org.apache.commons.math.analysis.solvers.BracketingNthOrderBrentSolver
* Starting client
* Connecting to master process on port 14953
* Analyzing classpath: 
  - /tmp/run_evosuite.pl_76541_1545235881/target/classes
* Finished analyzing classpath
* Generating tests for class org.apache.commons.math.analysis.solvers.BracketingNthOrderBrentSolver
* Test criterion:
  - Branch Coverage
* Setting up search algorithm for whole suite generation
* Total number of test goals: 76
* Using seed 1000
* Starting evolution
* Search finished after 101s and 3148 generations, 482193 statements, best individual has fitness: 0.5
* Minimizing test suite
* Going to analyze the coverage criteria
* Coverage analysis for criterion BRANCH
* Coverage of criterion BRANCH: 99%
* Total number of goals: 76
* Number of covered goals: 75
* Generated 17 tests with total length 54
* Resulting test suite's coverage: 99%
* Generating assertions
* Resulting test suite's mutation score: 75%
* Writing JUnit test case 'BracketingNthOrderBrentSolver_ESTest' to evosuite-branch
* Done!

* Computation finished
