* EvoSuite 1.0.6
* Going to generate test cases for class: org.apache.commons.math.estimation.AbstractEstimator
* Starting client
* Connecting to master process on port 14953
* Analyzing classpath: 
  - /tmp/run_evosuite.pl_94878_1545241951/target/classes
* Finished analyzing classpath
* Generating tests for class org.apache.commons.math.estimation.AbstractEstimator
* Test criterion:
  - Branch Coverage
* Setting up search algorithm for whole suite generation
* Total number of test goals: 28
* Using seed 1000
* Starting evolution
* Search finished after 101s and 4392 generations, 740225 statements, best individual has fitness: 2.0
* Minimizing test suite
* Going to analyze the coverage criteria
* Coverage analysis for criterion BRANCH
* Coverage of criterion BRANCH: 93%
* Total number of goals: 28
* Number of covered goals: 26
* Generated 11 tests with total length 48
* Resulting test suite's coverage: 93%
* Generating assertions
* Resulting test suite's mutation score: 9%
* Writing JUnit test case 'AbstractEstimator_ESTest' to evosuite-branch
* Done!

* Computation finished
