* EvoSuite 1.0.6
* Going to generate test cases for class: org.apache.commons.math.ode.nonstiff.EmbeddedRungeKuttaIntegrator
* Starting client
* Connecting to master process on port 2830
* Analyzing classpath: 
  - /tmp/run_evosuite.pl_114757_1546635932/target/classes
* Finished analyzing classpath
* Generating tests for class org.apache.commons.math.ode.nonstiff.EmbeddedRungeKuttaIntegrator
* Test criterion:
  - Branch Coverage
* Setting up search algorithm for whole suite generation
* Total number of test goals: 66
* Using seed 3000
* Starting evolution
* Search finished after 101s and 134 generations, 94501 statements, best individual has fitness: 27.666666666666668
* Minimizing test suite
* Going to analyze the coverage criteria
* Coverage analysis for criterion BRANCH
* Coverage of criterion BRANCH: 53%
* Total number of goals: 66
* Number of covered goals: 35
* Generated 6 tests with total length 30
* Resulting test suite's coverage: 53%
* Generating assertions
* Resulting test suite's mutation score: 28%
* Writing JUnit test case 'EmbeddedRungeKuttaIntegrator_ESTest' to evosuite-branch
* Done!

* Computation finished
