* EvoSuite 1.0.6
* Going to generate test cases for class: org.apache.commons.math.ode.nonstiff.EmbeddedRungeKuttaIntegrator
* Starting client
* Connecting to master process on port 18557
* Analyzing classpath: 
  - /tmp/run_evosuite.pl_11658_1546787787/target/classes
* Finished analyzing classpath
* Generating tests for class org.apache.commons.math.ode.nonstiff.EmbeddedRungeKuttaIntegrator
* Test criterion:
  - Branch Coverage
* Setting up search algorithm for whole suite generation
* Total number of test goals: 62
* Using seed 5000
* Starting evolution
* Search finished after 101s and 136 generations, 103792 statements, best individual has fitness: 2.0
* Minimizing test suite
* Going to analyze the coverage criteria
* Coverage analysis for criterion BRANCH
* Coverage of criterion BRANCH: 95%
* Total number of goals: 62
* Number of covered goals: 59
* Generated 7 tests with total length 30
* Resulting test suite's coverage: 95%
* Generating assertions
* Resulting test suite's mutation score: 59%
* Writing JUnit test case 'EmbeddedRungeKuttaIntegrator_ESTest' to evosuite-branch
* Done!

* Computation finished
