* EvoSuite 1.0.6
* Going to generate test cases for class: org.apache.commons.math3.geometry.euclidean.threed.Line
* Starting client
* Connecting to master process on port 19758
* Analyzing classpath: 
  - /tmp/run_evosuite.pl_27625_1546699808/target/classes
* Finished analyzing classpath
* Generating tests for class org.apache.commons.math3.geometry.euclidean.threed.Line
* Test criterion:
  - Branch Coverage
* Setting up search algorithm for whole suite generation
* Total number of test goals: 27
* Using seed 4000
* Starting evolution
* Search finished after 11s and 280 generations, 59591 statements, best individual has fitness: 0.0
* Minimizing test suite
* Going to analyze the coverage criteria
* Coverage analysis for criterion BRANCH
* Coverage of criterion BRANCH: 100%
* Total number of goals: 27
* Number of covered goals: 27
* Generated 16 tests with total length 65
* Resulting test suite's coverage: 100%
* Generating assertions
* Resulting test suite's mutation score: 50%
* Writing JUnit test case 'Line_ESTest' to evosuite-branch
* Done!

* Computation finished
