* EvoSuite 1.0.6
* Going to generate test cases for class: org.apache.commons.math3.optimization.fitting.HarmonicFitter
* Starting client
* Connecting to master process on port 18539
* Analyzing classpath: 
  - /tmp/run_evosuite.pl_42840_1545662894/target/classes
* Finished analyzing classpath
* Generating tests for class org.apache.commons.math3.optimization.fitting.HarmonicFitter
* Test criterion:
  - Branch Coverage
* Setting up search algorithm for whole suite generation
* Total number of test goals: 34
* Using seed 2000
* Starting evolution
* Search finished after 101s and 1218 generations, 612302 statements, best individual has fitness: 0.9999999904393918
* Minimizing test suite
* Going to analyze the coverage criteria
* Coverage analysis for criterion BRANCH
* Coverage of criterion BRANCH: 97%
* Total number of goals: 34
* Number of covered goals: 33
* Generated 7 tests with total length 53
* Resulting test suite's coverage: 97%
* Generating assertions
* Resulting test suite's mutation score: 22%
* Writing JUnit test case 'HarmonicFitter_ESTest' to evosuite-branch
* Done!

* Computation finished
