* EvoSuite 1.0.6
* Going to generate test cases for class: org.apache.commons.math3.optimization.direct.CMAESOptimizer
* Starting client
* Connecting to master process on port 14953
* Analyzing classpath: 
  - /tmp/run_evosuite.pl_69914_1545233907/target/classes
* Finished analyzing classpath
* Generating tests for class org.apache.commons.math3.optimization.direct.CMAESOptimizer
* Test criterion:
  - Branch Coverage
* Setting up search algorithm for whole suite generation
* Total number of test goals: 290
* Using seed 1000
* Starting evolution
* Search finished after 101s and 811 generations, 323824 statements, best individual has fitness: 71.99996650232872
* Minimizing test suite
* Going to analyze the coverage criteria
* Coverage analysis for criterion BRANCH
* Coverage of criterion BRANCH: 73%
* Total number of goals: 290
* Number of covered goals: 213
* Generated 14 tests with total length 85
* Resulting test suite's coverage: 73%
* Generating assertions
* Resulting test suite's mutation score: 4%
* Writing JUnit test case 'CMAESOptimizer_ESTest' to evosuite-branch
* Done!

* Computation finished
