* EvoSuite 1.0.6
* Going to generate test cases for class: org.apache.commons.math3.optimization.direct.CMAESOptimizer
* Starting client
* Connecting to master process on port 2830
* Analyzing classpath: 
  - /tmp/run_evosuite.pl_98146_1546631047/target/classes
* Finished analyzing classpath
* Generating tests for class org.apache.commons.math3.optimization.direct.CMAESOptimizer
* Test criterion:
  - Branch Coverage
* Setting up search algorithm for whole suite generation
* Total number of test goals: 286
* Using seed 3000
* Starting evolution
* Search finished after 101s and 635 generations, 449201 statements, best individual has fitness: 34.16666644478758
* Minimizing test suite
* Going to analyze the coverage criteria
* Coverage analysis for criterion BRANCH
* Coverage of criterion BRANCH: 85%
* Total number of goals: 286
* Number of covered goals: 244
* Generated 17 tests with total length 153
* Resulting test suite's coverage: 86%
* Generating assertions
* Resulting test suite's mutation score: 10%
* Writing JUnit test case 'CMAESOptimizer_ESTest' to evosuite-branch
* Done!

* Computation finished
