* EvoSuite 1.0.6
* Going to generate test cases for class: org.apache.commons.math.optimization.general.LevenbergMarquardtOptimizer
* Starting client
* Connecting to master process on port 2830
* Analyzing classpath: 
  - /tmp/run_evosuite.pl_111654_1546635114/target/classes
* Finished analyzing classpath
* Generating tests for class org.apache.commons.math.optimization.general.LevenbergMarquardtOptimizer
* Test criterion:
  - Branch Coverage
* Setting up search algorithm for whole suite generation
* Total number of test goals: 210
* Using seed 3000
* Starting evolution
* Search finished after 101s and 685 generations, 581006 statements, best individual has fitness: 4.166634697680715
* Minimizing test suite
* Going to analyze the coverage criteria
* Coverage analysis for criterion BRANCH
* Coverage of criterion BRANCH: 97%
* Total number of goals: 210
* Number of covered goals: 204
* Generated 10 tests with total length 220
* Resulting test suite's coverage: 97%
* Generating assertions
* Resulting test suite's mutation score: 18%
* Writing JUnit test case 'LevenbergMarquardtOptimizer_ESTest' to evosuite-branch
* Done!

* Computation finished
