* EvoSuite 1.0.6
* Going to generate test cases for class: org.apache.commons.math.stat.Frequency
* Starting client
* Connecting to master process on port 14953
* Analyzing classpath: 
  - /tmp/run_evosuite.pl_195332_1545193829/target/classes
* Finished analyzing classpath
* Generating tests for class org.apache.commons.math.stat.Frequency
* Test criterion:
  - Branch Coverage
* Setting up search algorithm for whole suite generation
* Total number of test goals: 73
* Using seed 1000
* Starting evolution
* Search finished after 101s and 3205 generations, 850925 statements, best individual has fitness: 3.0
* Minimizing test suite
* Going to analyze the coverage criteria
* Coverage analysis for criterion BRANCH
* Coverage of criterion BRANCH: 95%
* Total number of goals: 73
* Number of covered goals: 69
* Generated 29 tests with total length 80
* Resulting test suite's coverage: 95%
* Generating assertions
* Resulting test suite's mutation score: 50%
* Writing JUnit test case 'Frequency_ESTest' to evosuite-branch
* Done!

* Computation finished
