* EvoSuite 1.0.6
* Going to generate test cases for class: org.apache.commons.math.fraction.ProperFractionFormat
* Starting client
* Connecting to master process on port 14953
* Analyzing classpath: 
  - /tmp/run_evosuite.pl_245084_1545208573/target/classes
* Finished analyzing classpath
* Generating tests for class org.apache.commons.math.fraction.ProperFractionFormat
* Test criterion:
  - Branch Coverage
* Setting up search algorithm for whole suite generation
* Total number of test goals: 26
* Using seed 1000
* Starting evolution
[MASTER] 00:36:48.053 [logback-2] ERROR TestCluster - Failed to check cache for java.util.List<E> : Type points to itself
* Search finished after 101s and 3960 generations, 998100 statements, best individual has fitness: 0.5
* Minimizing test suite
* Going to analyze the coverage criteria
* Coverage analysis for criterion BRANCH
* Coverage of criterion BRANCH: 96%
* Total number of goals: 26
* Number of covered goals: 25
* Generated 11 tests with total length 51
* Resulting test suite's coverage: 96%
* Generating assertions
* Resulting test suite's mutation score: 75%
* Writing JUnit test case 'ProperFractionFormat_ESTest' to evosuite-branch
* Done!

* Computation finished
