* EvoSuite 1.0.6
* Going to generate test cases for class: org.apache.commons.math.optimization.MultiStartUnivariateRealOptimizer
* Starting client
* Connecting to master process on port 18557
* Analyzing classpath: 
  - /tmp/run_evosuite.pl_20040_1546790638/target/classes
* Finished analyzing classpath
* Generating tests for class org.apache.commons.math.optimization.MultiStartUnivariateRealOptimizer
* Test criterion:
  - Branch Coverage
* Setting up search algorithm for whole suite generation
* Total number of test goals: 51
* Using seed 5000
* Starting evolution
* Search finished after 102s and 909 generations, 329504 statements, best individual has fitness: 0.5
* Minimizing test suite
* Going to analyze the coverage criteria
* Coverage analysis for criterion BRANCH
* Coverage of criterion BRANCH: 98%
* Total number of goals: 51
* Number of covered goals: 50
* Generated 19 tests with total length 82
* Resulting test suite's coverage: 98%
* Generating assertions
* Resulting test suite's mutation score: 37%
* Writing JUnit test case 'MultiStartUnivariateRealOptimizer_ESTest' to evosuite-branch
* Done!

* Computation finished
