* EvoSuite 1.0.6
* Going to generate test cases for class: org.apache.commons.math.fraction.Fraction
* Starting client
* Connecting to master process on port 14953
* Analyzing classpath: 
  - /tmp/run_evosuite.pl_234423_1545207105/target/classes
* Finished analyzing classpath
* Generating tests for class org.apache.commons.math.fraction.Fraction
* Test criterion:
  - Branch Coverage
* Setting up search algorithm for whole suite generation
* Total number of test goals: 103
* Using seed 1000
* Starting evolution
* Search finished after 101s and 3694 generations, 953757 statements, best individual has fitness: 0.6666666666666666
* Minimizing test suite
* Going to analyze the coverage criteria
* Coverage analysis for criterion BRANCH
* Coverage of criterion BRANCH: 99%
* Total number of goals: 103
* Number of covered goals: 102
* Generated 40 tests with total length 76
* Resulting test suite's coverage: 99%
* Generating assertions
* Resulting test suite's mutation score: 49%
* Writing JUnit test case 'Fraction_ESTest' to evosuite-branch
* Done!

* Computation finished
