* EvoSuite 1.0.6
* Going to generate test cases for class: org.apache.commons.math3.analysis.differentiation.DSCompiler
* Starting client
* Connecting to master process on port 19758
* Analyzing classpath: 
  - /tmp/run_evosuite.pl_27932_1546699830/target/classes
* Finished analyzing classpath
* Generating tests for class org.apache.commons.math3.analysis.differentiation.DSCompiler
* Test criterion:
  - Branch Coverage
* Setting up search algorithm for whole suite generation
* Total number of test goals: 295
* Using seed 4000
* Starting evolution
* Search finished after 101s and 142 generations, 52228 statements, best individual has fitness: 3.6666666666666665
* Minimizing test suite
* Going to analyze the coverage criteria
* Coverage analysis for criterion BRANCH
* Coverage of criterion BRANCH: 92%
* Total number of goals: 295
* Number of covered goals: 270
* Generated 54 tests with total length 162
* Resulting test suite's coverage: 98%
* Generating assertions
* Resulting test suite's mutation score: 11%
* Writing JUnit test case 'DSCompiler_ESTest' to evosuite-branch
* Done!

* Computation finished
