* EvoSuite 1.0.6
* Going to generate test cases for class: org.apache.commons.math.stat.regression.SimpleRegression
* Starting client
* Connecting to master process on port 14953
* Analyzing classpath: 
  - /tmp/run_evosuite.pl_27968_1545219826/target/classes
* Finished analyzing classpath
* Generating tests for class org.apache.commons.math.stat.regression.SimpleRegression
* Test criterion:
  - Branch Coverage
* Setting up search algorithm for whole suite generation
* Total number of test goals: 33
* Using seed 1000
* Starting evolution
* Search finished after 1s and 1 generations, 3939 statements, best individual has fitness: 0.0
* Minimizing test suite
* Going to analyze the coverage criteria
* Coverage analysis for criterion BRANCH
* Coverage of criterion BRANCH: 100%
* Total number of goals: 33
* Number of covered goals: 33
* Generated 13 tests with total length 39
* Resulting test suite's coverage: 100%
* Generating assertions
* Resulting test suite's mutation score: 40%
* Writing JUnit test case 'SimpleRegression_ESTest' to evosuite-branch
* Done!

* Computation finished
