* EvoSuite 1.0.6
* Going to generate test cases for class: org.apache.commons.math3.genetics.ListPopulation
* Starting client
* Connecting to master process on port 18539
* Analyzing classpath: 
  - /tmp/run_evosuite.pl_45599_1545663670/target/classes
* Finished analyzing classpath
* Generating tests for class org.apache.commons.math3.genetics.ListPopulation
* Test criterion:
  - Branch Coverage
* Setting up search algorithm for whole suite generation
* Total number of test goals: 29
* Using seed 2000
* Starting evolution
[MASTER] 07:01:20.486 [logback-2] ERROR TestCluster - Failed to check cache for java.util.function.Function<T, R> : Type points to itself
* Search finished after 101s and 3521 generations, 671253 statements, best individual has fitness: 2.5
* Minimizing test suite
* Going to analyze the coverage criteria
* Coverage analysis for criterion BRANCH
* Coverage of criterion BRANCH: 90%
* Total number of goals: 29
* Number of covered goals: 26
* Generated 15 tests with total length 48
* Resulting test suite's coverage: 90%
* Generating assertions
* Resulting test suite's mutation score: 36%
* Writing JUnit test case 'ListPopulation_ESTest' to evosuite-branch
* Done!

* Computation finished
