* EvoSuite 1.0.6
* Going to generate test cases for class: org.apache.commons.math.stat.clustering.KMeansPlusPlusClusterer
* Starting client
* Connecting to master process on port 14953
* Analyzing classpath: 
  - /tmp/run_evosuite.pl_81699_1545237694/target/classes
* Finished analyzing classpath
* Generating tests for class org.apache.commons.math.stat.clustering.KMeansPlusPlusClusterer
* Test criterion:
  - Branch Coverage
* Setting up search algorithm for whole suite generation
* Total number of test goals: 64
* Using seed 1000
* Starting evolution
* Search finished after 101s and 579 generations, 206826 statements, best individual has fitness: 2.6666666666666665
* Minimizing test suite
* Going to analyze the coverage criteria
* Coverage analysis for criterion BRANCH
* Coverage of criterion BRANCH: 92%
* Total number of goals: 64
* Number of covered goals: 59
* Generated 6 tests with total length 57
* Resulting test suite's coverage: 92%
* Generating assertions
* Resulting test suite's mutation score: 35%
* Writing JUnit test case 'KMeansPlusPlusClusterer_ESTest' to evosuite-branch
* Done!

* Computation finished
