* EvoSuite 1.0.6
* Going to generate test cases for class: org.apache.commons.math3.linear.RectangularCholeskyDecomposition
* Starting client
* Connecting to master process on port 19758
* Analyzing classpath: 
  - /tmp/run_evosuite.pl_43669_1546701032/target/classes
* Finished analyzing classpath
* Generating tests for class org.apache.commons.math3.linear.RectangularCholeskyDecomposition
* Test criterion:
  - Branch Coverage
* Setting up search algorithm for whole suite generation
* Total number of test goals: 30
* Using seed 4000
* Starting evolution
* Search finished after 3s and 21 generations, 12583 statements, best individual has fitness: 0.0
* Minimizing test suite
* Going to analyze the coverage criteria
* Coverage analysis for criterion BRANCH
* Coverage of criterion BRANCH: 100%
* Total number of goals: 30
* Number of covered goals: 30
* Generated 6 tests with total length 56
* Resulting test suite's coverage: 100%
* Generating assertions
* Resulting test suite's mutation score: 59%
* Writing JUnit test case 'RectangularCholeskyDecomposition_ESTest' to evosuite-branch
* Done!

* Computation finished
