* EvoSuite 1.0.6
* Going to generate test cases for class: org.apache.commons.math.util.MathUtils
* Starting client
* Connecting to master process on port 18557
* Analyzing classpath: 
  - /tmp/run_evosuite.pl_28053_1546793290/target/classes
* Finished analyzing classpath
* Generating tests for class org.apache.commons.math.util.MathUtils
* Test criterion:
  - Branch Coverage
* Setting up search algorithm for whole suite generation
* Total number of test goals: 244
* Using seed 5000
* Starting evolution
* Search finished after 101s and 3166 generations, 878704 statements, best individual has fitness: 1.25
* Minimizing test suite
* Going to analyze the coverage criteria
* Coverage analysis for criterion BRANCH
* Coverage of criterion BRANCH: 99%
* Total number of goals: 244
* Number of covered goals: 242
* Generated 119 tests with total length 128
* Resulting test suite's coverage: 99%
* Generating assertions
* Resulting test suite's mutation score: 58%
* Writing JUnit test case 'MathUtils_ESTest' to evosuite-branch
* Done!

* Computation finished
