* EvoSuite 1.0.6
* Going to generate test cases for class: org.apache.commons.math.util.MathUtils
* Starting client
* Connecting to master process on port 18539
* Analyzing classpath: 
  - /tmp/run_evosuite.pl_63536_1545669568/target/classes
* Finished analyzing classpath
* Generating tests for class org.apache.commons.math.util.MathUtils
* Test criterion:
  - Branch Coverage
* Setting up search algorithm for whole suite generation
* Total number of test goals: 244
* Using seed 2000
* Starting evolution
* Search finished after 101s and 2734 generations, 798309 statements, best individual has fitness: 6.249999995809048
* Minimizing test suite
* Going to analyze the coverage criteria
* Coverage analysis for criterion BRANCH
* Coverage of criterion BRANCH: 97%
* Total number of goals: 244
* Number of covered goals: 237
* Generated 115 tests with total length 125
* Resulting test suite's coverage: 97%
* Generating assertions
* Resulting test suite's mutation score: 59%
* Writing JUnit test case 'MathUtils_ESTest' to evosuite-branch
* Done!

* Computation finished
