* EvoSuite 1.0.6
* Going to generate test cases for class: org.apache.commons.math.util.MathUtils
* Starting client
* Connecting to master process on port 18539
* Analyzing classpath: 
  - /tmp/run_evosuite.pl_65477_1545670239/target/classes
* Finished analyzing classpath
* Generating tests for class org.apache.commons.math.util.MathUtils
* Test criterion:
  - Branch Coverage
* Setting up search algorithm for whole suite generation
* Total number of test goals: 296
* Using seed 2000
* Starting evolution
* Search finished after 101s and 2571 generations, 834133 statements, best individual has fitness: 15.083333333333332
* Minimizing test suite
* Going to analyze the coverage criteria
* Coverage analysis for criterion BRANCH
* Coverage of criterion BRANCH: 94%
* Total number of goals: 296
* Number of covered goals: 279
* Generated 130 tests with total length 140
* Resulting test suite's coverage: 94%
* Generating assertions
* Resulting test suite's mutation score: 56%
* Writing JUnit test case 'MathUtils_ESTest' to evosuite-branch
* Done!

* Computation finished
