* EvoSuite 1.0.6
* Going to generate test cases for class: org.apache.commons.math3.linear.OpenMapRealVector
* Starting client
* Connecting to master process on port 18539
* Analyzing classpath: 
  - /tmp/run_evosuite.pl_44067_1545663282/target/classes
* Finished analyzing classpath
* Generating tests for class org.apache.commons.math3.linear.OpenMapRealVector
* Test criterion:
  - Branch Coverage
* Setting up search algorithm for whole suite generation
* Total number of test goals: 171
* Using seed 2000
* Starting evolution
* Search finished after 20s and 193 generations, 76748 statements, best individual has fitness: 0.0
* Minimizing test suite
* Going to analyze the coverage criteria
* Coverage analysis for criterion BRANCH
* Coverage of criterion BRANCH: 100%
* Total number of goals: 171
* Number of covered goals: 171
* Generated 48 tests with total length 259
* Resulting test suite's coverage: 100%
* Generating assertions
* Resulting test suite's mutation score: 58%
* Writing JUnit test case 'OpenMapRealVector_ESTest' to evosuite-branch
* Done!

* Computation finished
