* EvoSuite 1.0.6
* Going to generate test cases for class: org.apache.commons.math.linear.BigMatrixImpl
* Starting client
* Connecting to master process on port 19758
* Analyzing classpath: 
  - /tmp/run_evosuite.pl_251390_1546708694/target/classes
* Finished analyzing classpath
* Generating tests for class org.apache.commons.math.linear.BigMatrixImpl
* Test criterion:
  - Branch Coverage
* Setting up search algorithm for whole suite generation
* Total number of test goals: 315
* Using seed 4000
* Starting evolution
* Search finished after 104s and 2065 generations, 640781 statements, best individual has fitness: 30.833333333333332
* Minimizing test suite
* Going to analyze the coverage criteria
* Coverage analysis for criterion BRANCH
* Coverage of criterion BRANCH: 90%
* Total number of goals: 315
* Number of covered goals: 282
* Generated 86 tests with total length 343
* Resulting test suite's coverage: 90%
* Generating assertions
* Resulting test suite's mutation score: 26%
* Writing JUnit test case 'BigMatrixImpl_ESTest' to evosuite-branch
* Done!

* Computation finished
* EvoSuite 1.0.6
* Going to generate test cases for class: org.apache.commons.math.linear.RealMatrixImpl
* Starting client
* Connecting to master process on port 19758
* Analyzing classpath: 
  - /tmp/run_evosuite.pl_251390_1546708694/target/classes
* Finished analyzing classpath
* Generating tests for class org.apache.commons.math.linear.RealMatrixImpl
* Test criterion:
  - Branch Coverage
* Setting up search algorithm for whole suite generation
* Total number of test goals: 268
* Using seed 4000
* Starting evolution
* Search finished after 101s and 2087 generations, 577414 statements, best individual has fitness: 24.0
* Minimizing test suite
* Going to analyze the coverage criteria
* Coverage analysis for criterion BRANCH
* Coverage of criterion BRANCH: 91%
* Total number of goals: 268
* Number of covered goals: 244
* Generated 72 tests with total length 268
* Resulting test suite's coverage: 91%
* Generating assertions
* Resulting test suite's mutation score: 29%
* Writing JUnit test case 'RealMatrixImpl_ESTest' to evosuite-branch
* Done!

* Computation finished
