* EvoSuite 1.0.6
* Going to generate test cases for class: org.apache.commons.math.ode.nonstiff.EmbeddedRungeKuttaIntegrator
* Starting client
* Connecting to master process on port 14953
* Analyzing classpath: 
  - /tmp/run_evosuite.pl_86847_1545239115/target/classes
* Finished analyzing classpath
* Generating tests for class org.apache.commons.math.ode.nonstiff.EmbeddedRungeKuttaIntegrator
* Test criterion:
  - Branch Coverage
* Setting up search algorithm for whole suite generation
* Total number of test goals: 66
* Using seed 1000
* Starting evolution
* Search finished after 101s and 103 generations, 89089 statements, best individual has fitness: 28.166666666666664
* Minimizing test suite
* Going to analyze the coverage criteria
* Coverage analysis for criterion BRANCH
* Coverage of criterion BRANCH: 52%
* Total number of goals: 66
* Number of covered goals: 34
* Generated 7 tests with total length 31
* Resulting test suite's coverage: 52%
* Generating assertions
* Resulting test suite's mutation score: 28%
* Writing JUnit test case 'EmbeddedRungeKuttaIntegrator_ESTest' to evosuite-branch
* Done!

* Computation finished
