* EvoSuite 1.0.6
* Going to generate test cases for class: org.apache.commons.math.linear.ArrayRealVector
* Starting client
* Connecting to master process on port 18539
* Analyzing classpath: 
  - /tmp/run_evosuite.pl_58633_1545667798/target/classes
* Finished analyzing classpath
* Generating tests for class org.apache.commons.math.linear.ArrayRealVector
* Test criterion:
  - Branch Coverage
* Setting up search algorithm for whole suite generation
* Total number of test goals: 220
* Using seed 2000
* Starting evolution
* Search finished after 101s and 1893 generations, 548969 statements, best individual has fitness: 1.5
* Minimizing test suite
* Going to analyze the coverage criteria
* Coverage analysis for criterion BRANCH
* Coverage of criterion BRANCH: 99%
* Total number of goals: 220
* Number of covered goals: 217
* Generated 85 tests with total length 363
* Resulting test suite's coverage: 99%
* Generating assertions
* Resulting test suite's mutation score: 58%
* Writing JUnit test case 'ArrayRealVector_ESTest' to evosuite-branch
* Done!

* Computation finished
* EvoSuite 1.0.6
* Going to generate test cases for class: org.apache.commons.math.linear.OpenMapRealVector
* Starting client
* Connecting to master process on port 18539
* Analyzing classpath: 
  - /tmp/run_evosuite.pl_58633_1545667798/target/classes
* Finished analyzing classpath
* Generating tests for class org.apache.commons.math.linear.OpenMapRealVector
* Test criterion:
  - Branch Coverage
* Setting up search algorithm for whole suite generation
* Total number of test goals: 184
* Using seed 2000
* Starting evolution
* Search finished after 68s and 719 generations, 204456 statements, best individual has fitness: 0.0
* Minimizing test suite
* Going to analyze the coverage criteria
* Coverage analysis for criterion BRANCH
* Coverage of criterion BRANCH: 100%
* Total number of goals: 184
* Number of covered goals: 184
* Generated 60 tests with total length 278
* Resulting test suite's coverage: 100%
* Generating assertions
* Resulting test suite's mutation score: 61%
* Writing JUnit test case 'OpenMapRealVector_ESTest' to evosuite-branch
* Done!

* Computation finished
