* EvoSuite 1.0.6
* Going to generate test cases for class: org.apache.commons.math3.optimization.univariate.BrentOptimizer
* Starting client
* Connecting to master process on port 14953
* Analyzing classpath: 
  - /tmp/run_evosuite.pl_213701_1545199960/target/classes
* Finished analyzing classpath
* Generating tests for class org.apache.commons.math3.optimization.univariate.BrentOptimizer
* Test criterion:
  - Branch Coverage
* Setting up search algorithm for whole suite generation
* Total number of test goals: 75
* Using seed 1000
* Starting evolution
[MASTER] 22:12:55.842 [logback-2] ERROR TestCluster - Failed to check cache for org.apache.commons.math3.optimization.ConvergenceChecker<PAIR> : Type points to itself
* Search finished after 272s and 114 generations, 36991 statements, best individual has fitness: 4.666666662887101
[MASTER] 22:17:26.503 [logback-1] WARN  TimeController - Phase SEARCH lasted too long, 172 seconds more than allowed.
* Minimizing test suite
* Going to analyze the coverage criteria
* Coverage analysis for criterion BRANCH
* Coverage of criterion BRANCH: 92%
* Total number of goals: 75
* Number of covered goals: 69
* Generated 8 tests with total length 26
* Resulting test suite's coverage: 92%
* Generating assertions
* Resulting test suite's mutation score: 55%
* Writing JUnit test case 'BrentOptimizer_ESTest' to evosuite-branch
* Done!

* Computation finished
