* EvoSuite 1.0.6
* Going to generate test cases for class: org.apache.commons.math.optimization.direct.MultiDirectional
* Starting client
* Connecting to master process on port 18539
* Analyzing classpath: 
  - /tmp/run_evosuite.pl_60887_1545668820/target/classes
* Finished analyzing classpath
* Generating tests for class org.apache.commons.math.optimization.direct.MultiDirectional
* Test criterion:
  - Branch Coverage
* Setting up search algorithm for whole suite generation
* Total number of test goals: 16
* Using seed 2000
* Starting evolution
* Search finished after 2s and 2 generations, 3937 statements, best individual has fitness: 0.0
* Minimizing test suite
* Going to analyze the coverage criteria
* Coverage analysis for criterion BRANCH
* Coverage of criterion BRANCH: 75%
* Total number of goals: 16
* Number of covered goals: 12
* Generated 5 tests with total length 33
* Resulting test suite's coverage: 100%
* Generating assertions
* Resulting test suite's mutation score: 19%
* Writing JUnit test case 'MultiDirectional_ESTest' to evosuite-branch
* Done!

* Computation finished
