* EvoSuite 1.0.6
* Going to generate test cases for class: org.apache.commons.math3.optimization.linear.SimplexSolver
* Starting client
* Connecting to master process on port 18539
* Analyzing classpath: 
  - /tmp/run_evosuite.pl_43761_1545663238/target/classes
* Finished analyzing classpath
* Generating tests for class org.apache.commons.math3.optimization.linear.SimplexSolver
* Test criterion:
  - Branch Coverage
* Setting up search algorithm for whole suite generation
* Total number of test goals: 54
* Using seed 2000
* Starting evolution
* Search finished after 31s and 513 generations, 312239 statements, best individual has fitness: 0.0
* Minimizing test suite
* Going to analyze the coverage criteria
* Coverage analysis for criterion BRANCH
* Coverage of criterion BRANCH: 100%
* Total number of goals: 54
* Number of covered goals: 54
* Generated 10 tests with total length 149
* Resulting test suite's coverage: 100%
* Generating assertions
* Resulting test suite's mutation score: 50%
* Writing JUnit test case 'SimplexSolver_ESTest' to evosuite-branch
* Done!

* Computation finished
