* EvoSuite 1.0.6
* Going to generate test cases for class: org.apache.commons.math.util.MathUtils
* Starting client
* Connecting to master process on port 19758
* Analyzing classpath: 
  - /tmp/run_evosuite.pl_201011_1546706764/target/classes
* Finished analyzing classpath
* Generating tests for class org.apache.commons.math.util.MathUtils
* Test criterion:
  - Branch Coverage
* Setting up search algorithm for whole suite generation
* Total number of test goals: 364
* Using seed 4000
* Starting evolution
* Search finished after 136s and 540 generations, 264959 statements, best individual has fitness: 5.333333330539365
[MASTER] 08:48:29.925 [logback-1] WARN  TimeController - Phase SEARCH lasted too long, 35 seconds more than allowed.
* Minimizing test suite
* Going to analyze the coverage criteria
* Coverage analysis for criterion BRANCH
* Coverage of criterion BRANCH: 98%
* Total number of goals: 364
* Number of covered goals: 357
* Generated 158 tests with total length 191
* Resulting test suite's coverage: 98%
* Generating assertions
* Resulting test suite's mutation score: 52%
* Writing JUnit test case 'MathUtils_ESTest' to evosuite-branch
* Done!

* Computation finished
