* EvoSuite 1.0.6
* Going to generate test cases for class: org.apache.commons.math.util.MathUtils
* Starting client
* Connecting to master process on port 19758
* Analyzing classpath: 
  - /tmp/run_evosuite.pl_249514_1546708426/target/classes
* Finished analyzing classpath
* Generating tests for class org.apache.commons.math.util.MathUtils
* Test criterion:
  - Branch Coverage
* Setting up search algorithm for whole suite generation
* Total number of test goals: 238
* Using seed 4000
* Starting evolution
* Search finished after 101s and 2675 generations, 698085 statements, best individual has fitness: 2.1666666659681746
* Minimizing test suite
* Going to analyze the coverage criteria
* Coverage analysis for criterion BRANCH
* Coverage of criterion BRANCH: 99%
* Total number of goals: 238
* Number of covered goals: 235
* Generated 115 tests with total length 124
* Resulting test suite's coverage: 99%
* Generating assertions
* Resulting test suite's mutation score: 57%
* Writing JUnit test case 'MathUtils_ESTest' to evosuite-branch
* Done!

* Computation finished
