* EvoSuite 1.0.6
* Going to generate test cases for class: org.apache.commons.math.analysis.solvers.BrentSolver
* Starting client
* Connecting to master process on port 18557
* Analyzing classpath: 
  - /tmp/run_evosuite.pl_21980_1546791289/target/classes
* Finished analyzing classpath
* Generating tests for class org.apache.commons.math.analysis.solvers.BrentSolver
* Test criterion:
  - Branch Coverage
* Setting up search algorithm for whole suite generation
* Total number of test goals: 58
* Using seed 5000
* Starting evolution
* Search finished after 23s and 686 generations, 247053 statements, best individual has fitness: 0.0
* Minimizing test suite
* Going to analyze the coverage criteria
* Coverage analysis for criterion BRANCH
* Coverage of criterion BRANCH: 100%
* Total number of goals: 58
* Number of covered goals: 58
* Generated 15 tests with total length 88
* Resulting test suite's coverage: 100%
* Generating assertions
* Resulting test suite's mutation score: 42%
* Writing JUnit test case 'BrentSolver_ESTest' to evosuite-branch
* Done!

* Computation finished
