* EvoSuite 1.0.6
* Going to generate test cases for class: org.apache.commons.math.ode.events.EventState
* Starting client
* Connecting to master process on port 14953
* Analyzing classpath: 
  - /tmp/run_evosuite.pl_88190_1545239634/target/classes
* Finished analyzing classpath
* Generating tests for class org.apache.commons.math.ode.events.EventState
* Test criterion:
  - Branch Coverage
* Setting up search algorithm for whole suite generation
* Total number of test goals: 68
* Using seed 1000
* Starting evolution
* Search finished after 105s and 331 generations, 284439 statements, best individual has fitness: 10.0
* Minimizing test suite
* Going to analyze the coverage criteria
* Coverage analysis for criterion BRANCH
* Coverage of criterion BRANCH: 81%
* Total number of goals: 68
* Number of covered goals: 55
* Generated 22 tests with total length 117
* Resulting test suite's coverage: 84%
* Generating assertions
* Resulting test suite's mutation score: 51%
* Permissions denied during test execution: 
  - java.lang.RuntimePermission: 
         writeFileDescriptor: 6
* Writing JUnit test case 'EventState_ESTest' to evosuite-branch
* Done!

* Computation finished
