* EvoSuite 1.0.6
* Going to generate test cases for class: org.apache.commons.math.stat.Frequency
* Starting client
* Connecting to master process on port 14953
* Analyzing classpath: 
  - /tmp/run_evosuite.pl_91440_1545240886/target/classes
* Finished analyzing classpath
* Generating tests for class org.apache.commons.math.stat.Frequency
* Test criterion:
  - Branch Coverage
* Setting up search algorithm for whole suite generation
* Total number of test goals: 55
* Using seed 1000
* Starting evolution
* Search finished after 51s and 1910 generations, 467461 statements, best individual has fitness: 0.0
* Minimizing test suite
* Going to analyze the coverage criteria
* Coverage analysis for criterion BRANCH
* Coverage of criterion BRANCH: 100%
* Total number of goals: 55
* Number of covered goals: 55
* Generated 22 tests with total length 59
* Resulting test suite's coverage: 100%
* Generating assertions
* Resulting test suite's mutation score: 60%
* Writing JUnit test case 'Frequency_ESTest' to evosuite-branch
* Done!

* Computation finished
