* EvoSuite 1.0.6
* Going to generate test cases for class: org.apache.commons.math.optimization.general.LevenbergMarquardtOptimizer
* Starting client
* Connecting to master process on port 19758
* Analyzing classpath: 
  - /tmp/run_evosuite.pl_111869_1546705227/target/classes
* Finished analyzing classpath
* Generating tests for class org.apache.commons.math.optimization.general.LevenbergMarquardtOptimizer
* Test criterion:
  - Branch Coverage
* Setting up search algorithm for whole suite generation
* Total number of test goals: 210
* Using seed 4000
* Starting evolution
* Search finished after 101s and 5149 generations, 493356 statements, best individual has fitness: 208.0
* Minimizing test suite
* Going to analyze the coverage criteria
* Coverage analysis for criterion BRANCH
* Coverage of criterion BRANCH: 3%
* Total number of goals: 210
* Number of covered goals: 6
* Generated 1 tests with total length 1
* Resulting test suite's coverage: 3%
* Generating assertions
* Resulting test suite's mutation score: 1%
* Writing JUnit test case 'LevenbergMarquardtOptimizer_ESTest' to evosuite-branch
* Done!

* Computation finished
