* EvoSuite 1.0.6
* Going to generate test cases for class: org.apache.commons.math.complex.ComplexFormat
* Starting client
* Connecting to master process on port 19758
* Analyzing classpath: 
  - /tmp/run_evosuite.pl_2960_1546709116/target/classes
* Finished analyzing classpath
* Generating tests for class org.apache.commons.math.complex.ComplexFormat
* Test criterion:
  - Branch Coverage
* Setting up search algorithm for whole suite generation
* Total number of test goals: 77
* Using seed 4000
* Starting evolution
[MASTER] 09:26:00.710 [logback-2] ERROR TestCluster - Failed to check cache for java.util.List<E> : Type points to itself
* Search finished after 101s and 3637 generations, 658227 statements, best individual has fitness: 1.6666666666666665
* Minimizing test suite
* Going to analyze the coverage criteria
* Coverage analysis for criterion BRANCH
* Coverage of criterion BRANCH: 96%
* Total number of goals: 77
* Number of covered goals: 74
* Generated 16 tests with total length 42
* Resulting test suite's coverage: 97%
* Generating assertions
* Resulting test suite's mutation score: 68%
* Writing JUnit test case 'ComplexFormat_ESTest' to evosuite-branch
* Done!

* Computation finished
