* EvoSuite 1.0.6
* Going to generate test cases for class: org.apache.commons.math.linear.BigMatrixImpl
* Starting client
* Connecting to master process on port 14953
* Analyzing classpath: 
  - /tmp/run_evosuite.pl_31373_1545136252/target/classes
* Finished analyzing classpath
* Generating tests for class org.apache.commons.math.linear.BigMatrixImpl
* Test criterion:
  - Branch Coverage
* Setting up search algorithm for whole suite generation
* Total number of test goals: 315
* Using seed 1000
* Starting evolution
* Search finished after 101s and 1135 generations, 374430 statements, best individual has fitness: 33.833333333333336
* Minimizing test suite
* Going to analyze the coverage criteria
* Coverage analysis for criterion BRANCH
* Coverage of criterion BRANCH: 88%
* Total number of goals: 315
* Number of covered goals: 278
* Generated 87 tests with total length 319
* Resulting test suite's coverage: 88%
* Generating assertions
* Resulting test suite's mutation score: 27%
* Writing JUnit test case 'BigMatrixImpl_ESTest' to evosuite-branch
* Done!

* Computation finished
* EvoSuite 1.0.6
* Going to generate test cases for class: org.apache.commons.math.linear.RealMatrixImpl
* Starting client
* Connecting to master process on port 14953
* Analyzing classpath: 
  - /tmp/run_evosuite.pl_31373_1545136252/target/classes
* Finished analyzing classpath
* Generating tests for class org.apache.commons.math.linear.RealMatrixImpl
* Test criterion:
  - Branch Coverage
* Setting up search algorithm for whole suite generation
* Total number of test goals: 268
* Using seed 1000
* Starting evolution
* Search finished after 101s and 1870 generations, 600539 statements, best individual has fitness: 24.0
* Minimizing test suite
* Going to analyze the coverage criteria
* Coverage analysis for criterion BRANCH
* Coverage of criterion BRANCH: 91%
* Total number of goals: 268
* Number of covered goals: 244
* Generated 69 tests with total length 241
* Resulting test suite's coverage: 91%
* Generating assertions
* Resulting test suite's mutation score: 26%
* Writing JUnit test case 'RealMatrixImpl_ESTest' to evosuite-branch
* Done!

* Computation finished
