* EvoSuite 1.0.6
* Going to generate test cases for class: org.apache.commons.math3.optimization.linear.SimplexTableau
* Starting client
* Connecting to master process on port 19758
* Analyzing classpath: 
  - /tmp/run_evosuite.pl_127428_1546702119/target/classes
* Finished analyzing classpath
* Generating tests for class org.apache.commons.math3.optimization.linear.SimplexTableau
* Test criterion:
  - Branch Coverage
* Setting up search algorithm for whole suite generation
* Total number of test goals: 146
* Using seed 4000
* Starting evolution
* Search finished after 101s and 2376 generations, 965135 statements, best individual has fitness: 2.0
* Minimizing test suite
* Going to analyze the coverage criteria
* Coverage analysis for criterion BRANCH
* Coverage of criterion BRANCH: 99%
* Total number of goals: 146
* Number of covered goals: 144
* Generated 26 tests with total length 209
* Resulting test suite's coverage: 99%
* Generating assertions
* Resulting test suite's mutation score: 29%
* Writing JUnit test case 'SimplexTableau_ESTest' to evosuite-branch
* Done!

* Computation finished
