* EvoSuite 1.0.6
* Going to generate test cases for class: org.apache.commons.math3.genetics.ListPopulation
* Starting client
* Connecting to master process on port 14953
* Analyzing classpath: 
  - /tmp/run_evosuite.pl_11950_1545129632/target/classes
* Finished analyzing classpath
* Generating tests for class org.apache.commons.math3.genetics.ListPopulation
* Test criterion:
  - Branch Coverage
* Setting up search algorithm for whole suite generation
* Total number of test goals: 29
* Using seed 1000
* Starting evolution
[MASTER] 02:40:43.768 [logback-2] ERROR TestCluster - Failed to check cache for java.util.function.Function<T, R> : Type points to itself
* Search finished after 101s and 3242 generations, 552604 statements, best individual has fitness: 2.5
* Minimizing test suite
* Going to analyze the coverage criteria
* Coverage analysis for criterion BRANCH
* Coverage of criterion BRANCH: 90%
* Total number of goals: 29
* Number of covered goals: 26
* Generated 15 tests with total length 44
* Resulting test suite's coverage: 90%
* Generating assertions
* Resulting test suite's mutation score: 28%
* Writing JUnit test case 'ListPopulation_ESTest' to evosuite-branch
* Done!

* Computation finished
