* EvoSuite 1.0.6
* Going to generate test cases for class: org.apache.commons.math3.ode.AbstractIntegrator
* Starting client
* Connecting to master process on port 14953
* Analyzing classpath: 
  - /tmp/run_evosuite.pl_31853_1545221231/target/classes
* Finished analyzing classpath
* Generating tests for class org.apache.commons.math3.ode.AbstractIntegrator
* Test criterion:
  - Branch Coverage
* Setting up search algorithm for whole suite generation
* Total number of test goals: 78
* Using seed 1000
* Starting evolution
* Search finished after 101s and 142 generations, 71279 statements, best individual has fitness: 5.5
* Minimizing test suite
* Going to analyze the coverage criteria
* Coverage analysis for criterion BRANCH
* Coverage of criterion BRANCH: 87%
* Total number of goals: 78
* Number of covered goals: 68
* Generated 15 tests with total length 61
* Resulting test suite's coverage: 87%
* Generating assertions
* Resulting test suite's mutation score: 27%
* Writing JUnit test case 'AbstractIntegrator_ESTest' to evosuite-branch
* Done!

* Computation finished
