* EvoSuite 1.0.6
* Going to generate test cases for class: org.apache.commons.math3.util.MathArrays
* Starting client
* Connecting to master process on port 14953
* Analyzing classpath: 
  - /tmp/run_evosuite.pl_205939_1545197425/target/classes
* Finished analyzing classpath
* Generating tests for class org.apache.commons.math3.util.MathArrays
* Test criterion:
  - Branch Coverage
* Setting up search algorithm for whole suite generation
* Total number of test goals: 257
* Using seed 1000
* Starting evolution
* Search finished after 101s and 1496 generations, 438394 statements, best individual has fitness: 1.5
* Minimizing test suite
* Going to analyze the coverage criteria
* Coverage analysis for criterion BRANCH
* Coverage of criterion BRANCH: 99%
* Total number of goals: 257
* Number of covered goals: 254
* Generated 90 tests with total length 259
* Resulting test suite's coverage: 99%
* Generating assertions
* Resulting test suite's mutation score: 22%
* Writing JUnit test case 'MathArrays_ESTest' to evosuite-branch
* Done!

* Computation finished
