* EvoSuite 1.0.6
* Going to generate test cases for class: org.apache.commons.math3.util.MathArrays
* Starting client
* Connecting to master process on port 2830
* Analyzing classpath: 
  - /tmp/run_evosuite.pl_91483_1546628733/target/classes
* Finished analyzing classpath
* Generating tests for class org.apache.commons.math3.util.MathArrays
* Test criterion:
  - Branch Coverage
* Setting up search algorithm for whole suite generation
* Total number of test goals: 257
* Using seed 3000
* Starting evolution
* Search finished after 101s and 1917 generations, 603127 statements, best individual has fitness: 1.0
* Minimizing test suite
* Going to analyze the coverage criteria
* Coverage analysis for criterion BRANCH
* Coverage of criterion BRANCH: 99%
* Total number of goals: 257
* Number of covered goals: 255
* Generated 90 tests with total length 252
* Resulting test suite's coverage: 99%
* Generating assertions
* Resulting test suite's mutation score: 22%
* Writing JUnit test case 'MathArrays_ESTest' to evosuite-branch
* Done!

* Computation finished
