* EvoSuite 1.0.6
* Going to generate test cases for class: org.apache.commons.math.util.MathUtils
* Starting client
* Connecting to master process on port 2830
* Analyzing classpath: 
  - /tmp/run_evosuite.pl_116396_1546636567/target/classes
* Finished analyzing classpath
* Generating tests for class org.apache.commons.math.util.MathUtils
* Test criterion:
  - Branch Coverage
* Setting up search algorithm for whole suite generation
* Total number of test goals: 364
* Using seed 3000
* Starting evolution
* Search finished after 101s and 507 generations, 251372 statements, best individual has fitness: 8.166666664254807
* Minimizing test suite
* Going to analyze the coverage criteria
* Coverage analysis for criterion BRANCH
* Coverage of criterion BRANCH: 97%
* Total number of goals: 364
* Number of covered goals: 354
* Generated 163 tests with total length 192
* Resulting test suite's coverage: 97%
* Generating assertions
* Resulting test suite's mutation score: 55%
* Writing JUnit test case 'MathUtils_ESTest' to evosuite-branch
* Done!

* Computation finished
