* EvoSuite 1.0.6
* Going to generate test cases for class: org.apache.commons.math.fraction.BigFraction
* Starting client
* Connecting to master process on port 14953
* Analyzing classpath: 
  - /tmp/run_evosuite.pl_183497_1545189916/target/classes
* Finished analyzing classpath
* Generating tests for class org.apache.commons.math.fraction.BigFraction
* Test criterion:
  - Branch Coverage
* Setting up search algorithm for whole suite generation
* Total number of test goals: 131
* Using seed 1000
* Starting evolution
* Search finished after 102s and 50 generations, 22038 statements, best individual has fitness: 1.0
* Minimizing test suite
* Going to analyze the coverage criteria
* Coverage analysis for criterion BRANCH
* Coverage of criterion BRANCH: 98%
* Total number of goals: 131
* Number of covered goals: 129
* Generated 61 tests with total length 128
* Resulting test suite's coverage: 98%
* Generating assertions
* Resulting test suite's mutation score: 42%
* Writing JUnit test case 'BigFraction_ESTest' to evosuite-branch
* Done!

* Computation finished
