* EvoSuite 1.0.6
* Going to generate test cases for class: org.apache.commons.math3.analysis.differentiation.DSCompiler
* Starting client
* Connecting to master process on port 14953
* Analyzing classpath: 
  - /tmp/run_evosuite.pl_209356_1545198705/target/classes
* Finished analyzing classpath
* Generating tests for class org.apache.commons.math3.analysis.differentiation.DSCompiler
* Test criterion:
  - Branch Coverage
* Setting up search algorithm for whole suite generation
* Total number of test goals: 295
* Using seed 1000
* Starting evolution
* Search finished after 101s and 189 generations, 62855 statements, best individual has fitness: 1.5
* Minimizing test suite
* Going to analyze the coverage criteria
* Coverage analysis for criterion BRANCH
* Coverage of criterion BRANCH: 93%
* Total number of goals: 295
* Number of covered goals: 274
* Generated 53 tests with total length 159
* Resulting test suite's coverage: 99%
* Generating assertions
* Resulting test suite's mutation score: 11%
* Writing JUnit test case 'DSCompiler_ESTest' to evosuite-branch
* Done!

* Computation finished
