* EvoSuite 1.0.6
* Going to generate test cases for class: org.apache.commons.math3.ode.AbstractIntegrator
* Starting client
* Connecting to master process on port 18539
* Analyzing classpath: 
  - /tmp/run_evosuite.pl_36960_1545661094/target/classes
* Finished analyzing classpath
* Generating tests for class org.apache.commons.math3.ode.AbstractIntegrator
* Test criterion:
  - Branch Coverage
* Setting up search algorithm for whole suite generation
* Total number of test goals: 78
* Using seed 2000
* Starting evolution
* Search finished after 101s and 292 generations, 142894 statements, best individual has fitness: 3.0
* Minimizing test suite
* Going to analyze the coverage criteria
* Coverage analysis for criterion BRANCH
* Coverage of criterion BRANCH: 94%
* Total number of goals: 78
* Number of covered goals: 73
* Generated 17 tests with total length 86
* Resulting test suite's coverage: 94%
* Generating assertions
* Resulting test suite's mutation score: 30%
* Writing JUnit test case 'AbstractIntegrator_ESTest' to evosuite-branch
* Done!

* Computation finished
