* EvoSuite 1.0.6
* Going to generate test cases for class: org.apache.commons.math3.analysis.differentiation.DSCompiler
* Starting client
* Connecting to master process on port 2830
* Analyzing classpath: 
  - /tmp/run_evosuite.pl_94898_1546629991/target/classes
* Finished analyzing classpath
* Generating tests for class org.apache.commons.math3.analysis.differentiation.DSCompiler
* Test criterion:
  - Branch Coverage
* Setting up search algorithm for whole suite generation
* Total number of test goals: 295
* Using seed 3000
* Starting evolution
* Search finished after 101s and 63 generations, 33533 statements, best individual has fitness: 48.33113019322559
* Minimizing test suite
* Going to analyze the coverage criteria
* Coverage analysis for criterion BRANCH
* Coverage of criterion BRANCH: 75%
* Total number of goals: 295
* Number of covered goals: 221
* Generated 43 tests with total length 125
* Resulting test suite's coverage: 81%
* Generating assertions
* Resulting test suite's mutation score: 9%
* Writing JUnit test case 'DSCompiler_ESTest' to evosuite-branch
* Done!

* Computation finished
