* EvoSuite 1.0.6
* Going to generate test cases for class: org.apache.commons.math.stat.inference.ChiSquareTestImpl
* Starting client
* Connecting to master process on port 14953
* Analyzing classpath: 
  - /tmp/run_evosuite.pl_27085_1545219634/target/classes
* Finished analyzing classpath
* Generating tests for class org.apache.commons.math.stat.inference.ChiSquareTestImpl
* Test criterion:
  - Branch Coverage
* Setting up search algorithm for whole suite generation
* Total number of test goals: 99
* Using seed 1000
* Starting evolution
* Search finished after 43s and 1431 generations, 521489 statements, best individual has fitness: 0.0
* Minimizing test suite
* Going to analyze the coverage criteria
* Coverage analysis for criterion BRANCH
* Coverage of criterion BRANCH: 100%
* Total number of goals: 99
* Number of covered goals: 99
* Generated 27 tests with total length 153
* Resulting test suite's coverage: 100%
* Generating assertions
* Resulting test suite's mutation score: 38%
* Writing JUnit test case 'ChiSquareTestImpl_ESTest' to evosuite-branch
* Done!

* Computation finished
