* EvoSuite 1.0.6
* Going to generate test cases for class: org.apache.commons.math.analysis.BrentSolver
* Starting client
* Connecting to master process on port 14953
* Analyzing classpath: 
  - /tmp/run_evosuite.pl_31082_1545136235/target/classes
* Finished analyzing classpath
* Generating tests for class org.apache.commons.math.analysis.BrentSolver
* Test criterion:
  - Branch Coverage
* Setting up search algorithm for whole suite generation
* Total number of test goals: 55
* Using seed 1000
* Starting evolution
* Search finished after 5s and 78 generations, 44528 statements, best individual has fitness: 0.0
* Minimizing test suite
* Going to analyze the coverage criteria
* Coverage analysis for criterion BRANCH
* Coverage of criterion BRANCH: 100%
* Total number of goals: 55
* Number of covered goals: 55
* Generated 14 tests with total length 80
* Resulting test suite's coverage: 100%
* Generating assertions
* Resulting test suite's mutation score: 32%
* Writing JUnit test case 'BrentSolver_ESTest' to evosuite-branch
* Done!

* Computation finished
