* EvoSuite 1.0.6
* Going to generate test cases for class: org.apache.commons.math.util.MathUtils
* Starting client
* Connecting to master process on port 19758
* Analyzing classpath: 
  - /tmp/run_evosuite.pl_249098_1546708300/target/classes
* Finished analyzing classpath
* Generating tests for class org.apache.commons.math.util.MathUtils
* Test criterion:
  - Branch Coverage
* Setting up search algorithm for whole suite generation
* Total number of test goals: 244
* Using seed 4000
* Starting evolution
* Search finished after 104s and 1344 generations, 487538 statements, best individual has fitness: 1.9166666666666665
* Minimizing test suite
* Going to analyze the coverage criteria
* Coverage analysis for criterion BRANCH
* Coverage of criterion BRANCH: 99%
* Total number of goals: 244
* Number of covered goals: 241
* Generated 119 tests with total length 128
* Resulting test suite's coverage: 99%
* Generating assertions
* Resulting test suite's mutation score: 56%
* Writing JUnit test case 'MathUtils_ESTest' to evosuite-branch
* Done!

* Computation finished
