* EvoSuite 1.0.6
* Going to generate test cases for class: org.apache.commons.math.optimization.linear.SimplexTableau
* Starting client
* Connecting to master process on port 18557
* Analyzing classpath: 
  - /tmp/run_evosuite.pl_26576_1546792912/target/classes
* Finished analyzing classpath
* Generating tests for class org.apache.commons.math.optimization.linear.SimplexTableau
* Test criterion:
  - Branch Coverage
* Setting up search algorithm for whole suite generation
* Total number of test goals: 108
* Using seed 5000
* Starting evolution
* Search finished after 102s and 2335 generations, 928362 statements, best individual has fitness: 2.5
* Minimizing test suite
* Going to analyze the coverage criteria
* Coverage analysis for criterion BRANCH
* Coverage of criterion BRANCH: 97%
* Total number of goals: 108
* Number of covered goals: 105
* Generated 21 tests with total length 171
* Resulting test suite's coverage: 97%
* Generating assertions
* Resulting test suite's mutation score: 29%
* Writing JUnit test case 'SimplexTableau_ESTest' to evosuite-branch
* Done!

* Computation finished
