* EvoSuite 1.0.6
* Going to generate test cases for class: org.apache.commons.math.fraction.BigFraction
* Starting client
* Connecting to master process on port 19758
* Analyzing classpath: 
  - /tmp/run_evosuite.pl_157973_1546702427/target/classes
* Finished analyzing classpath
* Generating tests for class org.apache.commons.math.fraction.BigFraction
* Test criterion:
  - Branch Coverage
* Setting up search algorithm for whole suite generation
* Total number of test goals: 131
* Using seed 4000
* Starting evolution
* Search finished after 105s and 63 generations, 30339 statements, best individual has fitness: 0.5
* Minimizing test suite
* Going to analyze the coverage criteria
* Coverage analysis for criterion BRANCH
* Coverage of criterion BRANCH: 99%
* Total number of goals: 131
* Number of covered goals: 130
* Generated 64 tests with total length 133
* Resulting test suite's coverage: 99%
* Generating assertions
* Resulting test suite's mutation score: 51%
* Writing JUnit test case 'BigFraction_ESTest' to evosuite-branch
* Done!

* Computation finished
