* EvoSuite 1.0.6
* Going to generate test cases for class: org.apache.commons.math.util.MathUtils
* Starting client
* Connecting to master process on port 14953
* Analyzing classpath: 
  - /tmp/run_evosuite.pl_200814_1545195814/target/classes
* Finished analyzing classpath
* Generating tests for class org.apache.commons.math.util.MathUtils
* Test criterion:
  - Branch Coverage
* Setting up search algorithm for whole suite generation
* Total number of test goals: 244
* Using seed 1000
* Starting evolution
* Search finished after 101s and 1235 generations, 405006 statements, best individual has fitness: 2.4166666666666665
* Minimizing test suite
* Going to analyze the coverage criteria
* Coverage analysis for criterion BRANCH
* Coverage of criterion BRANCH: 98%
* Total number of goals: 244
* Number of covered goals: 240
* Generated 120 tests with total length 129
* Resulting test suite's coverage: 98%
* Generating assertions
* Resulting test suite's mutation score: 56%
* Writing JUnit test case 'MathUtils_ESTest' to evosuite-branch
* Done!

* Computation finished
