* EvoSuite 1.0.6
* Going to generate test cases for class: org.apache.commons.math.linear.OpenMapRealMatrix
* Starting client
* Connecting to master process on port 18539
* Analyzing classpath: 
  - /tmp/run_evosuite.pl_48988_1545664829/target/classes
* Finished analyzing classpath
* Generating tests for class org.apache.commons.math.linear.OpenMapRealMatrix
* Test criterion:
  - Branch Coverage
* Setting up search algorithm for whole suite generation
* Total number of test goals: 32
* Using seed 2000
* Starting evolution
* Search finished after 101s and 463 generations, 91751 statements, best individual has fitness: 3.0
* Minimizing test suite
* Going to analyze the coverage criteria
* Coverage analysis for criterion BRANCH
* Coverage of criterion BRANCH: 88%
* Total number of goals: 32
* Number of covered goals: 28
* Generated 11 tests with total length 26
* Resulting test suite's coverage: 88%
* Generating assertions
* Resulting test suite's mutation score: 18%
* Writing JUnit test case 'OpenMapRealMatrix_ESTest' to evosuite-branch
* Done!

* Computation finished
