* EvoSuite 1.0.6
* Going to generate test cases for class: org.apache.commons.math.util.MathUtils
* Starting client
* Connecting to master process on port 18539
* Analyzing classpath: 
  - /tmp/run_evosuite.pl_54358_1545666443/target/classes
* Finished analyzing classpath
* Generating tests for class org.apache.commons.math.util.MathUtils
* Test criterion:
  - Branch Coverage
* Setting up search algorithm for whole suite generation
* Total number of test goals: 460
* Using seed 2000
* Starting evolution
* Search finished after 104s and 450 generations, 251858 statements, best individual has fitness: 27.916666663407035
* Minimizing test suite
* Going to analyze the coverage criteria
* Coverage analysis for criterion BRANCH
* Coverage of criterion BRANCH: 93%
* Total number of goals: 460
* Number of covered goals: 427
* Generated 173 tests with total length 239
* Resulting test suite's coverage: 93%
* Generating assertions
* Resulting test suite's mutation score: 47%
* Writing JUnit test case 'MathUtils_ESTest' to evosuite-branch
* Done!

* Computation finished
