* EvoSuite 1.0.6
* Going to generate test cases for class: org.apache.commons.math3.geometry.euclidean.threed.SubLine
* Starting client
* Connecting to master process on port 14953
* Analyzing classpath: 
  - /tmp/run_evosuite.pl_246485_1545209090/target/classes
* Finished analyzing classpath
* Generating tests for class org.apache.commons.math3.geometry.euclidean.threed.SubLine
* Test criterion:
  - Branch Coverage
* Setting up search algorithm for whole suite generation
* Total number of test goals: 18
* Using seed 1000
* Starting evolution
[MASTER] 00:45:02.426 [logback-2] ERROR TestCluster - Failed to check cache for org.apache.commons.math3.geometry.partitioning.Transform<S, T> : Type points to itself
* Search finished after 3s and 8 generations, 4429 statements, best individual has fitness: 0.0
* Minimizing test suite
* Going to analyze the coverage criteria
* Coverage analysis for criterion BRANCH
* Coverage of criterion BRANCH: 100%
* Total number of goals: 18
* Number of covered goals: 18
* Generated 8 tests with total length 51
* Resulting test suite's coverage: 100%
* Generating assertions
* Resulting test suite's mutation score: 58%
* Writing JUnit test case 'SubLine_ESTest' to evosuite-branch
* Done!

* Computation finished
* EvoSuite 1.0.6
* Going to generate test cases for class: org.apache.commons.math3.geometry.euclidean.twod.SubLine
* Starting client
* Connecting to master process on port 14953
* Analyzing classpath: 
  - /tmp/run_evosuite.pl_246485_1545209090/target/classes
* Finished analyzing classpath
* Generating tests for class org.apache.commons.math3.geometry.euclidean.twod.SubLine
* Test criterion:
  - Branch Coverage
* Setting up search algorithm for whole suite generation
* Total number of test goals: 39
* Using seed 1000
* Starting evolution
[MASTER] 00:45:08.206 [logback-2] ERROR TestCluster - Failed to check cache for org.apache.commons.math3.geometry.partitioning.SubHyperplane<S> : Type points to itself
[MASTER] 00:45:09.318 [logback-2] ERROR TestCluster - Failed to check cache for org.apache.commons.math3.geometry.partitioning.Transform<S, T> : Type points to itself
* Search finished after 6s and 46 generations, 18847 statements, best individual has fitness: 0.0
* Minimizing test suite
* Going to analyze the coverage criteria
* Coverage analysis for criterion BRANCH
* Coverage of criterion BRANCH: 100%
* Total number of goals: 39
* Number of covered goals: 39
* Generated 18 tests with total length 98
* Resulting test suite's coverage: 100%
* Generating assertions
* Resulting test suite's mutation score: 45%
* Writing JUnit test case 'SubLine_ESTest' to evosuite-branch
* Done!

* Computation finished
