* EvoSuite 1.0.6
* Going to generate test cases for class: org.apache.commons.math3.optimization.fitting.HarmonicFitter
* Starting client
* Connecting to master process on port 18557
* Analyzing classpath: 
  - /tmp/run_evosuite.pl_7358_1546786384/target/classes
* Finished analyzing classpath
* Generating tests for class org.apache.commons.math3.optimization.fitting.HarmonicFitter
* Test criterion:
  - Branch Coverage
* Setting up search algorithm for whole suite generation
* Total number of test goals: 34
* Using seed 5000
* Starting evolution
* Search finished after 102s and 4275 generations, 2304515 statements, best individual has fitness: 0.999999977253895
* Minimizing test suite
* Going to analyze the coverage criteria
* Coverage analysis for criterion BRANCH
* Coverage of criterion BRANCH: 97%
* Total number of goals: 34
* Number of covered goals: 33
* Generated 6 tests with total length 53
* Resulting test suite's coverage: 97%
* Generating assertions
* Resulting test suite's mutation score: 23%
* Writing JUnit test case 'HarmonicFitter_ESTest' to evosuite-branch
* Done!

* Computation finished
