* EvoSuite 1.0.6
* Going to generate test cases for class: org.apache.commons.math.analysis.BrentSolver
* Starting client
* Connecting to master process on port 2830
* Analyzing classpath: 
  - /tmp/run_evosuite.pl_121712_1546638344/target/classes
* Finished analyzing classpath
* Generating tests for class org.apache.commons.math.analysis.BrentSolver
* Test criterion:
  - Branch Coverage
* Setting up search algorithm for whole suite generation
* Total number of test goals: 55
* Using seed 3000
* Starting evolution
* Search finished after 2s and 18 generations, 14196 statements, best individual has fitness: 0.0
* Minimizing test suite
* Going to analyze the coverage criteria
* Coverage analysis for criterion BRANCH
* Coverage of criterion BRANCH: 100%
* Total number of goals: 55
* Number of covered goals: 55
* Generated 16 tests with total length 79
* Resulting test suite's coverage: 100%
* Generating assertions
* Resulting test suite's mutation score: 30%
* Writing JUnit test case 'BrentSolver_ESTest' to evosuite-branch
* Done!

* Computation finished
