* EvoSuite 1.0.6
* Going to generate test cases for class: org.apache.commons.math.complex.ComplexFormat
* Starting client
* Connecting to master process on port 18557
* Analyzing classpath: 
  - /tmp/run_evosuite.pl_30594_1546794158/target/classes
* Finished analyzing classpath
* Generating tests for class org.apache.commons.math.complex.ComplexFormat
* Test criterion:
  - Branch Coverage
* Setting up search algorithm for whole suite generation
* Total number of test goals: 77
* Using seed 5000
* Starting evolution
* Search finished after 101s and 3991 generations, 729241 statements, best individual has fitness: 1.6666666666666665
* Minimizing test suite
* Going to analyze the coverage criteria
* Coverage analysis for criterion BRANCH
* Coverage of criterion BRANCH: 95%
* Total number of goals: 77
* Number of covered goals: 73
* Generated 16 tests with total length 46
* Resulting test suite's coverage: 97%
* Generating assertions
* Resulting test suite's mutation score: 61%
* Writing JUnit test case 'ComplexFormat_ESTest' to evosuite-branch
* Done!

* Computation finished
