* EvoSuite 1.0.6
* Going to generate test cases for class: org.apache.commons.math.ode.events.EventState
* Starting client
* Connecting to master process on port 14953
* Analyzing classpath: 
  - /tmp/run_evosuite.pl_54000_1545228508/target/classes
* Finished analyzing classpath
* Generating tests for class org.apache.commons.math.ode.events.EventState
* Test criterion:
  - Branch Coverage
* Setting up search algorithm for whole suite generation
* Total number of test goals: 68
* Using seed 1000
* Starting evolution
* Search finished after 106s and 426 generations, 326757 statements, best individual has fitness: 9.999999998137355
* Minimizing test suite
* Going to analyze the coverage criteria
* Coverage analysis for criterion BRANCH
* Coverage of criterion BRANCH: 85%
* Total number of goals: 68
* Number of covered goals: 58
* Generated 17 tests with total length 101
* Resulting test suite's coverage: 85%
* Generating assertions
* Resulting test suite's mutation score: 57%
* Permissions denied during test execution: 
  - java.lang.RuntimePermission: 
         writeFileDescriptor: 16
* Writing JUnit test case 'EventState_ESTest' to evosuite-branch
* Done!

* Computation finished
