* EvoSuite 1.0.6
* Going to generate test cases for class: org.apache.commons.math.linear.BigMatrixImpl
* Starting client
* Connecting to master process on port 18539
* Analyzing classpath: 
  - /tmp/run_evosuite.pl_65005_1545669955/target/classes
* Finished analyzing classpath
* Generating tests for class org.apache.commons.math.linear.BigMatrixImpl
* Test criterion:
  - Branch Coverage
* Setting up search algorithm for whole suite generation
* Total number of test goals: 315
* Using seed 2000
* Starting evolution
* Search finished after 101s and 1257 generations, 426316 statements, best individual has fitness: 33.833333333333336
* Minimizing test suite
* Going to analyze the coverage criteria
* Coverage analysis for criterion BRANCH
* Coverage of criterion BRANCH: 88%
* Total number of goals: 315
* Number of covered goals: 278
* Generated 85 tests with total length 393
* Resulting test suite's coverage: 88%
* Generating assertions
* Resulting test suite's mutation score: 28%
* Writing JUnit test case 'BigMatrixImpl_ESTest' to evosuite-branch
* Done!

* Computation finished
* EvoSuite 1.0.6
* Going to generate test cases for class: org.apache.commons.math.linear.RealMatrixImpl
* Starting client
* Connecting to master process on port 18539
* Analyzing classpath: 
  - /tmp/run_evosuite.pl_65005_1545669955/target/classes
* Finished analyzing classpath
* Generating tests for class org.apache.commons.math.linear.RealMatrixImpl
* Test criterion:
  - Branch Coverage
* Setting up search algorithm for whole suite generation
* Total number of test goals: 268
* Using seed 2000
* Starting evolution
* Search finished after 101s and 1891 generations, 537208 statements, best individual has fitness: 24.0
* Minimizing test suite
* Going to analyze the coverage criteria
* Coverage analysis for criterion BRANCH
* Coverage of criterion BRANCH: 91%
* Total number of goals: 268
* Number of covered goals: 244
* Generated 70 tests with total length 269
* Resulting test suite's coverage: 91%
* Generating assertions
* Resulting test suite's mutation score: 29%
* Writing JUnit test case 'RealMatrixImpl_ESTest' to evosuite-branch
* Done!

* Computation finished
