######  Start test generation  defects4j/framework/bin/run_evosuite.pl: 2018-12-18 09:44:13  ######
Generate tests for: org.apache.commons.math3.optim.nonlinear.scalar.noderiv.PowellOptimizer : branch : 100s
Generate tests for: org.apache.commons.math3.optim.nonlinear.scalar.gradient.NonLinearConjugateGradientOptimizer : branch : 100s
Generate tests for: org.apache.commons.math3.optim.nonlinear.scalar.noderiv.SimplexOptimizer : branch : 100s
Generate tests for: org.apache.commons.math3.optim.nonlinear.vector.jacobian.GaussNewtonOptimizer : branch : 100s
Generate tests for: org.apache.commons.math3.optim.nonlinear.scalar.noderiv.CMAESOptimizer : branch : 100s
Generate tests for: org.apache.commons.math3.optim.BaseOptimizer : branch : 100s
Generate tests for: org.apache.commons.math3.optim.nonlinear.vector.jacobian.LevenbergMarquardtOptimizer : branch : 100s
######  End test generation  defects4j/framework/bin/run_evosuite.pl: 2018-12-18 09:56:36  ######
######  Start test generation  defects4j/framework/bin/run_evosuite.pl: 2018-12-18 12:56:46  ######
Generate tests for: org.apache.commons.math3.optim.nonlinear.scalar.noderiv.PowellOptimizer : branch : 100s
Generate tests for: org.apache.commons.math3.optim.nonlinear.scalar.gradient.NonLinearConjugateGradientOptimizer : branch : 100s
Generate tests for: org.apache.commons.math3.optim.nonlinear.scalar.noderiv.SimplexOptimizer : branch : 100s
Generate tests for: org.apache.commons.math3.optim.nonlinear.vector.jacobian.GaussNewtonOptimizer : branch : 100s
Generate tests for: org.apache.commons.math3.optim.nonlinear.scalar.noderiv.CMAESOptimizer : branch : 100s
Generate tests for: org.apache.commons.math3.optim.BaseOptimizer : branch : 100s
Generate tests for: org.apache.commons.math3.optim.nonlinear.vector.jacobian.LevenbergMarquardtOptimizer : branch : 100s
######  End test generation  defects4j/framework/bin/run_evosuite.pl: 2018-12-18 13:09:07  ######
######  Start test generation  defects4j/framework/bin/run_evosuite.pl: 2018-12-18 16:45:51  ######
Generate tests for: org.apache.commons.math3.optim.nonlinear.scalar.noderiv.PowellOptimizer : branch : 100s
Generate tests for: org.apache.commons.math3.optim.nonlinear.scalar.gradient.NonLinearConjugateGradientOptimizer : branch : 100s
Generate tests for: org.apache.commons.math3.optim.nonlinear.scalar.noderiv.SimplexOptimizer : branch : 100s
Generate tests for: org.apache.commons.math3.optim.nonlinear.vector.jacobian.GaussNewtonOptimizer : branch : 100s
Generate tests for: org.apache.commons.math3.optim.nonlinear.scalar.noderiv.CMAESOptimizer : branch : 100s
Generate tests for: org.apache.commons.math3.optim.BaseOptimizer : branch : 100s
Generate tests for: org.apache.commons.math3.optim.nonlinear.vector.jacobian.LevenbergMarquardtOptimizer : branch : 100s
######  End test generation  defects4j/framework/bin/run_evosuite.pl: 2018-12-18 16:58:13  ######
######  Start test generation  defects4j/framework/bin/run_evosuite.pl: 2018-12-18 19:56:24  ######
Generate tests for: org.apache.commons.math3.optim.nonlinear.scalar.noderiv.PowellOptimizer : branch : 100s
Generate tests for: org.apache.commons.math3.optim.nonlinear.scalar.gradient.NonLinearConjugateGradientOptimizer : branch : 100s
Generate tests for: org.apache.commons.math3.optim.nonlinear.scalar.noderiv.SimplexOptimizer : branch : 100s
Generate tests for: org.apache.commons.math3.optim.nonlinear.vector.jacobian.GaussNewtonOptimizer : branch : 100s
Generate tests for: org.apache.commons.math3.optim.nonlinear.scalar.noderiv.CMAESOptimizer : branch : 100s
Generate tests for: org.apache.commons.math3.optim.BaseOptimizer : branch : 100s
Generate tests for: org.apache.commons.math3.optim.nonlinear.vector.jacobian.LevenbergMarquardtOptimizer : branch : 100s
######  End test generation  defects4j/framework/bin/run_evosuite.pl: 2018-12-18 20:08:43  ######
######  Start test generation  defects4j/framework/bin/run_evosuite.pl: 2018-12-18 23:04:54  ######
Generate tests for: org.apache.commons.math3.optim.nonlinear.scalar.noderiv.PowellOptimizer : branch : 100s
Generate tests for: org.apache.commons.math3.optim.nonlinear.scalar.gradient.NonLinearConjugateGradientOptimizer : branch : 100s
Generate tests for: org.apache.commons.math3.optim.nonlinear.scalar.noderiv.SimplexOptimizer : branch : 100s
Generate tests for: org.apache.commons.math3.optim.nonlinear.vector.jacobian.GaussNewtonOptimizer : branch : 100s
Generate tests for: org.apache.commons.math3.optim.nonlinear.scalar.noderiv.CMAESOptimizer : branch : 100s
Generate tests for: org.apache.commons.math3.optim.BaseOptimizer : branch : 100s
Generate tests for: org.apache.commons.math3.optim.nonlinear.vector.jacobian.LevenbergMarquardtOptimizer : branch : 100s
######  End test generation  defects4j/framework/bin/run_evosuite.pl: 2018-12-18 23:17:14  ######
######  Start test generation  defects4j/framework/bin/run_evosuite.pl: 2018-12-19 02:24:55  ######
Generate tests for: org.apache.commons.math3.optim.nonlinear.scalar.noderiv.PowellOptimizer : branch : 100s
Generate tests for: org.apache.commons.math3.optim.nonlinear.scalar.gradient.NonLinearConjugateGradientOptimizer : branch : 100s
Generate tests for: org.apache.commons.math3.optim.nonlinear.scalar.noderiv.SimplexOptimizer : branch : 100s
Generate tests for: org.apache.commons.math3.optim.nonlinear.vector.jacobian.GaussNewtonOptimizer : branch : 100s
Generate tests for: org.apache.commons.math3.optim.nonlinear.scalar.noderiv.CMAESOptimizer : branch : 100s
Generate tests for: org.apache.commons.math3.optim.BaseOptimizer : branch : 100s
Generate tests for: org.apache.commons.math3.optim.nonlinear.vector.jacobian.LevenbergMarquardtOptimizer : branch : 100s
######  End test generation  defects4j/framework/bin/run_evosuite.pl: 2018-12-19 02:37:14  ######
######  Start test generation  defects4j/framework/bin/run_evosuite.pl: 2018-12-19 05:34:53  ######
Generate tests for: org.apache.commons.math3.optim.nonlinear.scalar.noderiv.PowellOptimizer : branch : 100s
Generate tests for: org.apache.commons.math3.optim.nonlinear.scalar.gradient.NonLinearConjugateGradientOptimizer : branch : 100s
Generate tests for: org.apache.commons.math3.optim.nonlinear.scalar.noderiv.SimplexOptimizer : branch : 100s
Generate tests for: org.apache.commons.math3.optim.nonlinear.vector.jacobian.GaussNewtonOptimizer : branch : 100s
Generate tests for: org.apache.commons.math3.optim.nonlinear.scalar.noderiv.CMAESOptimizer : branch : 100s
Generate tests for: org.apache.commons.math3.optim.BaseOptimizer : branch : 100s
Generate tests for: org.apache.commons.math3.optim.nonlinear.vector.jacobian.LevenbergMarquardtOptimizer : branch : 100s
######  End test generation  defects4j/framework/bin/run_evosuite.pl: 2018-12-19 05:47:11  ######
######  Start test generation  defects4j/framework/bin/run_evosuite.pl: 2018-12-19 08:47:27  ######
Generate tests for: org.apache.commons.math3.optim.nonlinear.scalar.noderiv.PowellOptimizer : branch : 100s
Generate tests for: org.apache.commons.math3.optim.nonlinear.scalar.gradient.NonLinearConjugateGradientOptimizer : branch : 100s
Generate tests for: org.apache.commons.math3.optim.nonlinear.scalar.noderiv.SimplexOptimizer : branch : 100s
Generate tests for: org.apache.commons.math3.optim.nonlinear.vector.jacobian.GaussNewtonOptimizer : branch : 100s
Generate tests for: org.apache.commons.math3.optim.nonlinear.scalar.noderiv.CMAESOptimizer : branch : 100s
Generate tests for: org.apache.commons.math3.optim.BaseOptimizer : branch : 100s
Generate tests for: org.apache.commons.math3.optim.nonlinear.vector.jacobian.LevenbergMarquardtOptimizer : branch : 100s
######  End test generation  defects4j/framework/bin/run_evosuite.pl: 2018-12-19 09:00:01  ######
######  Start test generation  defects4j/framework/bin/run_evosuite.pl: 2018-12-19 11:54:53  ######
Generate tests for: org.apache.commons.math3.optim.nonlinear.scalar.noderiv.PowellOptimizer : branch : 100s
Generate tests for: org.apache.commons.math3.optim.nonlinear.scalar.gradient.NonLinearConjugateGradientOptimizer : branch : 100s
Generate tests for: org.apache.commons.math3.optim.nonlinear.scalar.noderiv.SimplexOptimizer : branch : 100s
Generate tests for: org.apache.commons.math3.optim.nonlinear.vector.jacobian.GaussNewtonOptimizer : branch : 100s
Generate tests for: org.apache.commons.math3.optim.nonlinear.scalar.noderiv.CMAESOptimizer : branch : 100s
Generate tests for: org.apache.commons.math3.optim.BaseOptimizer : branch : 100s
Generate tests for: org.apache.commons.math3.optim.nonlinear.vector.jacobian.LevenbergMarquardtOptimizer : branch : 100s
######  End test generation  defects4j/framework/bin/run_evosuite.pl: 2018-12-19 12:07:11  ######
######  Start test generation  defects4j/framework/bin/run_evosuite.pl: 2018-12-19 15:05:40  ######
Generate tests for: org.apache.commons.math3.optim.nonlinear.scalar.noderiv.PowellOptimizer : branch : 100s
Generate tests for: org.apache.commons.math3.optim.nonlinear.scalar.gradient.NonLinearConjugateGradientOptimizer : branch : 100s
Generate tests for: org.apache.commons.math3.optim.nonlinear.scalar.noderiv.SimplexOptimizer : branch : 100s
Generate tests for: org.apache.commons.math3.optim.nonlinear.vector.jacobian.GaussNewtonOptimizer : branch : 100s
Generate tests for: org.apache.commons.math3.optim.nonlinear.scalar.noderiv.CMAESOptimizer : branch : 100s
Generate tests for: org.apache.commons.math3.optim.BaseOptimizer : branch : 100s
Generate tests for: org.apache.commons.math3.optim.nonlinear.vector.jacobian.LevenbergMarquardtOptimizer : branch : 100s
######  End test generation  defects4j/framework/bin/run_evosuite.pl: 2018-12-19 15:17:57  ######
######  Start test generation  defects4j/framework/bin/run_evosuite.pl: 2018-12-24 14:05:57  ######
Generate tests for: org.apache.commons.math3.optim.nonlinear.scalar.noderiv.PowellOptimizer : branch : 100s
Generate tests for: org.apache.commons.math3.optim.nonlinear.scalar.gradient.NonLinearConjugateGradientOptimizer : branch : 100s
Generate tests for: org.apache.commons.math3.optim.nonlinear.scalar.noderiv.SimplexOptimizer : branch : 100s
Generate tests for: org.apache.commons.math3.optim.nonlinear.vector.jacobian.GaussNewtonOptimizer : branch : 100s
Generate tests for: org.apache.commons.math3.optim.nonlinear.scalar.noderiv.CMAESOptimizer : branch : 100s
Generate tests for: org.apache.commons.math3.optim.BaseOptimizer : branch : 100s
Generate tests for: org.apache.commons.math3.optim.nonlinear.vector.jacobian.LevenbergMarquardtOptimizer : branch : 100s
######  End test generation  defects4j/framework/bin/run_evosuite.pl: 2018-12-24 14:18:14  ######
######  Start test generation  defects4j/framework/bin/run_evosuite.pl: 2019-01-04 19:10:04  ######
Generate tests for: org.apache.commons.math3.optim.nonlinear.scalar.noderiv.PowellOptimizer : branch : 100s
Generate tests for: org.apache.commons.math3.optim.nonlinear.scalar.gradient.NonLinearConjugateGradientOptimizer : branch : 100s
Generate tests for: org.apache.commons.math3.optim.nonlinear.scalar.noderiv.SimplexOptimizer : branch : 100s
Generate tests for: org.apache.commons.math3.optim.nonlinear.vector.jacobian.GaussNewtonOptimizer : branch : 100s
Generate tests for: org.apache.commons.math3.optim.nonlinear.scalar.noderiv.CMAESOptimizer : branch : 100s
Generate tests for: org.apache.commons.math3.optim.BaseOptimizer : branch : 100s
Generate tests for: org.apache.commons.math3.optim.nonlinear.vector.jacobian.LevenbergMarquardtOptimizer : branch : 100s
######  End test generation  defects4j/framework/bin/run_evosuite.pl: 2019-01-04 19:22:21  ######
######  Start test generation  defects4j/framework/bin/run_evosuite.pl: 2019-01-05 14:34:03  ######
Generate tests for: org.apache.commons.math3.optim.nonlinear.scalar.noderiv.PowellOptimizer : branch : 100s
Generate tests for: org.apache.commons.math3.optim.nonlinear.scalar.gradient.NonLinearConjugateGradientOptimizer : branch : 100s
Generate tests for: org.apache.commons.math3.optim.nonlinear.scalar.noderiv.SimplexOptimizer : branch : 100s
Generate tests for: org.apache.commons.math3.optim.nonlinear.vector.jacobian.GaussNewtonOptimizer : branch : 100s
Generate tests for: org.apache.commons.math3.optim.nonlinear.scalar.noderiv.CMAESOptimizer : branch : 100s
Generate tests for: org.apache.commons.math3.optim.BaseOptimizer : branch : 100s
Generate tests for: org.apache.commons.math3.optim.nonlinear.vector.jacobian.LevenbergMarquardtOptimizer : branch : 100s
######  End test generation  defects4j/framework/bin/run_evosuite.pl: 2019-01-05 14:46:19  ######
######  Start test generation  defects4j/framework/bin/run_evosuite.pl: 2019-01-06 14:12:39  ######
Generate tests for: org.apache.commons.math3.optim.nonlinear.scalar.noderiv.PowellOptimizer : branch : 100s
Generate tests for: org.apache.commons.math3.optim.nonlinear.scalar.gradient.NonLinearConjugateGradientOptimizer : branch : 100s
Generate tests for: org.apache.commons.math3.optim.nonlinear.scalar.noderiv.SimplexOptimizer : branch : 100s
Generate tests for: org.apache.commons.math3.optim.nonlinear.vector.jacobian.GaussNewtonOptimizer : branch : 100s
Generate tests for: org.apache.commons.math3.optim.nonlinear.scalar.noderiv.CMAESOptimizer : branch : 100s
Generate tests for: org.apache.commons.math3.optim.BaseOptimizer : branch : 100s
Generate tests for: org.apache.commons.math3.optim.nonlinear.vector.jacobian.LevenbergMarquardtOptimizer : branch : 100s
######  End test generation  defects4j/framework/bin/run_evosuite.pl: 2019-01-06 14:24:56  ######
