* EvoSuite 1.0.6
* Going to generate test cases for class: org.apache.commons.math.util.FastMath
* Starting client
* Connecting to master process on port 18539
* Analyzing classpath: 
  - /tmp/run_evosuite.pl_53196_1545666257/target/classes
* Finished analyzing classpath
* Generating tests for class org.apache.commons.math.util.FastMath
* Test criterion:
  - Branch Coverage
* Setting up search algorithm for whole suite generation
* Total number of test goals: 682
* Using seed 2000
* Starting evolution
* Search finished after 101s and 1908 generations, 880559 statements, best individual has fitness: 80.66666666573535
* Minimizing test suite
* Going to analyze the coverage criteria
* Coverage analysis for criterion BRANCH
* Coverage of criterion BRANCH: 88%
* Total number of goals: 682
* Number of covered goals: 603
* Generated 196 tests with total length 196
* Resulting test suite's coverage: 88%
* Generating assertions
* Resulting test suite's mutation score: 40%
* Writing JUnit test case 'FastMath_ESTest' to evosuite-branch
* Done!

* Computation finished
