* EvoSuite 1.0.6
* Going to generate test cases for class: org.apache.commons.math.analysis.solvers.BracketingNthOrderBrentSolver
* Starting client
* Connecting to master process on port 2830
* Analyzing classpath: 
  - /tmp/run_evosuite.pl_104461_1546632830/target/classes
* Finished analyzing classpath
* Generating tests for class org.apache.commons.math.analysis.solvers.BracketingNthOrderBrentSolver
* Test criterion:
  - Branch Coverage
* Setting up search algorithm for whole suite generation
* Total number of test goals: 76
* Using seed 3000
* Starting evolution
* Search finished after 102s and 4437 generations, 587006 statements, best individual has fitness: 0.5
* Minimizing test suite
* Going to analyze the coverage criteria
* Coverage analysis for criterion BRANCH
* Coverage of criterion BRANCH: 99%
* Total number of goals: 76
* Number of covered goals: 75
* Generated 18 tests with total length 58
* Resulting test suite's coverage: 99%
* Generating assertions
* Resulting test suite's mutation score: 76%
* Writing JUnit test case 'BracketingNthOrderBrentSolver_ESTest' to evosuite-branch
* Done!

* Computation finished
