* EvoSuite 1.0.6
* Going to generate test cases for class: org.apache.commons.math.linear.CholeskyDecompositionImpl
* Starting client
* Connecting to master process on port 19758
* Analyzing classpath: 
  - /tmp/run_evosuite.pl_241552_1546707549/target/classes
* Finished analyzing classpath
* Generating tests for class org.apache.commons.math.linear.CholeskyDecompositionImpl
* Test criterion:
  - Branch Coverage
* Setting up search algorithm for whole suite generation
* Total number of test goals: 65
* Using seed 4000
* Starting evolution
* Search finished after 101s and 2434 generations, 357608 statements, best individual has fitness: 44.0
* Minimizing test suite
* Going to analyze the coverage criteria
* Coverage analysis for criterion BRANCH
* Coverage of criterion BRANCH: 37%
* Total number of goals: 65
* Number of covered goals: 24
* Generated 7 tests with total length 33
* Resulting test suite's coverage: 37%
* Generating assertions
* Resulting test suite's mutation score: 9%
* Writing JUnit test case 'CholeskyDecompositionImpl_ESTest' to evosuite-branch
* Done!

* Computation finished
