* EvoSuite 1.0.6
* Going to generate test cases for class: org.apache.commons.math3.fraction.Fraction
* Starting client
* Connecting to master process on port 19758
* Analyzing classpath: 
  - /tmp/run_evosuite.pl_75361_1546701530/target/classes
* Finished analyzing classpath
* Generating tests for class org.apache.commons.math3.fraction.Fraction
* Test criterion:
  - Branch Coverage
* Setting up search algorithm for whole suite generation
* Total number of test goals: 114
* Using seed 4000
* Starting evolution
* Search finished after 101s and 2836 generations, 658787 statements, best individual has fitness: 1.1666666666666665
* Minimizing test suite
* Going to analyze the coverage criteria
* Coverage analysis for criterion BRANCH
* Coverage of criterion BRANCH: 98%
* Total number of goals: 114
* Number of covered goals: 112
* Generated 49 tests with total length 98
* Resulting test suite's coverage: 98%
* Generating assertions
* Resulting test suite's mutation score: 49%
* Writing JUnit test case 'Fraction_ESTest' to evosuite-branch
* Done!

* Computation finished
