* EvoSuite 1.0.6
* Going to generate test cases for class: org.apache.commons.math3.geometry.euclidean.threed.SubLine
* Starting client
* Connecting to master process on port 2830
* Analyzing classpath: 
  - /tmp/run_evosuite.pl_91789_1546628852/target/classes
* Finished analyzing classpath
* Generating tests for class org.apache.commons.math3.geometry.euclidean.threed.SubLine
* Test criterion:
  - Branch Coverage
* Setting up search algorithm for whole suite generation
* Total number of test goals: 18
* Using seed 3000
* Starting evolution
[MASTER] 11:07:43.093 [logback-2] ERROR TestCluster - Failed to check cache for org.apache.commons.math3.geometry.partitioning.SubHyperplane<S> : Type points to itself
[MASTER] 11:07:43.585 [logback-2] ERROR TestCluster - Failed to check cache for org.apache.commons.math3.geometry.partitioning.Transform<S, T> : Type points to itself
* Search finished after 2s and 15 generations, 7355 statements, best individual has fitness: 0.0
* Minimizing test suite
* Going to analyze the coverage criteria
* Coverage analysis for criterion BRANCH
* Coverage of criterion BRANCH: 100%
* Total number of goals: 18
* Number of covered goals: 18
* Generated 8 tests with total length 44
* Resulting test suite's coverage: 100%
* Generating assertions
* Resulting test suite's mutation score: 73%
* Writing JUnit test case 'SubLine_ESTest' to evosuite-branch
* Done!

* Computation finished
* EvoSuite 1.0.6
* Going to generate test cases for class: org.apache.commons.math3.geometry.euclidean.twod.SubLine
* Starting client
* Connecting to master process on port 2830
* Analyzing classpath: 
  - /tmp/run_evosuite.pl_91789_1546628852/target/classes
* Finished analyzing classpath
* Generating tests for class org.apache.commons.math3.geometry.euclidean.twod.SubLine
* Test criterion:
  - Branch Coverage
* Setting up search algorithm for whole suite generation
* Total number of test goals: 39
* Using seed 3000
* Starting evolution
[MASTER] 11:07:49.670 [logback-2] ERROR TestCluster - Failed to check cache for org.apache.commons.math3.geometry.partitioning.SubHyperplane<S> : Type points to itself
[MASTER] 11:07:50.178 [logback-2] ERROR TestCluster - Failed to check cache for org.apache.commons.math3.geometry.partitioning.Transform<S, T> : Type points to itself
* Search finished after 2s and 16 generations, 10232 statements, best individual has fitness: 0.0
* Minimizing test suite
* Going to analyze the coverage criteria
* Coverage analysis for criterion BRANCH
* Coverage of criterion BRANCH: 100%
* Total number of goals: 39
* Number of covered goals: 39
* Generated 19 tests with total length 93
* Resulting test suite's coverage: 100%
* Generating assertions
* Resulting test suite's mutation score: 41%
* Writing JUnit test case 'SubLine_ESTest' to evosuite-branch
* Done!

* Computation finished
