* EvoSuite 1.0.6
* Going to generate test cases for class: org.apache.commons.math3.util.FastMath
* Starting client
* Connecting to master process on port 18557
* Analyzing classpath: 
  - /tmp/run_evosuite.pl_4111_1546785347/target/classes
* Finished analyzing classpath
* Generating tests for class org.apache.commons.math3.util.FastMath
* Test criterion:
  - Branch Coverage
* Setting up search algorithm for whole suite generation
* Total number of test goals: 830
* Using seed 5000
* Starting evolution
* Search finished after 101s and 674 generations, 524109 statements, best individual has fitness: 28.91402116402116
* Minimizing test suite
* Going to analyze the coverage criteria
* Coverage analysis for criterion BRANCH
* Coverage of criterion BRANCH: 95%
* Total number of goals: 830
* Number of covered goals: 792
* Generated 295 tests with total length 295
* Resulting test suite's coverage: 95%
* Generating assertions
* Resulting test suite's mutation score: 53%
* Writing JUnit test case 'FastMath_ESTest' to evosuite-branch
* Done!

* Computation finished
