* EvoSuite 1.0.6
* Going to generate test cases for class: org.apache.commons.math.linear.EigenDecompositionImpl
* Starting client
* Connecting to master process on port 14953
* Analyzing classpath: 
  - /tmp/run_evosuite.pl_196985_1545194494/target/classes
* Finished analyzing classpath
* Generating tests for class org.apache.commons.math.linear.EigenDecompositionImpl
* Test criterion:
  - Branch Coverage
* Setting up search algorithm for whole suite generation
* Total number of test goals: 428
* Using seed 1000
* Starting evolution
* Search finished after 101s and 778 generations, 265201 statements, best individual has fitness: 76.64492753623189
* Minimizing test suite
* Going to analyze the coverage criteria
* Coverage analysis for criterion BRANCH
* Coverage of criterion BRANCH: 80%
* Total number of goals: 428
* Number of covered goals: 342
* Generated 36 tests with total length 248
* Resulting test suite's coverage: 80%
* Generating assertions
* Resulting test suite's mutation score: 18%
* Writing JUnit test case 'EigenDecompositionImpl_ESTest' to evosuite-branch
* Done!

* Computation finished
