* EvoSuite 1.0.6
* Going to generate test cases for class: org.apache.commons.math.util.MathUtils
* Starting client
* Connecting to master process on port 18539
* Analyzing classpath: 
  - /tmp/run_evosuite.pl_63241_1545669445/target/classes
* Finished analyzing classpath
* Generating tests for class org.apache.commons.math.util.MathUtils
* Test criterion:
  - Branch Coverage
* Setting up search algorithm for whole suite generation
* Total number of test goals: 275
* Using seed 2000
* Starting evolution
* Search finished after 101s and 2738 generations, 886015 statements, best individual has fitness: 15.666666666666666
* Minimizing test suite
* Going to analyze the coverage criteria
* Coverage analysis for criterion BRANCH
* Coverage of criterion BRANCH: 93%
* Total number of goals: 275
* Number of covered goals: 257
* Generated 119 tests with total length 129
* Resulting test suite's coverage: 93%
* Generating assertions
* Resulting test suite's mutation score: 55%
* Writing JUnit test case 'MathUtils_ESTest' to evosuite-branch
* Done!

* Computation finished
