* EvoSuite 1.0.6
* Going to generate test cases for class: org.apache.commons.math.special.Gamma
* Starting client
* Connecting to master process on port 18539
* Analyzing classpath: 
  - /tmp/run_evosuite.pl_66951_1545670812/target/classes
* Finished analyzing classpath
* Generating tests for class org.apache.commons.math.special.Gamma
* Test criterion:
  - Branch Coverage
* Setting up search algorithm for whole suite generation
* Total number of test goals: 45
* Using seed 2000
* Starting evolution
* Search finished after 1s and 0 generations, 4658 statements, best individual has fitness: 0.0
* Minimizing test suite
* Going to analyze the coverage criteria
* Coverage analysis for criterion BRANCH
* Coverage of criterion BRANCH: 100%
* Total number of goals: 45
* Number of covered goals: 45
* Generated 16 tests with total length 16
* Resulting test suite's coverage: 100%
* Generating assertions
* Resulting test suite's mutation score: 33%
* Writing JUnit test case 'Gamma_ESTest' to evosuite-branch
* Done!

* Computation finished
