* EvoSuite 1.0.6
* Going to generate test cases for class: org.apache.commons.math.optimization.MultiStartUnivariateRealOptimizer
* Starting client
* Connecting to master process on port 14953
* Analyzing classpath: 
  - /tmp/run_evosuite.pl_84617_1545238535/target/classes
* Finished analyzing classpath
* Generating tests for class org.apache.commons.math.optimization.MultiStartUnivariateRealOptimizer
* Test criterion:
  - Branch Coverage
* Setting up search algorithm for whole suite generation
* Total number of test goals: 51
* Using seed 1000
* Starting evolution
* Search finished after 101s and 1170 generations, 735466 statements, best individual has fitness: 0.5
* Minimizing test suite
* Going to analyze the coverage criteria
* Coverage analysis for criterion BRANCH
* Coverage of criterion BRANCH: 98%
* Total number of goals: 51
* Number of covered goals: 50
* Generated 20 tests with total length 92
* Resulting test suite's coverage: 98%
* Generating assertions
* Resulting test suite's mutation score: 39%
* Writing JUnit test case 'MultiStartUnivariateRealOptimizer_ESTest' to evosuite-branch
* Done!

* Computation finished
