* EvoSuite 1.0.6
* Going to generate test cases for class: org.apache.commons.math.complex.Complex
* Starting client
* Connecting to master process on port 18539
* Analyzing classpath: 
  - /tmp/run_evosuite.pl_64421_1545669821/target/classes
* Finished analyzing classpath
* Generating tests for class org.apache.commons.math.complex.Complex
* Test criterion:
  - Branch Coverage
* Setting up search algorithm for whole suite generation
* Total number of test goals: 108
* Using seed 2000
* Starting evolution
* Search finished after 101s and 2583 generations, 650383 statements, best individual has fitness: 1.5
* Minimizing test suite
* Going to analyze the coverage criteria
* Coverage analysis for criterion BRANCH
* Coverage of criterion BRANCH: 94%
* Total number of goals: 108
* Number of covered goals: 102
* Generated 36 tests with total length 93
* Resulting test suite's coverage: 97%
* Generating assertions
* Resulting test suite's mutation score: 47%
* Writing JUnit test case 'Complex_ESTest' to evosuite-branch
* Done!

* Computation finished
