* EvoSuite 1.0.6
* Going to generate test cases for class: org.apache.commons.math.linear.EigenDecompositionImpl
* Starting client
* Connecting to master process on port 14953
* Analyzing classpath: 
  - /tmp/run_evosuite.pl_26340_1545134673/target/classes
* Finished analyzing classpath
* Generating tests for class org.apache.commons.math.linear.EigenDecompositionImpl
* Test criterion:
  - Branch Coverage
* Setting up search algorithm for whole suite generation
* Total number of test goals: 428
* Using seed 1000
* Starting evolution
* Search finished after 101s and 707 generations, 241988 statements, best individual has fitness: 70.31159420289856
* Minimizing test suite
* Going to analyze the coverage criteria
* Coverage analysis for criterion BRANCH
* Coverage of criterion BRANCH: 82%
* Total number of goals: 428
* Number of covered goals: 350
* Generated 40 tests with total length 286
* Resulting test suite's coverage: 82%
* Generating assertions
* Resulting test suite's mutation score: 19%
* Writing JUnit test case 'EigenDecompositionImpl_ESTest' to evosuite-branch
* Done!

* Computation finished
