* EvoSuite 1.0.6
* Going to generate test cases for class: org.apache.commons.math.linear.SingularValueDecompositionImpl
* Starting client
* Connecting to master process on port 14953
* Analyzing classpath: 
  - /tmp/run_evosuite.pl_195623_1545193940/target/classes
* Finished analyzing classpath
* Generating tests for class org.apache.commons.math.linear.SingularValueDecompositionImpl
* Test criterion:
  - Branch Coverage
* Setting up search algorithm for whole suite generation
* Total number of test goals: 69
* Using seed 1000
* Starting evolution
* Search finished after 101s and 2779 generations, 656543 statements, best individual has fitness: 5.0
* Minimizing test suite
* Going to analyze the coverage criteria
* Coverage analysis for criterion BRANCH
* Coverage of criterion BRANCH: 93%
* Total number of goals: 69
* Number of covered goals: 64
* Generated 15 tests with total length 97
* Resulting test suite's coverage: 93%
* Generating assertions
* Resulting test suite's mutation score: 47%
* Writing JUnit test case 'SingularValueDecompositionImpl_ESTest' to evosuite-branch
* Done!

* Computation finished
