* EvoSuite 1.0.6
* Going to generate test cases for class: org.apache.commons.math.ode.AbstractIntegrator
* Starting client
* Connecting to master process on port 19758
* Analyzing classpath: 
  - /tmp/run_evosuite.pl_250428_1546703314/target/classes
* Finished analyzing classpath
* Generating tests for class org.apache.commons.math.ode.AbstractIntegrator
* Test criterion:
  - Branch Coverage
* Setting up search algorithm for whole suite generation
* Total number of test goals: 67
* Using seed 4000
* Starting evolution
* Search finished after 101s and 394 generations, 211473 statements, best individual has fitness: 8.0
* Minimizing test suite
* Going to analyze the coverage criteria
* Coverage analysis for criterion BRANCH
* Coverage of criterion BRANCH: 84%
* Total number of goals: 67
* Number of covered goals: 56
* Generated 14 tests with total length 62
* Resulting test suite's coverage: 84%
* Generating assertions
* Resulting test suite's mutation score: 21%
* Writing JUnit test case 'AbstractIntegrator_ESTest' to evosuite-branch
* Done!

* Computation finished
