* EvoSuite 1.0.6
* Going to generate test cases for class: org.apache.commons.math.linear.EigenDecompositionImpl
* Starting client
* Connecting to master process on port 18557
* Analyzing classpath: 
  - /tmp/run_evosuite.pl_24220_1546792116/target/classes
* Finished analyzing classpath
* Generating tests for class org.apache.commons.math.linear.EigenDecompositionImpl
* Test criterion:
  - Branch Coverage
* Setting up search algorithm for whole suite generation
* Total number of test goals: 428
* Using seed 5000
* Starting evolution
* Search finished after 101s and 962 generations, 503956 statements, best individual has fitness: 63.55999999691639
* Minimizing test suite
* Going to analyze the coverage criteria
* Coverage analysis for criterion BRANCH
* Coverage of criterion BRANCH: 84%
* Total number of goals: 428
* Number of covered goals: 361
* Generated 41 tests with total length 327
* Resulting test suite's coverage: 84%
* Generating assertions
* Resulting test suite's mutation score: 26%
* Writing JUnit test case 'EigenDecompositionImpl_ESTest' to evosuite-branch
* Done!

* Computation finished
