* EvoSuite 1.0.6
* Going to generate test cases for class: org.apache.commons.math.linear.OpenMapRealVector
* Starting client
* Connecting to master process on port 14953
* Analyzing classpath: 
  - /tmp/run_evosuite.pl_187491_1545191532/target/classes
* Finished analyzing classpath
* Generating tests for class org.apache.commons.math.linear.OpenMapRealVector
* Test criterion:
  - Branch Coverage
* Setting up search algorithm for whole suite generation
* Total number of test goals: 182
* Using seed 1000
* Starting evolution
* Search finished after 94s and 816 generations, 240358 statements, best individual has fitness: 0.0
* Minimizing test suite
* Going to analyze the coverage criteria
* Coverage analysis for criterion BRANCH
* Coverage of criterion BRANCH: 100%
* Total number of goals: 182
* Number of covered goals: 182
* Generated 50 tests with total length 237
* Resulting test suite's coverage: 100%
* Generating assertions
* Resulting test suite's mutation score: 60%
* Writing JUnit test case 'OpenMapRealVector_ESTest' to evosuite-branch
* Done!

* Computation finished
