* EvoSuite 1.0.6
* Going to generate test cases for class: org.apache.commons.math.optimization.direct.BOBYQAOptimizer
* Starting client
* Connecting to master process on port 2830
* Analyzing classpath: 
  - /tmp/run_evosuite.pl_103848_1546632564/target/classes
* Finished analyzing classpath
* Generating tests for class org.apache.commons.math.optimization.direct.BOBYQAOptimizer
* Test criterion:
  - Branch Coverage
* Setting up search algorithm for whole suite generation
* Total number of test goals: 651
* Using seed 3000
* Starting evolution
* Search finished after 101s and 888 generations, 299843 statements, best individual has fitness: 608.5378787878788
* Minimizing test suite
* Going to analyze the coverage criteria
* Coverage analysis for criterion BRANCH
* Coverage of criterion BRANCH: 7%
* Total number of goals: 651
* Number of covered goals: 44
* Generated 6 tests with total length 46
* Resulting test suite's coverage: 7%
* Generating assertions
* Resulting test suite's mutation score: 0%
* Writing JUnit test case 'BOBYQAOptimizer_ESTest' to evosuite-branch
* Done!

* Computation finished
