* EvoSuite 1.0.6
* Going to generate test cases for class: org.apache.commons.math3.util.FastMath
* Starting client
* Connecting to master process on port 14953
* Analyzing classpath: 
  - /tmp/run_evosuite.pl_612_1545210876/target/classes
* Finished analyzing classpath
* Generating tests for class org.apache.commons.math3.util.FastMath
* Test criterion:
  - Branch Coverage
* Setting up search algorithm for whole suite generation
* Total number of test goals: 830
* Using seed 1000
* Starting evolution
* Search finished after 101s and 627 generations, 487677 statements, best individual has fitness: 29.063714784887527
* Minimizing test suite
* Going to analyze the coverage criteria
* Coverage analysis for criterion BRANCH
* Coverage of criterion BRANCH: 96%
* Total number of goals: 830
* Number of covered goals: 793
* Generated 298 tests with total length 299
* Resulting test suite's coverage: 96%
* Generating assertions
* Resulting test suite's mutation score: 53%
* Writing JUnit test case 'FastMath_ESTest' to evosuite-branch
* Done!

* Computation finished
