* EvoSuite 1.0.6
* Going to generate test cases for class: org.apache.commons.math3.optimization.univariate.BrentOptimizer
* Starting client
* Connecting to master process on port 2830
* Analyzing classpath: 
  - /tmp/run_evosuite.pl_99554_1546631325/target/classes
* Finished analyzing classpath
* Generating tests for class org.apache.commons.math3.optimization.univariate.BrentOptimizer
* Test criterion:
  - Branch Coverage
* Setting up search algorithm for whole suite generation
* Total number of test goals: 75
* Using seed 3000
* Starting evolution
[MASTER] 11:48:56.036 [logback-2] ERROR TestCluster - Failed to check cache for org.apache.commons.math3.optimization.ConvergenceChecker<PAIR> : Type points to itself
* Search finished after 101s and 865 generations, 191157 statements, best individual has fitness: 3.0
* Minimizing test suite
* Going to analyze the coverage criteria
* Coverage analysis for criterion BRANCH
* Coverage of criterion BRANCH: 95%
* Total number of goals: 75
* Number of covered goals: 71
* Generated 9 tests with total length 30
* Resulting test suite's coverage: 95%
* Generating assertions
* Resulting test suite's mutation score: 54%
* Writing JUnit test case 'BrentOptimizer_ESTest' to evosuite-branch
* Done!

* Computation finished
