* EvoSuite 1.0.6
* Going to generate test cases for class: org.apache.commons.math3.complex.Complex
* Starting client
* Connecting to master process on port 19758
* Analyzing classpath: 
  - /tmp/run_evosuite.pl_25310_1546698697/target/classes
* Finished analyzing classpath
* Generating tests for class org.apache.commons.math3.complex.Complex
* Test criterion:
  - Branch Coverage
* Setting up search algorithm for whole suite generation
* Total number of test goals: 183
* Using seed 4000
* Starting evolution
* Search finished after 101s and 1509 generations, 504416 statements, best individual has fitness: 0.5
* Minimizing test suite
* Going to analyze the coverage criteria
* Coverage analysis for criterion BRANCH
* Coverage of criterion BRANCH: 97%
* Total number of goals: 183
* Number of covered goals: 178
* Generated 75 tests with total length 175
* Resulting test suite's coverage: 99%
* Generating assertions
* Resulting test suite's mutation score: 47%
* Writing JUnit test case 'Complex_ESTest' to evosuite-branch
* Done!

* Computation finished
