* EvoSuite 1.0.6
* Going to generate test cases for class: org.apache.commons.math.util.MathUtils
* Starting client
* Connecting to master process on port 2830
* Analyzing classpath: 
  - /tmp/run_evosuite.pl_120235_1546637862/target/classes
* Finished analyzing classpath
* Generating tests for class org.apache.commons.math.util.MathUtils
* Test criterion:
  - Branch Coverage
* Setting up search algorithm for whole suite generation
* Total number of test goals: 275
* Using seed 3000
* Starting evolution
* Search finished after 101s and 2991 generations, 908230 statements, best individual has fitness: 0.6666666666666666
* Minimizing test suite
* Going to analyze the coverage criteria
* Coverage analysis for criterion BRANCH
* Coverage of criterion BRANCH: 100%
* Total number of goals: 275
* Number of covered goals: 274
* Generated 128 tests with total length 138
* Resulting test suite's coverage: 100%
* Generating assertions
* Resulting test suite's mutation score: 59%
* Writing JUnit test case 'MathUtils_ESTest' to evosuite-branch
* Done!

* Computation finished
