* EvoSuite 1.0.6
* Going to generate test cases for class: org.apache.commons.lang3.math.NumberUtils
* Starting client
* Connecting to master process on port 18539
* Analyzing classpath: 
  - /tmp/run_evosuite.pl_16163_1545650830/target/classes
* Finished analyzing classpath
* Generating tests for class org.apache.commons.lang3.math.NumberUtils
* Test criterion:
  - Branch Coverage
* Setting up search algorithm for whole suite generation
* Total number of test goals: 387
* Using seed 2000
* Starting evolution
* Search finished after 101s and 2089 generations, 424285 statements, best individual has fitness: 20.999999998137355
* Minimizing test suite
* Going to analyze the coverage criteria
* Coverage analysis for criterion BRANCH
* Coverage of criterion BRANCH: 93%
* Total number of goals: 387
* Number of covered goals: 359
* Generated 129 tests with total length 178
* Resulting test suite's coverage: 93%
* Generating assertions
* Resulting test suite's mutation score: 56%
* Writing JUnit test case 'NumberUtils_ESTest' to evosuite-branch
* Done!

* Computation finished
