* EvoSuite 1.0.6
* Going to generate test cases for class: org.apache.commons.lang3.StringUtils
* Starting client
* Connecting to master process on port 2830
* Analyzing classpath: 
  - /tmp/run_evosuite.pl_80026_1546623331/target/classes
* Finished analyzing classpath
* Generating tests for class org.apache.commons.lang3.StringUtils
* Test criterion:
  - Branch Coverage
* Setting up search algorithm for whole suite generation
* Total number of test goals: 1126
* Using seed 3000
* Starting evolution
[MASTER] 09:35:40.594 [logback-2] ERROR TestCluster - Failed to check cache for java.util.Comparator<T> : Type points to itself
* Search finished after 101s and 414 generations, 350868 statements, best individual has fitness: 52.602651758551175
* Minimizing test suite
* Going to analyze the coverage criteria
* Coverage analysis for criterion BRANCH
* Coverage of criterion BRANCH: 94%
* Total number of goals: 1126
* Number of covered goals: 1061
* Generated 423 tests with total length 531
* Resulting test suite's coverage: 94%
* Generating assertions
* Resulting test suite's mutation score: 56%
* Writing JUnit test case 'StringUtils_ESTest' to evosuite-branch
* Done!

* Computation finished
