* EvoSuite 1.0.6
* Going to generate test cases for class: org.apache.commons.lang3.text.ExtendedMessageFormat
* Starting client
* Connecting to master process on port 14953
* Analyzing classpath: 
  - /tmp/run_evosuite.pl_179595_1545206664/target/classes
* Finished analyzing classpath
* Generating tests for class org.apache.commons.lang3.text.ExtendedMessageFormat
* Test criterion:
  - Branch Coverage
* Setting up search algorithm for whole suite generation
* Total number of test goals: 136
* Using seed 1000
* Starting evolution
[MASTER] 00:04:34.103 [logback-2] ERROR TestCluster - Failed to check cache for java.time.temporal.TemporalQuery<R> : Type points to itself
[MASTER] 00:04:34.420 [logback-2] ERROR TestCluster - Failed to check cache for java.util.Comparator<T> : Type points to itself
[MASTER] 00:04:45.930 [logback-2] ERROR TestCluster - Failed to check cache for java.util.List<E> : Type points to itself
* Search finished after 101s and 2823 generations, 509466 statements, best individual has fitness: 30.166666666666664
* Minimizing test suite
* Going to analyze the coverage criteria
* Coverage analysis for criterion BRANCH
* Coverage of criterion BRANCH: 71%
* Total number of goals: 136
* Number of covered goals: 96
* Generated 18 tests with total length 54
* Resulting test suite's coverage: 71%
* Generating assertions
* Resulting test suite's mutation score: 33%
* Writing JUnit test case 'ExtendedMessageFormat_ESTest' to evosuite-branch
* Done!

* Computation finished
