* EvoSuite 1.0.6
* Going to generate test cases for class: org.apache.commons.lang.NumberUtils
* Starting client
* Connecting to master process on port 18539
* Analyzing classpath: 
  - /tmp/run_evosuite.pl_27179_1545655975/target/classes
* Finished analyzing classpath
* Generating tests for class org.apache.commons.lang.NumberUtils
* Test criterion:
  - Branch Coverage
* Setting up search algorithm for whole suite generation
* Total number of test goals: 239
* Using seed 2000
* Starting evolution
* Search finished after 101s and 3452 generations, 569489 statements, best individual has fitness: 9.0
* Minimizing test suite
* Going to analyze the coverage criteria
* Coverage analysis for criterion BRANCH
* Coverage of criterion BRANCH: 93%
* Total number of goals: 239
* Number of covered goals: 223
* Generated 68 tests with total length 68
* Resulting test suite's coverage: 93%
* Generating assertions
* Resulting test suite's mutation score: 59%
* Writing JUnit test case 'NumberUtils_ESTest' to evosuite-branch
* Done!

* Computation finished
