* EvoSuite 1.0.6
* Going to generate test cases for class: org.apache.commons.lang3.ClassUtils
* Starting client
* Connecting to master process on port 14953
* Analyzing classpath: 
  - /tmp/run_evosuite.pl_105685_1545174023/target/classes
* Finished analyzing classpath
* Generating tests for class org.apache.commons.lang3.ClassUtils
* Test criterion:
  - Branch Coverage
* Setting up search algorithm for whole suite generation
* Total number of test goals: 231
* Using seed 1000
* Starting evolution
* Search finished after 101s and 2371 generations, 562316 statements, best individual has fitness: 11.0
* Minimizing test suite
* Going to analyze the coverage criteria
* Coverage analysis for criterion BRANCH
* Coverage of criterion BRANCH: 94%
* Total number of goals: 231
* Number of covered goals: 218
* Generated 88 tests with total length 179
* Resulting test suite's coverage: 94%
* Generating assertions
* Resulting test suite's mutation score: 64%
* Writing JUnit test case 'ClassUtils_ESTest' to evosuite-branch
* Done!

* Computation finished
