* EvoSuite 1.0.6
* Going to generate test cases for class: org.apache.commons.lang.math.Fraction
* Starting client
* Connecting to master process on port 18539
* Analyzing classpath: 
  - /tmp/run_evosuite.pl_28653_1545656581/target/classes
* Finished analyzing classpath
* Generating tests for class org.apache.commons.lang.math.Fraction
* Test criterion:
  - Branch Coverage
* Setting up search algorithm for whole suite generation
* Total number of test goals: 198
* Using seed 2000
* Starting evolution
* Search finished after 101s and 2230 generations, 427412 statements, best individual has fitness: 4.941666666666666
* Minimizing test suite
* Going to analyze the coverage criteria
* Coverage analysis for criterion BRANCH
* Coverage of criterion BRANCH: 95%
* Total number of goals: 198
* Number of covered goals: 189
* Generated 63 tests with total length 138
* Resulting test suite's coverage: 96%
* Generating assertions
* Resulting test suite's mutation score: 38%
* Writing JUnit test case 'Fraction_ESTest' to evosuite-branch
* Done!

* Computation finished
