* EvoSuite 1.0.6
* Going to generate test cases for class: org.apache.commons.lang3.math.NumberUtils
* Starting client
* Connecting to master process on port 14953
* Analyzing classpath: 
  - /tmp/run_evosuite.pl_1782_1545126228/target/classes
* Finished analyzing classpath
* Generating tests for class org.apache.commons.lang3.math.NumberUtils
* Test criterion:
  - Branch Coverage
* Setting up search algorithm for whole suite generation
* Total number of test goals: 387
* Using seed 1000
* Starting evolution
* Search finished after 101s and 2168 generations, 433085 statements, best individual has fitness: 11.5
* Minimizing test suite
* Going to analyze the coverage criteria
* Coverage analysis for criterion BRANCH
* Coverage of criterion BRANCH: 96%
* Total number of goals: 387
* Number of covered goals: 370
* Generated 136 tests with total length 182
* Resulting test suite's coverage: 96%
* Generating assertions
* Resulting test suite's mutation score: 59%
* Writing JUnit test case 'NumberUtils_ESTest' to evosuite-branch
* Done!

* Computation finished
