* EvoSuite 1.0.6
* Going to generate test cases for class: org.apache.commons.lang.LocaleUtils
* Starting client
* Connecting to master process on port 14953
* Analyzing classpath: 
  - /tmp/run_evosuite.pl_112796_1545177338/target/classes
* Finished analyzing classpath
* Generating tests for class org.apache.commons.lang.LocaleUtils
* Test criterion:
  - Branch Coverage
* Setting up search algorithm for whole suite generation
* Total number of test goals: 71
* Using seed 1000
* Starting evolution
[MASTER] 15:55:47.593 [logback-2] ERROR TestCluster - Failed to check cache for java.util.LinkedList<E> : Type points to itself
[MASTER] 15:55:48.377 [logback-2] ERROR TestCluster - Failed to check cache for java.util.function.Function<T, R> : Type points to itself
[MASTER] 15:56:35.378 [logback-2] ERROR TestCluster - Failed to check cache for java.util.List<E> : Type points to itself
* Search finished after 50s and 1721 generations, 189091 statements, best individual has fitness: 0.0
* Minimizing test suite
* Going to analyze the coverage criteria
* Coverage analysis for criterion BRANCH
* Coverage of criterion BRANCH: 99%
* Total number of goals: 71
* Number of covered goals: 70
* Generated 21 tests with total length 108
* Resulting test suite's coverage: 100%
* Generating assertions
* Resulting test suite's mutation score: 30%
* Writing JUnit test case 'LocaleUtils_ESTest' to evosuite-branch
* Done!

* Computation finished
