* EvoSuite 1.0.6
* Going to generate test cases for class: org.apache.commons.lang3.math.NumberUtils
* Starting client
* Connecting to master process on port 14953
* Analyzing classpath: 
  - /tmp/run_evosuite.pl_102988_1545172796/target/classes
* Finished analyzing classpath
* Generating tests for class org.apache.commons.lang3.math.NumberUtils
* Test criterion:
  - Branch Coverage
* Setting up search algorithm for whole suite generation
* Total number of test goals: 379
* Using seed 1000
* Starting evolution
* Search finished after 101s and 2075 generations, 426859 statements, best individual has fitness: 19.166666666201003
* Minimizing test suite
* Going to analyze the coverage criteria
* Coverage analysis for criterion BRANCH
* Coverage of criterion BRANCH: 93%
* Total number of goals: 379
* Number of covered goals: 352
* Generated 126 tests with total length 171
* Resulting test suite's coverage: 93%
* Generating assertions
* Resulting test suite's mutation score: 60%
* Writing JUnit test case 'NumberUtils_ESTest' to evosuite-branch
* Done!

* Computation finished
