* EvoSuite 1.0.6
* Going to generate test cases for class: org.apache.commons.lang.time.FastDateFormat
* Starting client
* Connecting to master process on port 14953
* Analyzing classpath: 
  - /tmp/run_evosuite.pl_149182_1545193148/target/classes
* Finished analyzing classpath
* Generating tests for class org.apache.commons.lang.time.FastDateFormat
* Test criterion:
  - Branch Coverage
* Setting up search algorithm for whole suite generation
* Total number of test goals: 444
* Using seed 1000
* Starting evolution
[MASTER] 20:19:17.587 [logback-2] ERROR TestCluster - Failed to check cache for java.time.temporal.TemporalQuery<R> : Type points to itself
[MASTER] 20:20:16.631 [logback-2] ERROR TestCluster - Failed to check cache for java.util.List<E> : Type points to itself
* Search finished after 101s and 1553 generations, 353052 statements, best individual has fitness: 51.84441718952393
* Minimizing test suite
* Going to analyze the coverage criteria
* Coverage analysis for criterion BRANCH
* Coverage of criterion BRANCH: 84%
* Total number of goals: 444
* Number of covered goals: 375
* Generated 64 tests with total length 310
* Resulting test suite's coverage: 85%
* Generating assertions
* Resulting test suite's mutation score: 20%
* Writing JUnit test case 'FastDateFormat_ESTest' to evosuite-branch
* Done!

* Computation finished
