* EvoSuite 1.0.6
* Going to generate test cases for class: org.apache.commons.lang.LocaleUtils
* Starting client
* Connecting to master process on port 18557
* Analyzing classpath: 
  - /tmp/run_evosuite.pl_257378_1546782186/target/classes
* Finished analyzing classpath
* Generating tests for class org.apache.commons.lang.LocaleUtils
* Test criterion:
  - Branch Coverage
* Setting up search algorithm for whole suite generation
* Total number of test goals: 71
* Using seed 5000
* Starting evolution
[MASTER] 05:43:14.008 [logback-2] ERROR TestCluster - Failed to check cache for java.util.LinkedList<E> : Type points to itself
[MASTER] 05:43:14.569 [logback-2] ERROR TestCluster - Failed to check cache for java.util.List<E> : Type points to itself
* Search finished after 101s and 3863 generations, 357116 statements, best individual has fitness: 0.5
* Minimizing test suite
* Going to analyze the coverage criteria
* Coverage analysis for criterion BRANCH
* Coverage of criterion BRANCH: 99%
* Total number of goals: 71
* Number of covered goals: 70
* Generated 25 tests with total length 77
* Resulting test suite's coverage: 99%
* Generating assertions
* Resulting test suite's mutation score: 34%
* Writing JUnit test case 'LocaleUtils_ESTest' to evosuite-branch
* Done!

* Computation finished
