* EvoSuite 1.0.6
* Going to generate test cases for class: org.apache.commons.lang.NumberUtils
* Starting client
* Connecting to master process on port 19758
* Analyzing classpath: 
  - /tmp/run_evosuite.pl_17241_1546695495/target/classes
* Finished analyzing classpath
* Generating tests for class org.apache.commons.lang.NumberUtils
* Test criterion:
  - Branch Coverage
* Setting up search algorithm for whole suite generation
* Total number of test goals: 239
* Using seed 4000
* Starting evolution
* Search finished after 101s and 3909 generations, 569233 statements, best individual has fitness: 11.0
* Minimizing test suite
* Going to analyze the coverage criteria
* Coverage analysis for criterion BRANCH
* Coverage of criterion BRANCH: 92%
* Total number of goals: 239
* Number of covered goals: 221
* Generated 69 tests with total length 69
* Resulting test suite's coverage: 92%
* Generating assertions
* Resulting test suite's mutation score: 55%
* Writing JUnit test case 'NumberUtils_ESTest' to evosuite-branch
* Done!

* Computation finished
