* EvoSuite 1.0.6
* Going to generate test cases for class: org.apache.commons.lang3.StringUtils
* Starting client
* Connecting to master process on port 19758
* Analyzing classpath: 
  - /tmp/run_evosuite.pl_10068_1546692255/target/classes
* Finished analyzing classpath
* Generating tests for class org.apache.commons.lang3.StringUtils
* Test criterion:
  - Branch Coverage
* Setting up search algorithm for whole suite generation
* Total number of test goals: 1183
* Using seed 4000
* Starting evolution
[MASTER] 04:44:24.754 [logback-2] ERROR TestCluster - Failed to check cache for java.util.Comparator<T> : Type points to itself
* Search finished after 101s and 388 generations, 324043 statements, best individual has fitness: 58.93557686999722
* Minimizing test suite
* Going to analyze the coverage criteria
* Coverage analysis for criterion BRANCH
* Coverage of criterion BRANCH: 94%
* Total number of goals: 1183
* Number of covered goals: 1108
* Generated 443 tests with total length 598
* Resulting test suite's coverage: 94%
* Generating assertions
* Resulting test suite's mutation score: 56%
* Writing JUnit test case 'StringUtils_ESTest' to evosuite-branch
* Done!

* Computation finished
