* EvoSuite 1.0.6
* Going to generate test cases for class: org.apache.commons.lang.BooleanUtils
* Starting client
* Connecting to master process on port 19758
* Analyzing classpath: 
  - /tmp/run_evosuite.pl_19303_1546696429/target/classes
* Finished analyzing classpath
* Generating tests for class org.apache.commons.lang.BooleanUtils
* Test criterion:
  - Branch Coverage
* Setting up search algorithm for whole suite generation
* Total number of test goals: 223
* Using seed 4000
* Starting evolution
* Search finished after 101s and 1520 generations, 584613 statements, best individual has fitness: 15.345691133983387
* Minimizing test suite
* Going to analyze the coverage criteria
* Coverage analysis for criterion BRANCH
* Coverage of criterion BRANCH: 93%
* Total number of goals: 223
* Number of covered goals: 207
* Generated 105 tests with total length 160
* Resulting test suite's coverage: 92%
* Generating assertions
* Resulting test suite's mutation score: 68%
* Writing JUnit test case 'BooleanUtils_ESTest' to evosuite-branch
* Done!

* Computation finished
