* EvoSuite 1.0.6
* Going to generate test cases for class: org.apache.commons.lang.text.StrBuilder
* Starting client
* Connecting to master process on port 14953
* Analyzing classpath: 
  - /tmp/run_evosuite.pl_132892_1545186084/target/classes
* Finished analyzing classpath
* Generating tests for class org.apache.commons.lang.text.StrBuilder
* Test criterion:
  - Branch Coverage
* Setting up search algorithm for whole suite generation
* Total number of test goals: 517
* Using seed 1000
* Starting evolution
[MASTER] 18:21:33.845 [logback-2] ERROR ClientNodeImpl - Cannot inform master of change of state
java.rmi.UnmarshalException: Error unmarshaling return header; nested exception is: 
	java.net.SocketException: Connection reset
	at sun.rmi.transport.StreamRemoteCall.executeCall(StreamRemoteCall.java:236) ~[na:1.8.0_191]
	at sun.rmi.server.UnicastRef.invoke(UnicastRef.java:161) ~[na:1.8.0_191]
	at java.rmi.server.RemoteObjectInvocationHandler.invokeRemoteMethod(RemoteObjectInvocationHandler.java:227) ~[na:1.8.0_191]
	at java.rmi.server.RemoteObjectInvocationHandler.invoke(RemoteObjectInvocationHandler.java:179) ~[na:1.8.0_191]
	at com.sun.proxy.$Proxy7.evosuite_collectStatistics(Unknown Source) ~[na:na]
	at org.evosuite.rmi.service.ClientNodeImpl.updateStatistics(ClientNodeImpl.java:237) ~[evosuite-current.jar:1.0.6]
	at org.evosuite.statistics.StatisticsSender.sendIndividualToMaster(StatisticsSender.java:68) [evosuite-current.jar:1.0.6]
	at org.evosuite.statistics.StatisticsListener$1.run(StatisticsListener.java:71) [evosuite-current.jar:1.0.6]
Caused by: java.net.SocketException: Connection reset
	at java.net.SocketOutputStream.socketWrite(SocketOutputStream.java:115) ~[na:1.8.0_191]
	at java.net.SocketOutputStream.write(SocketOutputStream.java:155) ~[na:1.8.0_191]
	at java.io.BufferedOutputStream.flushBuffer(BufferedOutputStream.java:82) ~[na:1.8.0_191]
	at java.io.BufferedOutputStream.flush(BufferedOutputStream.java:140) ~[na:1.8.0_191]
	at java.io.ObjectOutputStream$BlockDataOutputStream.flush(ObjectOutputStream.java:1823) ~[na:1.8.0_191]
	at java.io.ObjectOutputStream.flush(ObjectOutputStream.java:719) ~[na:1.8.0_191]
	at sun.rmi.transport.StreamRemoteCall.releaseOutputStream(StreamRemoteCall.java:115) ~[na:1.8.0_191]
	at sun.rmi.transport.StreamRemoteCall.executeCall(StreamRemoteCall.java:220) ~[na:1.8.0_191]
	... 7 common frames omitted
* Search finished after 101s and 1279 generations, 470107 statements, best individual has fitness: 0.5
* Minimizing test suite
* Going to analyze the coverage criteria
* Coverage analysis for criterion BRANCH
* Coverage of criterion BRANCH: 100%
* Total number of goals: 517
* Number of covered goals: 516
* Generated 226 tests with total length 631
* Resulting test suite's coverage: 100%
* Generating assertions
* Resulting test suite's mutation score: 40%
* Writing JUnit test case 'StrBuilder_ESTest' to evosuite-branch
* Done!

* Computation finished
