* EvoSuite 1.0.6
* Going to generate test cases for class: org.apache.commons.lang3.LocaleUtils
* Starting client
* Connecting to master process on port 18539
* Analyzing classpath: 
  - /tmp/run_evosuite.pl_14694_1545650556/target/classes
* Finished analyzing classpath
* Generating tests for class org.apache.commons.lang3.LocaleUtils
* Test criterion:
  - Branch Coverage
* Setting up search algorithm for whole suite generation
* Total number of test goals: 81
* Using seed 2000
* Starting evolution
[MASTER] 03:22:44.267 [logback-2] ERROR TestCluster - Failed to check cache for java.util.LinkedList<E> : Type points to itself
[MASTER] 03:23:06.329 [logback-2] ERROR TestCluster - Failed to check cache for java.util.List<E> : Type points to itself
* Search finished after 39s and 1397 generations, 191131 statements, best individual has fitness: 0.0
* Minimizing test suite
* Going to analyze the coverage criteria
* Coverage analysis for criterion BRANCH
* Coverage of criterion BRANCH: 80%
* Total number of goals: 81
* Number of covered goals: 65
* Generated 35 tests with total length 41
* Resulting test suite's coverage: 100%
* Generating assertions
* Resulting test suite's mutation score: 40%
* Writing JUnit test case 'LocaleUtils_ESTest' to evosuite-branch
* Done!

* Computation finished
