* EvoSuite 1.0.6
* Going to generate test cases for class: org.apache.commons.lang3.math.NumberUtils
* Starting client
* Connecting to master process on port 18539
* Analyzing classpath: 
  - /tmp/run_evosuite.pl_21191_1545653313/target/classes
* Finished analyzing classpath
* Generating tests for class org.apache.commons.lang3.math.NumberUtils
* Test criterion:
  - Branch Coverage
* Setting up search algorithm for whole suite generation
* Total number of test goals: 379
* Using seed 2000
* Starting evolution
* Search finished after 101s and 2256 generations, 464777 statements, best individual has fitness: 15.499999997206032
* Minimizing test suite
* Going to analyze the coverage criteria
* Coverage analysis for criterion BRANCH
* Coverage of criterion BRANCH: 94%
* Total number of goals: 379
* Number of covered goals: 357
* Generated 132 tests with total length 180
* Resulting test suite's coverage: 94%
* Generating assertions
* Resulting test suite's mutation score: 58%
* Writing JUnit test case 'NumberUtils_ESTest' to evosuite-branch
* Done!

* Computation finished
