* EvoSuite 1.0.6
* Going to generate test cases for class: org.apache.commons.lang.math.NumberUtils
* Starting client
* Connecting to master process on port 14953
* Analyzing classpath: 
  - /tmp/run_evosuite.pl_200074_1545211220/target/classes
* Finished analyzing classpath
* Generating tests for class org.apache.commons.lang.math.NumberUtils
* Test criterion:
  - Branch Coverage
* Setting up search algorithm for whole suite generation
* Total number of test goals: 441
* Using seed 1000
* Starting evolution
* Search finished after 101s and 2045 generations, 610935 statements, best individual has fitness: 27.666666665535775
* Minimizing test suite
* Going to analyze the coverage criteria
* Coverage analysis for criterion BRANCH
* Coverage of criterion BRANCH: 92%
* Total number of goals: 441
* Number of covered goals: 407
* Generated 158 tests with total length 256
* Resulting test suite's coverage: 92%
* Generating assertions
* Resulting test suite's mutation score: 62%
* Writing JUnit test case 'NumberUtils_ESTest' to evosuite-branch
* Done!

* Computation finished
