* EvoSuite 1.0.6
* Going to generate test cases for class: org.apache.commons.lang3.text.translate.NumericEntityUnescaper
* Starting client
* Connecting to master process on port 18539
* Analyzing classpath: 
  - /tmp/run_evosuite.pl_19703_1545652514/target/classes
* Finished analyzing classpath
* Generating tests for class org.apache.commons.lang3.text.translate.NumericEntityUnescaper
* Test criterion:
  - Branch Coverage
* Setting up search algorithm for whole suite generation
* Total number of test goals: 39
* Using seed 2000
* Starting evolution
* Search finished after 101s and 4547 generations, 1333461 statements, best individual has fitness: 2.9833180726813984
* Minimizing test suite
* Going to analyze the coverage criteria
* Coverage analysis for criterion BRANCH
* Coverage of criterion BRANCH: 90%
* Total number of goals: 39
* Number of covered goals: 35
* Generated 10 tests with total length 66
* Resulting test suite's coverage: 90%
* Generating assertions
* Resulting test suite's mutation score: 50%
* Writing JUnit test case 'NumericEntityUnescaper_ESTest' to evosuite-branch
* Done!

* Computation finished
