* EvoSuite 1.0.6
* Going to generate test cases for class: org.apache.commons.lang3.text.translate.CharSequenceTranslator
* Starting client
* Connecting to master process on port 18539
* Analyzing classpath: 
  - /tmp/run_evosuite.pl_19110_1545652188/target/classes
* Finished analyzing classpath
* Generating tests for class org.apache.commons.lang3.text.translate.CharSequenceTranslator
* Test criterion:
  - Branch Coverage
* Setting up search algorithm for whole suite generation
* Total number of test goals: 15
* Using seed 2000
* Starting evolution
* Search finished after 4s and 27 generations, 13557 statements, best individual has fitness: 0.0
* Minimizing test suite
* Going to analyze the coverage criteria
* Coverage analysis for criterion BRANCH
* Coverage of criterion BRANCH: 100%
* Total number of goals: 15
* Number of covered goals: 15
* Generated 6 tests with total length 16
* Resulting test suite's coverage: 100%
* Generating assertions
* Resulting test suite's mutation score: 76%
* Writing JUnit test case 'CharSequenceTranslator_ESTest' to evosuite-branch
* Done!

* Computation finished
