* EvoSuite 1.0.6
* Going to generate test cases for class: org.apache.commons.lang3.LocaleUtils
* Starting client
* Connecting to master process on port 14953
* Analyzing classpath: 
  - /tmp/run_evosuite.pl_174282_1545204063/target/classes
* Finished analyzing classpath
* Generating tests for class org.apache.commons.lang3.LocaleUtils
* Test criterion:
  - Branch Coverage
* Setting up search algorithm for whole suite generation
* Total number of test goals: 79
* Using seed 1000
* Starting evolution
[MASTER] 23:21:11.092 [logback-2] ERROR TestCluster - Failed to check cache for java.util.LinkedList<E> : Type points to itself
[MASTER] 23:22:04.476 [logback-2] ERROR TestCluster - Failed to check cache for java.util.List<E> : Type points to itself
* Search finished after 68s and 2410 generations, 318840 statements, best individual has fitness: 0.0
* Minimizing test suite
* Going to analyze the coverage criteria
* Coverage analysis for criterion BRANCH
* Coverage of criterion BRANCH: 80%
* Total number of goals: 79
* Number of covered goals: 63
* Generated 33 tests with total length 37
* Resulting test suite's coverage: 100%
* Generating assertions
* Resulting test suite's mutation score: 41%
* Writing JUnit test case 'LocaleUtils_ESTest' to evosuite-branch
* Done!

* Computation finished
