* EvoSuite 1.0.6
* Going to generate test cases for class: org.apache.commons.lang.math.Fraction
* Starting client
* Connecting to master process on port 19758
* Analyzing classpath: 
  - /tmp/run_evosuite.pl_18714_1546696106/target/classes
* Finished analyzing classpath
* Generating tests for class org.apache.commons.lang.math.Fraction
* Test criterion:
  - Branch Coverage
* Setting up search algorithm for whole suite generation
* Total number of test goals: 198
* Using seed 4000
* Starting evolution
* Search finished after 101s and 2017 generations, 426038 statements, best individual has fitness: 4.941666666666666
* Minimizing test suite
* Going to analyze the coverage criteria
* Coverage analysis for criterion BRANCH
* Coverage of criterion BRANCH: 94%
* Total number of goals: 198
* Number of covered goals: 187
* Generated 62 tests with total length 136
* Resulting test suite's coverage: 96%
* Generating assertions
* Resulting test suite's mutation score: 40%
* Writing JUnit test case 'Fraction_ESTest' to evosuite-branch
* Done!

* Computation finished
