* EvoSuite 1.0.6
* Going to generate test cases for class: org.apache.commons.lang3.text.translate.NumericEntityUnescaper
* Starting client
* Connecting to master process on port 14953
* Analyzing classpath: 
  - /tmp/run_evosuite.pl_101504_1545172078/target/classes
* Finished analyzing classpath
* Generating tests for class org.apache.commons.lang3.text.translate.NumericEntityUnescaper
* Test criterion:
  - Branch Coverage
* Setting up search algorithm for whole suite generation
* Total number of test goals: 39
* Using seed 1000
* Starting evolution
* Search finished after 101s and 4129 generations, 1596029 statements, best individual has fitness: 2.954529959798174
* Minimizing test suite
* Going to analyze the coverage criteria
* Coverage analysis for criterion BRANCH
* Coverage of criterion BRANCH: 90%
* Total number of goals: 39
* Number of covered goals: 35
* Generated 9 tests with total length 59
* Resulting test suite's coverage: 90%
* Generating assertions
* Resulting test suite's mutation score: 49%
* Writing JUnit test case 'NumericEntityUnescaper_ESTest' to evosuite-branch
* Done!

* Computation finished
