* EvoSuite 1.0.6
* Going to generate test cases for class: org.apache.commons.lang3.math.Fraction
* Starting client
* Connecting to master process on port 19758
* Analyzing classpath: 
  - /tmp/run_evosuite.pl_10661_1546692593/target/classes
* Finished analyzing classpath
* Generating tests for class org.apache.commons.lang3.math.Fraction
* Test criterion:
  - Branch Coverage
* Setting up search algorithm for whole suite generation
* Total number of test goals: 206
* Using seed 4000
* Starting evolution
* Search finished after 101s and 2164 generations, 449994 statements, best individual has fitness: 9.912698412698411
* Minimizing test suite
* Going to analyze the coverage criteria
* Coverage analysis for criterion BRANCH
* Coverage of criterion BRANCH: 94%
* Total number of goals: 206
* Number of covered goals: 193
* Generated 65 tests with total length 140
* Resulting test suite's coverage: 94%
* Generating assertions
* Resulting test suite's mutation score: 41%
* Writing JUnit test case 'Fraction_ESTest' to evosuite-branch
* Done!

* Computation finished
