* EvoSuite 1.0.6
* Going to generate test cases for class: org.apache.commons.lang3.time.FastDateFormat
* Starting client
* Connecting to master process on port 14953
* Analyzing classpath: 
  - /tmp/run_evosuite.pl_5023_1545127758/target/classes
* Finished analyzing classpath
* Generating tests for class org.apache.commons.lang3.time.FastDateFormat
* Test criterion:
  - Branch Coverage
* Setting up search algorithm for whole suite generation
* Total number of test goals: 374
* Using seed 1000
* Starting evolution
[MASTER] 02:09:26.806 [logback-2] ERROR TestCluster - Failed to check cache for java.util.List<E> : Type points to itself
[MASTER] 02:10:42.079 [logback-1] WARN  TestChromosome - Functional mock problem: org.evosuite.ga.ConstructionFailedException: Have no generator for class org.evosuite.runtime.mock.java.util.MockCalendar canUseFunctionalMocks=true, canBeMocked: false
[MASTER] 02:11:07.121 [logback-2] ERROR AbstractStatement - Error assigning value of type TemporalQuery[] defined at statement TemporalQuery<Object>[] temporalQueryArray0 = (TemporalQuery<Object>[]) Array.newInstance(TemporalQuery.class, 7), assignment statement: temporalQueryArray0[0] = (TemporalQuery<Object>) temporalQueryArray0; SUT=org.apache.commons.lang3.time.FastDateFormat
* Search finished after 101s and 1929 generations, 480983 statements, best individual has fitness: 50.33033268248168
* Minimizing test suite
* Going to analyze the coverage criteria
* Coverage analysis for criterion BRANCH
* Coverage of criterion BRANCH: 81%
* Total number of goals: 374
* Number of covered goals: 304
* Generated 61 tests with total length 167
* Resulting test suite's coverage: 84%
* Generating assertions
* Resulting test suite's mutation score: 10%
* Writing JUnit test case 'FastDateFormat_ESTest' to evosuite-branch
* Done!

* Computation finished
