* EvoSuite 1.0.6
* Going to generate test cases for class: org.apache.commons.lang3.time.FastDateParser
* Starting client
* Connecting to master process on port 14953
* Analyzing classpath: 
  - /tmp/run_evosuite.pl_156524_1545196150/target/classes
* Finished analyzing classpath
* Generating tests for class org.apache.commons.lang3.time.FastDateParser
* Test criterion:
  - Branch Coverage
* Setting up search algorithm for whole suite generation
* Total number of test goals: 351
* Using seed 1000
* Starting evolution
[MASTER] 21:09:18.552 [logback-2] ERROR TestCluster - Failed to check cache for java.util.AbstractMap<K, V>.SimpleEntry<K, V> : Type points to itself
[MASTER] 21:09:18.552 [logback-2] ERROR TestCluster - Failed to check cache for java.util.AbstractMap<K, V>.SimpleImmutableEntry<K, V> : Type points to itself
[MASTER] 21:09:19.639 [logback-2] ERROR TestCluster - Failed to check cache for java.time.temporal.TemporalQuery<R> : Type points to itself
[MASTER] 21:09:21.947 [logback-2] ERROR TestCluster - Failed to check cache for java.util.List<E> : Type points to itself
* Search finished after 101s and 1337 generations, 325050 statements, best individual has fitness: 56.083333333333336
* Minimizing test suite
* Going to analyze the coverage criteria
* Coverage analysis for criterion BRANCH
* Coverage of criterion BRANCH: 75%
* Total number of goals: 351
* Number of covered goals: 264
* Generated 38 tests with total length 141
* Resulting test suite's coverage: 79%
* Generating assertions
* Resulting test suite's mutation score: 40%
* Writing JUnit test case 'FastDateParser_ESTest' to evosuite-branch
* Done!

* Computation finished
