* EvoSuite 1.0.6
* Going to generate test cases for class: org.apache.commons.lang.time.DateUtils
* Starting client
* Connecting to master process on port 14953
* Analyzing classpath: 
  - /tmp/run_evosuite.pl_172815_1545203572/target/classes
* Finished analyzing classpath
* Generating tests for class org.apache.commons.lang.time.DateUtils
* Test criterion:
  - Branch Coverage
* Setting up search algorithm for whole suite generation
* Total number of test goals: 206
* Using seed 1000
* Starting evolution
[MASTER] 23:13:32.724 [logback-2] ERROR TestCluster - Failed to check cache for java.util.List<E> : Type points to itself
* Search finished after 101s and 2391 generations, 442743 statements, best individual has fitness: 2.0
* Minimizing test suite
* Going to analyze the coverage criteria
* Coverage analysis for criterion BRANCH
* Coverage of criterion BRANCH: 98%
* Total number of goals: 206
* Number of covered goals: 202
* Generated 71 tests with total length 171
* Resulting test suite's coverage: 98%
* Generating assertions
* Resulting test suite's mutation score: 46%
* Writing JUnit test case 'DateUtils_ESTest' to evosuite-branch
* Done!

* Computation finished
