* EvoSuite 1.0.6
* Going to generate test cases for class: org.apache.commons.lang.ClassUtils
* Starting client
* Connecting to master process on port 2830
* Analyzing classpath: 
  - /tmp/run_evosuite.pl_83326_1546625063/target/classes
* Finished analyzing classpath
* Generating tests for class org.apache.commons.lang.ClassUtils
* Test criterion:
  - Branch Coverage
* Setting up search algorithm for whole suite generation
* Total number of test goals: 229
* Using seed 3000
* Starting evolution
* Search finished after 101s and 2276 generations, 697046 statements, best individual has fitness: 14.44444441546388
* Minimizing test suite
* Going to analyze the coverage criteria
* Coverage analysis for criterion BRANCH
* Coverage of criterion BRANCH: 92%
* Total number of goals: 229
* Number of covered goals: 211
* Generated 82 tests with total length 182
* Resulting test suite's coverage: 92%
* Generating assertions
* Resulting test suite's mutation score: 56%
* Writing JUnit test case 'ClassUtils_ESTest' to evosuite-branch
* Done!

* Computation finished
