* EvoSuite 1.0.6
* Going to generate test cases for class: org.apache.commons.lang3.time.FastDateFormat
* Starting client
* Connecting to master process on port 19758
* Analyzing classpath: 
  - /tmp/run_evosuite.pl_9480_1546691964/target/classes
* Finished analyzing classpath
* Generating tests for class org.apache.commons.lang3.time.FastDateFormat
* Test criterion:
  - Branch Coverage
* Setting up search algorithm for whole suite generation
* Total number of test goals: 374
* Using seed 4000
* Starting evolution
[MASTER] 04:39:47.801 [logback-2] ERROR TestCluster - Failed to check cache for java.util.List<E> : Type points to itself
* Search finished after 101s and 2029 generations, 449471 statements, best individual has fitness: 41.5299665883351
* Minimizing test suite
* Going to analyze the coverage criteria
* Coverage analysis for criterion BRANCH
* Coverage of criterion BRANCH: 80%
* Total number of goals: 374
* Number of covered goals: 300
* Generated 62 tests with total length 148
* Resulting test suite's coverage: 86%
* Generating assertions
* Resulting test suite's mutation score: 15%
* Writing JUnit test case 'FastDateFormat_ESTest' to evosuite-branch
* Done!

* Computation finished
