* EvoSuite 1.0.6
* Going to generate test cases for class: org.apache.commons.lang3.StringUtils
* Starting client
* Connecting to master process on port 14953
* Analyzing classpath: 
  - /tmp/run_evosuite.pl_181990_1545207623/target/classes
* Finished analyzing classpath
* Generating tests for class org.apache.commons.lang3.StringUtils
* Test criterion:
  - Branch Coverage
* Setting up search algorithm for whole suite generation
* Total number of test goals: 1094
* Using seed 1000
* Starting evolution
[MASTER] 00:20:32.701 [logback-2] ERROR TestCluster - Failed to check cache for java.util.Comparator<T> : Type points to itself
* Search finished after 101s and 539 generations, 448956 statements, best individual has fitness: 27.935363298719512
* Minimizing test suite
* Going to analyze the coverage criteria
* Coverage analysis for criterion BRANCH
* Coverage of criterion BRANCH: 97%
* Total number of goals: 1094
* Number of covered goals: 1059
* Generated 417 tests with total length 543
* Resulting test suite's coverage: 97%
* Generating assertions
* Resulting test suite's mutation score: 58%
* Writing JUnit test case 'StringUtils_ESTest' to evosuite-branch
* Done!

* Computation finished
