* EvoSuite 1.0.6
* Going to generate test cases for class: org.apache.commons.lang3.time.FastDateParser
* Starting client
* Connecting to master process on port 14953
* Analyzing classpath: 
  - /tmp/run_evosuite.pl_117785_1545179281/target/classes
* Finished analyzing classpath
* Generating tests for class org.apache.commons.lang3.time.FastDateParser
* Test criterion:
  - Branch Coverage
* Setting up search algorithm for whole suite generation
* Total number of test goals: 353
* Using seed 1000
* Starting evolution
[MASTER] 16:28:09.075 [logback-2] ERROR TestCluster - Failed to check cache for java.util.AbstractMap<K, V>.SimpleEntry<K, V> : Type points to itself
[MASTER] 16:28:09.075 [logback-2] ERROR TestCluster - Failed to check cache for java.util.AbstractMap<K, V>.SimpleImmutableEntry<K, V> : Type points to itself
[MASTER] 16:28:10.342 [logback-2] ERROR TestCluster - Failed to check cache for java.time.temporal.TemporalQuery<R> : Type points to itself
[MASTER] 16:28:26.905 [logback-2] ERROR TestCluster - Failed to check cache for java.util.List<E> : Type points to itself
* Search finished after 101s and 1285 generations, 257819 statements, best individual has fitness: 59.083333333333336
* Minimizing test suite
* Going to analyze the coverage criteria
* Coverage analysis for criterion BRANCH
* Coverage of criterion BRANCH: 74%
* Total number of goals: 353
* Number of covered goals: 262
* Generated 46 tests with total length 160
* Resulting test suite's coverage: 78%
* Generating assertions
* Resulting test suite's mutation score: 26%
* Writing JUnit test case 'FastDateParser_ESTest' to evosuite-branch
* Done!

* Computation finished
