* EvoSuite 1.0.6
* Going to generate test cases for class: org.apache.commons.lang3.math.NumberUtils
* Starting client
* Connecting to master process on port 18539
* Analyzing classpath: 
  - /tmp/run_evosuite.pl_14987_1545650605/target/classes
* Finished analyzing classpath
* Generating tests for class org.apache.commons.lang3.math.NumberUtils
* Test criterion:
  - Branch Coverage
* Setting up search algorithm for whole suite generation
* Total number of test goals: 359
* Using seed 2000
* Starting evolution
* Search finished after 101s and 1872 generations, 340212 statements, best individual has fitness: 9.99999952223198
* Minimizing test suite
* Going to analyze the coverage criteria
* Coverage analysis for criterion BRANCH
* Coverage of criterion BRANCH: 95%
* Total number of goals: 359
* Number of covered goals: 340
* Generated 118 tests with total length 157
* Resulting test suite's coverage: 95%
* Generating assertions
* Resulting test suite's mutation score: 64%
* Writing JUnit test case 'NumberUtils_ESTest' to evosuite-branch
* Done!

* Computation finished
