* EvoSuite 1.0.6
* Going to generate test cases for class: org.apache.commons.lang3.text.translate.LookupTranslator
* Starting client
* Connecting to master process on port 18539
* Analyzing classpath: 
  - /tmp/run_evosuite.pl_15281_1545650722/target/classes
* Finished analyzing classpath
* Generating tests for class org.apache.commons.lang3.text.translate.LookupTranslator
* Test criterion:
  - Branch Coverage
* Setting up search algorithm for whole suite generation
* Total number of test goals: 14
* Using seed 2000
* Starting evolution
* Search finished after 3s and 44 generations, 22499 statements, best individual has fitness: 0.0
* Minimizing test suite
* Going to analyze the coverage criteria
* Coverage analysis for criterion BRANCH
* Coverage of criterion BRANCH: 100%
* Total number of goals: 14
* Number of covered goals: 14
* Generated 4 tests with total length 42
* Resulting test suite's coverage: 100%
* Generating assertions
* Resulting test suite's mutation score: 49%
* Writing JUnit test case 'LookupTranslator_ESTest' to evosuite-branch
* Done!

* Computation finished
