* EvoSuite 1.0.6
* Going to generate test cases for class: org.apache.commons.lang3.text.translate.EntityArrays
* Starting client
* Connecting to master process on port 14953
* Analyzing classpath: 
  - /tmp/run_evosuite.pl_103287_1545172915/target/classes
* Finished analyzing classpath
* Generating tests for class org.apache.commons.lang3.text.translate.EntityArrays
* Test criterion:
  - Branch Coverage
* Setting up search algorithm for whole suite generation
* Total number of test goals: 13
* Using seed 1000
* Starting evolution
* Search finished after 0s and 0 generations, 7191 statements, best individual has fitness: 0.0
* Minimizing test suite
* Going to analyze the coverage criteria
* Coverage analysis for criterion BRANCH
* Coverage of criterion BRANCH: 100%
* Total number of goals: 13
* Number of covered goals: 13
* Generated 11 tests with total length 12
* Resulting test suite's coverage: 100%
* Generating assertions
* Resulting test suite's mutation score: 58%
* Writing JUnit test case 'EntityArrays_ESTest' to evosuite-branch
* Done!

* Computation finished
