* EvoSuite 1.0.6
* Going to generate test cases for class: org.apache.commons.lang3.RandomStringUtils
* Starting client
* Connecting to master process on port 18539
* Analyzing classpath: 
  - /tmp/run_evosuite.pl_17339_1545651405/target/classes
* Finished analyzing classpath
* Generating tests for class org.apache.commons.lang3.RandomStringUtils
* Test criterion:
  - Branch Coverage
* Setting up search algorithm for whole suite generation
* Total number of test goals: 65
* Using seed 2000
* Starting evolution
* Search finished after 101s and 163 generations, 86535 statements, best individual has fitness: 6.99950742177834
* Minimizing test suite
* Going to analyze the coverage criteria
* Coverage analysis for criterion BRANCH
* Coverage of criterion BRANCH: 89%
* Total number of goals: 65
* Number of covered goals: 58
* Generated 15 tests with total length 18
* Resulting test suite's coverage: 89%
* Generating assertions
* Resulting test suite's mutation score: 36%
* Writing JUnit test case 'RandomStringUtils_ESTest' to evosuite-branch
* Done!

* Computation finished
