* EvoSuite 1.0.6
* Going to generate test cases for class: org.apache.commons.lang.LocaleUtils
* Starting client
* Connecting to master process on port 19758
* Analyzing classpath: 
  - /tmp/run_evosuite.pl_21066_1546697174/target/classes
* Finished analyzing classpath
* Generating tests for class org.apache.commons.lang.LocaleUtils
* Test criterion:
  - Branch Coverage
* Setting up search algorithm for whole suite generation
* Total number of test goals: 71
* Using seed 4000
* Starting evolution
[MASTER] 06:06:22.039 [logback-2] ERROR TestCluster - Failed to check cache for java.util.LinkedList<E> : Type points to itself
[MASTER] 06:06:22.151 [logback-2] ERROR TestCluster - Failed to check cache for java.util.List<E> : Type points to itself
* Search finished after 53s and 1745 generations, 237177 statements, best individual has fitness: 0.0
* Minimizing test suite
* Going to analyze the coverage criteria
* Coverage analysis for criterion BRANCH
* Coverage of criterion BRANCH: 100%
* Total number of goals: 71
* Number of covered goals: 71
* Generated 23 tests with total length 58
* Resulting test suite's coverage: 100%
* Generating assertions
* Resulting test suite's mutation score: 36%
* Writing JUnit test case 'LocaleUtils_ESTest' to evosuite-branch
* Done!

* Computation finished
