* EvoSuite 1.0.6
* Going to generate test cases for class: org.apache.commons.lang3.math.NumberUtils
* Starting client
* Connecting to master process on port 18557
* Analyzing classpath: 
  - /tmp/run_evosuite.pl_240798_1546775262/target/classes
* Finished analyzing classpath
* Generating tests for class org.apache.commons.lang3.math.NumberUtils
* Test criterion:
  - Branch Coverage
* Setting up search algorithm for whole suite generation
* Total number of test goals: 371
* Using seed 5000
* Starting evolution
* Search finished after 101s and 1785 generations, 377275 statements, best individual has fitness: 9.166666188898645
* Minimizing test suite
* Going to analyze the coverage criteria
* Coverage analysis for criterion BRANCH
* Coverage of criterion BRANCH: 95%
* Total number of goals: 371
* Number of covered goals: 352
* Generated 117 tests with total length 153
* Resulting test suite's coverage: 95%
* Generating assertions
* Resulting test suite's mutation score: 59%
* Writing JUnit test case 'NumberUtils_ESTest' to evosuite-branch
* Done!

* Computation finished
