* EvoSuite 1.0.6
* Going to generate test cases for class: org.apache.commons.lang3.time.FastDatePrinter
* Starting client
* Connecting to master process on port 18539
* Analyzing classpath: 
  - /tmp/run_evosuite.pl_16456_1545650947/target/classes
* Finished analyzing classpath
* Generating tests for class org.apache.commons.lang3.time.FastDatePrinter
* Test criterion:
  - Branch Coverage
* Setting up search algorithm for whole suite generation
* Total number of test goals: 354
* Using seed 2000
* Starting evolution
[MASTER] 03:29:51.564 [logback-2] ERROR TestCluster - Failed to check cache for java.util.List<E> : Type points to itself
* Search finished after 101s and 2030 generations, 520150 statements, best individual has fitness: 49.37115306317699
* Minimizing test suite
* Going to analyze the coverage criteria
* Coverage analysis for criterion BRANCH
* Coverage of criterion BRANCH: 82%
* Total number of goals: 354
* Number of covered goals: 292
* Generated 66 tests with total length 241
* Resulting test suite's coverage: 83%
* Generating assertions
* Resulting test suite's mutation score: 26%
* Writing JUnit test case 'FastDatePrinter_ESTest' to evosuite-branch
* Done!

* Computation finished
