* EvoSuite 1.0.6
* Going to generate test cases for class: org.apache.commons.lang3.math.Fraction
* Starting client
* Connecting to master process on port 14953
* Analyzing classpath: 
  - /tmp/run_evosuite.pl_160064_1545197865/target/classes
* Finished analyzing classpath
* Generating tests for class org.apache.commons.lang3.math.Fraction
* Test criterion:
  - Branch Coverage
* Setting up search algorithm for whole suite generation
* Total number of test goals: 206
* Using seed 1000
* Starting evolution
* Search finished after 102s and 2085 generations, 451925 statements, best individual has fitness: 13.912698410370105
* Minimizing test suite
* Going to analyze the coverage criteria
* Coverage analysis for criterion BRANCH
* Coverage of criterion BRANCH: 91%
* Total number of goals: 206
* Number of covered goals: 188
* Generated 60 tests with total length 160
* Resulting test suite's coverage: 92%
* Generating assertions
* Resulting test suite's mutation score: 41%
* Writing JUnit test case 'Fraction_ESTest' to evosuite-branch
* Done!

* Computation finished
