* EvoSuite 1.0.6
* Going to generate test cases for class: org.apache.commons.lang.BooleanUtils
* Starting client
* Connecting to master process on port 14953
* Analyzing classpath: 
  - /tmp/run_evosuite.pl_168706_1545201839/target/classes
* Finished analyzing classpath
* Generating tests for class org.apache.commons.lang.BooleanUtils
* Test criterion:
  - Branch Coverage
* Setting up search algorithm for whole suite generation
* Total number of test goals: 223
* Using seed 1000
* Starting evolution
* Search finished after 101s and 1579 generations, 516950 statements, best individual has fitness: 11.518080808080807
* Minimizing test suite
* Going to analyze the coverage criteria
* Coverage analysis for criterion BRANCH
* Coverage of criterion BRANCH: 92%
* Total number of goals: 223
* Number of covered goals: 206
* Generated 104 tests with total length 163
* Resulting test suite's coverage: 94%
* Generating assertions
* Resulting test suite's mutation score: 69%
* Writing JUnit test case 'BooleanUtils_ESTest' to evosuite-branch
* Done!

* Computation finished
