* EvoSuite 1.0.6
* Going to generate test cases for class: org.apache.commons.lang3.ArrayUtils
* Starting client
* Connecting to master process on port 14953
* Analyzing classpath: 
  - /tmp/run_evosuite.pl_187371_1545208405/target/classes
* Finished analyzing classpath
* Generating tests for class org.apache.commons.lang3.ArrayUtils
* Test criterion:
  - Branch Coverage
* Setting up search algorithm for whole suite generation
* Total number of test goals: 854
* Using seed 1000
* Starting evolution
[MASTER] 00:33:34.339 [logback-2] ERROR TestCluster - Failed to check cache for java.util.AbstractMap<K, V>.SimpleEntry<K, V> : Type points to itself
[MASTER] 00:33:34.340 [logback-2] ERROR TestCluster - Failed to check cache for java.util.AbstractMap<K, V>.SimpleImmutableEntry<K, V> : Type points to itself
[MASTER] 00:33:35.005 [logback-2] ERROR TestCluster - Failed to check cache for java.util.Comparator<T> : Type points to itself
* Search finished after 101s and 521 generations, 488159 statements, best individual has fitness: 3.133333333333333
* Minimizing test suite
* Going to analyze the coverage criteria
* Coverage analysis for criterion BRANCH
* Coverage of criterion BRANCH: 99%
* Total number of goals: 854
* Number of covered goals: 849
* Generated 361 tests with total length 764
* Resulting test suite's coverage: 99%
* Generating assertions
* Resulting test suite's mutation score: 72%
* Writing JUnit test case 'ArrayUtils_ESTest' to evosuite-branch
* Done!

* Computation finished
