* EvoSuite 1.0.6
* Going to generate test cases for class: org.apache.commons.lang3.ArrayUtils
* Starting client
* Connecting to master process on port 14953
* Analyzing classpath: 
  - /tmp/run_evosuite.pl_126104_1545182989/target/classes
* Finished analyzing classpath
* Generating tests for class org.apache.commons.lang3.ArrayUtils
* Test criterion:
  - Branch Coverage
* Setting up search algorithm for whole suite generation
* Total number of test goals: 854
* Using seed 1000
* Starting evolution
[MASTER] 17:29:57.055 [logback-2] ERROR TestCluster - Failed to check cache for java.util.AbstractMap<K, V>.SimpleEntry<K, V> : Type points to itself
[MASTER] 17:29:57.055 [logback-2] ERROR TestCluster - Failed to check cache for java.util.AbstractMap<K, V>.SimpleImmutableEntry<K, V> : Type points to itself
[MASTER] 17:29:57.653 [logback-2] ERROR TestCluster - Failed to check cache for java.util.Comparator<T> : Type points to itself
* Search finished after 102s and 506 generations, 468797 statements, best individual has fitness: 3.8
* Minimizing test suite
* Going to analyze the coverage criteria
* Coverage analysis for criterion BRANCH
* Coverage of criterion BRANCH: 99%
* Total number of goals: 854
* Number of covered goals: 849
* Generated 362 tests with total length 766
* Resulting test suite's coverage: 99%
* Generating assertions
* Resulting test suite's mutation score: 72%
* Writing JUnit test case 'ArrayUtils_ESTest' to evosuite-branch
* Done!

* Computation finished
