* EvoSuite 1.0.6
* Going to generate test cases for class: org.apache.commons.lang.WordUtils
* Starting client
* Connecting to master process on port 18557
* Analyzing classpath: 
  - /tmp/run_evosuite.pl_253851_1546780629/target/classes
* Finished analyzing classpath
* Generating tests for class org.apache.commons.lang.WordUtils
* Test criterion:
  - Branch Coverage
* Setting up search algorithm for whole suite generation
* Total number of test goals: 110
* Using seed 5000
* Starting evolution
* Search finished after 101s and 4465 generations, 1539858 statements, best individual has fitness: 0.5
* Minimizing test suite
* Going to analyze the coverage criteria
* Coverage analysis for criterion BRANCH
* Coverage of criterion BRANCH: 99%
* Total number of goals: 110
* Number of covered goals: 109
* Generated 35 tests with total length 42
* Resulting test suite's coverage: 99%
* Generating assertions
* Resulting test suite's mutation score: 68%
* Writing JUnit test case 'WordUtils_ESTest' to evosuite-branch
* Done!

* Computation finished
