* EvoSuite 1.0.6
* Going to generate test cases for class: org.apache.commons.lang3.ArrayUtils
* Starting client
* Connecting to master process on port 19758
* Analyzing classpath: 
  - /tmp/run_evosuite.pl_14556_1546694187/target/classes
* Finished analyzing classpath
* Generating tests for class org.apache.commons.lang3.ArrayUtils
* Test criterion:
  - Branch Coverage
* Setting up search algorithm for whole suite generation
* Total number of test goals: 855
* Using seed 4000
* Starting evolution
[MASTER] 05:16:34.944 [logback-2] ERROR TestCluster - Failed to check cache for java.util.AbstractMap<K, V>.SimpleEntry<K, V> : Type points to itself
[MASTER] 05:16:34.945 [logback-2] ERROR TestCluster - Failed to check cache for java.util.AbstractMap<K, V>.SimpleImmutableEntry<K, V> : Type points to itself
[MASTER] 05:16:35.906 [logback-2] ERROR TestCluster - Failed to check cache for java.util.Comparator<T> : Type points to itself
[MASTER] 05:17:16.320 [logback-2] ERROR AbstractStatement - Error assigning value of type Comparable[] defined at statement Comparable<Object>[] comparableArray0 = (Comparable<Object>[]) Array.newInstance(Comparable.class, 1), assignment statement: comparableArray0[0] = (Comparable<Object>) comparableArray0; SUT=org.apache.commons.lang3.ArrayUtils
[MASTER] 05:17:16.654 [logback-2] ERROR AbstractStatement - Error assigning value of type Comparable[] defined at statement Comparable<Object>[] comparableArray0 = (Comparable<Object>[]) Array.newInstance(Comparable.class, 2), assignment statement: comparableArray0[0] = (Comparable<Object>) comparableArray0; SUT=org.apache.commons.lang3.ArrayUtils
[MASTER] 05:17:20.369 [logback-2] ERROR AbstractStatement - Error assigning value of type Comparable[] defined at statement Comparable<Object>[] comparableArray0 = (Comparable<Object>[]) Array.newInstance(Comparable.class, 2), assignment statement: comparableArray0[0] = (Comparable<Object>) comparableArray0; SUT=org.apache.commons.lang3.ArrayUtils
[MASTER] 05:17:20.714 [logback-2] ERROR AbstractStatement - Error assigning value of type Comparable[] defined at statement Comparable<Object>[] comparableArray0 = (Comparable<Object>[]) Array.newInstance(Comparable.class, 7), assignment statement: comparableArray0[0] = (Comparable<Object>) comparableArray0; SUT=org.apache.commons.lang3.ArrayUtils
[MASTER] 05:17:21.931 [logback-2] ERROR AbstractStatement - Error assigning value of type Comparable[] defined at statement Comparable<Object>[] comparableArray0 = (Comparable<Object>[]) Array.newInstance(Comparable.class, 2), assignment statement: comparableArray0[0] = (Comparable<Object>) comparableArray0; SUT=org.apache.commons.lang3.ArrayUtils
[MASTER] 05:17:23.449 [logback-2] ERROR AbstractStatement - Error assigning value of type Comparable[] defined at statement Comparable<Object>[] comparableArray0 = (Comparable<Object>[]) Array.newInstance(Comparable.class, 4), assignment statement: comparableArray0[0] = (Comparable<Object>) comparableArray0; SUT=org.apache.commons.lang3.ArrayUtils
[MASTER] 05:17:23.558 [logback-2] ERROR AbstractStatement - Error assigning value of type Comparable[] defined at statement Comparable<Object>[] comparableArray0 = (Comparable<Object>[]) Array.newInstance(Comparable.class, 3), assignment statement: comparableArray0[0] = (Comparable<Object>) comparableArray0; SUT=org.apache.commons.lang3.ArrayUtils
[MASTER] 05:17:24.700 [logback-2] ERROR AbstractStatement - Error assigning value of type Comparable[] defined at statement Comparable<Object>[] comparableArray0 = (Comparable<Object>[]) Array.newInstance(Comparable.class, 5), assignment statement: comparableArray0[0] = (Comparable<Object>) comparableArray0; SUT=org.apache.commons.lang3.ArrayUtils
[MASTER] 05:17:24.954 [logback-2] ERROR AbstractStatement - Error assigning value of type Comparable[] defined at statement Comparable<Object>[] comparableArray0 = (Comparable<Object>[]) Array.newInstance(Comparable.class, 9), assignment statement: comparableArray0[0] = (Comparable<Object>) comparableArray0; SUT=org.apache.commons.lang3.ArrayUtils
[MASTER] 05:17:35.469 [logback-2] ERROR AbstractStatement - Error assigning value of type Comparable[] defined at statement Comparable<Object>[] comparableArray0 = (Comparable<Object>[]) Array.newInstance(Comparable.class, 4), assignment statement: comparableArray0[0] = (Comparable<Object>) comparableArray0; SUT=org.apache.commons.lang3.ArrayUtils
[MASTER] 05:17:37.618 [logback-2] ERROR AbstractStatement - Error assigning value of type Comparable[] defined at statement Comparable<Object>[] comparableArray0 = (Comparable<Object>[]) Array.newInstance(Comparable.class, 7), assignment statement: comparableArray0[0] = (Comparable<Object>) comparableArray0; SUT=org.apache.commons.lang3.ArrayUtils
[MASTER] 05:17:37.663 [logback-2] ERROR AbstractStatement - Error assigning value of type Comparable[] defined at statement Comparable<Object>[] comparableArray0 = (Comparable<Object>[]) Array.newInstance(Comparable.class, 9), assignment statement: comparableArray0[0] = (Comparable<Object>) comparableArray0; SUT=org.apache.commons.lang3.ArrayUtils
[MASTER] 05:17:38.592 [logback-2] ERROR AbstractStatement - Error assigning value of type Comparable[] defined at statement Comparable<Object>[] comparableArray0 = (Comparable<Object>[]) Array.newInstance(Comparable.class, 7), assignment statement: comparableArray0[0] = (Comparable<Object>) comparableArray0; SUT=org.apache.commons.lang3.ArrayUtils
[MASTER] 05:17:40.624 [logback-2] ERROR AbstractStatement - Error assigning value of type Comparable[] defined at statement Comparable<Object>[] comparableArray0 = (Comparable<Object>[]) Array.newInstance(Comparable.class, 3), assignment statement: comparableArray0[0] = (Comparable<Object>) comparableArray0; SUT=org.apache.commons.lang3.ArrayUtils
[MASTER] 05:17:40.987 [logback-2] ERROR AbstractStatement - Error assigning value of type Comparable[] defined at statement Comparable<Object>[] comparableArray0 = (Comparable<Object>[]) Array.newInstance(Comparable.class, 4), assignment statement: comparableArray0[0] = (Comparable<Object>) comparableArray0; SUT=org.apache.commons.lang3.ArrayUtils
[MASTER] 05:17:41.724 [logback-2] ERROR AbstractStatement - Error assigning value of type Comparable[] defined at statement Comparable<Object>[] comparableArray0 = (Comparable<Object>[]) Array.newInstance(Comparable.class, 5), assignment statement: comparableArray0[0] = (Comparable<Object>) comparableArray0; SUT=org.apache.commons.lang3.ArrayUtils
[MASTER] 05:17:41.751 [logback-2] ERROR AbstractStatement - Error assigning value of type Comparable[] defined at statement Comparable<Object>[] comparableArray0 = (Comparable<Object>[]) Array.newInstance(Comparable.class, 7), assignment statement: comparableArray0[0] = (Comparable<Object>) comparableArray0; SUT=org.apache.commons.lang3.ArrayUtils
[MASTER] 05:17:42.147 [logback-2] ERROR AbstractStatement - Error assigning value of type Comparable[] defined at statement Comparable<Object>[] comparableArray0 = (Comparable<Object>[]) Array.newInstance(Comparable.class, 9), assignment statement: comparableArray0[0] = (Comparable<Object>) comparableArray0; SUT=org.apache.commons.lang3.ArrayUtils
[MASTER] 05:17:44.678 [logback-2] ERROR AbstractStatement - Error assigning value of type Comparable[] defined at statement Comparable<Object>[] comparableArray0 = (Comparable<Object>[]) Array.newInstance(Comparable.class, 8), assignment statement: comparableArray0[0] = (Comparable<Object>) comparableArray0; SUT=org.apache.commons.lang3.ArrayUtils
[MASTER] 05:17:44.984 [logback-2] ERROR AbstractStatement - Error assigning value of type Comparable[] defined at statement Comparable<Object>[] comparableArray0 = (Comparable<Object>[]) Array.newInstance(Comparable.class, 6), assignment statement: comparableArray0[0] = (Comparable<Object>) comparableArray0; SUT=org.apache.commons.lang3.ArrayUtils
[MASTER] 05:17:44.989 [logback-2] ERROR AbstractStatement - Error assigning value of type Comparable[] defined at statement Comparable<Object>[] comparableArray0 = (Comparable<Object>[]) Array.newInstance(Comparable.class, 4), assignment statement: comparableArray0[0] = (Comparable<Object>) comparableArray0; SUT=org.apache.commons.lang3.ArrayUtils
[MASTER] 05:17:45.809 [logback-2] ERROR AbstractStatement - Error assigning value of type Comparable[] defined at statement Comparable<Object>[] comparableArray0 = (Comparable<Object>[]) Array.newInstance(Comparable.class, 4), assignment statement: comparableArray0[0] = (Comparable<Object>) comparableArray0; SUT=org.apache.commons.lang3.ArrayUtils
[MASTER] 05:17:46.063 [logback-2] ERROR AbstractStatement - Error assigning value of type Comparable[] defined at statement Comparable<Object>[] comparableArray0 = (Comparable<Object>[]) Array.newInstance(Comparable.class, 4), assignment statement: comparableArray0[0] = (Comparable<Object>) comparableArray0; SUT=org.apache.commons.lang3.ArrayUtils
[MASTER] 05:17:46.246 [logback-2] ERROR AbstractStatement - Error assigning value of type Comparable[] defined at statement Comparable<Object>[] comparableArray0 = (Comparable<Object>[]) Array.newInstance(Comparable.class, 3), assignment statement: comparableArray0[0] = (Comparable<Object>) comparableArray0; SUT=org.apache.commons.lang3.ArrayUtils
[MASTER] 05:17:46.742 [logback-2] ERROR AbstractStatement - Error assigning value of type Comparable[] defined at statement Comparable<Object>[] comparableArray0 = (Comparable<Object>[]) Array.newInstance(Comparable.class, 9), assignment statement: comparableArray0[0] = (Comparable<Object>) comparableArray0; SUT=org.apache.commons.lang3.ArrayUtils
[MASTER] 05:17:48.054 [logback-2] ERROR AbstractStatement - Error assigning value of type Comparable[] defined at statement Comparable<Object>[] comparableArray0 = (Comparable<Object>[]) Array.newInstance(Comparable.class, 8), assignment statement: comparableArray0[0] = (Comparable<Object>) comparableArray0; SUT=org.apache.commons.lang3.ArrayUtils
[MASTER] 05:17:49.369 [logback-2] ERROR AbstractStatement - Error assigning value of type Comparable[] defined at statement Comparable<Object>[] comparableArray0 = (Comparable<Object>[]) Array.newInstance(Comparable.class, 7), assignment statement: comparableArray0[0] = (Comparable<Object>) comparableArray0; SUT=org.apache.commons.lang3.ArrayUtils
[MASTER] 05:17:49.871 [logback-2] ERROR AbstractStatement - Error assigning value of type Comparable[] defined at statement Comparable<Object>[] comparableArray0 = (Comparable<Object>[]) Array.newInstance(Comparable.class, 8), assignment statement: comparableArray0[0] = (Comparable<Object>) comparableArray0; SUT=org.apache.commons.lang3.ArrayUtils
[MASTER] 05:17:50.032 [logback-2] ERROR AbstractStatement - Error assigning value of type Comparable[] defined at statement Comparable<Object>[] comparableArray0 = (Comparable<Object>[]) Array.newInstance(Comparable.class, 6), assignment statement: comparableArray0[0] = (Comparable<Object>) comparableArray0; SUT=org.apache.commons.lang3.ArrayUtils
[MASTER] 05:17:50.842 [logback-2] ERROR AbstractStatement - Error assigning value of type Comparable[] defined at statement Comparable<Object>[] comparableArray0 = (Comparable<Object>[]) Array.newInstance(Comparable.class, 2), assignment statement: comparableArray0[0] = (Comparable<Object>) comparableArray0; SUT=org.apache.commons.lang3.ArrayUtils
[MASTER] 05:17:50.908 [logback-2] ERROR AbstractStatement - Error assigning value of type Comparable[] defined at statement Comparable<Object>[] comparableArray0 = (Comparable<Object>[]) Array.newInstance(Comparable.class, 2), assignment statement: comparableArray0[0] = (Comparable<Object>) comparableArray0; SUT=org.apache.commons.lang3.ArrayUtils
[MASTER] 05:17:52.508 [logback-2] ERROR AbstractStatement - Error assigning value of type Comparable[] defined at statement Comparable<Object>[] comparableArray0 = (Comparable<Object>[]) Array.newInstance(Comparable.class, 5), assignment statement: comparableArray0[0] = (Comparable<Object>) comparableArray0; SUT=org.apache.commons.lang3.ArrayUtils
[MASTER] 05:17:52.999 [logback-2] ERROR AbstractStatement - Error assigning value of type Comparable[] defined at statement Comparable<Object>[] comparableArray0 = (Comparable<Object>[]) Array.newInstance(Comparable.class, 5), assignment statement: comparableArray0[0] = (Comparable<Object>) comparableArray0; SUT=org.apache.commons.lang3.ArrayUtils
[MASTER] 05:17:53.446 [logback-2] ERROR AbstractStatement - Error assigning value of type Comparable[] defined at statement Comparable<Object>[] comparableArray0 = (Comparable<Object>[]) Array.newInstance(Comparable.class, 2), assignment statement: comparableArray0[0] = (Comparable<Object>) comparableArray0; SUT=org.apache.commons.lang3.ArrayUtils
[MASTER] 05:17:54.221 [logback-2] ERROR AbstractStatement - Error assigning value of type Comparable[] defined at statement Comparable<Object>[] comparableArray0 = (Comparable<Object>[]) Array.newInstance(Comparable.class, 4), assignment statement: comparableArray0[0] = (Comparable<Object>) comparableArray0; SUT=org.apache.commons.lang3.ArrayUtils
[MASTER] 05:17:54.465 [logback-2] ERROR AbstractStatement - Error assigning value of type Comparable[] defined at statement Comparable<Object>[] comparableArray0 = (Comparable<Object>[]) Array.newInstance(Comparable.class, 3), assignment statement: comparableArray0[0] = (Comparable<Object>) comparableArray0; SUT=org.apache.commons.lang3.ArrayUtils
[MASTER] 05:17:54.526 [logback-2] ERROR AbstractStatement - Error assigning value of type Comparable[] defined at statement Comparable<Object>[] comparableArray0 = (Comparable<Object>[]) Array.newInstance(Comparable.class, 7), assignment statement: comparableArray0[0] = (Comparable<Object>) comparableArray0; SUT=org.apache.commons.lang3.ArrayUtils
[MASTER] 05:17:56.163 [logback-2] ERROR AbstractStatement - Error assigning value of type Comparable[] defined at statement Comparable<Object>[] comparableArray0 = (Comparable<Object>[]) Array.newInstance(Comparable.class, 7), assignment statement: comparableArray0[0] = (Comparable<Object>) comparableArray0; SUT=org.apache.commons.lang3.ArrayUtils
[MASTER] 05:17:58.156 [logback-2] ERROR AbstractStatement - Error assigning value of type Comparable[] defined at statement Comparable<Object>[] comparableArray0 = (Comparable<Object>[]) Array.newInstance(Comparable.class, 7), assignment statement: comparableArray0[0] = (Comparable<Object>) comparableArray0; SUT=org.apache.commons.lang3.ArrayUtils
[MASTER] 05:17:58.299 [logback-2] ERROR AbstractStatement - Error assigning value of type Comparable[] defined at statement Comparable<Object>[] comparableArray0 = (Comparable<Object>[]) Array.newInstance(Comparable.class, 4), assignment statement: comparableArray0[0] = (Comparable<Object>) comparableArray0; SUT=org.apache.commons.lang3.ArrayUtils
[MASTER] 05:17:59.157 [logback-2] ERROR AbstractStatement - Error assigning value of type Comparable[] defined at statement Comparable<Object>[] comparableArray0 = (Comparable<Object>[]) Array.newInstance(Comparable.class, 4), assignment statement: comparableArray0[0] = (Comparable<Object>) comparableArray0; SUT=org.apache.commons.lang3.ArrayUtils
[MASTER] 05:17:59.481 [logback-2] ERROR AbstractStatement - Error assigning value of type Comparable[] defined at statement Comparable<Object>[] comparableArray0 = (Comparable<Object>[]) Array.newInstance(Comparable.class, 4), assignment statement: comparableArray0[0] = (Comparable<Object>) comparableArray0; SUT=org.apache.commons.lang3.ArrayUtils
[MASTER] 05:17:59.655 [logback-2] ERROR AbstractStatement - Error assigning value of type Comparable[] defined at statement Comparable<Object>[] comparableArray0 = (Comparable<Object>[]) Array.newInstance(Comparable.class, 9), assignment statement: comparableArray0[0] = (Comparable<Object>) comparableArray0; SUT=org.apache.commons.lang3.ArrayUtils
[MASTER] 05:18:02.954 [logback-2] ERROR AbstractStatement - Error assigning value of type Comparable[] defined at statement Comparable<Object>[] comparableArray0 = (Comparable<Object>[]) Array.newInstance(Comparable.class, 5), assignment statement: comparableArray0[0] = (Comparable<Object>) comparableArray0; SUT=org.apache.commons.lang3.ArrayUtils
[MASTER] 05:18:03.641 [logback-2] ERROR AbstractStatement - Error assigning value of type Comparable[] defined at statement Comparable<Object>[] comparableArray0 = (Comparable<Object>[]) Array.newInstance(Comparable.class, 9), assignment statement: comparableArray0[0] = (Comparable<Object>) comparableArray0; SUT=org.apache.commons.lang3.ArrayUtils
[MASTER] 05:18:03.784 [logback-2] ERROR AbstractStatement - Error assigning value of type Comparable[] defined at statement Comparable<Object>[] comparableArray0 = (Comparable<Object>[]) Array.newInstance(Comparable.class, 3), assignment statement: comparableArray0[0] = (Comparable<Object>) comparableArray0; SUT=org.apache.commons.lang3.ArrayUtils
[MASTER] 05:18:04.959 [logback-2] ERROR AbstractStatement - Error assigning value of type Comparable[] defined at statement Comparable<Object>[] comparableArray0 = (Comparable<Object>[]) Array.newInstance(Comparable.class, 1), assignment statement: comparableArray0[0] = (Comparable<Object>) comparableArray0; SUT=org.apache.commons.lang3.ArrayUtils
[MASTER] 05:18:05.532 [logback-2] ERROR AbstractStatement - Error assigning value of type Comparable[] defined at statement Comparable<Object>[] comparableArray0 = (Comparable<Object>[]) Array.newInstance(Comparable.class, 7), assignment statement: comparableArray0[0] = (Comparable<Object>) comparableArray0; SUT=org.apache.commons.lang3.ArrayUtils
[MASTER] 05:18:05.996 [logback-2] ERROR AbstractStatement - Error assigning value of type Comparable[] defined at statement Comparable<Object>[] comparableArray0 = (Comparable<Object>[]) Array.newInstance(Comparable.class, 3), assignment statement: comparableArray0[0] = (Comparable<Object>) comparableArray0; SUT=org.apache.commons.lang3.ArrayUtils
[MASTER] 05:18:06.427 [logback-2] ERROR AbstractStatement - Error assigning value of type Comparable[] defined at statement Comparable<Object>[] comparableArray0 = (Comparable<Object>[]) Array.newInstance(Comparable.class, 1), assignment statement: comparableArray0[0] = (Comparable<Object>) comparableArray0; SUT=org.apache.commons.lang3.ArrayUtils
[MASTER] 05:18:06.687 [logback-2] ERROR AbstractStatement - Error assigning value of type Comparable[] defined at statement Comparable<Object>[] comparableArray0 = (Comparable<Object>[]) Array.newInstance(Comparable.class, 5), assignment statement: comparableArray0[0] = (Comparable<Object>) comparableArray0; SUT=org.apache.commons.lang3.ArrayUtils
[MASTER] 05:18:07.145 [logback-2] ERROR AbstractStatement - Error assigning value of type Comparable[] defined at statement Comparable<Object>[] comparableArray0 = (Comparable<Object>[]) Array.newInstance(Comparable.class, 1), assignment statement: comparableArray0[0] = (Comparable<Object>) comparableArray0; SUT=org.apache.commons.lang3.ArrayUtils
[MASTER] 05:18:07.479 [logback-2] ERROR AbstractStatement - Error assigning value of type Comparable[] defined at statement Comparable<Object>[] comparableArray0 = (Comparable<Object>[]) Array.newInstance(Comparable.class, 1), assignment statement: comparableArray0[0] = (Comparable<Object>) comparableArray0; SUT=org.apache.commons.lang3.ArrayUtils
[MASTER] 05:18:08.014 [logback-2] ERROR AbstractStatement - Error assigning value of type Comparable[] defined at statement Comparable<Object>[] comparableArray0 = (Comparable<Object>[]) Array.newInstance(Comparable.class, 8), assignment statement: comparableArray0[0] = (Comparable<Object>) comparableArray0; SUT=org.apache.commons.lang3.ArrayUtils
[MASTER] 05:18:10.478 [logback-2] ERROR AbstractStatement - Error assigning value of type Comparable[] defined at statement Comparable<Object>[] comparableArray0 = (Comparable<Object>[]) Array.newInstance(Comparable.class, 1), assignment statement: comparableArray0[0] = (Comparable<Object>) comparableArray0; SUT=org.apache.commons.lang3.ArrayUtils
[MASTER] 05:18:10.999 [logback-2] ERROR AbstractStatement - Error assigning value of type Comparable[] defined at statement Comparable<Object>[] comparableArray0 = (Comparable<Object>[]) Array.newInstance(Comparable.class, 3), assignment statement: comparableArray0[0] = (Comparable<Object>) comparableArray0; SUT=org.apache.commons.lang3.ArrayUtils
[MASTER] 05:18:11.696 [logback-2] ERROR AbstractStatement - Error assigning value of type Comparable[] defined at statement Comparable<Object>[] comparableArray0 = (Comparable<Object>[]) Array.newInstance(Comparable.class, 2), assignment statement: comparableArray0[0] = (Comparable<Object>) comparableArray0; SUT=org.apache.commons.lang3.ArrayUtils
[MASTER] 05:18:12.578 [logback-2] ERROR AbstractStatement - Error assigning value of type Comparable[] defined at statement Comparable<Object>[] comparableArray0 = (Comparable<Object>[]) Array.newInstance(Comparable.class, 9), assignment statement: comparableArray0[0] = (Comparable<Object>) comparableArray0; SUT=org.apache.commons.lang3.ArrayUtils
[MASTER] 05:18:12.785 [logback-2] ERROR AbstractStatement - Error assigning value of type Comparable[] defined at statement Comparable<Object>[] comparableArray0 = (Comparable<Object>[]) Array.newInstance(Comparable.class, 3), assignment statement: comparableArray0[0] = (Comparable<Object>) comparableArray0; SUT=org.apache.commons.lang3.ArrayUtils
[MASTER] 05:18:12.980 [logback-2] ERROR AbstractStatement - Error assigning value of type Comparable[] defined at statement Comparable<Object>[] comparableArray0 = (Comparable<Object>[]) Array.newInstance(Comparable.class, 7), assignment statement: comparableArray0[0] = (Comparable<Object>) comparableArray0; SUT=org.apache.commons.lang3.ArrayUtils
[MASTER] 05:18:13.007 [logback-2] ERROR AbstractStatement - Error assigning value of type Comparable[] defined at statement Comparable<Object>[] comparableArray0 = (Comparable<Object>[]) Array.newInstance(Comparable.class, 3), assignment statement: comparableArray0[0] = (Comparable<Object>) comparableArray0; SUT=org.apache.commons.lang3.ArrayUtils
[MASTER] 05:18:13.751 [logback-2] ERROR AbstractStatement - Error assigning value of type Comparable[] defined at statement Comparable<Object>[] comparableArray0 = (Comparable<Object>[]) Array.newInstance(Comparable.class, 6), assignment statement: comparableArray0[0] = (Comparable<Object>) comparableArray0; SUT=org.apache.commons.lang3.ArrayUtils
[MASTER] 05:18:14.653 [logback-2] ERROR AbstractStatement - Error assigning value of type Comparable[] defined at statement Comparable<Object>[] comparableArray0 = (Comparable<Object>[]) Array.newInstance(Comparable.class, 1), assignment statement: comparableArray0[0] = (Comparable<Object>) comparableArray0; SUT=org.apache.commons.lang3.ArrayUtils
[MASTER] 05:18:14.665 [logback-2] ERROR AbstractStatement - Error assigning value of type Comparable[] defined at statement Comparable<Object>[] comparableArray0 = (Comparable<Object>[]) Array.newInstance(Comparable.class, 9), assignment statement: comparableArray0[0] = (Comparable<Object>) comparableArray0; SUT=org.apache.commons.lang3.ArrayUtils
[MASTER] 05:18:15.272 [logback-2] ERROR AbstractStatement - Error assigning value of type Comparable[] defined at statement Comparable<Object>[] comparableArray0 = (Comparable<Object>[]) Array.newInstance(Comparable.class, 7), assignment statement: comparableArray0[0] = (Comparable<Object>) comparableArray0; SUT=org.apache.commons.lang3.ArrayUtils
* Search finished after 101s and 465 generations, 441709 statements, best individual has fitness: 3.0
* Minimizing test suite
* Going to analyze the coverage criteria
* Coverage analysis for criterion BRANCH
* Coverage of criterion BRANCH: 100%
* Total number of goals: 855
* Number of covered goals: 851
* Generated 353 tests with total length 751
* Resulting test suite's coverage: 100%
* Generating assertions
* Resulting test suite's mutation score: 71%
* Writing JUnit test case 'ArrayUtils_ESTest' to evosuite-branch
* Done!

* Computation finished
