* EvoSuite 1.0.6
* Going to generate test cases for class: org.apache.commons.lang3.text.ExtendedMessageFormat
* Starting client
* Connecting to master process on port 18557
* Analyzing classpath: 
  - /tmp/run_evosuite.pl_247272_1546777739/target/classes
* Finished analyzing classpath
* Generating tests for class org.apache.commons.lang3.text.ExtendedMessageFormat
* Test criterion:
  - Branch Coverage
* Setting up search algorithm for whole suite generation
* Total number of test goals: 136
* Using seed 5000
* Starting evolution
[MASTER] 04:29:08.544 [logback-2] ERROR TestCluster - Failed to check cache for java.time.temporal.TemporalQuery<R> : Type points to itself
[MASTER] 04:29:16.839 [logback-2] ERROR TestCluster - Failed to check cache for java.util.List<E> : Type points to itself
* Search finished after 101s and 2872 generations, 593730 statements, best individual has fitness: 52.1
* Minimizing test suite
* Going to analyze the coverage criteria
* Coverage analysis for criterion BRANCH
* Coverage of criterion BRANCH: 57%
* Total number of goals: 136
* Number of covered goals: 77
* Generated 16 tests with total length 46
* Resulting test suite's coverage: 57%
* Generating assertions
* Resulting test suite's mutation score: 7%
* Writing JUnit test case 'ExtendedMessageFormat_ESTest' to evosuite-branch
* Done!

* Computation finished
