* EvoSuite 1.0.6
* Going to generate test cases for class: org.apache.commons.lang3.RandomStringUtils
* Starting client
* Connecting to master process on port 18539
* Analyzing classpath: 
  - /tmp/run_evosuite.pl_17632_1545651527/target/classes
* Finished analyzing classpath
* Generating tests for class org.apache.commons.lang3.RandomStringUtils
* Test criterion:
  - Branch Coverage
* Setting up search algorithm for whole suite generation
* Total number of test goals: 63
* Using seed 2000
* Starting evolution
* Search finished after 101s and 136 generations, 41358 statements, best individual has fitness: 0.9999386691199019
* Minimizing test suite
* Going to analyze the coverage criteria
* Coverage analysis for criterion BRANCH
* Coverage of criterion BRANCH: 98%
* Total number of goals: 63
* Number of covered goals: 62
* Generated 16 tests with total length 22
* Resulting test suite's coverage: 98%
* Generating assertions
* Resulting test suite's mutation score: 35%
* Writing JUnit test case 'RandomStringUtils_ESTest' to evosuite-branch
* Done!

* Computation finished
