* EvoSuite 1.0.6
* Going to generate test cases for class: org.apache.commons.lang3.text.translate.NumericEntityUnescaper
* Starting client
* Connecting to master process on port 18539
* Analyzing classpath: 
  - /tmp/run_evosuite.pl_22391_1545653777/target/classes
* Finished analyzing classpath
* Generating tests for class org.apache.commons.lang3.text.translate.NumericEntityUnescaper
* Test criterion:
  - Branch Coverage
* Setting up search algorithm for whole suite generation
* Total number of test goals: 17
* Using seed 2000
* Starting evolution
* Search finished after 101s and 4779 generations, 1018055 statements, best individual has fitness: 4.0
* Minimizing test suite
* Going to analyze the coverage criteria
* Coverage analysis for criterion BRANCH
* Coverage of criterion BRANCH: 76%
* Total number of goals: 17
* Number of covered goals: 13
* Generated 4 tests with total length 27
* Resulting test suite's coverage: 76%
* Generating assertions
* Resulting test suite's mutation score: 20%
* Writing JUnit test case 'NumericEntityUnescaper_ESTest' to evosuite-branch
* Done!

* Computation finished
