* EvoSuite 1.0.6
* Going to generate test cases for class: org.apache.commons.lang.time.FastDateFormat
* Starting client
* Connecting to master process on port 14953
* Analyzing classpath: 
  - /tmp/run_evosuite.pl_199486_1545210948/target/classes
* Finished analyzing classpath
* Generating tests for class org.apache.commons.lang.time.FastDateFormat
* Test criterion:
  - Branch Coverage
* Setting up search algorithm for whole suite generation
* Total number of test goals: 448
* Using seed 1000
* Starting evolution
[MASTER] 01:15:57.783 [logback-2] ERROR TestCluster - Failed to check cache for java.time.temporal.TemporalQuery<R> : Type points to itself
[MASTER] 01:16:06.431 [logback-2] ERROR TestCluster - Failed to check cache for java.util.List<E> : Type points to itself
* Search finished after 101s and 1350 generations, 333093 statements, best individual has fitness: 51.34441718952393
* Minimizing test suite
* Going to analyze the coverage criteria
* Coverage analysis for criterion BRANCH
* Coverage of criterion BRANCH: 85%
* Total number of goals: 448
* Number of covered goals: 381
* Generated 73 tests with total length 277
* Resulting test suite's coverage: 85%
* Generating assertions
* Resulting test suite's mutation score: 20%
* Writing JUnit test case 'FastDateFormat_ESTest' to evosuite-branch
* Done!

* Computation finished
