* EvoSuite 1.0.6
* Going to generate test cases for class: org.apache.commons.lang3.time.FastDateFormat
* Starting client
* Connecting to master process on port 14953
* Analyzing classpath: 
  - /tmp/run_evosuite.pl_178113_1545205785/target/classes
* Finished analyzing classpath
* Generating tests for class org.apache.commons.lang3.time.FastDateFormat
* Test criterion:
  - Branch Coverage
* Setting up search algorithm for whole suite generation
* Total number of test goals: 374
* Using seed 1000
* Starting evolution
[MASTER] 23:49:54.000 [logback-2] ERROR TestCluster - Failed to check cache for java.util.List<E> : Type points to itself
* Search finished after 101s and 2057 generations, 557628 statements, best individual has fitness: 42.34405307947481
* Minimizing test suite
* Going to analyze the coverage criteria
* Coverage analysis for criterion BRANCH
* Coverage of criterion BRANCH: 77%
* Total number of goals: 374
* Number of covered goals: 287
* Generated 66 tests with total length 166
* Resulting test suite's coverage: 86%
* Generating assertions
* Resulting test suite's mutation score: 15%
* Writing JUnit test case 'FastDateFormat_ESTest' to evosuite-branch
* Done!

* Computation finished
