* EvoSuite 1.0.6
* Going to generate test cases for class: org.apache.commons.lang3.time.DateUtils
* Starting client
* Connecting to master process on port 19758
* Analyzing classpath: 
  - /tmp/run_evosuite.pl_10361_1546692429/target/classes
* Finished analyzing classpath
* Generating tests for class org.apache.commons.lang3.time.DateUtils
* Test criterion:
  - Branch Coverage
* Setting up search algorithm for whole suite generation
* Total number of test goals: 314
* Using seed 4000
* Starting evolution
[MASTER] 04:48:49.605 [logback-2] ERROR TestCluster - Failed to check cache for java.util.List<E> : Type points to itself
* Search finished after 101s and 2150 generations, 482257 statements, best individual has fitness: 5.333333333333333
* Minimizing test suite
* Going to analyze the coverage criteria
* Coverage analysis for criterion BRANCH
* Coverage of criterion BRANCH: 97%
* Total number of goals: 314
* Number of covered goals: 304
* Generated 111 tests with total length 286
* Resulting test suite's coverage: 97%
* Generating assertions
* Resulting test suite's mutation score: 40%
* Writing JUnit test case 'DateUtils_ESTest' to evosuite-branch
* Done!

* Computation finished
