* EvoSuite 1.0.6
* Going to generate test cases for class: org.apache.commons.lang.ClassUtils
* Starting client
* Connecting to master process on port 14953
* Analyzing classpath: 
  - /tmp/run_evosuite.pl_108082_1545175216/target/classes
* Finished analyzing classpath
* Generating tests for class org.apache.commons.lang.ClassUtils
* Test criterion:
  - Branch Coverage
* Setting up search algorithm for whole suite generation
* Total number of test goals: 229
* Using seed 1000
* Starting evolution
* Search finished after 101s and 2092 generations, 623828 statements, best individual has fitness: 17.749999840123017
* Minimizing test suite
* Going to analyze the coverage criteria
* Coverage analysis for criterion BRANCH
* Coverage of criterion BRANCH: 89%
* Total number of goals: 229
* Number of covered goals: 204
* Generated 76 tests with total length 161
* Resulting test suite's coverage: 89%
* Generating assertions
* Resulting test suite's mutation score: 61%
* Writing JUnit test case 'ClassUtils_ESTest' to evosuite-branch
* Done!

* Computation finished
