* EvoSuite 1.0.6
* Going to generate test cases for class: org.apache.commons.lang3.StringUtils
* Starting client
* Connecting to master process on port 14953
* Analyzing classpath: 
  - /tmp/run_evosuite.pl_126705_1545183335/target/classes
* Finished analyzing classpath
* Generating tests for class org.apache.commons.lang3.StringUtils
* Test criterion:
  - Branch Coverage
* Setting up search algorithm for whole suite generation
* Total number of test goals: 1044
* Using seed 1000
* Starting evolution
[MASTER] 17:35:44.456 [logback-2] ERROR TestCluster - Failed to check cache for java.util.Comparator<T> : Type points to itself
[MASTER] 17:35:45.051 [logback-2] ERROR TestCluster - Failed to check cache for java.util.function.Function<T, R> : Type points to itself
* Search finished after 101s and 419 generations, 334724 statements, best individual has fitness: 28.436231884057968
* Minimizing test suite
* Going to analyze the coverage criteria
* Coverage analysis for criterion BRANCH
* Coverage of criterion BRANCH: 96%
* Total number of goals: 1044
* Number of covered goals: 1007
* Generated 402 tests with total length 522
* Resulting test suite's coverage: 96%
* Generating assertions
* Resulting test suite's mutation score: 61%
* Writing JUnit test case 'StringUtils_ESTest' to evosuite-branch
* Done!

* Computation finished
