* EvoSuite 1.0.6
* Going to generate test cases for class: org.apache.commons.lang3.time.FastDatePrinter
* Starting client
* Connecting to master process on port 18557
* Analyzing classpath: 
  - /tmp/run_evosuite.pl_242853_1546775741/target/classes
* Finished analyzing classpath
* Generating tests for class org.apache.commons.lang3.time.FastDatePrinter
* Test criterion:
  - Branch Coverage
* Setting up search algorithm for whole suite generation
* Total number of test goals: 354
* Using seed 5000
* Starting evolution
[MASTER] 03:56:09.167 [logback-2] ERROR TestCluster - Failed to check cache for java.util.List<E> : Type points to itself
* Search finished after 102s and 1801 generations, 470317 statements, best individual has fitness: 46.71767300347742
* Minimizing test suite
* Going to analyze the coverage criteria
* Coverage analysis for criterion BRANCH
* Coverage of criterion BRANCH: 83%
* Total number of goals: 354
* Number of covered goals: 293
* Generated 62 tests with total length 246
* Resulting test suite's coverage: 83%
* Generating assertions
* Resulting test suite's mutation score: 25%
* Writing JUnit test case 'FastDatePrinter_ESTest' to evosuite-branch
* Done!

* Computation finished
