* EvoSuite 1.0.6
* Going to generate test cases for class: org.apache.commons.lang.time.FastDateFormat
* Starting client
* Connecting to master process on port 14953
* Analyzing classpath: 
  - /tmp/run_evosuite.pl_170173_1545202362/target/classes
* Finished analyzing classpath
* Generating tests for class org.apache.commons.lang.time.FastDateFormat
* Test criterion:
  - Branch Coverage
* Setting up search algorithm for whole suite generation
* Total number of test goals: 448
* Using seed 1000
* Starting evolution
[MASTER] 22:52:51.715 [logback-2] ERROR TestCluster - Failed to check cache for java.time.temporal.TemporalQuery<R> : Type points to itself
[MASTER] 22:52:59.701 [logback-2] ERROR TestCluster - Failed to check cache for java.util.List<E> : Type points to itself
* Search finished after 101s and 1390 generations, 323148 statements, best individual has fitness: 52.29441718952393
* Minimizing test suite
* Going to analyze the coverage criteria
* Coverage analysis for criterion BRANCH
* Coverage of criterion BRANCH: 84%
* Total number of goals: 448
* Number of covered goals: 377
* Generated 67 tests with total length 246
* Resulting test suite's coverage: 85%
* Generating assertions
* Resulting test suite's mutation score: 18%
* Writing JUnit test case 'FastDateFormat_ESTest' to evosuite-branch
* Done!

* Computation finished
