* EvoSuite 1.0.6
* Going to generate test cases for class: org.apache.commons.lang.math.NumberUtils
* Starting client
* Connecting to master process on port 14953
* Analyzing classpath: 
  - /tmp/run_evosuite.pl_132306_1545185807/target/classes
* Finished analyzing classpath
* Generating tests for class org.apache.commons.lang.math.NumberUtils
* Test criterion:
  - Branch Coverage
* Setting up search algorithm for whole suite generation
* Total number of test goals: 441
* Using seed 1000
* Starting evolution
* Search finished after 101s and 2056 generations, 615138 statements, best individual has fitness: 17.166666666149265
* Minimizing test suite
* Going to analyze the coverage criteria
* Coverage analysis for criterion BRANCH
* Coverage of criterion BRANCH: 94%
* Total number of goals: 441
* Number of covered goals: 414
* Generated 157 tests with total length 255
* Resulting test suite's coverage: 94%
* Generating assertions
* Resulting test suite's mutation score: 62%
* Writing JUnit test case 'NumberUtils_ESTest' to evosuite-branch
* Done!

* Computation finished
