* EvoSuite 1.0.6
* Going to generate test cases for class: org.apache.commons.lang3.StringUtils
* Starting client
* Connecting to master process on port 14953
* Analyzing classpath: 
  - /tmp/run_evosuite.pl_178702_1545206159/target/classes
* Finished analyzing classpath
* Generating tests for class org.apache.commons.lang3.StringUtils
* Test criterion:
  - Branch Coverage
* Setting up search algorithm for whole suite generation
* Total number of test goals: 1183
* Using seed 1000
* Starting evolution
[MASTER] 23:56:09.063 [logback-2] ERROR TestCluster - Failed to check cache for java.util.Comparator<T> : Type points to itself
* Search finished after 102s and 381 generations, 332075 statements, best individual has fitness: 58.77316502458136
* Minimizing test suite
[MASTER] 23:57:51.675 [logback-2] ERROR TestCluster - Failed to check cache for java.util.Iterator<E> : Type points to itself
* Going to analyze the coverage criteria
* Coverage analysis for criterion BRANCH
* Coverage of criterion BRANCH: 94%
* Total number of goals: 1183
* Number of covered goals: 1113
* Generated 434 tests with total length 632
* Resulting test suite's coverage: 94%
* Generating assertions
* Resulting test suite's mutation score: 55%
* Writing JUnit test case 'StringUtils_ESTest' to evosuite-branch
* Done!

* Computation finished
