* EvoSuite 1.0.6
* Going to generate test cases for class: org.apache.commons.lang3.StringUtils
* Starting client
* Connecting to master process on port 18539
* Analyzing classpath: 
  - /tmp/run_evosuite.pl_25693_1545655291/target/classes
* Finished analyzing classpath
* Generating tests for class org.apache.commons.lang3.StringUtils
* Test criterion:
  - Branch Coverage
* Setting up search algorithm for whole suite generation
* Total number of test goals: 1044
* Using seed 2000
* Starting evolution
[MASTER] 04:41:40.504 [logback-2] ERROR TestCluster - Failed to check cache for java.util.Comparator<T> : Type points to itself
* Search finished after 102s and 438 generations, 335361 statements, best individual has fitness: 27.102898550724635
* Minimizing test suite
[MASTER] 04:43:21.886 [logback-2] ERROR TestCluster - Failed to check cache for java.util.function.Predicate<T> : Type points to itself
* Going to analyze the coverage criteria
* Coverage analysis for criterion BRANCH
* Coverage of criterion BRANCH: 96%
* Total number of goals: 1044
* Number of covered goals: 1006
* Generated 408 tests with total length 515
* Resulting test suite's coverage: 96%
* Generating assertions
* Resulting test suite's mutation score: 61%
* Writing JUnit test case 'StringUtils_ESTest' to evosuite-branch
* Done!

* Computation finished
