* EvoSuite 1.0.6
* Going to generate test cases for class: org.apache.commons.lang3.time.FastDateFormat
* Starting client
* Connecting to master process on port 19758
* Analyzing classpath: 
  - /tmp/run_evosuite.pl_11860_1546692944/target/classes
* Finished analyzing classpath
* Generating tests for class org.apache.commons.lang3.time.FastDateFormat
* Test criterion:
  - Branch Coverage
* Setting up search algorithm for whole suite generation
* Total number of test goals: 444
* Using seed 4000
* Starting evolution
[MASTER] 04:56:02.814 [logback-2] ERROR TestCluster - Failed to check cache for java.util.List<E> : Type points to itself
[MASTER] 04:56:48.599 [logback-2] ERROR AbstractStatement - Error assigning value of type TemporalQuery[] defined at statement TemporalQuery<Long>[] temporalQueryArray0 = (TemporalQuery<Long>[]) Array.newInstance(TemporalQuery.class, 9), assignment statement: temporalQueryArray0[0] = (TemporalQuery<Long>) temporalQueryArray0; SUT=org.apache.commons.lang3.time.FastDateFormat
* Search finished after 101s and 1808 generations, 394156 statements, best individual has fitness: 51.33010078453855
* Minimizing test suite
* Going to analyze the coverage criteria
* Coverage analysis for criterion BRANCH
* Coverage of criterion BRANCH: 85%
* Total number of goals: 444
* Number of covered goals: 376
* Generated 64 tests with total length 173
* Resulting test suite's coverage: 85%
* Generating assertions
* Resulting test suite's mutation score: 19%
* Writing JUnit test case 'FastDateFormat_ESTest' to evosuite-branch
* Done!

* Computation finished
