* EvoSuite 1.0.6
* Going to generate test cases for class: org.apache.commons.lang.StringUtils
* Starting client
* Connecting to master process on port 14953
* Analyzing classpath: 
  - /tmp/run_evosuite.pl_127004_1545183543/target/classes
* Finished analyzing classpath
* Generating tests for class org.apache.commons.lang.StringUtils
* Test criterion:
  - Branch Coverage
* Setting up search algorithm for whole suite generation
* Total number of test goals: 1036
* Using seed 1000
* Starting evolution
[MASTER] 17:39:12.548 [logback-2] ERROR TestCluster - Failed to check cache for java.util.function.Function<T, R> : Type points to itself
[MASTER] 17:39:13.065 [logback-2] ERROR TestCluster - Failed to check cache for java.util.Iterator<E> : Type points to itself
* Search finished after 101s and 402 generations, 357234 statements, best individual has fitness: 16.93623188405797
* Minimizing test suite
* Going to analyze the coverage criteria
* Coverage analysis for criterion BRANCH
* Coverage of criterion BRANCH: 98%
* Total number of goals: 1036
* Number of covered goals: 1013
* Generated 400 tests with total length 550
* Resulting test suite's coverage: 98%
* Generating assertions
* Resulting test suite's mutation score: 61%
* Writing JUnit test case 'StringUtils_ESTest' to evosuite-branch
* Done!

* Computation finished
