* EvoSuite 1.0.6
* Going to generate test cases for class: org.apache.commons.lang3.text.ExtendedMessageFormat
* Starting client
* Connecting to master process on port 18539
* Analyzing classpath: 
  - /tmp/run_evosuite.pl_20891_1545653202/target/classes
* Finished analyzing classpath
* Generating tests for class org.apache.commons.lang3.text.ExtendedMessageFormat
* Test criterion:
  - Branch Coverage
* Setting up search algorithm for whole suite generation
* Total number of test goals: 136
* Using seed 2000
* Starting evolution
[MASTER] 04:06:50.648 [logback-2] ERROR TestCluster - Failed to check cache for java.time.temporal.TemporalQuery<R> : Type points to itself
[MASTER] 04:06:53.025 [logback-2] ERROR AbstractStatement - Error assigning value of type TemporalQuery[] defined at statement TemporalQuery<FormatFactory>[] temporalQueryArray0 = (TemporalQuery<FormatFactory>[]) Array.newInstance(TemporalQuery.class, 2), assignment statement: temporalQueryArray0[0] = (TemporalQuery<FormatFactory>) temporalQueryArray0; SUT=org.apache.commons.lang3.text.ExtendedMessageFormat
[MASTER] 04:07:04.325 [logback-2] ERROR TestCluster - Failed to check cache for java.util.List<E> : Type points to itself
[MASTER] 04:07:14.148 [logback-2] ERROR AbstractStatement - Error assigning value of type TemporalQuery[] defined at statement TemporalQuery<Locale>[] temporalQueryArray0 = (TemporalQuery<Locale>[]) Array.newInstance(TemporalQuery.class, 7), assignment statement: temporalQueryArray0[0] = (TemporalQuery<Locale>) temporalQueryArray0; SUT=org.apache.commons.lang3.text.ExtendedMessageFormat
[MASTER] 04:07:50.027 [logback-2] ERROR AbstractStatement - Error assigning value of type TemporalQuery[] defined at statement TemporalQuery<Object>[] temporalQueryArray0 = (TemporalQuery<Object>[]) Array.newInstance(TemporalQuery.class, 6), assignment statement: temporalQueryArray0[0] = (TemporalQuery<Object>) temporalQueryArray0; SUT=org.apache.commons.lang3.text.ExtendedMessageFormat
* Search finished after 101s and 2926 generations, 641433 statements, best individual has fitness: 44.66666666666667
* Minimizing test suite
* Going to analyze the coverage criteria
* Coverage analysis for criterion BRANCH
* Coverage of criterion BRANCH: 61%
* Total number of goals: 136
* Number of covered goals: 83
* Generated 17 tests with total length 49
* Resulting test suite's coverage: 61%
* Generating assertions
* Resulting test suite's mutation score: 18%
* Writing JUnit test case 'ExtendedMessageFormat_ESTest' to evosuite-branch
* Done!

* Computation finished
