* EvoSuite 1.0.6
* Going to generate test cases for class: org.apache.commons.lang3.math.NumberUtils
* Starting client
* Connecting to master process on port 18539
* Analyzing classpath: 
  - /tmp/run_evosuite.pl_14400_1545650439/target/classes
* Finished analyzing classpath
* Generating tests for class org.apache.commons.lang3.math.NumberUtils
* Test criterion:
  - Branch Coverage
* Setting up search algorithm for whole suite generation
* Total number of test goals: 371
* Using seed 2000
* Starting evolution
* Search finished after 101s and 1975 generations, 399434 statements, best individual has fitness: 8.49999952223198
* Minimizing test suite
* Going to analyze the coverage criteria
* Coverage analysis for criterion BRANCH
* Coverage of criterion BRANCH: 95%
* Total number of goals: 371
* Number of covered goals: 354
* Generated 119 tests with total length 156
* Resulting test suite's coverage: 96%
* Generating assertions
* Resulting test suite's mutation score: 56%
* Writing JUnit test case 'NumberUtils_ESTest' to evosuite-branch
* Done!

* Computation finished
