* EvoSuite 1.0.6
* Going to generate test cases for class: org.apache.commons.lang3.StringUtils
* Starting client
* Connecting to master process on port 18539
* Analyzing classpath: 
  - /tmp/run_evosuite.pl_23292_1545654161/target/classes
* Finished analyzing classpath
* Generating tests for class org.apache.commons.lang3.StringUtils
* Test criterion:
  - Branch Coverage
* Setting up search algorithm for whole suite generation
* Total number of test goals: 1094
* Using seed 2000
* Starting evolution
[MASTER] 04:22:50.476 [logback-2] ERROR TestCluster - Failed to check cache for java.util.Iterator<E> : Type points to itself
[MASTER] 04:22:50.737 [logback-2] ERROR TestCluster - Failed to check cache for java.util.Comparator<T> : Type points to itself
[MASTER] 04:23:41.271 [logback-2] ERROR TestCluster - Failed to check cache for java.util.List<E> : Type points to itself
* Search finished after 101s and 383 generations, 331660 statements, best individual has fitness: 35.60223775173832
* Minimizing test suite
* Going to analyze the coverage criteria
* Coverage analysis for criterion BRANCH
* Coverage of criterion BRANCH: 96%
* Total number of goals: 1094
* Number of covered goals: 1046
* Generated 411 tests with total length 532
* Resulting test suite's coverage: 96%
* Generating assertions
* Resulting test suite's mutation score: 56%
* Writing JUnit test case 'StringUtils_ESTest' to evosuite-branch
* Done!

* Computation finished
