* EvoSuite 1.0.6
* Going to generate test cases for class: org.apache.commons.lang.NumberUtils
* Starting client
* Connecting to master process on port 14953
* Analyzing classpath: 
  - /tmp/run_evosuite.pl_192259_1545209452/target/classes
* Finished analyzing classpath
* Generating tests for class org.apache.commons.lang.NumberUtils
* Test criterion:
  - Branch Coverage
* Setting up search algorithm for whole suite generation
* Total number of test goals: 239
* Using seed 1000
* Starting evolution
* Search finished after 101s and 1994 generations, 333146 statements, best individual has fitness: 13.0
* Minimizing test suite
* Going to analyze the coverage criteria
* Coverage analysis for criterion BRANCH
* Coverage of criterion BRANCH: 91%
* Total number of goals: 239
* Number of covered goals: 217
* Generated 71 tests with total length 71
* Resulting test suite's coverage: 91%
* Generating assertions
* Resulting test suite's mutation score: 62%
* Writing JUnit test case 'NumberUtils_ESTest' to evosuite-branch
* Done!

* Computation finished
