* EvoSuite 1.0.6
* Going to generate test cases for class: org.apache.commons.lang3.text.translate.CharSequenceTranslator
* Starting client
* Connecting to master process on port 14953
* Analyzing classpath: 
  - /tmp/run_evosuite.pl_1488_1545126217/target/classes
* Finished analyzing classpath
* Generating tests for class org.apache.commons.lang3.text.translate.CharSequenceTranslator
* Test criterion:
  - Branch Coverage
* Setting up search algorithm for whole suite generation
* Total number of test goals: 15
* Using seed 1000
* Starting evolution
* Search finished after 1s and 1 generations, 4748 statements, best individual has fitness: 0.0
* Minimizing test suite
* Going to analyze the coverage criteria
* Coverage analysis for criterion BRANCH
* Coverage of criterion BRANCH: 100%
* Total number of goals: 15
* Number of covered goals: 15
* Generated 6 tests with total length 22
* Resulting test suite's coverage: 100%
* Generating assertions
* Resulting test suite's mutation score: 74%
* Writing JUnit test case 'CharSequenceTranslator_ESTest' to evosuite-branch
* Done!

* Computation finished
