* EvoSuite 1.0.6
* Going to generate test cases for class: org.apache.commons.lang.time.FastDateFormat
* Starting client
* Connecting to master process on port 2830
* Analyzing classpath: 
  - /tmp/run_evosuite.pl_87746_1546626905/target/classes
* Finished analyzing classpath
* Generating tests for class org.apache.commons.lang.time.FastDateFormat
* Test criterion:
  - Branch Coverage
* Setting up search algorithm for whole suite generation
* Total number of test goals: 448
* Using seed 3000
* Starting evolution
[MASTER] 10:35:46.684 [logback-2] ERROR TestCluster - Failed to check cache for java.util.List<E> : Type points to itself
[MASTER] 10:36:10.036 [logback-1] WARN  TestChromosome - Functional mock problem: org.evosuite.ga.ConstructionFailedException: Have no generator for class org.evosuite.runtime.mock.java.util.MockCalendar canUseFunctionalMocks=true, canBeMocked: false
* Search finished after 102s and 1635 generations, 339012 statements, best individual has fitness: 50.34441718952393
* Minimizing test suite
* Going to analyze the coverage criteria
* Coverage analysis for criterion BRANCH
* Coverage of criterion BRANCH: 85%
* Total number of goals: 448
* Number of covered goals: 381
* Generated 71 tests with total length 234
* Resulting test suite's coverage: 86%
* Generating assertions
* Resulting test suite's mutation score: 23%
* Writing JUnit test case 'FastDateFormat_ESTest' to evosuite-branch
* Done!

* Computation finished
