* EvoSuite 1.0.6
* Going to generate test cases for class: org.apache.commons.lang.math.NumberUtils
* Starting client
* Connecting to master process on port 2830
* Analyzing classpath: 
  - /tmp/run_evosuite.pl_88333_1546627240/target/classes
* Finished analyzing classpath
* Generating tests for class org.apache.commons.lang.math.NumberUtils
* Test criterion:
  - Branch Coverage
* Setting up search algorithm for whole suite generation
* Total number of test goals: 441
* Using seed 3000
* Starting evolution
* Search finished after 101s and 1805 generations, 565980 statements, best individual has fitness: 18.999999999068013
* Minimizing test suite
* Going to analyze the coverage criteria
* Coverage analysis for criterion BRANCH
* Coverage of criterion BRANCH: 94%
* Total number of goals: 441
* Number of covered goals: 415
* Generated 160 tests with total length 255
* Resulting test suite's coverage: 94%
* Generating assertions
* Resulting test suite's mutation score: 60%
* Writing JUnit test case 'NumberUtils_ESTest' to evosuite-branch
* Done!

* Computation finished
