* EvoSuite 1.0.6
* Going to generate test cases for class: org.apache.commons.lang3.SystemUtils
* Starting client
* Connecting to master process on port 19758
* Analyzing classpath: 
  - /tmp/run_evosuite.pl_12759_1546693383/target/classes
* Finished analyzing classpath
* Generating tests for class org.apache.commons.lang3.SystemUtils
* Test criterion:
  - Branch Coverage
* Setting up search algorithm for whole suite generation
* Total number of test goals: 64
* Using seed 4000
* Starting evolution
* Search finished after 102s and 4333 generations, 1819359 statements, best individual has fitness: 16.5
* Minimizing test suite
* Going to analyze the coverage criteria
* Coverage analysis for criterion BRANCH
* Coverage of criterion BRANCH: 73%
* Total number of goals: 64
* Number of covered goals: 47
* Generated 25 tests with total length 25
* Resulting test suite's coverage: 73%
* Generating assertions
* Resulting test suite's mutation score: 34%
* Writing JUnit test case 'SystemUtils_ESTest' to evosuite-branch
* Done!

* Computation finished
