* EvoSuite 1.0.6
* Going to generate test cases for class: org.apache.commons.lang3.text.ExtendedMessageFormat
* Starting client
* Connecting to master process on port 19758
* Analyzing classpath: 
  - /tmp/run_evosuite.pl_10960_1546692708/target/classes
* Finished analyzing classpath
* Generating tests for class org.apache.commons.lang3.text.ExtendedMessageFormat
* Test criterion:
  - Branch Coverage
* Setting up search algorithm for whole suite generation
* Total number of test goals: 136
* Using seed 4000
* Starting evolution
[MASTER] 04:51:56.817 [logback-2] ERROR TestCluster - Failed to check cache for java.util.List<E> : Type points to itself
[MASTER] 04:51:57.175 [logback-2] ERROR TestCluster - Failed to check cache for java.time.temporal.TemporalQuery<R> : Type points to itself
[MASTER] 04:53:15.554 [logback-1] WARN  TestChromosome - Functional mock problem: org.evosuite.ga.ConstructionFailedException: Max recursion depth reached
* Search finished after 101s and 2951 generations, 531510 statements, best individual has fitness: 29.666666666666664
* Minimizing test suite
* Going to analyze the coverage criteria
* Coverage analysis for criterion BRANCH
* Coverage of criterion BRANCH: 71%
* Total number of goals: 136
* Number of covered goals: 97
* Generated 17 tests with total length 49
* Resulting test suite's coverage: 71%
* Generating assertions
* Resulting test suite's mutation score: 33%
* Permissions denied during test execution: 
  - java.lang.RuntimePermission: 
         writeFileDescriptor: 1
* Writing JUnit test case 'ExtendedMessageFormat_ESTest' to evosuite-branch
* Done!

* Computation finished
