* EvoSuite 1.0.6
* Going to generate test cases for class: org.apache.commons.lang3.LocaleUtils
* Starting client
* Connecting to master process on port 18539
* Analyzing classpath: 
  - /tmp/run_evosuite.pl_15575_1545650735/target/classes
* Finished analyzing classpath
* Generating tests for class org.apache.commons.lang3.LocaleUtils
* Test criterion:
  - Branch Coverage
* Setting up search algorithm for whole suite generation
* Total number of test goals: 79
* Using seed 2000
* Starting evolution
[MASTER] 03:25:42.637 [logback-2] ERROR TestCluster - Failed to check cache for java.util.LinkedList<E> : Type points to itself
[MASTER] 03:25:51.372 [logback-2] ERROR TestCluster - Failed to check cache for java.util.List<E> : Type points to itself
* Search finished after 72s and 2367 generations, 277630 statements, best individual has fitness: 0.0
* Minimizing test suite
* Going to analyze the coverage criteria
* Coverage analysis for criterion BRANCH
* Coverage of criterion BRANCH: 90%
* Total number of goals: 79
* Number of covered goals: 71
* Generated 33 tests with total length 46
* Resulting test suite's coverage: 100%
* Generating assertions
* Resulting test suite's mutation score: 41%
* Writing JUnit test case 'LocaleUtils_ESTest' to evosuite-branch
* Done!

* Computation finished
