* EvoSuite 1.0.6
* Going to generate test cases for class: org.apache.commons.lang.text.StrBuilder
* Starting client
* Connecting to master process on port 14953
* Analyzing classpath: 
  - /tmp/run_evosuite.pl_13664_1545131914/target/classes
* Finished analyzing classpath
* Generating tests for class org.apache.commons.lang.text.StrBuilder
* Test criterion:
  - Branch Coverage
* Setting up search algorithm for whole suite generation
* Total number of test goals: 564
* Using seed 1000
* Starting evolution
* Search finished after 101s and 911 generations, 424500 statements, best individual has fitness: 0.6666666666666666
* Minimizing test suite
* Going to analyze the coverage criteria
* Coverage analysis for criterion BRANCH
* Coverage of criterion BRANCH: 100%
* Total number of goals: 564
* Number of covered goals: 563
* Generated 237 tests with total length 681
* Resulting test suite's coverage: 100%
* Generating assertions
* Resulting test suite's mutation score: 37%
* Writing JUnit test case 'StrBuilder_ESTest' to evosuite-branch
* Done!

* Computation finished
