* EvoSuite 1.0.6
* Going to generate test cases for class: org.apache.commons.lang3.ClassUtils
* Starting client
* Connecting to master process on port 14953
* Analyzing classpath: 
  - /tmp/run_evosuite.pl_163359_1545199259/target/classes
* Finished analyzing classpath
* Generating tests for class org.apache.commons.lang3.ClassUtils
* Test criterion:
  - Branch Coverage
* Setting up search algorithm for whole suite generation
* Total number of test goals: 231
* Using seed 1000
* Starting evolution
* Search finished after 101s and 2474 generations, 579214 statements, best individual has fitness: 12.5
* Minimizing test suite
* Going to analyze the coverage criteria
* Coverage analysis for criterion BRANCH
* Coverage of criterion BRANCH: 93%
* Total number of goals: 231
* Number of covered goals: 215
* Generated 85 tests with total length 170
* Resulting test suite's coverage: 93%
* Generating assertions
* Resulting test suite's mutation score: 64%
* Writing JUnit test case 'ClassUtils_ESTest' to evosuite-branch
* Done!

* Computation finished
