* EvoSuite 1.0.6
* Going to generate test cases for class: org.apache.commons.lang.LocaleUtils
* Starting client
* Connecting to master process on port 14953
* Analyzing classpath: 
  - /tmp/run_evosuite.pl_199781_1545211160/target/classes
* Finished analyzing classpath
* Generating tests for class org.apache.commons.lang.LocaleUtils
* Test criterion:
  - Branch Coverage
* Setting up search algorithm for whole suite generation
* Total number of test goals: 71
* Using seed 1000
* Starting evolution
[MASTER] 01:19:27.509 [logback-2] ERROR TestCluster - Failed to check cache for java.util.LinkedList<E> : Type points to itself
[MASTER] 01:19:28.064 [logback-2] ERROR TestCluster - Failed to check cache for java.util.function.Function<T, R> : Type points to itself
[MASTER] 01:20:14.098 [logback-2] ERROR TestCluster - Failed to check cache for java.util.List<E> : Type points to itself
* Search finished after 50s and 1773 generations, 194207 statements, best individual has fitness: 0.0
* Minimizing test suite
* Going to analyze the coverage criteria
* Coverage analysis for criterion BRANCH
* Coverage of criterion BRANCH: 97%
* Total number of goals: 71
* Number of covered goals: 69
* Generated 20 tests with total length 107
* Resulting test suite's coverage: 100%
* Generating assertions
* Resulting test suite's mutation score: 29%
* Writing JUnit test case 'LocaleUtils_ESTest' to evosuite-branch
* Done!

* Computation finished
