* EvoSuite 1.0.6
* Going to generate test cases for class: org.apache.commons.lang.text.StrBuilder
* Starting client
* Connecting to master process on port 18557
* Analyzing classpath: 
  - /tmp/run_evosuite.pl_257965_1546782413/target/classes
* Finished analyzing classpath
* Generating tests for class org.apache.commons.lang.text.StrBuilder
* Test criterion:
  - Branch Coverage
* Setting up search algorithm for whole suite generation
* Total number of test goals: 517
* Using seed 5000
* Starting evolution
* Search finished after 102s and 933 generations, 418121 statements, best individual has fitness: 0.75
* Minimizing test suite
* Going to analyze the coverage criteria
* Coverage analysis for criterion BRANCH
* Coverage of criterion BRANCH: 100%
* Total number of goals: 517
* Number of covered goals: 516
* Generated 225 tests with total length 618
* Resulting test suite's coverage: 100%
* Generating assertions
* Resulting test suite's mutation score: 37%
* Writing JUnit test case 'StrBuilder_ESTest' to evosuite-branch
* Done!

* Computation finished
