* EvoSuite 1.0.6
* Going to generate test cases for class: org.apache.commons.lang3.StringUtils
* Starting client
* Connecting to master process on port 14953
* Analyzing classpath: 
  - /tmp/run_evosuite.pl_138477_1545188227/target/classes
* Finished analyzing classpath
* Generating tests for class org.apache.commons.lang3.StringUtils
* Test criterion:
  - Branch Coverage
* Setting up search algorithm for whole suite generation
* Total number of test goals: 1184
* Using seed 1000
* Starting evolution
* Search finished after 101s and 317 generations, 283631 statements, best individual has fitness: 50.281209235646195
* Minimizing test suite
[MASTER] 18:59:00.419 [logback-2] ERROR TestCluster - Failed to check cache for java.util.Comparator<T> : Type points to itself
[MASTER] 18:59:02.592 [logback-2] ERROR TestCluster - Failed to check cache for java.util.Iterator<E> : Type points to itself
* Going to analyze the coverage criteria
* Coverage analysis for criterion BRANCH
* Coverage of criterion BRANCH: 95%
* Total number of goals: 1184
* Number of covered goals: 1123
* Generated 444 tests with total length 626
* Resulting test suite's coverage: 95%
* Generating assertions
* Resulting test suite's mutation score: 57%
* Writing JUnit test case 'StringUtils_ESTest' to evosuite-branch
* Done!

* Computation finished
