* EvoSuite 1.0.6
* Going to generate test cases for class: org.apache.commons.lang3.RandomStringUtils
* Starting client
* Connecting to master process on port 14953
* Analyzing classpath: 
  - /tmp/run_evosuite.pl_118371_1545179516/target/classes
* Finished analyzing classpath
* Generating tests for class org.apache.commons.lang3.RandomStringUtils
* Test criterion:
  - Branch Coverage
* Setting up search algorithm for whole suite generation
* Total number of test goals: 65
* Using seed 1000
* Starting evolution
* Search finished after 101s and 277 generations, 130368 statements, best individual has fitness: 2.9997760358342664
* Minimizing test suite
* Going to analyze the coverage criteria
* Coverage analysis for criterion BRANCH
* Coverage of criterion BRANCH: 95%
* Total number of goals: 65
* Number of covered goals: 62
* Generated 18 tests with total length 33
* Resulting test suite's coverage: 95%
* Generating assertions
* Resulting test suite's mutation score: 43%
* Writing JUnit test case 'RandomStringUtils_ESTest' to evosuite-branch
* Done!

* Computation finished
