* EvoSuite 1.0.6
* Going to generate test cases for class: org.apache.commons.lang3.text.translate.NumericEntityUnescaper
* Starting client
* Connecting to master process on port 14953
* Analyzing classpath: 
  - /tmp/run_evosuite.pl_5318_1545128027/target/classes
* Finished analyzing classpath
* Generating tests for class org.apache.commons.lang3.text.translate.NumericEntityUnescaper
* Test criterion:
  - Branch Coverage
* Setting up search algorithm for whole suite generation
* Total number of test goals: 39
* Using seed 1000
* Starting evolution
* Search finished after 101s and 3766 generations, 1418926 statements, best individual has fitness: 1.499984718359363
* Minimizing test suite
* Going to analyze the coverage criteria
* Coverage analysis for criterion BRANCH
* Coverage of criterion BRANCH: 95%
* Total number of goals: 39
* Number of covered goals: 37
* Generated 10 tests with total length 67
* Resulting test suite's coverage: 95%
* Generating assertions
* Resulting test suite's mutation score: 54%
* Writing JUnit test case 'NumericEntityUnescaper_ESTest' to evosuite-branch
* Done!

* Computation finished
