* EvoSuite 1.0.6
* Going to generate test cases for class: org.apache.commons.lang3.time.FastDateParser
* Starting client
* Connecting to master process on port 14953
* Analyzing classpath: 
  - /tmp/run_evosuite.pl_118078_1545179397/target/classes
* Finished analyzing classpath
* Generating tests for class org.apache.commons.lang3.time.FastDateParser
* Test criterion:
  - Branch Coverage
* Setting up search algorithm for whole suite generation
* Total number of test goals: 351
* Using seed 1000
* Starting evolution
[MASTER] 16:30:05.747 [logback-2] ERROR TestCluster - Failed to check cache for java.util.AbstractMap<K, V>.SimpleEntry<K, V> : Type points to itself
[MASTER] 16:30:05.747 [logback-2] ERROR TestCluster - Failed to check cache for java.util.AbstractMap<K, V>.SimpleImmutableEntry<K, V> : Type points to itself
[MASTER] 16:30:06.984 [logback-2] ERROR TestCluster - Failed to check cache for java.time.temporal.TemporalQuery<R> : Type points to itself
[MASTER] 16:30:09.127 [logback-2] ERROR TestCluster - Failed to check cache for java.util.List<E> : Type points to itself
* Search finished after 101s and 1333 generations, 312040 statements, best individual has fitness: 52.583333333333336
* Minimizing test suite
* Going to analyze the coverage criteria
* Coverage analysis for criterion BRANCH
* Coverage of criterion BRANCH: 76%
* Total number of goals: 351
* Number of covered goals: 267
* Generated 39 tests with total length 146
* Resulting test suite's coverage: 80%
* Generating assertions
* Resulting test suite's mutation score: 40%
* Writing JUnit test case 'FastDateParser_ESTest' to evosuite-branch
* Done!

* Computation finished
