* EvoSuite 1.0.6
* Going to generate test cases for class: org.apache.commons.lang.BooleanUtils
* Starting client
* Connecting to master process on port 18557
* Analyzing classpath: 
  - /tmp/run_evosuite.pl_255617_1546781434/target/classes
* Finished analyzing classpath
* Generating tests for class org.apache.commons.lang.BooleanUtils
* Test criterion:
  - Branch Coverage
* Setting up search algorithm for whole suite generation
* Total number of test goals: 223
* Using seed 5000
* Starting evolution
* Search finished after 101s and 1410 generations, 585676 statements, best individual has fitness: 16.009519766631836
* Minimizing test suite
* Going to analyze the coverage criteria
* Coverage analysis for criterion BRANCH
* Coverage of criterion BRANCH: 93%
* Total number of goals: 223
* Number of covered goals: 208
* Generated 106 tests with total length 164
* Resulting test suite's coverage: 92%
* Generating assertions
* Resulting test suite's mutation score: 66%
* Writing JUnit test case 'BooleanUtils_ESTest' to evosuite-branch
* Done!

* Computation finished
