* EvoSuite 1.0.6
* Going to generate test cases for class: org.apache.commons.lang.StringEscapeUtils
* Starting client
* Connecting to master process on port 14953
* Analyzing classpath: 
  - /tmp/run_evosuite.pl_15136_1545132675/target/classes
* Finished analyzing classpath
* Generating tests for class org.apache.commons.lang.StringEscapeUtils
* Test criterion:
  - Branch Coverage
* Setting up search algorithm for whole suite generation
* Total number of test goals: 116
* Using seed 1000
* Starting evolution
* Search finished after 101s and 6085 generations, 588526 statements, best individual has fitness: 9.57538913647226
* Minimizing test suite
* Going to analyze the coverage criteria
* Coverage analysis for criterion BRANCH
* Coverage of criterion BRANCH: 81%
* Total number of goals: 116
* Number of covered goals: 94
* Generated 37 tests with total length 51
* Resulting test suite's coverage: 89%
* Generating assertions
* Resulting test suite's mutation score: 50%
* Writing JUnit test case 'StringEscapeUtils_ESTest' to evosuite-branch
* Done!

* Computation finished
