* EvoSuite 1.0.6
* Going to generate test cases for class: org.apache.commons.lang3.math.Fraction
* Starting client
* Connecting to master process on port 14953
* Analyzing classpath: 
  - /tmp/run_evosuite.pl_121612_1545181041/target/classes
* Finished analyzing classpath
* Generating tests for class org.apache.commons.lang3.math.Fraction
* Test criterion:
  - Branch Coverage
* Setting up search algorithm for whole suite generation
* Total number of test goals: 206
* Using seed 1000
* Starting evolution
* Search finished after 101s and 2055 generations, 444709 statements, best individual has fitness: 12.912698411068597
* Minimizing test suite
* Going to analyze the coverage criteria
* Coverage analysis for criterion BRANCH
* Coverage of criterion BRANCH: 92%
* Total number of goals: 206
* Number of covered goals: 189
* Generated 64 tests with total length 175
* Resulting test suite's coverage: 92%
* Generating assertions
* Resulting test suite's mutation score: 43%
* Writing JUnit test case 'Fraction_ESTest' to evosuite-branch
* Done!

* Computation finished
