* EvoSuite 1.0.6
* Going to generate test cases for class: org.apache.commons.lang3.builder.ToStringStyle
* Starting client
* Connecting to master process on port 19758
* Analyzing classpath: 
  - /tmp/run_evosuite.pl_14257_1546694071/target/classes
* Finished analyzing classpath
* Generating tests for class org.apache.commons.lang3.builder.ToStringStyle
* Test criterion:
  - Branch Coverage
* Setting up search algorithm for whole suite generation
* Total number of test goals: 298
* Using seed 4000
* Starting evolution
[MASTER] 05:14:39.334 [logback-2] ERROR TestCluster - Failed to check cache for java.util.LinkedList<E> : Type points to itself
[MASTER] 05:14:39.336 [logback-2] ERROR TestCluster - Failed to check cache for java.util.HashMap<K, V> : Type points to itself
* Search finished after 101s and 1904 generations, 713404 statements, best individual has fitness: 41.5
* Minimizing test suite
* Going to analyze the coverage criteria
* Coverage analysis for criterion BRANCH
* Coverage of criterion BRANCH: 83%
* Total number of goals: 298
* Number of covered goals: 248
* Generated 107 tests with total length 349
* Resulting test suite's coverage: 84%
* Generating assertions
* Resulting test suite's mutation score: 65%
* Writing JUnit test case 'ToStringStyle_ESTest' to evosuite-branch
* Done!

* Computation finished
