* EvoSuite 1.0.6
* Going to generate test cases for class: org.apache.commons.lang3.math.NumberUtils
* Starting client
* Connecting to master process on port 19758
* Analyzing classpath: 
  - /tmp/run_evosuite.pl_6244_1546690538/target/classes
* Finished analyzing classpath
* Generating tests for class org.apache.commons.lang3.math.NumberUtils
* Test criterion:
  - Branch Coverage
* Setting up search algorithm for whole suite generation
* Total number of test goals: 387
* Using seed 4000
* Starting evolution
* Search finished after 102s and 2528 generations, 460175 statements, best individual has fitness: 23.166666663407035
* Minimizing test suite
* Going to analyze the coverage criteria
* Coverage analysis for criterion BRANCH
* Coverage of criterion BRANCH: 93%
* Total number of goals: 387
* Number of covered goals: 358
* Generated 132 tests with total length 178
* Resulting test suite's coverage: 93%
* Generating assertions
* Resulting test suite's mutation score: 55%
* Writing JUnit test case 'NumberUtils_ESTest' to evosuite-branch
* Done!

* Computation finished
