* EvoSuite 1.0.6
* Going to generate test cases for class: org.apache.commons.lang.Entities
* Starting client
* Connecting to master process on port 18557
* Analyzing classpath: 
  - /tmp/run_evosuite.pl_258846_1546782926/target/classes
* Finished analyzing classpath
* Generating tests for class org.apache.commons.lang.Entities
* Test criterion:
  - Branch Coverage
* Setting up search algorithm for whole suite generation
* Total number of test goals: 117
* Using seed 5000
* Starting evolution
* Search finished after 101s and 2635 generations, 703986 statements, best individual has fitness: 8.0
* Minimizing test suite
* Going to analyze the coverage criteria
* Coverage analysis for criterion BRANCH
* Coverage of criterion BRANCH: 91%
* Total number of goals: 117
* Number of covered goals: 106
* Generated 31 tests with total length 77
* Resulting test suite's coverage: 91%
* Generating assertions
* Resulting test suite's mutation score: 50%
* Writing JUnit test case 'Entities_ESTest' to evosuite-branch
* Done!

* Computation finished
