* EvoSuite 1.0.6
* Going to generate test cases for class: org.apache.commons.lang.StringEscapeUtils
* Starting client
* Connecting to master process on port 14953
* Analyzing classpath: 
  - /tmp/run_evosuite.pl_167229_1545201099/target/classes
* Finished analyzing classpath
* Generating tests for class org.apache.commons.lang.StringEscapeUtils
* Test criterion:
  - Branch Coverage
* Setting up search algorithm for whole suite generation
* Total number of test goals: 140
* Using seed 1000
* Starting evolution
* Search finished after 102s and 5897 generations, 551308 statements, best individual has fitness: 6.492055803138927
* Minimizing test suite
* Going to analyze the coverage criteria
* Coverage analysis for criterion BRANCH
* Coverage of criterion BRANCH: 89%
* Total number of goals: 140
* Number of covered goals: 125
* Generated 50 tests with total length 69
* Resulting test suite's coverage: 94%
* Generating assertions
* Resulting test suite's mutation score: 61%
* Writing JUnit test case 'StringEscapeUtils_ESTest' to evosuite-branch
* Done!

* Computation finished
