* EvoSuite 1.0.6
* Going to generate test cases for class: org.apache.commons.lang.time.FastDateFormat
* Starting client
* Connecting to master process on port 14953
* Analyzing classpath: 
  - /tmp/run_evosuite.pl_131717_1545185531/target/classes
* Finished analyzing classpath
* Generating tests for class org.apache.commons.lang.time.FastDateFormat
* Test criterion:
  - Branch Coverage
* Setting up search algorithm for whole suite generation
* Total number of test goals: 448
* Using seed 1000
* Starting evolution
[MASTER] 18:12:21.009 [logback-2] ERROR TestCluster - Failed to check cache for java.time.temporal.TemporalQuery<R> : Type points to itself
[MASTER] 18:12:29.130 [logback-2] ERROR TestCluster - Failed to check cache for java.util.List<E> : Type points to itself
* Search finished after 101s and 1457 generations, 341462 statements, best individual has fitness: 49.84441718952393
* Minimizing test suite
* Going to analyze the coverage criteria
* Coverage analysis for criterion BRANCH
* Coverage of criterion BRANCH: 85%
* Total number of goals: 448
* Number of covered goals: 382
* Generated 70 tests with total length 254
* Resulting test suite's coverage: 86%
* Generating assertions
* Resulting test suite's mutation score: 22%
* Writing JUnit test case 'FastDateFormat_ESTest' to evosuite-branch
* Done!

* Computation finished
