* EvoSuite 1.0.6
* Going to generate test cases for class: org.apache.commons.lang3.math.NumberUtils
* Starting client
* Connecting to master process on port 19758
* Analyzing classpath: 
  - /tmp/run_evosuite.pl_4482_1546690113/target/classes
* Finished analyzing classpath
* Generating tests for class org.apache.commons.lang3.math.NumberUtils
* Test criterion:
  - Branch Coverage
* Setting up search algorithm for whole suite generation
* Total number of test goals: 371
* Using seed 4000
* Starting evolution
* Search finished after 101s and 1941 generations, 326161 statements, best individual has fitness: 11.999999519438012
* Minimizing test suite
* Going to analyze the coverage criteria
* Coverage analysis for criterion BRANCH
* Coverage of criterion BRANCH: 95%
* Total number of goals: 371
* Number of covered goals: 351
* Generated 115 tests with total length 149
* Resulting test suite's coverage: 95%
* Generating assertions
* Resulting test suite's mutation score: 61%
* Writing JUnit test case 'NumberUtils_ESTest' to evosuite-branch
* Done!

* Computation finished
