* EvoSuite 1.0.6
* Going to generate test cases for class: org.apache.commons.lang.LocaleUtils
* Starting client
* Connecting to master process on port 2830
* Analyzing classpath: 
  - /tmp/run_evosuite.pl_87160_1546626684/target/classes
* Finished analyzing classpath
* Generating tests for class org.apache.commons.lang.LocaleUtils
* Test criterion:
  - Branch Coverage
* Setting up search algorithm for whole suite generation
* Total number of test goals: 73
* Using seed 3000
* Starting evolution
[MASTER] 10:31:31.664 [logback-2] ERROR TestCluster - Failed to check cache for java.util.LinkedList<E> : Type points to itself
[MASTER] 10:31:32.733 [logback-2] ERROR TestCluster - Failed to check cache for java.util.function.Function<T, R> : Type points to itself
[MASTER] 10:31:44.994 [logback-2] ERROR TestCluster - Failed to check cache for java.util.List<E> : Type points to itself
* Search finished after 101s and 3863 generations, 337483 statements, best individual has fitness: 0.5
* Minimizing test suite
* Going to analyze the coverage criteria
* Coverage analysis for criterion BRANCH
* Coverage of criterion BRANCH: 99%
* Total number of goals: 73
* Number of covered goals: 72
* Generated 20 tests with total length 108
* Resulting test suite's coverage: 99%
* Generating assertions
* Resulting test suite's mutation score: 46%
* Writing JUnit test case 'LocaleUtils_ESTest' to evosuite-branch
* Done!

* Computation finished
