* EvoSuite 1.0.6
* Going to generate test cases for class: org.apache.commons.lang3.builder.ToStringStyle
* Starting client
* Connecting to master process on port 14953
* Analyzing classpath: 
  - /tmp/run_evosuite.pl_144433_1545191002/target/classes
* Finished analyzing classpath
* Generating tests for class org.apache.commons.lang3.builder.ToStringStyle
* Test criterion:
  - Branch Coverage
* Setting up search algorithm for whole suite generation
* Total number of test goals: 298
* Using seed 1000
* Starting evolution
[MASTER] 19:43:30.444 [logback-2] ERROR TestCluster - Failed to check cache for java.util.LinkedList<E> : Type points to itself
[MASTER] 19:43:30.446 [logback-2] ERROR TestCluster - Failed to check cache for java.util.HashMap<K, V> : Type points to itself
* Search finished after 101s and 1858 generations, 812351 statements, best individual has fitness: 40.0
* Minimizing test suite
* Going to analyze the coverage criteria
* Coverage analysis for criterion BRANCH
* Coverage of criterion BRANCH: 84%
* Total number of goals: 298
* Number of covered goals: 251
* Generated 108 tests with total length 345
* Resulting test suite's coverage: 85%
* Generating assertions
* Resulting test suite's mutation score: 72%
* Writing JUnit test case 'ToStringStyle_ESTest' to evosuite-branch
* Done!

* Computation finished
