* EvoSuite 1.0.6
* Going to generate test cases for class: org.apache.commons.lang3.math.NumberUtils
* Starting client
* Connecting to master process on port 14953
* Analyzing classpath: 
  - /tmp/run_evosuite.pl_158295_1545197013/target/classes
* Finished analyzing classpath
* Generating tests for class org.apache.commons.lang3.math.NumberUtils
* Test criterion:
  - Branch Coverage
* Setting up search algorithm for whole suite generation
* Total number of test goals: 383
* Using seed 1000
* Starting evolution
* Search finished after 101s and 2122 generations, 424757 statements, best individual has fitness: 9.499999999379119
* Minimizing test suite
* Going to analyze the coverage criteria
* Coverage analysis for criterion BRANCH
* Coverage of criterion BRANCH: 96%
* Total number of goals: 383
* Number of covered goals: 367
* Generated 136 tests with total length 180
* Resulting test suite's coverage: 96%
* Generating assertions
* Resulting test suite's mutation score: 64%
* Writing JUnit test case 'NumberUtils_ESTest' to evosuite-branch
* Done!

* Computation finished
