* EvoSuite 1.0.6
* Going to generate test cases for class: org.apache.commons.lang.text.ExtendedMessageFormat
* Starting client
* Connecting to master process on port 14953
* Analyzing classpath: 
  - /tmp/run_evosuite.pl_189916_1545209336/target/classes
* Finished analyzing classpath
* Generating tests for class org.apache.commons.lang.text.ExtendedMessageFormat
* Test criterion:
  - Branch Coverage
* Setting up search algorithm for whole suite generation
* Total number of test goals: 123
* Using seed 1000
* Starting evolution
[MASTER] 00:49:11.018 [logback-2] ERROR TestCluster - Failed to check cache for java.time.temporal.TemporalQuery<R> : Type points to itself
[MASTER] 00:49:13.203 [logback-2] ERROR TestCluster - Failed to check cache for java.util.List<E> : Type points to itself
[MASTER] 00:50:36.978 [logback-1] WARN  TestChromosome - Functional mock problem: org.evosuite.ga.ConstructionFailedException: Have no generator for class java.time.chrono.MinguoChronology canUseFunctionalMocks=true, canBeMocked: false
[MASTER] 00:50:44.793 [logback-1] WARN  TestChromosome - Functional mock problem: org.evosuite.ga.ConstructionFailedException: Have no generator for class java.time.chrono.ThaiBuddhistChronology canUseFunctionalMocks=true, canBeMocked: false
* Search finished after 101s and 1726 generations, 315471 statements, best individual has fitness: 60.975459199036436
* Minimizing test suite
* Going to analyze the coverage criteria
* Coverage analysis for criterion BRANCH
* Coverage of criterion BRANCH: 47%
* Total number of goals: 123
* Number of covered goals: 58
* Generated 9 tests with total length 25
* Resulting test suite's coverage: 47%
* Generating assertions
* Resulting test suite's mutation score: 17%
* Writing JUnit test case 'ExtendedMessageFormat_ESTest' to evosuite-branch
* Done!

* Computation finished
