* EvoSuite 1.0.6
* Going to generate test cases for class: org.apache.commons.lang3.time.FastDateFormat
* Starting client
* Connecting to master process on port 14953
* Analyzing classpath: 
  - /tmp/run_evosuite.pl_139651_1545188659/target/classes
* Finished analyzing classpath
* Generating tests for class org.apache.commons.lang3.time.FastDateFormat
* Test criterion:
  - Branch Coverage
* Setting up search algorithm for whole suite generation
* Total number of test goals: 374
* Using seed 1000
* Starting evolution
[MASTER] 19:04:29.705 [logback-2] ERROR TestCluster - Failed to check cache for java.util.List<E> : Type points to itself
* Search finished after 101s and 1985 generations, 496205 statements, best individual has fitness: 45.677750522857266
* Minimizing test suite
* Going to analyze the coverage criteria
* Coverage analysis for criterion BRANCH
* Coverage of criterion BRANCH: 79%
* Total number of goals: 374
* Number of covered goals: 294
* Generated 65 tests with total length 190
* Resulting test suite's coverage: 85%
* Generating assertions
* Resulting test suite's mutation score: 10%
* Writing JUnit test case 'FastDateFormat_ESTest' to evosuite-branch
* Done!

* Computation finished
