* EvoSuite 1.0.6
* Going to generate test cases for class: org.apache.commons.lang3.builder.ToStringStyle
* Starting client
* Connecting to master process on port 14953
* Analyzing classpath: 
  - /tmp/run_evosuite.pl_105984_1545174137/target/classes
* Finished analyzing classpath
* Generating tests for class org.apache.commons.lang3.builder.ToStringStyle
* Test criterion:
  - Branch Coverage
* Setting up search algorithm for whole suite generation
* Total number of test goals: 298
* Using seed 1000
* Starting evolution
[MASTER] 15:02:24.699 [logback-2] ERROR TestCluster - Failed to check cache for java.util.LinkedList<E> : Type points to itself
[MASTER] 15:02:24.704 [logback-2] ERROR TestCluster - Failed to check cache for java.util.HashMap<K, V> : Type points to itself
* Search finished after 101s and 1846 generations, 786946 statements, best individual has fitness: 39.0
* Minimizing test suite
* Going to analyze the coverage criteria
* Coverage analysis for criterion BRANCH
* Coverage of criterion BRANCH: 85%
* Total number of goals: 298
* Number of covered goals: 253
* Generated 108 tests with total length 347
* Resulting test suite's coverage: 85%
* Generating assertions
* Resulting test suite's mutation score: 71%
* Writing JUnit test case 'ToStringStyle_ESTest' to evosuite-branch
* Done!

* Computation finished
