* EvoSuite 1.0.6
* Going to generate test cases for class: org.apache.commons.lang3.time.FastDateParser
* Starting client
* Connecting to master process on port 19758
* Analyzing classpath: 
  - /tmp/run_evosuite.pl_6832_1546690939/target/classes
* Finished analyzing classpath
* Generating tests for class org.apache.commons.lang3.time.FastDateParser
* Test criterion:
  - Branch Coverage
* Setting up search algorithm for whole suite generation
* Total number of test goals: 353
* Using seed 4000
* Starting evolution
[MASTER] 04:22:26.979 [logback-2] ERROR TestCluster - Failed to check cache for java.util.AbstractMap<K, V>.SimpleEntry<K, V> : Type points to itself
[MASTER] 04:22:26.979 [logback-2] ERROR TestCluster - Failed to check cache for java.util.AbstractMap<K, V>.SimpleImmutableEntry<K, V> : Type points to itself
[MASTER] 04:22:27.859 [logback-2] ERROR TestCluster - Failed to check cache for java.time.temporal.TemporalQuery<R> : Type points to itself
[MASTER] 04:22:55.245 [logback-2] ERROR TestCluster - Failed to check cache for java.util.List<E> : Type points to itself
[MASTER] 04:23:27.039 [logback-2] ERROR AbstractStatement - Error assigning value of type TemporalQuery[] defined at statement TemporalQuery<List<String>>[] temporalQueryArray0 = (TemporalQuery<List<String>>[]) Array.newInstance(TemporalQuery.class, 3), assignment statement: temporalQueryArray0[0] = (TemporalQuery<List<String>>) temporalQueryArray0; SUT=org.apache.commons.lang3.time.FastDateParser
* Search finished after 101s and 1546 generations, 345660 statements, best individual has fitness: 55.583333333333336
* Minimizing test suite
* Going to analyze the coverage criteria
* Coverage analysis for criterion BRANCH
* Coverage of criterion BRANCH: 76%
* Total number of goals: 353
* Number of covered goals: 267
* Generated 43 tests with total length 165
* Resulting test suite's coverage: 79%
* Generating assertions
* Resulting test suite's mutation score: 17%
* Writing JUnit test case 'FastDateParser_ESTest' to evosuite-branch
* Done!

* Computation finished
