* EvoSuite 1.0.6
* Going to generate test cases for class: org.apache.commons.lang3.time.FastDatePrinter
* Starting client
* Connecting to master process on port 14953
* Analyzing classpath: 
  - /tmp/run_evosuite.pl_136711_1545187395/target/classes
* Finished analyzing classpath
* Generating tests for class org.apache.commons.lang3.time.FastDatePrinter
* Test criterion:
  - Branch Coverage
* Setting up search algorithm for whole suite generation
* Total number of test goals: 354
* Using seed 1000
* Starting evolution
[MASTER] 18:43:25.199 [logback-2] ERROR TestCluster - Failed to check cache for java.time.temporal.TemporalQuery<R> : Type points to itself
* Search finished after 101s and 1462 generations, 400247 statements, best individual has fitness: 46.81474971672992
* Minimizing test suite
* Going to analyze the coverage criteria
* Coverage analysis for criterion BRANCH
* Coverage of criterion BRANCH: 83%
* Total number of goals: 354
* Number of covered goals: 294
* Generated 68 tests with total length 256
* Resulting test suite's coverage: 83%
* Generating assertions
* Resulting test suite's mutation score: 24%
* Writing JUnit test case 'FastDatePrinter_ESTest' to evosuite-branch
* Done!

* Computation finished
