* EvoSuite 1.0.6
* Going to generate test cases for class: org.apache.commons.lang.time.DateUtils
* Starting client
* Connecting to master process on port 2830
* Analyzing classpath: 
  - /tmp/run_evosuite.pl_90387_1546628179/target/classes
* Finished analyzing classpath
* Generating tests for class org.apache.commons.lang.time.DateUtils
* Test criterion:
  - Branch Coverage
* Setting up search algorithm for whole suite generation
* Total number of test goals: 206
* Using seed 3000
* Starting evolution
[MASTER] 10:56:43.867 [logback-2] ERROR TestCluster - Failed to check cache for java.util.List<E> : Type points to itself
* Search finished after 102s and 3033 generations, 485746 statements, best individual has fitness: 2.0
* Minimizing test suite
* Going to analyze the coverage criteria
* Coverage analysis for criterion BRANCH
* Coverage of criterion BRANCH: 98%
* Total number of goals: 206
* Number of covered goals: 202
* Generated 74 tests with total length 161
* Resulting test suite's coverage: 98%
* Generating assertions
* Resulting test suite's mutation score: 50%
* Writing JUnit test case 'DateUtils_ESTest' to evosuite-branch
* Done!

* Computation finished
