* EvoSuite 1.0.6
* Going to generate test cases for class: org.apache.commons.lang3.time.FastDateFormat
* Starting client
* Connecting to master process on port 14953
* Analyzing classpath: 
  - /tmp/run_evosuite.pl_164856_1545199872/target/classes
* Finished analyzing classpath
* Generating tests for class org.apache.commons.lang3.time.FastDateFormat
* Test criterion:
  - Branch Coverage
* Setting up search algorithm for whole suite generation
* Total number of test goals: 444
* Using seed 1000
* Starting evolution
[MASTER] 22:11:32.606 [logback-2] ERROR TestCluster - Failed to check cache for java.util.List<E> : Type points to itself
[MASTER] 22:11:55.463 [logback-2] ERROR AbstractStatement - Error assigning value of type TemporalQuery[] defined at statement TemporalQuery<Integer>[] temporalQueryArray0 = (TemporalQuery<Integer>[]) Array.newInstance(TemporalQuery.class, 4), assignment statement: temporalQueryArray0[0] = (TemporalQuery<Integer>) temporalQueryArray0; SUT=org.apache.commons.lang3.time.FastDateFormat
[MASTER] 22:12:26.073 [logback-2] ERROR AbstractStatement - Error assigning value of type TemporalQuery[] defined at statement TemporalQuery<MockGregorianCalendar>[] temporalQueryArray0 = (TemporalQuery<MockGregorianCalendar>[]) Array.newInstance(TemporalQuery.class, 6), assignment statement: temporalQueryArray0[0] = (TemporalQuery<MockGregorianCalendar>) temporalQueryArray0; SUT=org.apache.commons.lang3.time.FastDateFormat
* Search finished after 101s and 1281 generations, 271200 statements, best individual has fitness: 52.830332682481675
* Minimizing test suite
* Going to analyze the coverage criteria
* Coverage analysis for criterion BRANCH
* Coverage of criterion BRANCH: 84%
* Total number of goals: 444
* Number of covered goals: 372
* Generated 63 tests with total length 219
* Resulting test suite's coverage: 85%
* Generating assertions
* Resulting test suite's mutation score: 19%
* Writing JUnit test case 'FastDateFormat_ESTest' to evosuite-branch
* Done!

* Computation finished
