* EvoSuite 1.0.6
* Going to generate test cases for class: org.mockito.Matchers
* Starting client
* Connecting to master process on port 19758
* Analyzing classpath: 
  - /tmp/run_evosuite.pl_43315_1546710288/build/classes/main
  - /d4j/defects4j/framework/projects/Mockito/lib/asm-all-5.0.4.jar
  - /d4j/defects4j/framework/projects/Mockito/lib/assertj-core-2.1.0.jar
  - /d4j/defects4j/framework/projects/Mockito/lib/cglib-and-asm-1.0.jar
  - /d4j/defects4j/framework/projects/Mockito/lib/cobertura-2.0.3.jar
  - /d4j/defects4j/framework/projects/Mockito/lib/fest-assert-1.3.jar
  - /d4j/defects4j/framework/projects/Mockito/lib/fest-util-1.1.4.jar
  - /d4j/defects4j/framework/projects/Mockito/lib/hamcrest-all-1.3.jar
  - /d4j/defects4j/framework/projects/Mockito/lib/hamcrest-core-1.1.jar
  - /d4j/defects4j/framework/projects/Mockito/lib/objenesis-2.1.jar
  - /d4j/defects4j/framework/projects/Mockito/lib/objenesis-2.2.jar
  - /d4j/defects4j/framework/projects/Mockito/lib/powermock-reflect-1.2.5.jar
* Finished analyzing classpath
* Generating tests for class org.mockito.Matchers
* Test criterion:
  - Branch Coverage
* Setting up search algorithm for whole suite generation
* Total number of test goals: 54
* Using seed 4000
* Starting evolution
[MASTER] 09:45:31.232 [logback-2] ERROR TestCluster - Failed to check cache for java.util.LinkedList<E> : Type points to itself
[MASTER] 09:45:31.232 [logback-2] ERROR TestCluster - Failed to check cache for java.util.HashMap<K, V> : Type points to itself
[MASTER] 09:45:31.232 [logback-2] ERROR TestCluster - Failed to check cache for java.util.LinkedHashSet<E> : Type points to itself
[MASTER] 09:45:31.478 [logback-2] ERROR TestCluster - Failed to check cache for org.hamcrest.core.IsSame<T> : Type points to itself
[MASTER] 09:45:32.132 [logback-2] ERROR TestCluster - Failed to check cache for org.hamcrest.beans.SamePropertyValuesAs<T>.PropertyMatcher : Type points to itself
* Search finished after 12s and 1 generations, 5612 statements, best individual has fitness: 0.0
* Minimizing test suite
* Going to analyze the coverage criteria
* Coverage analysis for criterion BRANCH
* Coverage of criterion BRANCH: 100%
* Total number of goals: 54
* Number of covered goals: 54
* Generated 47 tests with total length 73
* Resulting test suite's coverage: 100%
* Generating assertions
* Resulting test suite's mutation score: 6%
* Writing JUnit test case 'Matchers_ESTest' to evosuite-branch
* Done!

* Computation finished
