* EvoSuite 1.0.6
* Going to generate test cases for class: org.mockito.internal.configuration.injection.FinalMockCandidateFilter
* Starting client
* Connecting to master process on port 14953
* Analyzing classpath: 
  - /tmp/run_evosuite.pl_125644_1545155492/target/classes
  - /defects4j/framework/projects/Mockito/lib/asm-all-5.0.4.jar
  - /defects4j/framework/projects/Mockito/lib/assertj-core-2.1.0.jar
  - /defects4j/framework/projects/Mockito/lib/cglib-and-asm-1.0.jar
  - /defects4j/framework/projects/Mockito/lib/cobertura-2.0.3.jar
  - /defects4j/framework/projects/Mockito/lib/fest-assert-1.3.jar
  - /defects4j/framework/projects/Mockito/lib/fest-util-1.1.4.jar
  - /defects4j/framework/projects/Mockito/lib/hamcrest-all-1.3.jar
  - /defects4j/framework/projects/Mockito/lib/hamcrest-core-1.1.jar
  - /defects4j/framework/projects/Mockito/lib/objenesis-2.1.jar
  - /defects4j/framework/projects/Mockito/lib/objenesis-2.2.jar
  - /defects4j/framework/projects/Mockito/lib/powermock-reflect-1.2.5.jar
* Finished analyzing classpath
* Generating tests for class org.mockito.internal.configuration.injection.FinalMockCandidateFilter
* Test criterion:
  - Branch Coverage
* Setting up search algorithm for whole suite generation
* Total number of test goals: 8
* Using seed 1000
* Starting evolution
[MASTER] 09:51:44.287 [logback-2] ERROR TestCluster - Failed to check cache for java.util.function.Function<T, R> : Type points to itself
* Search finished after 101s and 4584 generations, 464936 statements, best individual has fitness: 4.0
* Minimizing test suite
* Going to analyze the coverage criteria
* Coverage analysis for criterion BRANCH
* Coverage of criterion BRANCH: 62%
* Total number of goals: 8
* Number of covered goals: 5
* Generated 2 tests with total length 7
* Resulting test suite's coverage: 62%
* Generating assertions
* Resulting test suite's mutation score: 25%
* Writing JUnit test case 'FinalMockCandidateFilter_ESTest' to evosuite-branch
* Done!

* Computation finished
